EAL: Detected 40 lcore(s)
EAL: Detected 2 NUMA nodes
EAL: Multi-process socket /var/run/dpdk/rte/mp_socket
EAL: No free hugepages reported in hugepages-1048576kB
EAL: Probing VFIO support...
EAL: PCI device 0000:05:08.0 on NUMA socket 0
EAL:   probe driver: 19ee:6003 net_nfp_vf
EAL: PCI device 0000:05:08.1 on NUMA socket 0
EAL:   probe driver: 19ee:6003 net_nfp_vf
EAL: PCI device 0000:05:08.2 on NUMA socket 0
EAL:   probe driver: 19ee:6003 net_nfp_vf
EAL: PCI device 0000:05:08.3 on NUMA socket 0
EAL:   probe driver: 19ee:6003 net_nfp_vf
MAC updating enabled
Lcore 0: RX port 0
Lcore 2: RX port 1
Lcore 4: RX port 2
Lcore 6: RX port 3
Initializing port 0... done: 
Port 0, MAC address: 00:15:4D:00:00:00

Initializing port 1... done: 
Port 1, MAC address: 00:15:4D:00:00:01

Initializing port 2... done: 
Port 2, MAC address: 00:15:4D:00:00:02

Initializing port 3... done: 
Port 3, MAC address: 00:15:4D:00:00:03


Checking link statusdone
Port0 Link Up. Speed 0 Mbps - full-duplex
Port1 Link Up. Speed 0 Mbps - full-duplex
Port2 Link Up. Speed 0 Mbps - full-duplex
Port3 Link Up. Speed 0 Mbps - full-duplex
L2FWD: entering main loop on lcore 2
L2FWD:  -- lcoreid=2 portid=1
L2FWD: lcore 8 has nothing to do
L2FWD: lcore 12 has nothing to do
L2FWD: lcore 10 has nothing to do
L2FWD: lcore 14 has nothing to do
L2FWD: entering main loop on lcore 6
L2FWD:  -- lcoreid=6 portid=3
L2FWD: entering main loop on lcore 0
L2FWD:  -- lcoreid=0 portid=0
[2J[1;1H
Port statistics ====================================
Statistics for port 0 ------------------------------
Packets sent:                        0
Packets received:                    0
Packets dropped:                     0
TX rate:                             0
RX rate:                             0
Drop rate:                           0
Statistics for port 1 ------------------------------
Packets sent:                        0
Packets received:                 4049
Packets dropped:                     0
TX rate:                             0
RX rate:                           405
Drop rate:                           0
Statistics for port 2 ------------------------------
Packets sent:                        0
Packets received:                    0
Packets dropped:                     0
TX rate:                             0
RX rate:                             0
Drop rate:                           0
Statistics for port 3 ------------------------------
Packets sent:                        0
Packets received:                  928
Packets dropped:                     0
TX rate:                             0
RX rate:                            92
Drop rate:                           0
Aggregate statistics ===============================
Total packets sent:                  0
Total packets received:           5026
Total packets dropped:               0
Total TX rate:                       0
Total RX rate:                     497
Total drop rate:                     0
====================================================
L2FWD: entering main loop on lcore 4
L2FWD:  -- lcoreid=4 portid=2
[2J[1;1H
Port statistics ====================================
Statistics for port 0 ------------------------------
Packets sent:                        0
Packets received:             58549575
Packets dropped:                     0
TX rate:                             0
RX rate:                       5854957
Drop rate:                           0
Statistics for port 1 ------------------------------
Packets sent:                        0
Packets received:             58549221
Packets dropped:                     0
TX rate:                             0
RX rate:                       5854516
Drop rate:                           0
Statistics for port 2 ------------------------------
Packets sent:                        0
Packets received:             58554824
Packets dropped:                     0
TX rate:                             0
RX rate:                       5855482
Drop rate:                           0
Statistics for port 3 ------------------------------
Packets sent:                        0
Packets received:             58545796
Packets dropped:                     0
TX rate:                             0
RX rate:                       5854486
Drop rate:                           0
Aggregate statistics ===============================
Total packets sent:                  0
Total packets received:      234199421
Total packets dropped:               0
Total TX rate:                       0
Total RX rate:                23419441
Total drop rate:                     0
====================================================
[2J[1;1H
Port statistics ====================================
Statistics for port 0 ------------------------------
Packets sent:                        0
Packets received:            117091373
Packets dropped:                     0
TX rate:                             0
RX rate:                       5854179
Drop rate:                           0
Statistics for port 1 ------------------------------
Packets sent:                        0
Packets received:            117100267
Packets dropped:                     0
TX rate:                             0
RX rate:                       5855104
Drop rate:                           0
Statistics for port 2 ------------------------------
Packets sent:                        0
Packets received:            117101195
Packets dropped:                     0
TX rate:                             0
RX rate:                       5854637
Drop rate:                           0
Statistics for port 3 ------------------------------
Packets sent:                        0
Packets received:            117088110
Packets dropped:                     0
TX rate:                             0
RX rate:                       5854232
Drop rate:                           0
Aggregate statistics ===============================
Total packets sent:                  0
Total packets received:      468380976
Total packets dropped:               0
Total TX rate:                       0
Total RX rate:                23418152
Total drop rate:                     0
====================================================
[2J[1;1H
Port statistics ====================================
Statistics for port 0 ------------------------------
Packets sent:                        0
Packets received:            175642488
Packets dropped:                     0
TX rate:                             0
RX rate:                       5855111
Drop rate:                           0
Statistics for port 1 ------------------------------
Packets sent:                        0
Packets received:            175642771
Packets dropped:                     0
TX rate:                             0
RX rate:                       5854250
Drop rate:                           0
Statistics for port 2 ------------------------------
Packets sent:                        0
Packets received:            175653511
Packets dropped:                     0
TX rate:                             0
RX rate:                       5855231
Drop rate:                           0
Statistics for port 3 ------------------------------
Packets sent:                        0
Packets received:            175640081
Packets dropped:                     0
TX rate:                             0
RX rate:                       5855196
Drop rate:                           0
Aggregate statistics ===============================
Total packets sent:                  0
Total packets received:      702578851
Total packets dropped:               0
Total TX rate:                       0
Total RX rate:                23419788
Total drop rate:                     0
====================================================


Signal 15 received, preparing to exit...
Closing port 0... Done
Closing port 1... Done
Closing port 2... Done
Closing port 3... Done
Bye...
