EAL: Detected 40 lcore(s)
EAL: Detected 2 NUMA nodes
EAL: Multi-process socket /var/run/dpdk/rte/mp_socket
EAL: No free hugepages reported in hugepages-1048576kB
EAL: Probing VFIO support...
EAL: PCI device 0000:05:08.0 on NUMA socket 0
EAL:   probe driver: 19ee:6003 net_nfp_vf
EAL: PCI device 0000:05:08.1 on NUMA socket 0
EAL:   probe driver: 19ee:6003 net_nfp_vf
EAL: PCI device 0000:05:08.2 on NUMA socket 0
EAL:   probe driver: 19ee:6003 net_nfp_vf
EAL: PCI device 0000:05:08.3 on NUMA socket 0
EAL:   probe driver: 19ee:6003 net_nfp_vf
MAC updating enabled
Lcore 0: RX port 0
Lcore 2: RX port 1
Lcore 4: RX port 2
Lcore 6: RX port 3
Initializing port 0... done: 
Port 0, MAC address: 00:15:4D:00:00:00

Initializing port 1... done: 
Port 1, MAC address: 00:15:4D:00:00:01

Initializing port 2... done: 
Port 2, MAC address: 00:15:4D:00:00:02

Initializing port 3... done: 
Port 3, MAC address: 00:15:4D:00:00:03


Checking link statusdone
Port0 Link Up. Speed 0 Mbps - full-duplex
Port1 Link Up. Speed 0 Mbps - full-duplex
Port2 Link Up. Speed 0 Mbps - full-duplex
Port3 Link Up. Speed 0 Mbps - full-duplex
L2FWD: entering main loop on lcore 2
L2FWD:  -- lcoreid=2 portid=1
L2FWD: entering main loop on lcore 6
L2FWD:  -- lcoreid=6 portid=3
L2FWD: lcore 8 has nothing to do
L2FWD: entering main loop on lcore 4
L2FWD:  -- lcoreid=4 portid=2
L2FWD: lcore 10 has nothing to do
L2FWD: lcore 14 has nothing to do
L2FWD: entering main loop on lcore 0
L2FWD:  -- lcoreid=0 portid=0
[2J[1;1H
Port statistics ====================================
Statistics for port 0 ------------------------------
Packets sent:                        0
Packets received:                    0
Packets dropped:                     0
TX rate:                             0
RX rate:                             0
Drop rate:                           0
Statistics for port 1 ------------------------------
Packets sent:                        0
Packets received:                 6683
Packets dropped:                     0
TX rate:                             0
RX rate:                           669
Drop rate:                           0
Statistics for port 2 ------------------------------
Packets sent:                        0
Packets received:                 5474
Packets dropped:                     0
TX rate:                             0
RX rate:                           547
Drop rate:                           0
Statistics for port 3 ------------------------------
Packets sent:                        0
Packets received:                 6226
Packets dropped:                     0
TX rate:                             0
RX rate:                           622
Drop rate:                           0
Aggregate statistics ===============================
Total packets sent:                  0
Total packets received:          18407
Total packets dropped:               0
Total TX rate:                       0
Total RX rate:                    1838
Total drop rate:                     0
====================================================
L2FWD: lcore 12 has nothing to do
[2J[1;1H
Port statistics ====================================
Statistics for port 0 ------------------------------
Packets sent:                        0
Packets received:             63056228
Packets dropped:                     0
TX rate:                             0
RX rate:                       6305622
Drop rate:                           0
Statistics for port 1 ------------------------------
Packets sent:                        0
Packets received:             63076445
Packets dropped:                     0
TX rate:                             0
RX rate:                       6306975
Drop rate:                           0
Statistics for port 2 ------------------------------
Packets sent:                        0
Packets received:             63067050
Packets dropped:                     0
TX rate:                             0
RX rate:                       6306157
Drop rate:                           0
Statistics for port 3 ------------------------------
Packets sent:                        0
Packets received:             63061704
Packets dropped:                     0
TX rate:                             0
RX rate:                       6305547
Drop rate:                           0
Aggregate statistics ===============================
Total packets sent:                  0
Total packets received:      252261448
Total packets dropped:               0
Total TX rate:                       0
Total RX rate:                25224301
Total drop rate:                     0
====================================================
[2J[1;1H
Port statistics ====================================
Statistics for port 0 ------------------------------
Packets sent:                        0
Packets received:            126112307
Packets dropped:                     0
TX rate:                             0
RX rate:                       6305607
Drop rate:                           0
Statistics for port 1 ------------------------------
Packets sent:                        0
Packets received:            126130591
Packets dropped:                     0
TX rate:                             0
RX rate:                       6305414
Drop rate:                           0
Statistics for port 2 ------------------------------
Packets sent:                        0
Packets received:            126132883
Packets dropped:                     0
TX rate:                             0
RX rate:                       6306586
Drop rate:                           0
Statistics for port 3 ------------------------------
Packets sent:                        0
Packets received:            126127720
Packets dropped:                     0
TX rate:                             0
RX rate:                       6306601
Drop rate:                           0
Aggregate statistics ===============================
Total packets sent:                  0
Total packets received:      504503542
Total packets dropped:               0
Total TX rate:                       0
Total RX rate:                25224208
Total drop rate:                     0
====================================================
[2J[1;1H
Port statistics ====================================
Statistics for port 0 ------------------------------
Packets sent:                        0
Packets received:            189180540
Packets dropped:                     0
TX rate:                             0
RX rate:                       6306823
Drop rate:                           0
Statistics for port 1 ------------------------------
Packets sent:                        0
Packets received:            189200671
Packets dropped:                     0
TX rate:                             0
RX rate:                       6307008
Drop rate:                           0
Statistics for port 2 ------------------------------
Packets sent:                        0
Packets received:            189184982
Packets dropped:                     0
TX rate:                             0
RX rate:                       6305207
Drop rate:                           0
Statistics for port 3 ------------------------------
Packets sent:                        0
Packets received:            189179776
Packets dropped:                     0
TX rate:                             0
RX rate:                       6305206
Drop rate:                           0
Aggregate statistics ===============================
Total packets sent:                  0
Total packets received:      756745984
Total packets dropped:               0
Total TX rate:                       0
Total RX rate:                25224244
Total drop rate:                     0
====================================================


Signal 15 received, preparing to exit...
Closing port 0... Done
Closing port 1... Done
Closing port 2... Done
Closing port 3... Done
Bye...
