EAL: Detected 40 lcore(s)
EAL: Detected 2 NUMA nodes
EAL: Multi-process socket /var/run/dpdk/rte/mp_socket
EAL: No free hugepages reported in hugepages-1048576kB
EAL: Probing VFIO support...
EAL: PCI device 0000:05:08.0 on NUMA socket 0
EAL:   probe driver: 19ee:6003 net_nfp_vf
EAL: PCI device 0000:05:08.1 on NUMA socket 0
EAL:   probe driver: 19ee:6003 net_nfp_vf
EAL: PCI device 0000:05:08.2 on NUMA socket 0
EAL:   probe driver: 19ee:6003 net_nfp_vf
EAL: PCI device 0000:05:08.3 on NUMA socket 0
EAL:   probe driver: 19ee:6003 net_nfp_vf
MAC updating enabled
Lcore 0: RX port 0
Lcore 2: RX port 1
Lcore 4: RX port 2
Lcore 6: RX port 3
Initializing port 0... done: 
Port 0, MAC address: 9A:7A:2C:1B:A6:7E

Initializing port 1... done: 
Port 1, MAC address: 2A:60:E3:43:02:44

Initializing port 2... done: 
Port 2, MAC address: 4A:F8:7F:52:88:7D

Initializing port 3... done: 
Port 3, MAC address: C6:A5:8B:32:E1:F4


Checking link statusdone
Port0 Link Up. Speed 0 Mbps - full-duplex
Port1 Link Up. Speed 0 Mbps - full-duplex
Port2 Link Up. Speed 0 Mbps - full-duplex
Port3 Link Up. Speed 0 Mbps - full-duplex
L2FWD: entering main loop on lcore 2
L2FWD:  -- lcoreid=2 portid=1
L2FWD: entering main loop on lcore 6
L2FWD:  -- lcoreid=6 portid=3
L2FWD: lcore 8 has nothing to do
L2FWD: lcore 10 has nothing to do
L2FWD: lcore 12 has nothing to do
L2FWD: entering main loop on lcore 4
L2FWD:  -- lcoreid=4 portid=2
L2FWD: lcore 14 has nothing to do
L2FWD: entering main loop on lcore 0
L2FWD:  -- lcoreid=0 portid=0
[2J[1;1H
Port statistics ====================================
Statistics for port 0 ------------------------------
Packets sent:                        0
Packets received:                    0
Packets dropped:                     0
TX rate:                             0
RX rate:                             0
Drop rate:                           0
Statistics for port 1 ------------------------------
Packets sent:                        0
Packets received:                11442
Packets dropped:                     0
TX rate:                             0
RX rate:                          1144
Drop rate:                           0
Statistics for port 2 ------------------------------
Packets sent:                        0
Packets received:                 9515
Packets dropped:                     0
TX rate:                             0
RX rate:                           952
Drop rate:                           0
Statistics for port 3 ------------------------------
Packets sent:                        0
Packets received:                10969
Packets dropped:                     0
TX rate:                             0
RX rate:                          1097
Drop rate:                           0
Aggregate statistics ===============================
Total packets sent:                  0
Total packets received:          31948
Total packets dropped:               0
Total TX rate:                       0
Total RX rate:                    3193
Total drop rate:                     0
====================================================
[2J[1;1H
Port statistics ====================================
Statistics for port 0 ------------------------------
Packets sent:                        0
Packets received:             68899032
Packets dropped:                     0
TX rate:                             0
RX rate:                       6889903
Drop rate:                           0
Statistics for port 1 ------------------------------
Packets sent:                        0
Packets received:             68909760
Packets dropped:                     0
TX rate:                             0
RX rate:                       6889831
Drop rate:                           0
Statistics for port 2 ------------------------------
Packets sent:                        0
Packets received:             68907788
Packets dropped:                     0
TX rate:                             0
RX rate:                       6889826
Drop rate:                           0
Statistics for port 3 ------------------------------
Packets sent:                        0
Packets received:             68909251
Packets dropped:                     0
TX rate:                             0
RX rate:                       6889827
Drop rate:                           0
Aggregate statistics ===============================
Total packets sent:                  0
Total packets received:      275625831
Total packets dropped:               0
Total TX rate:                       0
Total RX rate:                27559387
Total drop rate:                     0
====================================================
[2J[1;1H
Port statistics ====================================
Statistics for port 0 ------------------------------
Packets sent:                        0
Packets received:            137805779
Packets dropped:                     0
TX rate:                             0
RX rate:                       6890674
Drop rate:                           0
Statistics for port 1 ------------------------------
Packets sent:                        0
Packets received:            137816379
Packets dropped:                     0
TX rate:                             0
RX rate:                       6890663
Drop rate:                           0
Statistics for port 2 ------------------------------
Packets sent:                        0
Packets received:            137814400
Packets dropped:                     0
TX rate:                             0
RX rate:                       6890661
Drop rate:                           0
Statistics for port 3 ------------------------------
Packets sent:                        0
Packets received:            137815846
Packets dropped:                     0
TX rate:                             0
RX rate:                       6890660
Drop rate:                           0
Aggregate statistics ===============================
Total packets sent:                  0
Total packets received:      551252435
Total packets dropped:               0
Total TX rate:                       0
Total RX rate:                27562658
Total drop rate:                     0
====================================================
[2J[1;1H
Port statistics ====================================
Statistics for port 0 ------------------------------
Packets sent:                        0
Packets received:            206722014
Packets dropped:                     0
TX rate:                             0
RX rate:                       6891623
Drop rate:                           0
Statistics for port 1 ------------------------------
Packets sent:                        0
Packets received:            206732635
Packets dropped:                     0
TX rate:                             0
RX rate:                       6891625
Drop rate:                           0
Statistics for port 2 ------------------------------
Packets sent:                        0
Packets received:            206730657
Packets dropped:                     0
TX rate:                             0
RX rate:                       6891625
Drop rate:                           0
Statistics for port 3 ------------------------------
Packets sent:                        0
Packets received:            206732116
Packets dropped:                     0
TX rate:                             0
RX rate:                       6891625
Drop rate:                           0
Aggregate statistics ===============================
Total packets sent:                  0
Total packets received:      826917439
Total packets dropped:               0
Total TX rate:                       0
Total RX rate:                27566498
Total drop rate:                     0
====================================================


Signal 15 received, preparing to exit...
Closing port 0... Done
Closing port 1... Done
Closing port 2... Done
Closing port 3... Done
Bye...
