EAL: Detected 40 lcore(s)
EAL: Detected 2 NUMA nodes
EAL: Multi-process socket /var/run/dpdk/rte/mp_socket
EAL: No free hugepages reported in hugepages-1048576kB
EAL: Probing VFIO support...
EAL: PCI device 0000:05:08.0 on NUMA socket 0
EAL:   probe driver: 19ee:6003 net_nfp_vf
EAL: PCI device 0000:05:08.1 on NUMA socket 0
EAL:   probe driver: 19ee:6003 net_nfp_vf
EAL: PCI device 0000:05:08.2 on NUMA socket 0
EAL:   probe driver: 19ee:6003 net_nfp_vf
EAL: PCI device 0000:05:08.3 on NUMA socket 0
EAL:   probe driver: 19ee:6003 net_nfp_vf
MAC updating enabled
Lcore 0: RX port 0
Lcore 2: RX port 1
Lcore 4: RX port 2
Lcore 6: RX port 3
Initializing port 0... done: 
Port 0, MAC address: 1A:3C:DC:78:F0:7C

Initializing port 1... done: 
Port 1, MAC address: 7A:D2:48:07:5C:74

Initializing port 2... done: 
Port 2, MAC address: EE:0F:53:74:72:D6

Initializing port 3... done: 
Port 3, MAC address: 3A:AB:CC:15:DB:90


Checking link statusdone
Port0 Link Up. Speed 0 Mbps - full-duplex
Port1 Link Up. Speed 0 Mbps - full-duplex
Port2 Link Up. Speed 0 Mbps - full-duplex
Port3 Link Up. Speed 0 Mbps - full-duplex
L2FWD: entering main loop on lcore 2
L2FWD:  -- lcoreid=2 portid=1
L2FWD: entering main loop on lcore 6
L2FWD:  -- lcoreid=6 portid=3
L2FWD: lcore 10 has nothing to do
L2FWD: lcore 8 has nothing to do
L2FWD: lcore 12 has nothing to do
L2FWD: entering main loop on lcore 4
L2FWD:  -- lcoreid=4 portid=2
L2FWD: lcore 14 has nothing to do
L2FWD: entering main loop on lcore 0
L2FWD:  -- lcoreid=0 portid=0
[2J[1;1H
Port statistics ====================================
Statistics for port 0 ------------------------------
Packets sent:                        0
Packets received:                    0
Packets dropped:                     0
TX rate:                             0
RX rate:                             0
Drop rate:                           0
Statistics for port 1 ------------------------------
Packets sent:                        0
Packets received:                 3054
Packets dropped:                     0
TX rate:                             0
RX rate:                           306
Drop rate:                           0
Statistics for port 2 ------------------------------
Packets sent:                        0
Packets received:                 1361
Packets dropped:                     0
TX rate:                             0
RX rate:                           136
Drop rate:                           0
Statistics for port 3 ------------------------------
Packets sent:                        0
Packets received:                 2744
Packets dropped:                     0
TX rate:                             0
RX rate:                           274
Drop rate:                           0
Aggregate statistics ===============================
Total packets sent:                  0
Total packets received:           7172
Total packets dropped:               0
Total TX rate:                       0
Total RX rate:                     716
Total drop rate:                     0
====================================================
[2J[1;1H
Port statistics ====================================
Statistics for port 0 ------------------------------
Packets sent:                        0
Packets received:             57338426
Packets dropped:                     0
TX rate:                             0
RX rate:                       5733842
Drop rate:                           0
Statistics for port 1 ------------------------------
Packets sent:                        0
Packets received:             57340611
Packets dropped:                     0
TX rate:                             0
RX rate:                       5733755
Drop rate:                           0
Statistics for port 2 ------------------------------
Packets sent:                        0
Packets received:             57338921
Packets dropped:                     0
TX rate:                             0
RX rate:                       5733756
Drop rate:                           0
Statistics for port 3 ------------------------------
Packets sent:                        0
Packets received:             57340298
Packets dropped:                     0
TX rate:                             0
RX rate:                       5733755
Drop rate:                           0
Aggregate statistics ===============================
Total packets sent:                  0
Total packets received:      229358256
Total packets dropped:               0
Total TX rate:                       0
Total RX rate:                22935108
Total drop rate:                     0
====================================================
[2J[1;1H
Port statistics ====================================
Statistics for port 0 ------------------------------
Packets sent:                        0
Packets received:            114675531
Packets dropped:                     0
TX rate:                             0
RX rate:                       5733710
Drop rate:                           0
Statistics for port 1 ------------------------------
Packets sent:                        0
Packets received:            114677702
Packets dropped:                     0
TX rate:                             0
RX rate:                       5733709
Drop rate:                           0
Statistics for port 2 ------------------------------
Packets sent:                        0
Packets received:            114675999
Packets dropped:                     0
TX rate:                             0
RX rate:                       5733707
Drop rate:                           0
Statistics for port 3 ------------------------------
Packets sent:                        0
Packets received:            114677387
Packets dropped:                     0
TX rate:                             0
RX rate:                       5733708
Drop rate:                           0
Aggregate statistics ===============================
Total packets sent:                  0
Total packets received:      458706619
Total packets dropped:               0
Total TX rate:                       0
Total RX rate:                22934834
Total drop rate:                     0
====================================================
[2J[1;1H
Port statistics ====================================
Statistics for port 0 ------------------------------
Packets sent:                        0
Packets received:            172012892
Packets dropped:                     0
TX rate:                             0
RX rate:                       5733736
Drop rate:                           0
Statistics for port 1 ------------------------------
Packets sent:                        0
Packets received:            172015088
Packets dropped:                     0
TX rate:                             0
RX rate:                       5733738
Drop rate:                           0
Statistics for port 2 ------------------------------
Packets sent:                        0
Packets received:            172013384
Packets dropped:                     0
TX rate:                             0
RX rate:                       5733738
Drop rate:                           0
Statistics for port 3 ------------------------------
Packets sent:                        0
Packets received:            172014769
Packets dropped:                     0
TX rate:                             0
RX rate:                       5733738
Drop rate:                           0
Aggregate statistics ===============================
Total packets sent:                  0
Total packets received:      688056133
Total packets dropped:               0
Total TX rate:                       0
Total RX rate:                22934950
Total drop rate:                     0
====================================================


Signal 15 received, preparing to exit...
Closing port 0... Done
Closing port 1... Done
Closing port 2... Done
Closing port 3... Done
Bye...
