EAL: Detected 40 lcore(s)
EAL: Detected 2 NUMA nodes
EAL: Multi-process socket /var/run/dpdk/rte/mp_socket
EAL: No free hugepages reported in hugepages-1048576kB
EAL: Probing VFIO support...
EAL: PCI device 0000:05:08.0 on NUMA socket 0
EAL:   probe driver: 19ee:6003 net_nfp_vf
EAL: PCI device 0000:05:08.1 on NUMA socket 0
EAL:   probe driver: 19ee:6003 net_nfp_vf
EAL: PCI device 0000:05:08.2 on NUMA socket 0
EAL:   probe driver: 19ee:6003 net_nfp_vf
EAL: PCI device 0000:05:08.3 on NUMA socket 0
EAL:   probe driver: 19ee:6003 net_nfp_vf
MAC updating enabled
Lcore 0: RX port 0
Lcore 2: RX port 1
Lcore 4: RX port 2
Lcore 6: RX port 3
Initializing port 0... done: 
Port 0, MAC address: 36:5F:0E:61:32:44

Initializing port 1... done: 
Port 1, MAC address: 26:3C:F8:2A:6E:C2

Initializing port 2... done: 
Port 2, MAC address: A6:0A:26:19:D4:8F

Initializing port 3... done: 
Port 3, MAC address: 82:C5:E0:3B:0D:6E


Checking link statusdone
Port0 Link Up. Speed 0 Mbps - full-duplex
Port1 Link Up. Speed 0 Mbps - full-duplex
Port2 Link Up. Speed 0 Mbps - full-duplex
Port3 Link Up. Speed 0 Mbps - full-duplex
L2FWD: entering main loop on lcore 2
L2FWD:  -- lcoreid=2 portid=1
L2FWD: entering main loop on lcore 6
L2FWD:  -- lcoreid=6 portid=3
L2FWD: lcore 10 has nothing to do
L2FWD: lcore 12 has nothing to do
L2FWD: lcore 8 has nothing to do
L2FWD: lcore 14 has nothing to do
L2FWD: entering main loop on lcore 0
L2FWD:  -- lcoreid=0 portid=0
[2J[1;1H
Port statistics ====================================
Statistics for port 0 ------------------------------
Packets sent:                        0
Packets received:                    0
Packets dropped:                     0
TX rate:                             0
RX rate:                             0
Drop rate:                           0
Statistics for port 1 ------------------------------
Packets sent:                        0
Packets received:                 2708
Packets dropped:                     0
TX rate:                             0
RX rate:                           271
Drop rate:                           0
Statistics for port 2 ------------------------------
Packets sent:                        0
Packets received:                    0
Packets dropped:                     0
TX rate:                             0
RX rate:                             0
Drop rate:                           0
Statistics for port 3 ------------------------------
Packets sent:                        0
Packets received:                 2377
Packets dropped:                     0
TX rate:                             0
RX rate:                           238
Drop rate:                           0
Aggregate statistics ===============================
Total packets sent:                  0
Total packets received:           5096
Total packets dropped:               0
Total TX rate:                       0
Total RX rate:                     509
Total drop rate:                     0
====================================================
L2FWD: entering main loop on lcore 4
L2FWD:  -- lcoreid=4 portid=2
[2J[1;1H
Port statistics ====================================
Statistics for port 0 ------------------------------
Packets sent:                        0
Packets received:             56263326
Packets dropped:                     0
TX rate:                             0
RX rate:                       5626332
Drop rate:                           0
Statistics for port 1 ------------------------------
Packets sent:                        0
Packets received:             56265225
Packets dropped:                     0
TX rate:                             0
RX rate:                       5626251
Drop rate:                           0
Statistics for port 2 ------------------------------
Packets sent:                        0
Packets received:             56254540
Packets dropped:                     0
TX rate:                             0
RX rate:                       5625455
Drop rate:                           0
Statistics for port 3 ------------------------------
Packets sent:                        0
Packets received:             56264919
Packets dropped:                     0
TX rate:                             0
RX rate:                       5626253
Drop rate:                           0
Aggregate statistics ===============================
Total packets sent:                  0
Total packets received:      225048067
Total packets dropped:               0
Total TX rate:                       0
Total RX rate:                22504291
Total drop rate:                     0
====================================================
[2J[1;1H
Port statistics ====================================
Statistics for port 0 ------------------------------
Packets sent:                        0
Packets received:            112526049
Packets dropped:                     0
TX rate:                             0
RX rate:                       5626272
Drop rate:                           0
Statistics for port 1 ------------------------------
Packets sent:                        0
Packets received:            112527872
Packets dropped:                     0
TX rate:                             0
RX rate:                       5626264
Drop rate:                           0
Statistics for port 2 ------------------------------
Packets sent:                        0
Packets received:            112517197
Packets dropped:                     0
TX rate:                             0
RX rate:                       5626264
Drop rate:                           0
Statistics for port 3 ------------------------------
Packets sent:                        0
Packets received:            112527536
Packets dropped:                     0
TX rate:                             0
RX rate:                       5626261
Drop rate:                           0
Aggregate statistics ===============================
Total packets sent:                  0
Total packets received:      450098666
Total packets dropped:               0
Total TX rate:                       0
Total RX rate:                22505061
Total drop rate:                     0
====================================================
[2J[1;1H
Port statistics ====================================
Statistics for port 0 ------------------------------
Packets sent:                        0
Packets received:            168788767
Packets dropped:                     0
TX rate:                             0
RX rate:                       5626271
Drop rate:                           0
Statistics for port 1 ------------------------------
Packets sent:                        0
Packets received:            168790590
Packets dropped:                     0
TX rate:                             0
RX rate:                       5626271
Drop rate:                           0
Statistics for port 2 ------------------------------
Packets sent:                        0
Packets received:            168779913
Packets dropped:                     0
TX rate:                             0
RX rate:                       5626271
Drop rate:                           0
Statistics for port 3 ------------------------------
Packets sent:                        0
Packets received:            168790245
Packets dropped:                     0
TX rate:                             0
RX rate:                       5626270
Drop rate:                           0
Aggregate statistics ===============================
Total packets sent:                  0
Total packets received:      675149515
Total packets dropped:               0
Total TX rate:                       0
Total RX rate:                22505083
Total drop rate:                     0
====================================================


Signal 15 received, preparing to exit...
Closing port 0... Done
Closing port 1... Done
Closing port 2... Done
Closing port 3... Done
Bye...
