EAL: Detected 40 lcore(s)
EAL: Detected 2 NUMA nodes
EAL: Multi-process socket /var/run/dpdk/rte/mp_socket
EAL: No free hugepages reported in hugepages-1048576kB
EAL: Probing VFIO support...
EAL: PCI device 0000:05:08.0 on NUMA socket 0
EAL:   probe driver: 19ee:6003 net_nfp_vf
EAL: PCI device 0000:05:08.1 on NUMA socket 0
EAL:   probe driver: 19ee:6003 net_nfp_vf
EAL: PCI device 0000:05:08.2 on NUMA socket 0
EAL:   probe driver: 19ee:6003 net_nfp_vf
EAL: PCI device 0000:05:08.3 on NUMA socket 0
EAL:   probe driver: 19ee:6003 net_nfp_vf
MAC updating enabled
Lcore 0: RX port 0
Lcore 2: RX port 1
Lcore 4: RX port 2
Lcore 6: RX port 3
Initializing port 0... done: 
Port 0, MAC address: CE:48:9E:52:77:2B

Initializing port 1... done: 
Port 1, MAC address: 4A:F6:EE:7C:F0:54

Initializing port 2... done: 
Port 2, MAC address: 36:C6:ED:1D:F2:B5

Initializing port 3... done: 
Port 3, MAC address: 5E:4E:F0:3A:27:37


Checking link statusdone
Port0 Link Up. Speed 0 Mbps - full-duplex
Port1 Link Up. Speed 0 Mbps - full-duplex
Port2 Link Up. Speed 0 Mbps - full-duplex
Port3 Link Up. Speed 0 Mbps - full-duplex
L2FWD: entering main loop on lcore 2
L2FWD: entering main loop on lcore 6
L2FWD:  -- lcoreid=6 portid=3
L2FWD: lcore 8 has nothing to do
L2FWD:  -- lcoreid=2 portid=1
L2FWD: lcore 10 has nothing to do
L2FWD: lcore 12 has nothing to do
L2FWD: entering main loop on lcore 0
L2FWD:  -- lcoreid=0 portid=0
[2J[1;1H
Port statistics ====================================
Statistics for port 0 ------------------------------
Packets sent:                        0
Packets received:                    0
Packets dropped:                     0
TX rate:                             0
RX rate:                             0
Drop rate:                           0
Statistics for port 1 ------------------------------
Packets sent:                        0
Packets received:                 1833
Packets dropped:                     0
TX rate:                             0
RX rate:                           184
Drop rate:                           0
Statistics for port 2 ------------------------------
Packets sent:                        0
Packets received:                    0
Packets dropped:                     0L2FWD: lcore 14 has nothing to do

TX rate:                             0
RX rate:                             0
Drop rate:                           0
Statistics for port 3 ------------------------------
Packets sent:                        0
Packets received:                 2354
Packets dropped:                     0
TX rate:                             0
RX rate:                           235
Drop rate:                           0
Aggregate statistics ===============================
Total packets sent:                  0
Total packets received:           4213
Total packets dropped:               0
Total TX rate:                       0
Total RX rate:                     419
Total drop rate:                     0
====================================================
L2FWD: entering main loop on lcore 4
L2FWD:  -- lcoreid=4 portid=2
[2J[1;1H
Port statistics ====================================
Statistics for port 0 ------------------------------
Packets sent:                        0
Packets received:             68894367
Packets dropped:                     0
TX rate:                             0
RX rate:                       6889436
Drop rate:                           0
Statistics for port 1 ------------------------------
Packets sent:                        0
Packets received:             68895508
Packets dropped:                     0
TX rate:                             0
RX rate:                       6889366
Drop rate:                           0
Statistics for port 2 ------------------------------
Packets sent:                        0
Packets received:             68884731
Packets dropped:                     0
TX rate:                             0
RX rate:                       6888473
Drop rate:                           0
Statistics for port 3 ------------------------------
Packets sent:                        0
Packets received:             68896038
Packets dropped:                     0
TX rate:                             0
RX rate:                       6889368
Drop rate:                           0
Aggregate statistics ===============================
Total packets sent:                  0
Total packets received:      275570715
Total packets dropped:               0
Total TX rate:                       0
Total RX rate:                27556643
Total drop rate:                     0
====================================================
[2J[1;1H
Port statistics ====================================
Statistics for port 0 ------------------------------
Packets sent:                        0
Packets received:            137782990
Packets dropped:                     0
TX rate:                             0
RX rate:                       6888862
Drop rate:                           0
Statistics for port 1 ------------------------------
Packets sent:                        0
Packets received:            137784064
Packets dropped:                     0
TX rate:                             0
RX rate:                       6888855
Drop rate:                           0
Statistics for port 2 ------------------------------
Packets sent:                        0
Packets received:            137773251
Packets dropped:                     0
TX rate:                             0
RX rate:                       6888851
Drop rate:                           0
Statistics for port 3 ------------------------------
Packets sent:                        0
Packets received:            137784517
Packets dropped:                     0
TX rate:                             0
RX rate:                       6888847
Drop rate:                           0
Aggregate statistics ===============================
Total packets sent:                  0
Total packets received:      551124834
Total packets dropped:               0
Total TX rate:                       0
Total RX rate:                27555415
Total drop rate:                     0
====================================================
[2J[1;1H
Port statistics ====================================
Statistics for port 0 ------------------------------
Packets sent:                        0
Packets received:            206676187
Packets dropped:                     0
TX rate:                             0
RX rate:                       6889319
Drop rate:                           0
Statistics for port 1 ------------------------------
Packets sent:                        0
Packets received:            206677242
Packets dropped:                     0
TX rate:                             0
RX rate:                       6889319
Drop rate:                           0
Statistics for port 2 ------------------------------
Packets sent:                        0
Packets received:            206666422
Packets dropped:                     0
TX rate:                             0
RX rate:                       6889317
Drop rate:                           0
Statistics for port 3 ------------------------------
Packets sent:                        0
Packets received:            206677659
Packets dropped:                     0
TX rate:                             0
RX rate:                       6889314
Drop rate:                           0
Aggregate statistics ===============================
Total packets sent:                  0
Total packets received:      826697524
Total packets dropped:               0
Total TX rate:                       0
Total RX rate:                27557269
Total drop rate:                     0
====================================================


Signal 15 received, preparing to exit...
Closing port 0... Done
Closing port 1... Done
Closing port 2... Done
Closing port 3... Done
Bye...
