EAL: Detected 40 lcore(s)
EAL: Detected 2 NUMA nodes
EAL: Multi-process socket /var/run/dpdk/rte/mp_socket
EAL: No free hugepages reported in hugepages-1048576kB
EAL: Probing VFIO support...
EAL: PCI device 0000:05:08.0 on NUMA socket 0
EAL:   probe driver: 19ee:6003 net_nfp_vf
EAL: PCI device 0000:05:08.1 on NUMA socket 0
EAL:   probe driver: 19ee:6003 net_nfp_vf
EAL: PCI device 0000:05:08.2 on NUMA socket 0
EAL:   probe driver: 19ee:6003 net_nfp_vf
EAL: PCI device 0000:05:08.3 on NUMA socket 0
EAL:   probe driver: 19ee:6003 net_nfp_vf
MAC updating enabled
Lcore 0: RX port 0
Lcore 2: RX port 1
Lcore 4: RX port 2
Lcore 6: RX port 3
Initializing port 0... done: 
Port 0, MAC address: 2E:1E:2E:58:D4:2A

Initializing port 1... done: 
Port 1, MAC address: AE:54:33:2A:E0:AE

Initializing port 2... done: 
Port 2, MAC address: 42:7F:18:53:96:FE

Initializing port 3... done: 
Port 3, MAC address: AE:9C:A0:7A:9F:6F


Checking link statusdone
Port0 Link Up. Speed 0 Mbps - full-duplex
Port1 Link Up. Speed 0 Mbps - full-duplex
Port2 Link Up. Speed 0 Mbps - full-duplex
Port3 Link Up. Speed 0 Mbps - full-duplex
L2FWD: entering main loop on lcore 2
L2FWD:  -- lcoreid=2 portid=1
L2FWD: entering main loop on lcore 4
L2FWD:  -- lcoreid=4 portid=2
L2FWD: lcore 8 has nothing to do
L2FWD: entering main loop on lcore 6
L2FWD:  -- lcoreid=6 portid=3
L2FWD: lcore 10 has nothing to do
L2FWD: lcore 12 has nothing to do
L2FWD: lcore 14 has nothing to do
L2FWD: entering main loop on lcore 0
L2FWD:  -- lcoreid=0 portid=0
[2J[1;1H
Port statistics ====================================
Statistics for port 0 ------------------------------
Packets sent:                        0
Packets received:                    0
Packets dropped:                     0
TX rate:                             0
RX rate:                             0
Drop rate:                           0
Statistics for port 1 ------------------------------
Packets sent:                        0
Packets received:                14528
Packets dropped:                     0
TX rate:                             0
RX rate:                          1453
Drop rate:                           0
Statistics for port 2 ------------------------------
Packets sent:                        0
Packets received:                14077
Packets dropped:                     0
TX rate:                             0
RX rate:                          1410
Drop rate:                           0
Statistics for port 3 ------------------------------
Packets sent:                        0
Packets received:                13328
Packets dropped:                     0
TX rate:                             0
RX rate:                          1333
Drop rate:                           0
Aggregate statistics ===============================
Total packets sent:                  0
Total packets received:          41983
Total packets dropped:               0
Total TX rate:                       0
Total RX rate:                    4196
Total drop rate:                     0
====================================================
[2J[1;1H
Port statistics ====================================
Statistics for port 0 ------------------------------
Packets sent:                        0
Packets received:             68889600
Packets dropped:                     0
TX rate:                             0
RX rate:                       6888960
Drop rate:                           0
Statistics for port 1 ------------------------------
Packets sent:                        0
Packets received:             68903331
Packets dropped:                     0
TX rate:                             0
RX rate:                       6888879
Drop rate:                           0
Statistics for port 2 ------------------------------
Packets sent:                        0
Packets received:             68902936
Packets dropped:                     0
TX rate:                             0
RX rate:                       6888882
Drop rate:                           0
Statistics for port 3 ------------------------------
Packets sent:                        0
Packets received:             68902056
Packets dropped:                     0
TX rate:                             0
RX rate:                       6888871
Drop rate:                           0
Aggregate statistics ===============================
Total packets sent:                  0
Total packets received:      275597936
Total packets dropped:               0
Total TX rate:                       0
Total RX rate:                27555592
Total drop rate:                     0
====================================================
[2J[1;1H
Port statistics ====================================
Statistics for port 0 ------------------------------
Packets sent:                        0
Packets received:            137777163
Packets dropped:                     0
TX rate:                             0
RX rate:                       6888756
Drop rate:                           0
Statistics for port 1 ------------------------------
Packets sent:                        0
Packets received:            137790811
Packets dropped:                     0
TX rate:                             0
RX rate:                       6888748
Drop rate:                           0
Statistics for port 2 ------------------------------
Packets sent:                        0
Packets received:            137790363
Packets dropped:                     0
TX rate:                             0
RX rate:                       6888742
Drop rate:                           0
Statistics for port 3 ------------------------------
Packets sent:                        0
Packets received:            137789520
Packets dropped:                     0
TX rate:                             0
RX rate:                       6888747
Drop rate:                           0
Aggregate statistics ===============================
Total packets sent:                  0
Total packets received:      551147874
Total packets dropped:               0
Total TX rate:                       0
Total RX rate:                27554993
Total drop rate:                     0
====================================================
[2J[1;1H
Port statistics ====================================
Statistics for port 0 ------------------------------
Packets sent:                        0
Packets received:            206664941
Packets dropped:                     0
TX rate:                             0
RX rate:                       6888777
Drop rate:                           0
Statistics for port 1 ------------------------------
Packets sent:                        0
Packets received:            206678611
Packets dropped:                     0
TX rate:                             0
RX rate:                       6888781
Drop rate:                           0
Statistics for port 2 ------------------------------
Packets sent:                        0
Packets received:            206678197
Packets dropped:                     0
TX rate:                             0
RX rate:                       6888783
Drop rate:                           0
Statistics for port 3 ------------------------------
Packets sent:                        0
Packets received:            206677296
Packets dropped:                     0
TX rate:                             0
RX rate:                       6888776
Drop rate:                           0
Aggregate statistics ===============================
Total packets sent:                  0
Total packets received:      826699057
Total packets dropped:               0
Total TX rate:                       0
Total RX rate:                27555117
Total drop rate:                     0
====================================================


Signal 15 received, preparing to exit...
Closing port 0... Done
Closing port 1... Done
Closing port 2... Done
Closing port 3... Done
Bye...
