EAL: Detected 40 lcore(s)
EAL: Detected 2 NUMA nodes
EAL: Multi-process socket /var/run/dpdk/rte/mp_socket
EAL: No free hugepages reported in hugepages-1048576kB
EAL: Probing VFIO support...
EAL: PCI device 0000:05:08.0 on NUMA socket 0
EAL:   probe driver: 19ee:6003 net_nfp_vf
EAL: PCI device 0000:05:08.1 on NUMA socket 0
EAL:   probe driver: 19ee:6003 net_nfp_vf
EAL: PCI device 0000:05:08.2 on NUMA socket 0
EAL:   probe driver: 19ee:6003 net_nfp_vf
EAL: PCI device 0000:05:08.3 on NUMA socket 0
EAL:   probe driver: 19ee:6003 net_nfp_vf
MAC updating enabled
Lcore 0: RX port 0
Lcore 2: RX port 1
Lcore 4: RX port 2
Lcore 6: RX port 3
Initializing port 0... done: 
Port 0, MAC address: 1E:CA:4E:39:6C:33

Initializing port 1... done: 
Port 1, MAC address: 82:2A:C1:72:6D:2A

Initializing port 2... done: 
Port 2, MAC address: 96:6B:8F:50:37:28

Initializing port 3... done: 
Port 3, MAC address: 26:ED:12:08:74:C7


Checking link statusdone
Port0 Link Up. Speed 0 Mbps - full-duplex
Port1 Link Up. Speed 0 Mbps - full-duplex
Port2 Link Up. Speed 0 Mbps - full-duplex
Port3 Link Up. Speed 0 Mbps - full-duplex
L2FWD: entering main loop on lcore 2
L2FWD:  -- lcoreid=2 portid=1
L2FWD: entering main loop on lcore 4
L2FWD: entering main loop on lcore 6
L2FWD:  -- lcoreid=6 portid=3
L2FWD: lcore 10 has nothing to do
L2FWD:  -- lcoreid=4 portid=2
L2FWD: lcore 8 has nothing to do
L2FWD: lcore 12 has nothing to do
L2FWD: lcore 14 has nothing to do
L2FWD: entering main loop on lcore 0
L2FWD:  -- lcoreid=0 portid=0
[2J[1;1H
Port statistics ====================================
Statistics for port 0 ------------------------------
Packets sent:                        0
Packets received:                    0
Packets dropped:                     0
TX rate:                             0
RX rate:                             0
Drop rate:                           0
Statistics for port 1 ------------------------------
Packets sent:                        0
Packets received:                12433
Packets dropped:                     0
TX rate:                             0
RX rate:                          1244
Drop rate:                           0
Statistics for port 2 ------------------------------
Packets sent:                        0
Packets received:                11269
Packets dropped:                     0
TX rate:                             0
RX rate:                          1127
Drop rate:                           0
Statistics for port 3 ------------------------------
Packets sent:                        0
Packets received:                11959
Packets dropped:                     0
TX rate:                             0
RX rate:                          1195
Drop rate:                           0
Aggregate statistics ===============================
Total packets sent:                  0
Total packets received:          35685
Total packets dropped:               0
Total TX rate:                       0
Total RX rate:                    3566
Total drop rate:                     0
====================================================
[2J[1;1H
Port statistics ====================================
Statistics for port 0 ------------------------------
Packets sent:                        0
Packets received:             68925654
Packets dropped:                     0
TX rate:                             0
RX rate:                       6892565
Drop rate:                           0
Statistics for port 1 ------------------------------
Packets sent:                        0
Packets received:             68937231
Packets dropped:                     0
TX rate:                             0
RX rate:                       6892480
Drop rate:                           0
Statistics for port 2 ------------------------------
Packets sent:                        0
Packets received:             68936040
Packets dropped:                     0
TX rate:                             0
RX rate:                       6892477
Drop rate:                           0
Statistics for port 3 ------------------------------
Packets sent:                        0
Packets received:             68936754
Packets dropped:                     0
TX rate:                             0
RX rate:                       6892479
Drop rate:                           0
Aggregate statistics ===============================
Total packets sent:                  0
Total packets received:      275735704
Total packets dropped:               0
Total TX rate:                       0
Total RX rate:                27570001
Total drop rate:                     0
====================================================
[2J[1;1H
Port statistics ====================================
Statistics for port 0 ------------------------------
Packets sent:                        0
Packets received:            137840839
Packets dropped:                     0
TX rate:                             0
RX rate:                       6891518
Drop rate:                           0
Statistics for port 1 ------------------------------
Packets sent:                        0
Packets received:            137852348
Packets dropped:                     0
TX rate:                             0
RX rate:                       6891511
Drop rate:                           0
Statistics for port 2 ------------------------------
Packets sent:                        0
Packets received:            137851203
Packets dropped:                     0
TX rate:                             0
RX rate:                       6891514
Drop rate:                           0
Statistics for port 3 ------------------------------
Packets sent:                        0
Packets received:            137851862
Packets dropped:                     0
TX rate:                             0
RX rate:                       6891510
Drop rate:                           0
Aggregate statistics ===============================
Total packets sent:                  0
Total packets received:      551396263
Total packets dropped:               0
Total TX rate:                       0
Total RX rate:                27566053
Total drop rate:                     0
====================================================
[2J[1;1H
Port statistics ====================================
Statistics for port 0 ------------------------------
Packets sent:                        0
Packets received:            206740736
Packets dropped:                     0
TX rate:                             0
RX rate:                       6889989
Drop rate:                           0
Statistics for port 1 ------------------------------
Packets sent:                        0
Packets received:            206752269
Packets dropped:                     0
TX rate:                             0
RX rate:                       6889991
Drop rate:                           0
Statistics for port 2 ------------------------------
Packets sent:                        0
Packets received:            206751122
Packets dropped:                     0
TX rate:                             0
RX rate:                       6889991
Drop rate:                           0
Statistics for port 3 ------------------------------
Packets sent:                        0
Packets received:            206751769
Packets dropped:                     0
TX rate:                             0
RX rate:                       6889990
Drop rate:                           0
Aggregate statistics ===============================
Total packets sent:                  0
Total packets received:      826995909
Total packets dropped:               0
Total TX rate:                       0
Total RX rate:                27559961
Total drop rate:                     0
====================================================


Signal 15 received, preparing to exit...
Closing port 0... Done
Closing port 1... Done
Closing port 2... Done
Closing port 3... Done
Bye...
