EAL: Detected 40 lcore(s)
EAL: Detected 2 NUMA nodes
EAL: Multi-process socket /var/run/dpdk/rte/mp_socket
EAL: No free hugepages reported in hugepages-1048576kB
EAL: Probing VFIO support...
EAL: PCI device 0000:05:08.0 on NUMA socket 0
EAL:   probe driver: 19ee:6003 net_nfp_vf
EAL: PCI device 0000:05:08.1 on NUMA socket 0
EAL:   probe driver: 19ee:6003 net_nfp_vf
EAL: PCI device 0000:05:08.2 on NUMA socket 0
EAL:   probe driver: 19ee:6003 net_nfp_vf
EAL: PCI device 0000:05:08.3 on NUMA socket 0
EAL:   probe driver: 19ee:6003 net_nfp_vf
MAC updating enabled
Lcore 0: RX port 0
Lcore 2: RX port 1
Lcore 4: RX port 2
Lcore 6: RX port 3
Initializing port 0... done: 
Port 0, MAC address: 00:15:4D:00:00:00

Initializing port 1... done: 
Port 1, MAC address: 00:15:4D:00:00:01

Initializing port 2... done: 
Port 2, MAC address: 00:15:4D:00:00:02

Initializing port 3... done: 
Port 3, MAC address: 00:15:4D:00:00:03


Checking link statusdone
Port0 Link Up. Speed 0 Mbps - full-duplex
Port1 Link Up. Speed 0 Mbps - full-duplex
Port2 Link Up. Speed 0 Mbps - full-duplex
Port3 Link Up. Speed 0 Mbps - full-duplex
L2FWD: entering main loop on lcore 2
L2FWD:  -- lcoreid=2 portid=1
L2FWD: entering main loop on lcore 6
L2FWD:  -- lcoreid=6 portid=3
L2FWD: lcore 8 has nothing to do
L2FWD: lcore 10 has nothing to do
L2FWD: entering main loop on lcore 4
L2FWD:  -- lcoreid=4 portid=2
L2FWD: lcore 12 has nothing to do
L2FWD: lcore 14 has nothing to do
L2FWD: entering main loop on lcore 0
L2FWD:  -- lcoreid=0 portid=0
[2J[1;1H
Port statistics ====================================
Statistics for port 0 ------------------------------
Packets sent:                        0
Packets received:                    0
Packets dropped:                     0
TX rate:                             0
RX rate:                             0
Drop rate:                           0
Statistics for port 1 ------------------------------
Packets sent:                        0
Packets received:                 5154
Packets dropped:                     0
TX rate:                             0
RX rate:                           515
Drop rate:                           0
Statistics for port 2 ------------------------------
Packets sent:                        0
Packets received:                 4294
Packets dropped:                     0
TX rate:                             0
RX rate:                           429
Drop rate:                           0
Statistics for port 3 ------------------------------
Packets sent:                        0
Packets received:                 5024
Packets dropped:                     0
TX rate:                             0
RX rate:                           502
Drop rate:                           0
Aggregate statistics ===============================
Total packets sent:                  0
Total packets received:          14484
Total packets dropped:               0
Total TX rate:                       0
Total RX rate:                    1446
Total drop rate:                     0
====================================================
[2J[1;1H
Port statistics ====================================
Statistics for port 0 ------------------------------
Packets sent:                        0
Packets received:             24191038
Packets dropped:                     0
TX rate:                             0
RX rate:                       2419103
Drop rate:                           0
Statistics for port 1 ------------------------------
Packets sent:                        0
Packets received:             24199582
Packets dropped:                     0
TX rate:                             0
RX rate:                       2419442
Drop rate:                           0
Statistics for port 2 ------------------------------
Packets sent:                        0
Packets received:             24201894
Packets dropped:                     0
TX rate:                             0
RX rate:                       2419760
Drop rate:                           0
Statistics for port 3 ------------------------------
Packets sent:                        0
Packets received:             24210582
Packets dropped:                     0
TX rate:                             0
RX rate:                       2420555
Drop rate:                           0
Aggregate statistics ===============================
Total packets sent:                  0
Total packets received:       96803098
Total packets dropped:               0
Total TX rate:                       0
Total RX rate:                 9678860
Total drop rate:                     0
====================================================
[2J[1;1H
Port statistics ====================================
Statistics for port 0 ------------------------------
Packets sent:                        0
Packets received:             48381417
Packets dropped:                     0
TX rate:                             0
RX rate:                       2419037
Drop rate:                           0
Statistics for port 1 ------------------------------
Packets sent:                        0
Packets received:             48398330
Packets dropped:                     0
TX rate:                             0
RX rate:                       2419874
Drop rate:                           0
Statistics for port 2 ------------------------------
Packets sent:                        0
Packets received:             48400682
Packets dropped:                     0
TX rate:                             0
RX rate:                       2419878
Drop rate:                           0
Statistics for port 3 ------------------------------
Packets sent:                        0
Packets received:             48410134
Packets dropped:                     0
TX rate:                             0
RX rate:                       2419955
Drop rate:                           0
Aggregate statistics ===============================
Total packets sent:                  0
Total packets received:      193590563
Total packets dropped:               0
Total TX rate:                       0
Total RX rate:                 9678744
Total drop rate:                     0
====================================================
[2J[1;1H
Port statistics ====================================
Statistics for port 0 ------------------------------
Packets sent:                        0
Packets received:             72577512
Packets dropped:                     0
TX rate:                             0
RX rate:                       2419609
Drop rate:                           0
Statistics for port 1 ------------------------------
Packets sent:                        0
Packets received:             72586880
Packets dropped:                     0
TX rate:                             0
RX rate:                       2418855
Drop rate:                           0
Statistics for port 2 ------------------------------
Packets sent:                        0
Packets received:             72605493
Packets dropped:                     0
TX rate:                             0
RX rate:                       2420481
Drop rate:                           0
Statistics for port 3 ------------------------------
Packets sent:                        0
Packets received:             72607544
Packets dropped:                     0
TX rate:                             0
RX rate:                       2419741
Drop rate:                           0
Aggregate statistics ===============================
Total packets sent:                  0
Total packets received:      290377435
Total packets dropped:               0
Total TX rate:                       0
Total RX rate:                 9678686
Total drop rate:                     0
====================================================


Signal 15 received, preparing to exit...
Closing port 0... Done
Closing port 1... Done
Closing port 2... Done
Closing port 3... Done
Bye...
