EAL: Detected 40 lcore(s)
EAL: Detected 2 NUMA nodes
EAL: Multi-process socket /var/run/dpdk/rte/mp_socket
EAL: No free hugepages reported in hugepages-1048576kB
EAL: Probing VFIO support...
EAL: PCI device 0000:05:08.0 on NUMA socket 0
EAL:   probe driver: 19ee:6003 net_nfp_vf
EAL: PCI device 0000:05:08.1 on NUMA socket 0
EAL:   probe driver: 19ee:6003 net_nfp_vf
EAL: PCI device 0000:05:08.2 on NUMA socket 0
EAL:   probe driver: 19ee:6003 net_nfp_vf
EAL: PCI device 0000:05:08.3 on NUMA socket 0
EAL:   probe driver: 19ee:6003 net_nfp_vf
MAC updating enabled
Lcore 0: RX port 0
Lcore 2: RX port 1
Lcore 4: RX port 2
Lcore 6: RX port 3
Initializing port 0... done: 
Port 0, MAC address: 00:15:4D:00:00:00

Initializing port 1... done: 
Port 1, MAC address: 00:15:4D:00:00:01

Initializing port 2... done: 
Port 2, MAC address: 00:15:4D:00:00:02

Initializing port 3... done: 
Port 3, MAC address: 00:15:4D:00:00:03


Checking link statusdone
Port0 Link Up. Speed 0 Mbps - full-duplex
Port1 Link Up. Speed 0 Mbps - full-duplex
Port2 Link Up. Speed 0 Mbps - full-duplex
Port3 Link Up. Speed 0 Mbps - full-duplex
L2FWD: entering main loop on lcore 2
L2FWD:  -- lcoreid=2 portid=1
L2FWD: entering main loop on lcore 6
L2FWD:  -- lcoreid=6 portid=3
L2FWD: lcore 10 has nothing to do
L2FWD: lcore 12 has nothing to do
L2FWD: lcore 14 has nothing to do
L2FWD: entering main loop on lcore 4
L2FWD:  -- lcoreid=4 portid=2
L2FWD: entering main loop on lcore 0
L2FWD:  -- lcoreid=0 portid=0
[2J[1;1H
Port statistics ====================================
Statistics for port 0 ------------------------------
Packets sent:                        0
Packets received:                    0
Packets dropped:                     0
TX rate:                             0
RX rate:                             0
Drop rate:                           0
Statistics for port 1 ------------------------------
Packets sent:                        0
Packets received:                 1816
Packets dropped:                     0
TX rate:                             0
RX rate:                           181
Drop rate:                           0
Statistics for port 2 ------------------------------
Packets sent:                        0
Packets received:                  992
Packets dropped:                     0L2FWD: lcore 8 has nothing to do

TX rate:                             0
RX rate:                           104
Drop rate:                           0
Statistics for port 3 ------------------------------
Packets sent:                        0
Packets received:                 1698
Packets dropped:                     0
TX rate:                             0
RX rate:                           169
Drop rate:                           0
Aggregate statistics ===============================
Total packets sent:                  0
Total packets received:           4568
Total packets dropped:               0
Total TX rate:                       0
Total RX rate:                     454
Total drop rate:                     0
====================================================
[2J[1;1H
Port statistics ====================================
Statistics for port 0 ------------------------------
Packets sent:                        0
Packets received:             21305058
Packets dropped:                     0
TX rate:                             0
RX rate:                       2130505
Drop rate:                           0
Statistics for port 1 ------------------------------
Packets sent:                        0
Packets received:             21296792
Packets dropped:                     0
TX rate:                             0
RX rate:                       2129497
Drop rate:                           0
Statistics for port 2 ------------------------------
Packets sent:                        0
Packets received:             21308600
Packets dropped:                     0
TX rate:                             0
RX rate:                       2130755
Drop rate:                           0
Statistics for port 3 ------------------------------
Packets sent:                        0
Packets received:             21298665
Packets dropped:                     0
TX rate:                             0
RX rate:                       2129696
Drop rate:                           0
Aggregate statistics ===============================
Total packets sent:                  0
Total packets received:       85209129
Total packets dropped:               0
Total TX rate:                       0
Total RX rate:                 8520453
Total drop rate:                     0
====================================================
[2J[1;1H
Port statistics ====================================
Statistics for port 0 ------------------------------
Packets sent:                        0
Packets received:             42599951
Packets dropped:                     0
TX rate:                             0
RX rate:                       2129489
Drop rate:                           0
Statistics for port 1 ------------------------------
Packets sent:                        0
Packets received:             42596937
Packets dropped:                     0
TX rate:                             0
RX rate:                       2130014
Drop rate:                           0
Statistics for port 2 ------------------------------
Packets sent:                        0
Packets received:             42615908
Packets dropped:                     0
TX rate:                             0
RX rate:                       2130731
Drop rate:                           0
Statistics for port 3 ------------------------------
Packets sent:                        0
Packets received:             42600567
Packets dropped:                     0
TX rate:                             0
RX rate:                       2130190
Drop rate:                           0
Aggregate statistics ===============================
Total packets sent:                  0
Total packets received:      170413370
Total packets dropped:               0
Total TX rate:                       0
Total RX rate:                 8520424
Total drop rate:                     0
====================================================
[2J[1;1H
Port statistics ====================================
Statistics for port 0 ------------------------------
Packets sent:                        0
Packets received:             63903573
Packets dropped:                     0
TX rate:                             0
RX rate:                       2130362
Drop rate:                           0
Statistics for port 1 ------------------------------
Packets sent:                        0
Packets received:             63892087
Packets dropped:                     0
TX rate:                             0
RX rate:                       2129515
Drop rate:                           0
Statistics for port 2 ------------------------------
Packets sent:                        0
Packets received:             63922018
Packets dropped:                     0
TX rate:                             0
RX rate:                       2130611
Drop rate:                           0
Statistics for port 3 ------------------------------
Packets sent:                        0
Packets received:             63900343
Packets dropped:                     0
TX rate:                             0
RX rate:                       2129977
Drop rate:                           0
Aggregate statistics ===============================
Total packets sent:                  0
Total packets received:      255618028
Total packets dropped:               0
Total TX rate:                       0
Total RX rate:                 8520465
Total drop rate:                     0
====================================================


Signal 15 received, preparing to exit...
Closing port 0... Done
Closing port 1... Done
Closing port 2... Done
Closing port 3... Done
Bye...
