EAL: Detected 40 lcore(s)
EAL: Detected 2 NUMA nodes
EAL: Multi-process socket /var/run/dpdk/rte/mp_socket
EAL: No free hugepages reported in hugepages-1048576kB
EAL: Probing VFIO support...
EAL: PCI device 0000:05:08.0 on NUMA socket 0
EAL:   probe driver: 19ee:6003 net_nfp_vf
EAL: PCI device 0000:05:08.1 on NUMA socket 0
EAL:   probe driver: 19ee:6003 net_nfp_vf
EAL: PCI device 0000:05:08.2 on NUMA socket 0
EAL:   probe driver: 19ee:6003 net_nfp_vf
EAL: PCI device 0000:05:08.3 on NUMA socket 0
EAL:   probe driver: 19ee:6003 net_nfp_vf
MAC updating enabled
Lcore 0: RX port 0
Lcore 2: RX port 1
Lcore 4: RX port 2
Lcore 6: RX port 3
Initializing port 0... done: 
Port 0, MAC address: 00:15:4D:00:00:00

Initializing port 1... done: 
Port 1, MAC address: 00:15:4D:00:00:01

Initializing port 2... done: 
Port 2, MAC address: 00:15:4D:00:00:02

Initializing port 3... done: 
Port 3, MAC address: 00:15:4D:00:00:03


Checking link statusdone
Port0 Link Up. Speed 0 Mbps - full-duplex
Port1 Link Up. Speed 0 Mbps - full-duplex
Port2 Link Up. Speed 0 Mbps - full-duplex
Port3 Link Up. Speed 0 Mbps - full-duplex
L2FWD: entering main loop on lcore 2
L2FWD:  -- lcoreid=2 portid=1
L2FWD: entering main loop on lcore 6
L2FWD:  -- lcoreid=6 portid=3
L2FWD: lcore 8 has nothing to do
L2FWD: lcore 10 has nothing to do
L2FWD: lcore 12 has nothing to do
L2FWD: lcore 14 has nothing to do
L2FWD: entering main loop on lcore 0
L2FWD:  -- lcoreid=0 portid=0
[2J[1;1H
Port statistics ====================================
Statistics for port 0 ------------------------------
Packets sent:                        0
Packets received:                    0
Packets dropped:                     0
TX rate:                             0
RX rate:                             0
Drop rate:                           0
Statistics for port 1 ------------------------------
Packets sent:                        0
Packets received:                 3354
Packets dropped:                     0
TX rate:                             0
RX rate:                           335
Drop rate:                           0
Statistics for port 2 ------------------------------
Packets sent:                        0
Packets received:                    0
Packets dropped:                     0
TX rate:                             0
RX rate:                             0
Drop rate:                           0
Statistics for port 3 ------------------------------
Packets sent:                        0
Packets received:                 2811
Packets dropped:                     0
TX rate:                             0
RX rate:                           281
Drop rate:                           0
Aggregate statistics ===============================
Total packets sent:                  0
Total packets received:           6178
Total packets dropped:               0
Total TX rate:                       0
Total RX rate:                     616
Total drop rate:                     0
====================================================
L2FWD: entering main loop on lcore 4
L2FWD:  -- lcoreid=4 portid=2
[2J[1;1H
Port statistics ====================================
Statistics for port 0 ------------------------------
Packets sent:                        0
Packets received:             57093475
Packets dropped:                     0
TX rate:                             0
RX rate:                       5709347
Drop rate:                           0
Statistics for port 1 ------------------------------
Packets sent:                        0
Packets received:             57103649
Packets dropped:                     0
TX rate:                             0
RX rate:                       5710029
Drop rate:                           0
Statistics for port 2 ------------------------------
Packets sent:                        0
Packets received:             57096306
Packets dropped:                     0
TX rate:                             0
RX rate:                       5709631
Drop rate:                           0
Statistics for port 3 ------------------------------
Packets sent:                        0
Packets received:             57124026
Packets dropped:                     0
TX rate:                             0
RX rate:                       5712121
Drop rate:                           0
Aggregate statistics ===============================
Total packets sent:                  0
Total packets received:      228417520
Total packets dropped:               0
Total TX rate:                       0
Total RX rate:                22841128
Total drop rate:                     0
====================================================
[2J[1;1H
Port statistics ====================================
Statistics for port 0 ------------------------------
Packets sent:                        0
Packets received:            114213053
Packets dropped:                     0
TX rate:                             0
RX rate:                       5711957
Drop rate:                           0
Statistics for port 1 ------------------------------
Packets sent:                        0
Packets received:            114206191
Packets dropped:                     0
TX rate:                             0
RX rate:                       5710254
Drop rate:                           0
Statistics for port 2 ------------------------------
Packets sent:                        0
Packets received:            114186076
Packets dropped:                     0
TX rate:                             0
RX rate:                       5708975
Drop rate:                           0
Statistics for port 3 ------------------------------
Packets sent:                        0
Packets received:            114224940
Packets dropped:                     0
TX rate:                             0
RX rate:                       5710091
Drop rate:                           0
Aggregate statistics ===============================
Total packets sent:                  0
Total packets received:      456830286
Total packets dropped:               0
Total TX rate:                       0
Total RX rate:                22841277
Total drop rate:                     0
====================================================
[2J[1;1H
Port statistics ====================================
Statistics for port 0 ------------------------------
Packets sent:                        0
Packets received:            171307119
Packets dropped:                     0
TX rate:                             0
RX rate:                       5709406
Drop rate:                           0
Statistics for port 1 ------------------------------
Packets sent:                        0
Packets received:            171323614
Packets dropped:                     0
TX rate:                             0
RX rate:                       5711742
Drop rate:                           0
Statistics for port 2 ------------------------------
Packets sent:                        0
Packets received:            171278787
Packets dropped:                     0
TX rate:                             0
RX rate:                       5709271
Drop rate:                           0
Statistics for port 3 ------------------------------
Packets sent:                        0
Packets received:            171333288
Packets dropped:                     0
TX rate:                             0
RX rate:                       5710836
Drop rate:                           0
Aggregate statistics ===============================
Total packets sent:                  0
Total packets received:      685242827
Total packets dropped:               0
Total TX rate:                       0
Total RX rate:                22841255
Total drop rate:                     0
====================================================


Signal 15 received, preparing to exit...
Closing port 0... Done
Closing port 1... Done
Closing port 2... Done
Closing port 3... Done
Bye...
