EAL: Detected 40 lcore(s)
EAL: Detected 2 NUMA nodes
EAL: Multi-process socket /var/run/dpdk/rte/mp_socket
EAL: No free hugepages reported in hugepages-1048576kB
EAL: Probing VFIO support...
EAL: PCI device 0000:05:08.0 on NUMA socket 0
EAL:   probe driver: 19ee:6003 net_nfp_vf
EAL: PCI device 0000:05:08.1 on NUMA socket 0
EAL:   probe driver: 19ee:6003 net_nfp_vf
EAL: PCI device 0000:05:08.2 on NUMA socket 0
EAL:   probe driver: 19ee:6003 net_nfp_vf
EAL: PCI device 0000:05:08.3 on NUMA socket 0
EAL:   probe driver: 19ee:6003 net_nfp_vf
MAC updating enabled
Lcore 0: RX port 0
Lcore 2: RX port 1
Lcore 4: RX port 2
Lcore 6: RX port 3
Initializing port 0... done: 
Port 0, MAC address: 00:15:4D:00:00:00

Initializing port 1... done: 
Port 1, MAC address: 00:15:4D:00:00:01

Initializing port 2... done: 
Port 2, MAC address: 00:15:4D:00:00:02

Initializing port 3... done: 
Port 3, MAC address: 00:15:4D:00:00:03


Checking link statusdone
Port0 Link Up. Speed 0 Mbps - full-duplex
Port1 Link Up. Speed 0 Mbps - full-duplex
Port2 Link Up. Speed 0 Mbps - full-duplex
Port3 Link Up. Speed 0 Mbps - full-duplex
L2FWD: entering main loop on lcore 2
L2FWD: entering main loop on lcore 6
L2FWD:  -- lcoreid=6 portid=3
L2FWD: lcore 8 has nothing to do
L2FWD: lcore 10 has nothing to do
L2FWD:  -- lcoreid=2 portid=1
L2FWD: entering main loop on lcore 0
L2FWD:  -- lcoreid=0 portid=0
[2J[1;1H
Port statistics ====================================
Statistics for port 0 ------------------------------
Packets sent:                        0
Packets received:                    0
Packets dropped:                     0
TX rate:                             0
RX rate:                             0
Drop rate:                           0
Statistics for port 1 ------------------------------
Packets sent:                        0
Packets received:                  928
Packets dropped:                     0
TX rate:                             0
RX rate:                            92
Drop rate:                           0
Statistics for port 2 ------------------------------
Packets sent:                        0
Packets received:                    0
Packets dropped:                     0
TX rate:                             0
RX rate:                             0
Drop rate:                           0
Statistics for port 3 ------------------------------
Packets sent:                        0
Packets received:                 3681
Packets dropped:                     0
TX rate:                             0
RX rate:                           368
Drop rate:                           0
Aggregate statistics ===============================
Total packets sent:                  0
Total packets received:           4649
Total packets dropped:               0
Total TX rate:                       0
Total RX rate:                     460
Total drop rate:                     0
====================================================
L2FWD: lcore 12 has nothing to do
L2FWD: lcore 14 has nothing to do
L2FWD: entering main loop on lcore 4
L2FWD:  -- lcoreid=4 portid=2
[2J[1;1H
Port statistics ====================================
Statistics for port 0 ------------------------------
Packets sent:                        0
Packets received:             57711706
Packets dropped:                     0
TX rate:                             0
RX rate:                       5771170
Drop rate:                           0
Statistics for port 1 ------------------------------
Packets sent:                        0
Packets received:             57690391
Packets dropped:                     0
TX rate:                             0
RX rate:                       5768946
Drop rate:                           0
Statistics for port 2 ------------------------------
Packets sent:                        0
Packets received:             57690847
Packets dropped:                     0
TX rate:                             0
RX rate:                       5769084
Drop rate:                           0
Statistics for port 3 ------------------------------
Packets sent:                        0
Packets received:             57724944
Packets dropped:                     0
TX rate:                             0
RX rate:                       5772125
Drop rate:                           0
Aggregate statistics ===============================
Total packets sent:                  0
Total packets received:      230817903
Total packets dropped:               0
Total TX rate:                       0
Total RX rate:                23081325
Total drop rate:                     0
====================================================
[2J[1;1H
Port statistics ====================================
Statistics for port 0 ------------------------------
Packets sent:                        0
Packets received:            115410301
Packets dropped:                     0
TX rate:                             0
RX rate:                       5769859
Drop rate:                           0
Statistics for port 1 ------------------------------
Packets sent:                        0
Packets received:            115396415
Packets dropped:                     0
TX rate:                             0
RX rate:                       5770602
Drop rate:                           0
Statistics for port 2 ------------------------------
Packets sent:                        0
Packets received:            115392578
Packets dropped:                     0
TX rate:                             0
RX rate:                       5770175
Drop rate:                           0
Statistics for port 3 ------------------------------
Packets sent:                        0
Packets received:            115419593
Packets dropped:                     0
TX rate:                             0
RX rate:                       5769464
Drop rate:                           0
Aggregate statistics ===============================
Total packets sent:                  0
Total packets received:      461618908
Total packets dropped:               0
Total TX rate:                       0
Total RX rate:                23080100
Total drop rate:                     0
====================================================
[2J[1;1H
Port statistics ====================================
Statistics for port 0 ------------------------------
Packets sent:                        0
Packets received:            173119360
Packets dropped:                     0
TX rate:                             0
RX rate:                       5770905
Drop rate:                           0
Statistics for port 1 ------------------------------
Packets sent:                        0
Packets received:            173095356
Packets dropped:                     0
TX rate:                             0
RX rate:                       5769894
Drop rate:                           0
Statistics for port 2 ------------------------------
Packets sent:                        0
Packets received:            173101484
Packets dropped:                     0
TX rate:                             0
RX rate:                       5770888
Drop rate:                           0
Statistics for port 3 ------------------------------
Packets sent:                        0
Packets received:            173113308
Packets dropped:                     0
TX rate:                             0
RX rate:                       5769372
Drop rate:                           0
Aggregate statistics ===============================
Total packets sent:                  0
Total packets received:      692429538
Total packets dropped:               0
Total TX rate:                       0
Total RX rate:                23081059
Total drop rate:                     0
====================================================


Signal 15 received, preparing to exit...
Closing port 0... Done
Closing port 1... Done
Closing port 2... Done
Closing port 3... Done
Bye...
