EAL: Detected 40 lcore(s)
EAL: Detected 2 NUMA nodes
EAL: Multi-process socket /var/run/dpdk/rte/mp_socket
EAL: No free hugepages reported in hugepages-1048576kB
EAL: Probing VFIO support...
EAL: PCI device 0000:05:08.0 on NUMA socket 0
EAL:   probe driver: 19ee:6003 net_nfp_vf
EAL: PCI device 0000:05:08.1 on NUMA socket 0
EAL:   probe driver: 19ee:6003 net_nfp_vf
EAL: PCI device 0000:05:08.2 on NUMA socket 0
EAL:   probe driver: 19ee:6003 net_nfp_vf
EAL: PCI device 0000:05:08.3 on NUMA socket 0
EAL:   probe driver: 19ee:6003 net_nfp_vf
MAC updating enabled
Lcore 0: RX port 0
Lcore 2: RX port 1
Lcore 4: RX port 2
Lcore 6: RX port 3
Initializing port 0... done: 
Port 0, MAC address: 00:15:4D:00:00:00

Initializing port 1... done: 
Port 1, MAC address: 00:15:4D:00:00:01

Initializing port 2... done: 
Port 2, MAC address: 00:15:4D:00:00:02

Initializing port 3... done: 
Port 3, MAC address: 00:15:4D:00:00:03


Checking link statusdone
Port0 Link Up. Speed 0 Mbps - full-duplex
Port1 Link Up. Speed 0 Mbps - full-duplex
Port2 Link Up. Speed 0 Mbps - full-duplex
Port3 Link Up. Speed 0 Mbps - full-duplex
L2FWD: entering main loop on lcore 2
L2FWD:  -- lcoreid=2 portid=1
L2FWD: entering main loop on lcore 6
L2FWD: lcore 10 has nothing to do
L2FWD: lcore 8 has nothing to do
L2FWD:  -- lcoreid=6 portid=3
L2FWD: lcore 12 has nothing to do
L2FWD: lcore 14 has nothing to do
L2FWD: entering main loop on lcore 0
L2FWD:  -- lcoreid=0 portid=0
[2J[1;1H
Port statistics ====================================
Statistics for port 0 ------------------------------
Packets sent:                        0
Packets received:                    0
Packets dropped:                     0
TX rate:                             0
RX rate:                             0
Drop rate:                           0
Statistics for port 1 ------------------------------
Packets sent:                        0
Packets received:                 3022
Packets dropped:                     0
TX rate:                             0
RX rate:                           302
Drop rate:                           0
Statistics for port 2 ------------------------------
Packets sent:                        0
Packets received:                    0
Packets dropped:                     0
TX rate:                             0
RX rate:                             0
Drop rate:                           0
Statistics for port 3 ------------------------------
Packets sent:                        0
Packets received:                 2150
Packets dropped:                     0
TX rate:                             0
RX rate:                           215
Drop rate:                           0
Aggregate statistics ===============================
Total packets sent:                  0
Total packets received:           5188
Total packets dropped:               0
Total TX rate:                       0
Total RX rate:                     517
Total drop rate:                     0
====================================================
L2FWD: entering main loop on lcore 4
L2FWD:  -- lcoreid=4 portid=2
[2J[1;1H
Port statistics ====================================
Statistics for port 0 ------------------------------
Packets sent:                        0
Packets received:             53294802
Packets dropped:                     0
TX rate:                             0
RX rate:                       5329480
Drop rate:                           0
Statistics for port 1 ------------------------------
Packets sent:                        0
Packets received:             53300610
Packets dropped:                     0
TX rate:                             0
RX rate:                       5329758
Drop rate:                           0
Statistics for port 2 ------------------------------
Packets sent:                        0
Packets received:             53288490
Packets dropped:                     0
TX rate:                             0
RX rate:                       5328849
Drop rate:                           0
Statistics for port 3 ------------------------------
Packets sent:                        0
Packets received:             53298406
Packets dropped:                     0
TX rate:                             0
RX rate:                       5329626
Drop rate:                           0
Aggregate statistics ===============================
Total packets sent:                  0
Total packets received:      213182327
Total packets dropped:               0
Total TX rate:                       0
Total RX rate:                21317713
Total drop rate:                     0
====================================================
[2J[1;1H
Port statistics ====================================
Statistics for port 0 ------------------------------
Packets sent:                        0
Packets received:            106586624
Packets dropped:                     0
TX rate:                             0
RX rate:                       5329182
Drop rate:                           0
Statistics for port 1 ------------------------------
Packets sent:                        0
Packets received:            106597788
Packets dropped:                     0
TX rate:                             0
RX rate:                       5329718
Drop rate:                           0
Statistics for port 2 ------------------------------
Packets sent:                        0
Packets received:            106583094
Packets dropped:                     0
TX rate:                             0
RX rate:                       5329463
Drop rate:                           0
Statistics for port 3 ------------------------------
Packets sent:                        0
Packets received:            106581956
Packets dropped:                     0
TX rate:                             0
RX rate:                       5328354
Drop rate:                           0
Aggregate statistics ===============================
Total packets sent:                  0
Total packets received:      426349506
Total packets dropped:               0
Total TX rate:                       0
Total RX rate:                21316717
Total drop rate:                     0
====================================================
[2J[1;1H
Port statistics ====================================
Statistics for port 0 ------------------------------
Packets sent:                        0
Packets received:            159873376
Packets dropped:                     0
TX rate:                             0
RX rate:                       5328675
Drop rate:                           0
Statistics for port 1 ------------------------------
Packets sent:                        0
Packets received:            159882254
Packets dropped:                     0
TX rate:                             0
RX rate:                       5328445
Drop rate:                           0
Statistics for port 2 ------------------------------
Packets sent:                        0
Packets received:            159886971
Packets dropped:                     0
TX rate:                             0
RX rate:                       5330384
Drop rate:                           0
Statistics for port 3 ------------------------------
Packets sent:                        0
Packets received:            159874640
Packets dropped:                     0
TX rate:                             0
RX rate:                       5329268
Drop rate:                           0
Aggregate statistics ===============================
Total packets sent:                  0
Total packets received:      639517256
Total packets dropped:               0
Total TX rate:                       0
Total RX rate:                21316772
Total drop rate:                     0
====================================================


Signal 15 received, preparing to exit...
Closing port 0... Done
Closing port 1... Done
Closing port 2... Done
Closing port 3... Done
Bye...
