EAL: Detected 40 lcore(s)
EAL: Detected 2 NUMA nodes
EAL: Multi-process socket /var/run/dpdk/rte/mp_socket
EAL: No free hugepages reported in hugepages-1048576kB
EAL: Probing VFIO support...
EAL: PCI device 0000:05:08.0 on NUMA socket 0
EAL:   probe driver: 19ee:6003 net_nfp_vf
EAL: PCI device 0000:05:08.1 on NUMA socket 0
EAL:   probe driver: 19ee:6003 net_nfp_vf
EAL: PCI device 0000:05:08.2 on NUMA socket 0
EAL:   probe driver: 19ee:6003 net_nfp_vf
EAL: PCI device 0000:05:08.3 on NUMA socket 0
EAL:   probe driver: 19ee:6003 net_nfp_vf
MAC updating enabled
Lcore 0: RX port 0
Lcore 2: RX port 1
Lcore 4: RX port 2
Lcore 6: RX port 3
Initializing port 0... done: 
Port 0, MAC address: 00:15:4D:00:00:00

Initializing port 1... done: 
Port 1, MAC address: 00:15:4D:00:00:01

Initializing port 2... done: 
Port 2, MAC address: 00:15:4D:00:00:02

Initializing port 3... done: 
Port 3, MAC address: 00:15:4D:00:00:03


Checking link statusdone
Port0 Link Up. Speed 0 Mbps - full-duplex
Port1 Link Up. Speed 0 Mbps - full-duplex
Port2 Link Up. Speed 0 Mbps - full-duplex
Port3 Link Up. Speed 0 Mbps - full-duplex
L2FWD: entering main loop on lcore 2
L2FWD:  -- lcoreid=2 portid=1
L2FWD: entering main loop on lcore 6
L2FWD:  -- lcoreid=6 portid=3
L2FWD: lcore 8 has nothing to do
L2FWD: lcore 10 has nothing to do
L2FWD: lcore 14 has nothing to do
L2FWD: entering main loop on lcore 0
L2FWD:  -- lcoreid=0 portid=0
[2J[1;1H
Port statistics ====================================
Statistics for port 0 ------------------------------
Packets sent:                        0
Packets received:                    0
Packets dropped:                     0
TX rate:                             0
RX rate:                             0
Drop rate:                           0
Statistics for port 1 ------------------------------
Packets sent:                        0
Packets received:                 1484
Packets dropped:                     0
TX rate:                             0
RX rate:                           148
Drop rate:                           0
Statistics for port 2 ------------------------------
Packets sent:                        0
Packets received:                    0
Packets dropped:                     0
TX rate:                             0
RX rate:                             0
Drop rate:                           0L2FWD: lcore 12 has nothing to do

Statistics for port 3 ------------------------------
Packets sent:                        0
Packets received:                 1337
Packets dropped:                     0
TX rate:                             0
RX rate:                           134
Drop rate:                           0
Aggregate statistics ===============================
Total packets sent:                  0
Total packets received:           2836
Total packets dropped:               0
Total TX rate:                       0
Total RX rate:                     282
Total drop rate:                     0
====================================================
L2FWD: entering main loop on lcore 4
L2FWD:  -- lcoreid=4 portid=2
[2J[1;1H
Port statistics ====================================
Statistics for port 0 ------------------------------
Packets sent:                        0
Packets received:             22367936
Packets dropped:                     0
TX rate:                             0
RX rate:                       2236793
Drop rate:                           0
Statistics for port 1 ------------------------------
Packets sent:                        0
Packets received:             22363635
Packets dropped:                     0
TX rate:                             0
RX rate:                       2236214
Drop rate:                           0
Statistics for port 2 ------------------------------
Packets sent:                        0
Packets received:             22357893
Packets dropped:                     0
TX rate:                             0
RX rate:                       2235789
Drop rate:                           0
Statistics for port 3 ------------------------------
Packets sent:                        0
Packets received:             22360021
Packets dropped:                     0
TX rate:                             0
RX rate:                       2235867
Drop rate:                           0
Aggregate statistics ===============================
Total packets sent:                  0
Total packets received:       89449485
Total packets dropped:               0
Total TX rate:                       0
Total RX rate:                 8944663
Total drop rate:                     0
====================================================
[2J[1;1H
Port statistics ====================================
Statistics for port 0 ------------------------------
Packets sent:                        0
Packets received:             44730401
Packets dropped:                     0
TX rate:                             0
RX rate:                       2236246
Drop rate:                           0
Statistics for port 1 ------------------------------
Packets sent:                        0
Packets received:             44721366
Packets dropped:                     0
TX rate:                             0
RX rate:                       2235773
Drop rate:                           0
Statistics for port 2 ------------------------------
Packets sent:                        0
Packets received:             44719319
Packets dropped:                     0
TX rate:                             0
RX rate:                       2236143
Drop rate:                           0
Statistics for port 3 ------------------------------
Packets sent:                        0
Packets received:             44725923
Packets dropped:                     0
TX rate:                             0
RX rate:                       2236590
Drop rate:                           0
Aggregate statistics ===============================
Total packets sent:                  0
Total packets received:      178897017
Total packets dropped:               0
Total TX rate:                       0
Total RX rate:                 8944752
Total drop rate:                     0
====================================================
[2J[1;1H
Port statistics ====================================
Statistics for port 0 ------------------------------
Packets sent:                        0
Packets received:             67096164
Packets dropped:                     0
TX rate:                             0
RX rate:                       2236576
Drop rate:                           0
Statistics for port 1 ------------------------------
Packets sent:                        0
Packets received:             67080482
Packets dropped:                     0
TX rate:                             0
RX rate:                       2235911
Drop rate:                           0
Statistics for port 2 ------------------------------
Packets sent:                        0
Packets received:             67078611
Packets dropped:                     0
TX rate:                             0
RX rate:                       2235928
Drop rate:                           0
Statistics for port 3 ------------------------------
Packets sent:                        0
Packets received:             67090149
Packets dropped:                     0
TX rate:                             0
RX rate:                       2236422
Drop rate:                           0
Aggregate statistics ===============================
Total packets sent:                  0
Total packets received:      268345411
Total packets dropped:               0
Total TX rate:                       0
Total RX rate:                 8944837
Total drop rate:                     0
====================================================


Signal 15 received, preparing to exit...
Closing port 0... Done
Closing port 1... Done
Closing port 2... Done
Closing port 3... Done
Bye...
