EAL: Detected 40 lcore(s)
EAL: Detected 2 NUMA nodes
EAL: Multi-process socket /var/run/dpdk/rte/mp_socket
EAL: No free hugepages reported in hugepages-1048576kB
EAL: Probing VFIO support...
EAL: PCI device 0000:05:08.0 on NUMA socket 0
EAL:   probe driver: 19ee:6003 net_nfp_vf
EAL: PCI device 0000:05:08.1 on NUMA socket 0
EAL:   probe driver: 19ee:6003 net_nfp_vf
EAL: PCI device 0000:05:08.2 on NUMA socket 0
EAL:   probe driver: 19ee:6003 net_nfp_vf
EAL: PCI device 0000:05:08.3 on NUMA socket 0
EAL:   probe driver: 19ee:6003 net_nfp_vf
MAC updating enabled
Lcore 0: RX port 0
Lcore 2: RX port 1
Lcore 4: RX port 2
Lcore 6: RX port 3
Initializing port 0... done: 
Port 0, MAC address: DE:EB:35:03:44:61

Initializing port 1... done: 
Port 1, MAC address: DE:91:6F:00:D0:62

Initializing port 2... done: 
Port 2, MAC address: F2:77:31:3E:06:2C

Initializing port 3... done: 
Port 3, MAC address: DE:7C:95:63:8F:72


Checking link statusdone
Port0 Link Up. Speed 0 Mbps - full-duplex
Port1 Link Up. Speed 0 Mbps - full-duplex
Port2 Link Up. Speed 0 Mbps - full-duplex
Port3 Link Up. Speed 0 Mbps - full-duplex
L2FWD: entering main loop on lcore 2
L2FWD:  -- lcoreid=2 portid=1
L2FWD: entering main loop on lcore 6
L2FWD:  -- lcoreid=6 portid=3
L2FWD: lcore 8 has nothing to do
L2FWD: lcore 10 has nothing to do
L2FWD: lcore 12 has nothing to do
L2FWD: lcore 14 has nothing to do
L2FWD: entering main loop on lcore 0
L2FWD:  -- lcoreid=0 portid=0
[2J[1;1H
Port statistics ====================================
Statistics for port 0 ------------------------------
Packets sent:                        0
Packets received:                    0
Packets dropped:                     0
TX rate:                             0
RX rate:                             0
Drop rate:                           0
Statistics for port 1 ------------------------------
Packets sent:                        0
Packets received:                 3279
Packets dropped:                     0
TX rate:                             0
RX rate:                           328
Drop rate:                           0
Statistics for port 2 ------------------------------
Packets sent:                        0
Packets received:                    0
Packets dropped:                     0
TX rate:                             0
RX rate:                             0
Drop rate:                           0
Statistics for port 3 ------------------------------
Packets sent:                        0
Packets received:                 2944
Packets dropped:                     0
TX rate:                             0
RX rate:                           295
Drop rate:                           0
Aggregate statistics ===============================
Total packets sent:                  0
Total packets received:           6240
Total packets dropped:               0
Total TX rate:                       0
Total RX rate:                     623
Total drop rate:                     0
====================================================
L2FWD: entering main loop on lcore 4
L2FWD:  -- lcoreid=4 portid=2
[2J[1;1H
Port statistics ====================================
Statistics for port 0 ------------------------------
Packets sent:                        0
Packets received:             57495199
Packets dropped:                     0
TX rate:                             0
RX rate:                       5749519
Drop rate:                           0
Statistics for port 1 ------------------------------
Packets sent:                        0
Packets received:             57497662
Packets dropped:                     0
TX rate:                             0
RX rate:                       5749438
Drop rate:                           0
Statistics for port 2 ------------------------------
Packets sent:                        0
Packets received:             56910157
Packets dropped:                     0
TX rate:                             0
RX rate:                       5691015
Drop rate:                           0
Statistics for port 3 ------------------------------
Packets sent:                        0
Packets received:             56919534
Packets dropped:                     0
TX rate:                             0
RX rate:                       5691658
Drop rate:                           0
Aggregate statistics ===============================
Total packets sent:                  0
Total packets received:      228822583
Total packets dropped:               0
Total TX rate:                       0
Total RX rate:                22881630
Total drop rate:                     0
====================================================
[2J[1;1H
Port statistics ====================================
Statistics for port 0 ------------------------------
Packets sent:                        0
Packets received:            114989143
Packets dropped:                     0
TX rate:                             0
RX rate:                       5749394
Drop rate:                           0
Statistics for port 1 ------------------------------
Packets sent:                        0
Packets received:            114991539
Packets dropped:                     0
TX rate:                             0
RX rate:                       5749387
Drop rate:                           0
Statistics for port 2 ------------------------------
Packets sent:                        0
Packets received:            113826176
Packets dropped:                     0
TX rate:                             0
RX rate:                       5691601
Drop rate:                           0
Statistics for port 3 ------------------------------
Packets sent:                        0
Packets received:            113835537
Packets dropped:                     0
TX rate:                             0
RX rate:                       5691600
Drop rate:                           0
Aggregate statistics ===============================
Total packets sent:                  0
Total packets received:      457642395
Total packets dropped:               0
Total TX rate:                       0
Total RX rate:                22881982
Total drop rate:                     0
====================================================
[2J[1;1H
Port statistics ====================================
Statistics for port 0 ------------------------------
Packets sent:                        0
Packets received:            172483448
Packets dropped:                     0
TX rate:                             0
RX rate:                       5749430
Drop rate:                           0
Statistics for port 1 ------------------------------
Packets sent:                        0
Packets received:            172485852
Packets dropped:                     0
TX rate:                             0
RX rate:                       5749431
Drop rate:                           0
Statistics for port 2 ------------------------------
Packets sent:                        0
Packets received:            170742656
Packets dropped:                     0
TX rate:                             0
RX rate:                       5691648
Drop rate:                           0
Statistics for port 3 ------------------------------
Packets sent:                        0
Packets received:            170752015
Packets dropped:                     0
TX rate:                             0
RX rate:                       5691647
Drop rate:                           0
Aggregate statistics ===============================
Total packets sent:                  0
Total packets received:      686463976
Total packets dropped:               0
Total TX rate:                       0
Total RX rate:                22882156
Total drop rate:                     0
====================================================


Signal 15 received, preparing to exit...
Closing port 0... Done
Closing port 1... Done
Closing port 2... Done
Closing port 3... Done
Bye...
