EAL: Detected 40 lcore(s)
EAL: Detected 2 NUMA nodes
EAL: Multi-process socket /var/run/dpdk/rte/mp_socket
EAL: No free hugepages reported in hugepages-1048576kB
EAL: Probing VFIO support...
EAL: PCI device 0000:05:08.0 on NUMA socket 0
EAL:   probe driver: 19ee:6003 net_nfp_vf
EAL: PCI device 0000:05:08.1 on NUMA socket 0
EAL:   probe driver: 19ee:6003 net_nfp_vf
EAL: PCI device 0000:05:08.2 on NUMA socket 0
EAL:   probe driver: 19ee:6003 net_nfp_vf
EAL: PCI device 0000:05:08.3 on NUMA socket 0
EAL:   probe driver: 19ee:6003 net_nfp_vf
MAC updating enabled
Lcore 0: RX port 0
Lcore 2: RX port 1
Lcore 4: RX port 2
Lcore 6: RX port 3
Initializing port 0... done: 
Port 0, MAC address: 1E:B8:E1:5C:BA:8F

Initializing port 1... done: 
Port 1, MAC address: 4E:C3:20:2D:36:0D

Initializing port 2... done: 
Port 2, MAC address: 0E:0A:0D:60:DC:0B

Initializing port 3... done: 
Port 3, MAC address: 2A:97:99:3D:55:9D


Checking link statusdone
Port0 Link Up. Speed 0 Mbps - full-duplex
Port1 Link Up. Speed 0 Mbps - full-duplex
Port2 Link Up. Speed 0 Mbps - full-duplex
Port3 Link Up. Speed 0 Mbps - full-duplex
L2FWD: entering main loop on lcore 2
L2FWD:  -- lcoreid=2 portid=1
L2FWD: entering main loop on lcore 4
L2FWD:  -- lcoreid=4 portid=2
L2FWD: lcore 8 has nothing to do
L2FWD: entering main loop on lcore 6
L2FWD:  -- lcoreid=6 portid=3
L2FWD: lcore 10 has nothing to do
L2FWD: lcore 12 has nothing to do
L2FWD: lcore 14 has nothing to do
L2FWD: entering main loop on lcore 0
L2FWD:  -- lcoreid=0 portid=0
[2J[1;1H
Port statistics ====================================
Statistics for port 0 ------------------------------
Packets sent:                        0
Packets received:                    0
Packets dropped:                     0
TX rate:                             0
RX rate:                             0
Drop rate:                           0
Statistics for port 1 ------------------------------
Packets sent:                        0
Packets received:                13217
Packets dropped:                     0
TX rate:                             0
RX rate:                          1322
Drop rate:                           0
Statistics for port 2 ------------------------------
Packets sent:                        0
Packets received:                12705
Packets dropped:                     0
TX rate:                             0
RX rate:                          1270
Drop rate:                           0
Statistics for port 3 ------------------------------
Packets sent:                        0
Packets received:                11901
Packets dropped:                     0
TX rate:                             0
RX rate:                          1190
Drop rate:                           0
Aggregate statistics ===============================
Total packets sent:                  0
Total packets received:          37850
Total packets dropped:               0
Total TX rate:                       0
Total RX rate:                    3782
Total drop rate:                     0
====================================================
[2J[1;1H
Port statistics ====================================
Statistics for port 0 ------------------------------
Packets sent:                        0
Packets received:             69243950
Packets dropped:                     0
TX rate:                             0
RX rate:                       6924395
Drop rate:                           0
Statistics for port 1 ------------------------------
Packets sent:                        0
Packets received:             69256425
Packets dropped:                     0
TX rate:                             0
RX rate:                       6924319
Drop rate:                           0
Statistics for port 2 ------------------------------
Packets sent:                        0
Packets received:             68559979
Packets dropped:                     0
TX rate:                             0
RX rate:                       6854728
Drop rate:                           0
Statistics for port 3 ------------------------------
Packets sent:                        0
Packets received:             68559201
Packets dropped:                     0
TX rate:                             0
RX rate:                       6854730
Drop rate:                           0
Aggregate statistics ===============================
Total packets sent:                  0
Total packets received:      275619576
Total packets dropped:               0
Total TX rate:                       0
Total RX rate:                27558172
Total drop rate:                     0
====================================================
[2J[1;1H
Port statistics ====================================
Statistics for port 0 ------------------------------
Packets sent:                        0
Packets received:            138485962
Packets dropped:                     0
TX rate:                             0
RX rate:                       6924201
Drop rate:                           0
Statistics for port 1 ------------------------------
Packets sent:                        0
Packets received:            138498327
Packets dropped:                     0
TX rate:                             0
RX rate:                       6924191
Drop rate:                           0
Statistics for port 2 ------------------------------
Packets sent:                        0
Packets received:            137106024
Packets dropped:                     0
TX rate:                             0
RX rate:                       6854603
Drop rate:                           0
Statistics for port 3 ------------------------------
Packets sent:                        0
Packets received:            137105242
Packets dropped:                     0
TX rate:                             0
RX rate:                       6854604
Drop rate:                           0
Aggregate statistics ===============================
Total packets sent:                  0
Total packets received:      551195567
Total packets dropped:               0
Total TX rate:                       0
Total RX rate:                27557599
Total drop rate:                     0
====================================================
[2J[1;1H
Port statistics ====================================
Statistics for port 0 ------------------------------
Packets sent:                        0
Packets received:            207728612
Packets dropped:                     0
TX rate:                             0
RX rate:                       6924265
Drop rate:                           0
Statistics for port 1 ------------------------------
Packets sent:                        0
Packets received:            207741031
Packets dropped:                     0
TX rate:                             0
RX rate:                       6924269
Drop rate:                           0
Statistics for port 2 ------------------------------
Packets sent:                        0
Packets received:            205652826
Packets dropped:                     0
TX rate:                             0
RX rate:                       6854680
Drop rate:                           0
Statistics for port 3 ------------------------------
Packets sent:                        0
Packets received:            205651937
Packets dropped:                     0
TX rate:                             0
RX rate:                       6854669
Drop rate:                           0
Aggregate statistics ===============================
Total packets sent:                  0
Total packets received:      826774406
Total packets dropped:               0
Total TX rate:                       0
Total RX rate:                27557883
Total drop rate:                     0
====================================================


Signal 15 received, preparing to exit...
Closing port 0... Done
Closing port 1... Done
Closing port 2... Done
Closing port 3... Done
Bye...
