EAL: Detected 40 lcore(s)
EAL: Detected 2 NUMA nodes
EAL: Multi-process socket /var/run/dpdk/rte/mp_socket
EAL: No free hugepages reported in hugepages-1048576kB
EAL: Probing VFIO support...
EAL: PCI device 0000:05:08.0 on NUMA socket 0
EAL:   probe driver: 19ee:6003 net_nfp_vf
EAL: PCI device 0000:05:08.1 on NUMA socket 0
EAL:   probe driver: 19ee:6003 net_nfp_vf
EAL: PCI device 0000:05:08.2 on NUMA socket 0
EAL:   probe driver: 19ee:6003 net_nfp_vf
EAL: PCI device 0000:05:08.3 on NUMA socket 0
EAL:   probe driver: 19ee:6003 net_nfp_vf
MAC updating enabled
Lcore 0: RX port 0
Lcore 2: RX port 1
Lcore 4: RX port 2
Lcore 6: RX port 3
Initializing port 0... done: 
Port 0, MAC address: BE:EB:68:5D:56:7E

Initializing port 1... done: 
Port 1, MAC address: F2:49:89:4B:67:08

Initializing port 2... done: 
Port 2, MAC address: 5A:C5:9E:7E:C1:F7

Initializing port 3... done: 
Port 3, MAC address: BA:51:A0:16:0E:4B


Checking link statusdone
Port0 Link Up. Speed 0 Mbps - full-duplex
Port1 Link Up. Speed 0 Mbps - full-duplex
Port2 Link Up. Speed 0 Mbps - full-duplex
Port3 Link Up. Speed 0 Mbps - full-duplex
L2FWD: entering main loop on lcore 2
L2FWD:  -- lcoreid=2 portid=1
L2FWD: entering main loop on lcore 6
L2FWD:  -- lcoreid=6 portid=3
L2FWD: lcore 8 has nothing to do
L2FWD: lcore 10 has nothing to do
L2FWD: lcore 12 has nothing to do
L2FWD: lcore 14 has nothing to do
L2FWD: entering main loop on lcore 0
L2FWD:  -- lcoreid=0 portid=0
[2J[1;1H
Port statistics ====================================
Statistics for port 0 ------------------------------
Packets sent:                        0
Packets received:                    0
Packets dropped:                     0
TX rate:                             0
RX rate:                             0
Drop rate:                           0
Statistics for port 1 ------------------------------
Packets sent:                        0
Packets received:                 3176
Packets dropped:                     0
TX rate:                             0
RX rate:                           318
Drop rate:                           0
Statistics for port 2 ------------------------------
Packets sent:                        0
Packets received:                    0
Packets dropped:                     0
TX rate:                             0
RX rate:                             0
Drop rate:                           0
Statistics for port 3 ------------------------------
Packets sent:                        0
Packets received:                 2765
Packets dropped:                     0
TX rate:                             0
RX rate:                           277
Drop rate:                           0
Aggregate statistics ===============================
Total packets sent:                  0
Total packets received:           5966
Total packets dropped:               0
Total TX rate:                       0
Total RX rate:                     595
Total drop rate:                     0
====================================================
L2FWD: entering main loop on lcore 4
L2FWD:  -- lcoreid=4 portid=2
[2J[1;1H
Port statistics ====================================
Statistics for port 0 ------------------------------
Packets sent:                        0
Packets received:             69236964
Packets dropped:                     0
TX rate:                             0
RX rate:                       6923696
Drop rate:                           0
Statistics for port 1 ------------------------------
Packets sent:                        0
Packets received:             69239296
Packets dropped:                     0
TX rate:                             0
RX rate:                       6923611
Drop rate:                           0
Statistics for port 2 ------------------------------
Packets sent:                        0
Packets received:             68532241
Packets dropped:                     0
TX rate:                             0
RX rate:                       6853224
Drop rate:                           0
Statistics for port 3 ------------------------------
Packets sent:                        0
Packets received:             68543026
Packets dropped:                     0
TX rate:                             0
RX rate:                       6854025
Drop rate:                           0
Aggregate statistics ===============================
Total packets sent:                  0
Total packets received:      275551536
Total packets dropped:               0
Total TX rate:                       0
Total RX rate:                27554556
Total drop rate:                     0
====================================================
[2J[1;1H
Port statistics ====================================
Statistics for port 0 ------------------------------
Packets sent:                        0
Packets received:            138479185
Packets dropped:                     0
TX rate:                             0
RX rate:                       6924222
Drop rate:                           0
Statistics for port 1 ------------------------------
Packets sent:                        0
Packets received:            138481496
Packets dropped:                     0
TX rate:                             0
RX rate:                       6924220
Drop rate:                           0
Statistics for port 2 ------------------------------
Packets sent:                        0
Packets received:            137078576
Packets dropped:                     0
TX rate:                             0
RX rate:                       6854633
Drop rate:                           0
Statistics for port 3 ------------------------------
Packets sent:                        0
Packets received:            137089372
Packets dropped:                     0
TX rate:                             0
RX rate:                       6854634
Drop rate:                           0
Aggregate statistics ===============================
Total packets sent:                  0
Total packets received:      551128666
Total packets dropped:               0
Total TX rate:                       0
Total RX rate:                27557709
Total drop rate:                     0
====================================================
[2J[1;1H
Port statistics ====================================
Statistics for port 0 ------------------------------
Packets sent:                        0
Packets received:            207724358
Packets dropped:                     0
TX rate:                             0
RX rate:                       6924517
Drop rate:                           0
Statistics for port 1 ------------------------------
Packets sent:                        0
Packets received:            207726651
Packets dropped:                     0
TX rate:                             0
RX rate:                       6924514
Drop rate:                           0
Statistics for port 2 ------------------------------
Packets sent:                        0
Packets received:            205627735
Packets dropped:                     0
TX rate:                             0
RX rate:                       6854915
Drop rate:                           0
Statistics for port 3 ------------------------------
Packets sent:                        0
Packets received:            205638567
Packets dropped:                     0
TX rate:                             0
RX rate:                       6854920
Drop rate:                           0
Aggregate statistics ===============================
Total packets sent:                  0
Total packets received:      826717321
Total packets dropped:               0
Total TX rate:                       0
Total RX rate:                27558866
Total drop rate:                     0
====================================================


Signal 15 received, preparing to exit...
Closing port 0... Done
Closing port 1... Done
Closing port 2... Done
Closing port 3... Done
Bye...
