EAL: Detected 40 lcore(s)
EAL: Detected 2 NUMA nodes
EAL: Multi-process socket /var/run/dpdk/rte/mp_socket
EAL: No free hugepages reported in hugepages-1048576kB
EAL: Probing VFIO support...
EAL: PCI device 0000:05:08.0 on NUMA socket 0
EAL:   probe driver: 19ee:6003 net_nfp_vf
EAL: PCI device 0000:05:08.1 on NUMA socket 0
EAL:   probe driver: 19ee:6003 net_nfp_vf
EAL: PCI device 0000:05:08.2 on NUMA socket 0
EAL:   probe driver: 19ee:6003 net_nfp_vf
EAL: PCI device 0000:05:08.3 on NUMA socket 0
EAL:   probe driver: 19ee:6003 net_nfp_vf
MAC updating enabled
Lcore 0: RX port 0
Lcore 2: RX port 1
Lcore 4: RX port 2
Lcore 6: RX port 3
Initializing port 0... done: 
Port 0, MAC address: 7E:1D:F7:41:9A:AE

Initializing port 1... done: 
Port 1, MAC address: AE:17:DD:7C:16:77

Initializing port 2... done: 
Port 2, MAC address: 6E:65:97:13:BC:38

Initializing port 3... done: 
Port 3, MAC address: 8A:D1:EA:0C:35:C5


Checking link statusdone
Port0 Link Up. Speed 0 Mbps - full-duplex
Port1 Link Up. Speed 0 Mbps - full-duplex
Port2 Link Up. Speed 0 Mbps - full-duplex
Port3 Link Up. Speed 0 Mbps - full-duplex
L2FWD: entering main loop on lcore 2
L2FWD:  -- lcoreid=2 portid=1
L2FWD: entering main loop on lcore 6
L2FWD:  -- lcoreid=6 portid=3
L2FWD: lcore 8 has nothing to do
L2FWD: entering main loop on lcore 4
L2FWD:  -- lcoreid=4 portid=2
L2FWD: lcore 10 has nothing to do
L2FWD: lcore 12 has nothing to do
L2FWD: lcore 14 has nothing to do
L2FWD: entering main loop on lcore 0
L2FWD:  -- lcoreid=0 portid=0
[2J[1;1H
Port statistics ====================================
Statistics for port 0 ------------------------------
Packets sent:                        0
Packets received:                    0
Packets dropped:                     0
TX rate:                             0
RX rate:                             0
Drop rate:                           0
Statistics for port 1 ------------------------------
Packets sent:                        0
Packets received:                17685
Packets dropped:                     0
TX rate:                             0
RX rate:                          1769
Drop rate:                           0
Statistics for port 2 ------------------------------
Packets sent:                        0
Packets received:                16213
Packets dropped:                     0
TX rate:                             0
RX rate:                          1624
Drop rate:                           0
Statistics for port 3 ------------------------------
Packets sent:                        0
Packets received:                17206
Packets dropped:                     0
TX rate:                             0
RX rate:                          1721
Drop rate:                           0
Aggregate statistics ===============================
Total packets sent:                  0
Total packets received:          51163
Total packets dropped:               0
Total TX rate:                       0
Total RX rate:                    5114
Total drop rate:                     0
====================================================
[2J[1;1H
Port statistics ====================================
Statistics for port 0 ------------------------------
Packets sent:                        0
Packets received:             57391896
Packets dropped:                     0
TX rate:                             0
RX rate:                       5739189
Drop rate:                           0
Statistics for port 1 ------------------------------
Packets sent:                        0
Packets received:             57408782
Packets dropped:                     0
TX rate:                             0
RX rate:                       5739109
Drop rate:                           0
Statistics for port 2 ------------------------------
Packets sent:                        0
Packets received:             56830543
Packets dropped:                     0
TX rate:                             0
RX rate:                       5681429
Drop rate:                           0
Statistics for port 3 ------------------------------
Packets sent:                        0
Packets received:             56831502
Packets dropped:                     0
TX rate:                             0
RX rate:                       5681428
Drop rate:                           0
Aggregate statistics ===============================
Total packets sent:                  0
Total packets received:      228462737
Total packets dropped:               0
Total TX rate:                       0
Total RX rate:                22841155
Total drop rate:                     0
====================================================
[2J[1;1H
Port statistics ====================================
Statistics for port 0 ------------------------------
Packets sent:                        0
Packets received:            114782967
Packets dropped:                     0
TX rate:                             0
RX rate:                       5739107
Drop rate:                           0
Statistics for port 1 ------------------------------
Packets sent:                        0
Packets received:            114799790
Packets dropped:                     0
TX rate:                             0
RX rate:                       5739099
Drop rate:                           0
Statistics for port 2 ------------------------------
Packets sent:                        0
Packets received:            113644745
Packets dropped:                     0
TX rate:                             0
RX rate:                       5681420
Drop rate:                           0
Statistics for port 3 ------------------------------
Packets sent:                        0
Packets received:            113645692
Packets dropped:                     0
TX rate:                             0
RX rate:                       5681419
Drop rate:                           0
Aggregate statistics ===============================
Total packets sent:                  0
Total packets received:      456873194
Total packets dropped:               0
Total TX rate:                       0
Total RX rate:                22841045
Total drop rate:                     0
====================================================
[2J[1;1H
Port statistics ====================================
Statistics for port 0 ------------------------------
Packets sent:                        0
Packets received:            172174034
Packets dropped:                     0
TX rate:                             0
RX rate:                       5739106
Drop rate:                           0
Statistics for port 1 ------------------------------
Packets sent:                        0
Packets received:            172190879
Packets dropped:                     0
TX rate:                             0
RX rate:                       5739108
Drop rate:                           0
Statistics for port 2 ------------------------------
Packets sent:                        0
Packets received:            170459032
Packets dropped:                     0
TX rate:                             0
RX rate:                       5681428
Drop rate:                           0
Statistics for port 3 ------------------------------
Packets sent:                        0
Packets received:            170459983
Packets dropped:                     0
TX rate:                             0
RX rate:                       5681429
Drop rate:                           0
Aggregate statistics ===============================
Total packets sent:                  0
Total packets received:      685283953
Total packets dropped:               0
Total TX rate:                       0
Total RX rate:                22841071
Total drop rate:                     0
====================================================


Signal 15 received, preparing to exit...
Closing port 0... Done
Closing port 1... Done
Closing port 2... Done
Closing port 3... Done
Bye...
