EAL: Detected 40 lcore(s)
EAL: Detected 2 NUMA nodes
EAL: Multi-process socket /var/run/dpdk/rte/mp_socket
EAL: No free hugepages reported in hugepages-1048576kB
EAL: Probing VFIO support...
EAL: PCI device 0000:05:08.0 on NUMA socket 0
EAL:   probe driver: 19ee:6003 net_nfp_vf
EAL: PCI device 0000:05:08.1 on NUMA socket 0
EAL:   probe driver: 19ee:6003 net_nfp_vf
EAL: PCI device 0000:05:08.2 on NUMA socket 0
EAL:   probe driver: 19ee:6003 net_nfp_vf
EAL: PCI device 0000:05:08.3 on NUMA socket 0
EAL:   probe driver: 19ee:6003 net_nfp_vf
MAC updating enabled
Lcore 0: RX port 0
Lcore 2: RX port 1
Lcore 4: RX port 2
Lcore 6: RX port 3
Initializing port 0... done: 
Port 0, MAC address: 22:BD:F2:1C:4E:D6

Initializing port 1... done: 
Port 1, MAC address: F2:F9:CD:4F:EA:C7

Initializing port 2... done: 
Port 2, MAC address: 52:DB:BA:2A:B0:A7

Initializing port 3... done: 
Port 3, MAC address: 0E:14:91:72:49:CF


Checking link statusdone
Port0 Link Up. Speed 0 Mbps - full-duplex
Port1 Link Up. Speed 0 Mbps - full-duplex
Port2 Link Up. Speed 0 Mbps - full-duplex
Port3 Link Up. Speed 0 Mbps - full-duplex
L2FWD: entering main loop on lcore 2
L2FWD:  -- lcoreid=2 portid=1
L2FWD: entering main loop on lcore 4
L2FWD:  -- lcoreid=4 portid=2
L2FWD: lcore 10 has nothing to do
L2FWD: lcore 12 has nothing to do
L2FWD: lcore 14 has nothing to do
L2FWD: entering main loop on lcore 6
L2FWD:  -- lcoreid=6 portid=3
L2FWD: entering main loop on lcore 0
L2FWD:  -- lcoreid=0 portid=0
[2J[1;1H
Port statistics ====================================
Statistics for port 0 ------------------------------
Packets sent:                        0
Packets received:                    0
Packets dropped:                     0
TX rate:                             0
RX rate:                             0
Drop rate:                           0
Statistics for port 1 ------------------------------
Packets sent:                        0
Packets received:                 3083
Packets dropped:                     0
TX rate:                             0
RX rate:                           309
Drop rate:                           0
Statistics for port 2 ------------------------------
Packets sent:                        0
Packets received:                 2581
Packets dropped:                     0
TX rate:                             0
RX rate:                           258
Drop rate:                           0
Statistics for port 3 ------------------------------
Packets sent:                        0
Packets received:                  928
Packets dropped:                     0
TX rate:                             0
RX rate:                            96
Drop rate:                           0
Aggregate statistics ===============================
Total packets sent:                  0
Total packets received:           6641
Total packets dropped:               0
Total TX rate:                       0
Total RX rate:                     663
Total drop rate:                     0
====================================================
L2FWD: lcore 8 has nothing to do
[2J[1;1H
Port statistics ====================================
Statistics for port 0 ------------------------------
Packets sent:                        0
Packets received:             69277686
Packets dropped:                     0
TX rate:                             0
RX rate:                       6927768
Drop rate:                           0
Statistics for port 1 ------------------------------
Packets sent:                        0
Packets received:             69279916
Packets dropped:                     0
TX rate:                             0
RX rate:                       6927682
Drop rate:                           0
Statistics for port 2 ------------------------------
Packets sent:                        0
Packets received:             68583214
Packets dropped:                     0
TX rate:                             0
RX rate:                       6858063
Drop rate:                           0
Statistics for port 3 ------------------------------
Packets sent:                        0
Packets received:             68581776
Packets dropped:                     0
TX rate:                             0
RX rate:                       6858081
Drop rate:                           0
Aggregate statistics ===============================
Total packets sent:                  0
Total packets received:      275722606
Total packets dropped:               0
Total TX rate:                       0
Total RX rate:                27571594
Total drop rate:                     0
====================================================
[2J[1;1H
Port statistics ====================================
Statistics for port 0 ------------------------------
Packets sent:                        0
Packets received:            138553570
Packets dropped:                     0
TX rate:                             0
RX rate:                       6927588
Drop rate:                           0
Statistics for port 1 ------------------------------
Packets sent:                        0
Packets received:            138555831
Packets dropped:                     0
TX rate:                             0
RX rate:                       6927591
Drop rate:                           0
Statistics for port 2 ------------------------------
Packets sent:                        0
Packets received:            137162853
Packets dropped:                     0
TX rate:                             0
RX rate:                       6857963
Drop rate:                           0
Statistics for port 3 ------------------------------
Packets sent:                        0
Packets received:            137161402
Packets dropped:                     0
TX rate:                             0
RX rate:                       6857962
Drop rate:                           0
Aggregate statistics ===============================
Total packets sent:                  0
Total packets received:      551433686
Total packets dropped:               0
Total TX rate:                       0
Total RX rate:                27571104
Total drop rate:                     0
====================================================
[2J[1;1H
Port statistics ====================================
Statistics for port 0 ------------------------------
Packets sent:                        0
Packets received:            207828004
Packets dropped:                     0
TX rate:                             0
RX rate:                       6927443
Drop rate:                           0
Statistics for port 1 ------------------------------
Packets sent:                        0
Packets received:            207830278
Packets dropped:                     0
TX rate:                             0
RX rate:                       6927444
Drop rate:                           0
Statistics for port 2 ------------------------------
Packets sent:                        0
Packets received:            205741069
Packets dropped:                     0
TX rate:                             0
RX rate:                       6857821
Drop rate:                           0
Statistics for port 3 ------------------------------
Packets sent:                        0
Packets received:            205739620
Packets dropped:                     0
TX rate:                             0
RX rate:                       6857823
Drop rate:                           0
Aggregate statistics ===============================
Total packets sent:                  0
Total packets received:      827138994
Total packets dropped:               0
Total TX rate:                       0
Total RX rate:                27570531
Total drop rate:                     0
====================================================


Signal 15 received, preparing to exit...
Closing port 0... Done
Closing port 1... Done
Closing port 2... Done
Closing port 3... Done
Bye...
