EAL: Detected 40 lcore(s)
EAL: Detected 2 NUMA nodes
EAL: Multi-process socket /var/run/dpdk/rte/mp_socket
EAL: No free hugepages reported in hugepages-1048576kB
EAL: Probing VFIO support...
EAL: PCI device 0000:05:08.0 on NUMA socket 0
EAL:   probe driver: 19ee:6003 net_nfp_vf
EAL: PCI device 0000:05:08.1 on NUMA socket 0
EAL:   probe driver: 19ee:6003 net_nfp_vf
EAL: PCI device 0000:05:08.2 on NUMA socket 0
EAL:   probe driver: 19ee:6003 net_nfp_vf
EAL: PCI device 0000:05:08.3 on NUMA socket 0
EAL:   probe driver: 19ee:6003 net_nfp_vf
MAC updating enabled
Lcore 0: RX port 0
Lcore 2: RX port 1
Lcore 4: RX port 2
Lcore 6: RX port 3
Initializing port 0... done: 
Port 0, MAC address: 4E:BA:FA:7B:74:23

Initializing port 1... done: 
Port 1, MAC address: CE:9D:38:63:80:E8

Initializing port 2... done: 
Port 2, MAC address: 62:BD:1E:57:36:E1

Initializing port 3... done: 
Port 3, MAC address: CE:57:9D:2B:3F:A3


Checking link statusdone
Port0 Link Up. Speed 0 Mbps - full-duplex
Port1 Link Up. Speed 0 Mbps - full-duplex
Port2 Link Up. Speed 0 Mbps - full-duplex
Port3 Link Up. Speed 0 Mbps - full-duplex
L2FWD: entering main loop on lcore 2
L2FWD:  -- lcoreid=2 portid=1
L2FWD: entering main loop on lcore 4
L2FWD:  -- lcoreid=4 portid=2
L2FWD: lcore 8 has nothing to do
L2FWD: entering main loop on lcore 6
L2FWD:  -- lcoreid=6 portid=3
L2FWD: lcore 10 has nothing to do
L2FWD: lcore 12 has nothing to do
L2FWD: lcore 14 has nothing to do
L2FWD: entering main loop on lcore 0
L2FWD:  -- lcoreid=0 portid=0
[2J[1;1H
Port statistics ====================================
Statistics for port 0 ------------------------------
Packets sent:                        0
Packets received:                    0
Packets dropped:                     0
TX rate:                             0
RX rate:                             0
Drop rate:                           0
Statistics for port 1 ------------------------------
Packets sent:                        0
Packets received:                 6791
Packets dropped:                     0
TX rate:                             0
RX rate:                           679
Drop rate:                           0
Statistics for port 2 ------------------------------
Packets sent:                        0
Packets received:                 6573
Packets dropped:                     0
TX rate:                             0
RX rate:                           657
Drop rate:                           0
Statistics for port 3 ------------------------------
Packets sent:                        0
Packets received:                 6346
Packets dropped:                     0
TX rate:                             0
RX rate:                           635
Drop rate:                           0
Aggregate statistics ===============================
Total packets sent:                  0
Total packets received:          19742
Total packets dropped:               0
Total TX rate:                       0
Total RX rate:                    1971
Total drop rate:                     0
====================================================
[2J[1;1H
Port statistics ====================================
Statistics for port 0 ------------------------------
Packets sent:                        0
Packets received:             26342341
Packets dropped:                     0
TX rate:                             0
RX rate:                       2634234
Drop rate:                           0
Statistics for port 1 ------------------------------
Packets sent:                        0
Packets received:             26348403
Packets dropped:                     0
TX rate:                             0
RX rate:                       2634160
Drop rate:                           0
Statistics for port 2 ------------------------------
Packets sent:                        0
Packets received:             26083534
Packets dropped:                     0
TX rate:                             0
RX rate:                       2607696
Drop rate:                           0
Statistics for port 3 ------------------------------
Packets sent:                        0
Packets received:             26083235
Packets dropped:                     0
TX rate:                             0
RX rate:                       2607688
Drop rate:                           0
Aggregate statistics ===============================
Total packets sent:                  0
Total packets received:      104857525
Total packets dropped:               0
Total TX rate:                       0
Total RX rate:                10483778
Total drop rate:                     0
====================================================
[2J[1;1H
Port statistics ====================================
Statistics for port 0 ------------------------------
Packets sent:                        0
Packets received:             52549030
Packets dropped:                     0
TX rate:                             0
RX rate:                       2620668
Drop rate:                           0
Statistics for port 1 ------------------------------
Packets sent:                        0
Packets received:             52554449
Packets dropped:                     0
TX rate:                             0
RX rate:                       2620604
Drop rate:                           0
Statistics for port 2 ------------------------------
Packets sent:                        0
Packets received:             52026060
Packets dropped:                     0
TX rate:                             0
RX rate:                       2594252
Drop rate:                           0
Statistics for port 3 ------------------------------
Packets sent:                        0
Packets received:             52025801
Packets dropped:                     0
TX rate:                             0
RX rate:                       2594255
Drop rate:                           0
Aggregate statistics ===============================
Total packets sent:                  0
Total packets received:      209155342
Total packets dropped:               0
Total TX rate:                       0
Total RX rate:                10429779
Total drop rate:                     0
====================================================
[2J[1;1H
Port statistics ====================================
Statistics for port 0 ------------------------------
Packets sent:                        0
Packets received:             78756307
Packets dropped:                     0
TX rate:                             0
RX rate:                       2620727
Drop rate:                           0
Statistics for port 1 ------------------------------
Packets sent:                        0
Packets received:             78762723
Packets dropped:                     0
TX rate:                             0
RX rate:                       2620827
Drop rate:                           0
Statistics for port 2 ------------------------------
Packets sent:                        0
Packets received:             77969976
Packets dropped:                     0
TX rate:                             0
RX rate:                       2594391
Drop rate:                           0
Statistics for port 3 ------------------------------
Packets sent:                        0
Packets received:             77970348
Packets dropped:                     0
TX rate:                             0
RX rate:                       2594454
Drop rate:                           0
Aggregate statistics ===============================
Total packets sent:                  0
Total packets received:      313459354
Total packets dropped:               0
Total TX rate:                       0
Total RX rate:                10430399
Total drop rate:                     0
====================================================


Signal 15 received, preparing to exit...
Closing port 0... Done
Closing port 1... Done
Closing port 2... Done
Closing port 3... Done
Bye...
