EAL: Detected 40 lcore(s)
EAL: Detected 2 NUMA nodes
EAL: Multi-process socket /var/run/dpdk/rte/mp_socket
EAL: No free hugepages reported in hugepages-1048576kB
EAL: Probing VFIO support...
EAL: PCI device 0000:05:08.0 on NUMA socket 0
EAL:   probe driver: 19ee:6003 net_nfp_vf
EAL: PCI device 0000:05:08.1 on NUMA socket 0
EAL:   probe driver: 19ee:6003 net_nfp_vf
EAL: PCI device 0000:05:08.2 on NUMA socket 0
EAL:   probe driver: 19ee:6003 net_nfp_vf
EAL: PCI device 0000:05:08.3 on NUMA socket 0
EAL:   probe driver: 19ee:6003 net_nfp_vf
MAC updating enabled
Lcore 0: RX port 0
Lcore 2: RX port 1
Lcore 4: RX port 2
Lcore 6: RX port 3
Initializing port 0... done: 
Port 0, MAC address: 8A:2A:19:0C:20:DF

Initializing port 1... done: 
Port 1, MAC address: 6A:FE:96:76:0C:9A

Initializing port 2... done: 
Port 2, MAC address: 5E:75:1A:63:A2:2B

Initializing port 3... done: 
Port 3, MAC address: 2A:A6:8B:19:8B:61


Checking link statusdone
Port0 Link Up. Speed 0 Mbps - full-duplex
Port1 Link Up. Speed 0 Mbps - full-duplex
Port2 Link Up. Speed 0 Mbps - full-duplex
Port3 Link Up. Speed 0 Mbps - full-duplex
L2FWD: entering main loop on lcore 2
L2FWD:  -- lcoreid=2 portid=1
L2FWD: entering main loop on lcore 6
L2FWD:  -- lcoreid=6 portid=3
L2FWD: lcore 8 has nothing to do
L2FWD: lcore 10 has nothing to do
L2FWD: lcore 12 has nothing to do
L2FWD: lcore 14 has nothing to do
L2FWD: entering main loop on lcore 0
L2FWD:  -- lcoreid=0 portid=0
[2J[1;1H
Port statistics ====================================
Statistics for port 0 ------------------------------
Packets sent:                        0
Packets received:                    0
Packets dropped:                     0
TX rate:                             0
RX rate:                             0
Drop rate:                           0
Statistics for port 1 ------------------------------
Packets sent:                        0
Packets received:                 1269
Packets dropped:                     0
TX rate:                             0
RX rate:                           127
Drop rate:                           0
Statistics for port 2 ------------------------------
Packets sent:                        0
Packets received:                    0
Packets dropped:                     0
TX rate:                             0
RX rate:                             0
Drop rate:                           0
Statistics for port 3 ------------------------------
Packets sent:                        0
Packets received:                 1198
Packets dropped:                     0
TX rate:                             0
RX rate:                           119
Drop rate:                           0
Aggregate statistics ===============================
Total packets sent:                  0
Total packets received:           2470
Total packets dropped:               0
Total TX rate:                       0
Total RX rate:                     246
Total drop rate:                     0
====================================================
L2FWD: entering main loop on lcore 4
L2FWD:  -- lcoreid=4 portid=2
[2J[1;1H
Port statistics ====================================
Statistics for port 0 ------------------------------
Packets sent:                        0
Packets received:              9199236
Packets dropped:                     0
TX rate:                             0
RX rate:                        919923
Drop rate:                           0
Statistics for port 1 ------------------------------
Packets sent:                        0
Packets received:              9198975
Packets dropped:                     0
TX rate:                             0
RX rate:                        919770
Drop rate:                           0
Statistics for port 2 ------------------------------
Packets sent:                        0
Packets received:              9106120
Packets dropped:                     0
TX rate:                             0
RX rate:                        910612
Drop rate:                           0
Statistics for port 3 ------------------------------
Packets sent:                        0
Packets received:              9106708
Packets dropped:                     0
TX rate:                             0
RX rate:                        910550
Drop rate:                           0
Aggregate statistics ===============================
Total packets sent:                  0
Total packets received:       36611046
Total packets dropped:               0
Total TX rate:                       0
Total RX rate:                 3660855
Total drop rate:                     0
====================================================
[2J[1;1H
Port statistics ====================================
Statistics for port 0 ------------------------------
Packets sent:                        0
Packets received:             18390278
Packets dropped:                     0
TX rate:                             0
RX rate:                        919104
Drop rate:                           0
Statistics for port 1 ------------------------------
Packets sent:                        0
Packets received:             18390234
Packets dropped:                     0
TX rate:                             0
RX rate:                        919125
Drop rate:                           0
Statistics for port 2 ------------------------------
Packets sent:                        0
Packets received:             18207006
Packets dropped:                     0
TX rate:                             0
RX rate:                        910088
Drop rate:                           0
Statistics for port 3 ------------------------------
Packets sent:                        0
Packets received:             18205393
Packets dropped:                     0
TX rate:                             0
RX rate:                        909868
Drop rate:                           0
Aggregate statistics ===============================
Total packets sent:                  0
Total packets received:       73192912
Total packets dropped:               0
Total TX rate:                       0
Total RX rate:                 3658185
Total drop rate:                     0
====================================================
[2J[1;1H
Port statistics ====================================
Statistics for port 0 ------------------------------
Packets sent:                        0
Packets received:             27581138
Packets dropped:                     0
TX rate:                             0
RX rate:                        919086
Drop rate:                           0
Statistics for port 1 ------------------------------
Packets sent:                        0
Packets received:             27582747
Packets dropped:                     0
TX rate:                             0
RX rate:                        919251
Drop rate:                           0
Statistics for port 2 ------------------------------
Packets sent:                        0
Packets received:             27306825
Packets dropped:                     0
TX rate:                             0
RX rate:                        909981
Drop rate:                           0
Statistics for port 3 ------------------------------
Packets sent:                        0
Packets received:             27303592
Packets dropped:                     0
TX rate:                             0
RX rate:                        909819
Drop rate:                           0
Aggregate statistics ===============================
Total packets sent:                  0
Total packets received:      109774304
Total packets dropped:               0
Total TX rate:                       0
Total RX rate:                 3658137
Total drop rate:                     0
====================================================


Signal 15 received, preparing to exit...
Closing port 0... Done
Closing port 1... Done
Closing port 2... Done
Closing port 3... Done
Bye...
