EAL: Detected 40 lcore(s)
EAL: Detected 2 NUMA nodes
EAL: Multi-process socket /var/run/dpdk/rte/mp_socket
EAL: No free hugepages reported in hugepages-1048576kB
EAL: Probing VFIO support...
EAL: PCI device 0000:05:08.0 on NUMA socket 0
EAL:   probe driver: 19ee:6003 net_nfp_vf
EAL: PCI device 0000:05:08.1 on NUMA socket 0
EAL:   probe driver: 19ee:6003 net_nfp_vf
EAL: PCI device 0000:05:08.2 on NUMA socket 0
EAL:   probe driver: 19ee:6003 net_nfp_vf
EAL: PCI device 0000:05:08.3 on NUMA socket 0
EAL:   probe driver: 19ee:6003 net_nfp_vf
MAC updating enabled
Lcore 0: RX port 0
Lcore 2: RX port 1
Lcore 4: RX port 2
Lcore 6: RX port 3
Initializing port 0... done: 
Port 0, MAC address: BE:4D:25:58:DA:77

Initializing port 1... done: 
Port 1, MAC address: EE:61:B1:7B:56:82

Initializing port 2... done: 
Port 2, MAC address: AE:59:90:3B:FC:55

Initializing port 3... done: 
Port 3, MAC address: CA:7F:91:43:75:44


Checking link statusdone
Port0 Link Up. Speed 0 Mbps - full-duplex
Port1 Link Up. Speed 0 Mbps - full-duplex
Port2 Link Up. Speed 0 Mbps - full-duplex
Port3 Link Up. Speed 0 Mbps - full-duplex
L2FWD: entering main loop on lcore 2
L2FWD: entering main loop on lcore 6
L2FWD:  -- lcoreid=6 portid=3
L2FWD: lcore 8 has nothing to do
L2FWD:  -- lcoreid=2 portid=1
L2FWD: lcore 10 has nothing to do
L2FWD: entering main loop on lcore 4
L2FWD:  -- lcoreid=4 portid=2
L2FWD: lcore 12 has nothing to do
L2FWD: lcore 14 has nothing to do
L2FWD: entering main loop on lcore 0
L2FWD:  -- lcoreid=0 portid=0
[2J[1;1H
Port statistics ====================================
Statistics for port 0 ------------------------------
Packets sent:                        0
Packets received:                    0
Packets dropped:                     0
TX rate:                             0
RX rate:                             0
Drop rate:                           0
Statistics for port 1 ------------------------------
Packets sent:                        0
Packets received:                10291
Packets dropped:                     0
TX rate:                             0
RX rate:                          1029
Drop rate:                           0
Statistics for port 2 ------------------------------
Packets sent:                        0
Packets received:                 9273
Packets dropped:                     0
TX rate:                             0
RX rate:                           927
Drop rate:                           0
Statistics for port 3 ------------------------------
Packets sent:                        0
Packets received:                10719
Packets dropped:                     0
TX rate:                             0
RX rate:                          1071
Drop rate:                           0
Aggregate statistics ===============================
Total packets sent:                  0
Total packets received:          30300
Total packets dropped:               0
Total TX rate:                       0
Total RX rate:                    3027
Total drop rate:                     0
====================================================
[2J[1;1H
Port statistics ====================================
Statistics for port 0 ------------------------------
Packets sent:                        0
Packets received:             68214688
Packets dropped:                     0
TX rate:                             0
RX rate:                       6821468
Drop rate:                           0
Statistics for port 1 ------------------------------
Packets sent:                        0
Packets received:             68224164
Packets dropped:                     0
TX rate:                             0
RX rate:                       6821388
Drop rate:                           0
Statistics for port 2 ------------------------------
Packets sent:                        0
Packets received:             67537539
Packets dropped:                     0
TX rate:                             0
RX rate:                       6752826
Drop rate:                           0
Statistics for port 3 ------------------------------
Packets sent:                        0
Packets received:             67539019
Packets dropped:                     0
TX rate:                             0
RX rate:                       6752830
Drop rate:                           0
Aggregate statistics ===============================
Total packets sent:                  0
Total packets received:      271515426
Total packets dropped:               0
Total TX rate:                       0
Total RX rate:                27148512
Total drop rate:                     0
====================================================
[2J[1;1H
Port statistics ====================================
Statistics for port 0 ------------------------------
Packets sent:                        0
Packets received:            136428817
Packets dropped:                     0
TX rate:                             0
RX rate:                       6821412
Drop rate:                           0
Statistics for port 1 ------------------------------
Packets sent:                        0
Packets received:            136438272
Packets dropped:                     0
TX rate:                             0
RX rate:                       6821409
Drop rate:                           0
Statistics for port 2 ------------------------------
Packets sent:                        0
Packets received:            135066077
Packets dropped:                     0
TX rate:                             0
RX rate:                       6752853
Drop rate:                           0
Statistics for port 3 ------------------------------
Packets sent:                        0
Packets received:            135067551
Packets dropped:                     0
TX rate:                             0
RX rate:                       6752853
Drop rate:                           0
Aggregate statistics ===============================
Total packets sent:                  0
Total packets received:      543000724
Total packets dropped:               0
Total TX rate:                       0
Total RX rate:                27148527
Total drop rate:                     0
====================================================
[2J[1;1H
Port statistics ====================================
Statistics for port 0 ------------------------------
Packets sent:                        0
Packets received:            204642639
Packets dropped:                     0
TX rate:                             0
RX rate:                       6821382
Drop rate:                           0
Statistics for port 1 ------------------------------
Packets sent:                        0
Packets received:            204652132
Packets dropped:                     0
TX rate:                             0
RX rate:                       6821385
Drop rate:                           0
Statistics for port 2 ------------------------------
Packets sent:                        0
Packets received:            202594369
Packets dropped:                     0
TX rate:                             0
RX rate:                       6752829
Drop rate:                           0
Statistics for port 3 ------------------------------
Packets sent:                        0
Packets received:            202595801
Packets dropped:                     0
TX rate:                             0
RX rate:                       6752825
Drop rate:                           0
Aggregate statistics ===============================
Total packets sent:                  0
Total packets received:      814484966
Total packets dropped:               0
Total TX rate:                       0
Total RX rate:                27148421
Total drop rate:                     0
====================================================


Signal 15 received, preparing to exit...
Closing port 0... Done
Closing port 1... Done
Closing port 2... Done
Closing port 3... Done
Bye...
