EAL: Detected 40 lcore(s)
EAL: Detected 2 NUMA nodes
EAL: Multi-process socket /var/run/dpdk/rte/mp_socket
EAL: No free hugepages reported in hugepages-1048576kB
EAL: Probing VFIO support...
EAL: PCI device 0000:05:08.0 on NUMA socket 0
EAL:   probe driver: 19ee:6003 net_nfp_vf
EAL: PCI device 0000:05:08.1 on NUMA socket 0
EAL:   probe driver: 19ee:6003 net_nfp_vf
EAL: PCI device 0000:05:08.2 on NUMA socket 0
EAL:   probe driver: 19ee:6003 net_nfp_vf
EAL: PCI device 0000:05:08.3 on NUMA socket 0
EAL:   probe driver: 19ee:6003 net_nfp_vf
MAC updating enabled
Lcore 0: RX port 0
Lcore 2: RX port 1
Lcore 4: RX port 2
Lcore 6: RX port 3
Initializing port 0... done: 
Port 0, MAC address: 16:42:6F:6B:5C:8D

Initializing port 1... done: 
Port 1, MAC address: D6:1E:52:32:A8:68

Initializing port 2... done: 
Port 2, MAC address: AA:F9:9E:4A:9E:01

Initializing port 3... done: 
Port 3, MAC address: 56:E1:90:48:E7:FD


Checking link statusdone
Port0 Link Up. Speed 0 Mbps - full-duplex
Port1 Link Up. Speed 0 Mbps - full-duplex
Port2 Link Up. Speed 0 Mbps - full-duplex
Port3 Link Up. Speed 0 Mbps - full-duplex
L2FWD: entering main loop on lcore 2
L2FWD:  -- lcoreid=2 portid=1
L2FWD: entering main loop on lcore 6
L2FWD:  -- lcoreid=6 portid=3
L2FWD: lcore 8 has nothing to do
L2FWD: lcore 10 has nothing to do
L2FWD: lcore 12 has nothing to do
L2FWD: lcore 14 has nothing to do
L2FWD: entering main loop on lcore 0
L2FWD:  -- lcoreid=0 portid=0
[2J[1;1H
Port statistics ====================================
Statistics for port 0 ------------------------------
Packets sent:                        0
Packets received:                    0
Packets dropped:                     0
TX rate:                             0
RX rate:                             0
Drop rate:                           0
Statistics for port 1 ------------------------------
Packets sent:                        0
Packets received:                 1359
Packets dropped:                     0
TX rate:                             0
RX rate:                           136
Drop rate:                           0
Statistics for port 2 ------------------------------
Packets sent:                        0
Packets received:                    0
Packets dropped:                     0
TX rate:                             0
RX rate:                             0
Drop rate:                           0
Statistics for port 3 ------------------------------
Packets sent:                        0
Packets received:                 1265
Packets dropped:                     0
TX rate:                             0
RX rate:                           126
Drop rate:                           0
Aggregate statistics ===============================
Total packets sent:                  0
Total packets received:           2627
Total packets dropped:               0
Total TX rate:                       0
Total RX rate:                     262
Total drop rate:                     0
====================================================
L2FWD: entering main loop on lcore 4
L2FWD:  -- lcoreid=4 portid=2
[2J[1;1H
Port statistics ====================================
Statistics for port 0 ------------------------------
Packets sent:                        0
Packets received:             13331018
Packets dropped:                     0
TX rate:                             0
RX rate:                       1333101
Drop rate:                           0
Statistics for port 1 ------------------------------
Packets sent:                        0
Packets received:             13333434
Packets dropped:                     0
TX rate:                             0
RX rate:                       1333207
Drop rate:                           0
Statistics for port 2 ------------------------------
Packets sent:                        0
Packets received:             13196201
Packets dropped:                     0
TX rate:                             0
RX rate:                       1319620
Drop rate:                           0
Statistics for port 3 ------------------------------
Packets sent:                        0
Packets received:             13198794
Packets dropped:                     0
TX rate:                             0
RX rate:                       1319752
Drop rate:                           0
Aggregate statistics ===============================
Total packets sent:                  0
Total packets received:       53059448
Total packets dropped:               0
Total TX rate:                       0
Total RX rate:                 5305680
Total drop rate:                     0
====================================================
[2J[1;1H
Port statistics ====================================
Statistics for port 0 ------------------------------
Packets sent:                        0
Packets received:             26585548
Packets dropped:                     0
TX rate:                             0
RX rate:                       1325453
Drop rate:                           0
Statistics for port 1 ------------------------------
Packets sent:                        0
Packets received:             26589067
Packets dropped:                     0
TX rate:                             0
RX rate:                       1325563
Drop rate:                           0
Statistics for port 2 ------------------------------
Packets sent:                        0
Packets received:             26318396
Packets dropped:                     0
TX rate:                             0
RX rate:                       1312219
Drop rate:                           0
Statistics for port 3 ------------------------------
Packets sent:                        0
Packets received:             26320753
Packets dropped:                     0
TX rate:                             0
RX rate:                       1312195
Drop rate:                           0
Aggregate statistics ===============================
Total packets sent:                  0
Total packets received:      105813764
Total packets dropped:               0
Total TX rate:                       0
Total RX rate:                 5275430
Total drop rate:                     0
====================================================
[2J[1;1H
Port statistics ====================================
Statistics for port 0 ------------------------------
Packets sent:                        0
Packets received:             39840566
Packets dropped:                     0
TX rate:                             0
RX rate:                       1325501
Drop rate:                           0
Statistics for port 1 ------------------------------
Packets sent:                        0
Packets received:             39845380
Packets dropped:                     0
TX rate:                             0
RX rate:                       1325631
Drop rate:                           0
Statistics for port 2 ------------------------------
Packets sent:                        0
Packets received:             39439782
Packets dropped:                     0
TX rate:                             0
RX rate:                       1312138
Drop rate:                           0
Statistics for port 3 ------------------------------
Packets sent:                        0
Packets received:             39443105
Packets dropped:                     0
TX rate:                             0
RX rate:                       1312235
Drop rate:                           0
Aggregate statistics ===============================
Total packets sent:                  0
Total packets received:      158568844
Total packets dropped:               0
Total TX rate:                       0
Total RX rate:                 5275505
Total drop rate:                     0
====================================================


Signal 15 received, preparing to exit...
Closing port 0... Done
Closing port 1... Done
Closing port 2... Done
Closing port 3... Done
Bye...
