EAL: Detected 40 lcore(s)
EAL: Detected 2 NUMA nodes
EAL: Multi-process socket /var/run/dpdk/rte/mp_socket
EAL: No free hugepages reported in hugepages-1048576kB
EAL: Probing VFIO support...
EAL: PCI device 0000:05:08.0 on NUMA socket 0
EAL:   probe driver: 19ee:6003 net_nfp_vf
EAL: PCI device 0000:05:08.1 on NUMA socket 0
EAL:   probe driver: 19ee:6003 net_nfp_vf
EAL: PCI device 0000:05:08.2 on NUMA socket 0
EAL:   probe driver: 19ee:6003 net_nfp_vf
EAL: PCI device 0000:05:08.3 on NUMA socket 0
EAL:   probe driver: 19ee:6003 net_nfp_vf
MAC updating enabled
Lcore 0: RX port 0
Lcore 2: RX port 1
Lcore 4: RX port 2
Lcore 6: RX port 3
Initializing port 0... done: 
Port 0, MAC address: 00:15:4D:00:00:00

Initializing port 1... done: 
Port 1, MAC address: 00:15:4D:00:00:01

Initializing port 2... done: 
Port 2, MAC address: 00:15:4D:00:00:02

Initializing port 3... done: 
Port 3, MAC address: 00:15:4D:00:00:03


Checking link statusdone
Port0 Link Up. Speed 0 Mbps - full-duplex
Port1 Link Up. Speed 0 Mbps - full-duplex
Port2 Link Up. Speed 0 Mbps - full-duplex
Port3 Link Up. Speed 0 Mbps - full-duplex
L2FWD: entering main loop on lcore 2
L2FWD:  -- lcoreid=2 portid=1
L2FWD: entering main loop on lcore 6
L2FWD:  -- lcoreid=6 portid=3
L2FWD: lcore 8 has nothing to do
L2FWD: lcore 10 has nothing to do
L2FWD: lcore 12 has nothing to do
L2FWD: lcore 14 has nothing to do
L2FWD: entering main loop on lcore 0
L2FWD:  -- lcoreid=0 portid=0
[2J[1;1H
Port statistics ====================================
Statistics for port 0 ------------------------------
Packets sent:                        0
Packets received:                    0
Packets dropped:                     0
TX rate:                             0
RX rate:                             0
Drop rate:                           0
Statistics for port 1 ------------------------------
Packets sent:                        0
Packets received:                 1966
Packets dropped:                     0
TX rate:                             0
RX rate:                           196
Drop rate:                           0
Statistics for port 2 ------------------------------
Packets sent:                        0
Packets received:                    0
Packets dropped:                     0
TX rate:                             0
RX rate:                             0
Drop rate:                           0
Statistics for port 3 ------------------------------
Packets sent:                        0
Packets received:                 1779
Packets dropped:                     0
TX rate:                             0
RX rate:                           177
Drop rate:                           0
Aggregate statistics ===============================
Total packets sent:                  0
Total packets received:           3751
Total packets dropped:               0
Total TX rate:                       0
Total RX rate:                     373
Total drop rate:                     0
====================================================
L2FWD: entering main loop on lcore 4
L2FWD:  -- lcoreid=4 portid=2
[2J[1;1H
Port statistics ====================================
Statistics for port 0 ------------------------------
Packets sent:                        0
Packets received:             35928817
Packets dropped:                     0
TX rate:                             0
RX rate:                       3592881
Drop rate:                           0
Statistics for port 1 ------------------------------
Packets sent:                        0
Packets received:             35915672
Packets dropped:                     0
TX rate:                             0
RX rate:                       3591371
Drop rate:                           0
Statistics for port 2 ------------------------------
Packets sent:                        0
Packets received:             35914806
Packets dropped:                     0
TX rate:                             0
RX rate:                       3591480
Drop rate:                           0
Statistics for port 3 ------------------------------
Packets sent:                        0
Packets received:             35928451
Packets dropped:                     0
TX rate:                             0
RX rate:                       3592667
Drop rate:                           0
Aggregate statistics ===============================
Total packets sent:                  0
Total packets received:      143687782
Total packets dropped:               0
Total TX rate:                       0
Total RX rate:                14368399
Total drop rate:                     0
====================================================
[2J[1;1H
Port statistics ====================================
Statistics for port 0 ------------------------------
Packets sent:                        0
Packets received:             71843817
Packets dropped:                     0
TX rate:                             0
RX rate:                       3591500
Drop rate:                           0
Statistics for port 1 ------------------------------
Packets sent:                        0
Packets received:             71837732
Packets dropped:                     0
TX rate:                             0
RX rate:                       3592205
Drop rate:                           0
Statistics for port 2 ------------------------------
Packets sent:                        0
Packets received:             71854313
Packets dropped:                     0
TX rate:                             0
RX rate:                       3593950
Drop rate:                           0
Statistics for port 3 ------------------------------
Packets sent:                        0
Packets received:             71838664
Packets dropped:                     0
TX rate:                             0
RX rate:                       3591021
Drop rate:                           0
Aggregate statistics ===============================
Total packets sent:                  0
Total packets received:      287374532
Total packets dropped:               0
Total TX rate:                       0
Total RX rate:                14368676
Total drop rate:                     0
====================================================
[2J[1;1H
Port statistics ====================================
Statistics for port 0 ------------------------------
Packets sent:                        0
Packets received:            107764304
Packets dropped:                     0
TX rate:                             0
RX rate:                       3592048
Drop rate:                           0
Statistics for port 1 ------------------------------
Packets sent:                        0
Packets received:            107750332
Packets dropped:                     0
TX rate:                             0
RX rate:                       3591260
Drop rate:                           0
Statistics for port 2 ------------------------------
Packets sent:                        0
Packets received:            107776084
Packets dropped:                     0
TX rate:                             0
RX rate:                       3592177
Drop rate:                           0
Statistics for port 3 ------------------------------
Packets sent:                        0
Packets received:            107770356
Packets dropped:                     0
TX rate:                             0
RX rate:                       3593168
Drop rate:                           0
Aggregate statistics ===============================
Total packets sent:                  0
Total packets received:      431061081
Total packets dropped:               0
Total TX rate:                       0
Total RX rate:                14368653
Total drop rate:                     0
====================================================


Signal 15 received, preparing to exit...
Closing port 0... Done
Closing port 1... Done
Closing port 2... Done
Closing port 3... Done
Bye...
