EAL: Detected 40 lcore(s)
EAL: Detected 2 NUMA nodes
EAL: Multi-process socket /var/run/dpdk/rte/mp_socket
EAL: No free hugepages reported in hugepages-1048576kB
EAL: Probing VFIO support...
EAL: PCI device 0000:05:08.0 on NUMA socket 0
EAL:   probe driver: 19ee:6003 net_nfp_vf
EAL: PCI device 0000:05:08.1 on NUMA socket 0
EAL:   probe driver: 19ee:6003 net_nfp_vf
EAL: PCI device 0000:05:08.2 on NUMA socket 0
EAL:   probe driver: 19ee:6003 net_nfp_vf
EAL: PCI device 0000:05:08.3 on NUMA socket 0
EAL:   probe driver: 19ee:6003 net_nfp_vf
MAC updating enabled
Lcore 0: RX port 0
Lcore 2: RX port 1
Lcore 4: RX port 2
Lcore 6: RX port 3
Initializing port 0... done: 
Port 0, MAC address: 00:15:4D:00:00:00

Initializing port 1... done: 
Port 1, MAC address: 00:15:4D:00:00:01

Initializing port 2... done: 
Port 2, MAC address: 00:15:4D:00:00:02

Initializing port 3... done: 
Port 3, MAC address: 00:15:4D:00:00:03


Checking link statusdone
Port0 Link Up. Speed 0 Mbps - full-duplex
Port1 Link Up. Speed 0 Mbps - full-duplex
Port2 Link Up. Speed 0 Mbps - full-duplex
Port3 Link Up. Speed 0 Mbps - full-duplex
L2FWD: entering main loop on lcore 2
L2FWD:  -- lcoreid=2 portid=1
L2FWD: entering main loop on lcore 6
L2FWD:  -- lcoreid=6 portid=3
L2FWD: lcore 8 has nothing to do
L2FWD: lcore 10 has nothing to do
L2FWD: lcore 12 has nothing to do
L2FWD: lcore 14 has nothing to do
L2FWD: entering main loop on lcore 0
L2FWD:  -- lcoreid=0 portid=0
[2J[1;1H
Port statistics ====================================
Statistics for port 0 ------------------------------
Packets sent:                        0
Packets received:                    0
Packets dropped:                     0
TX rate:                             0
RX rate:                             0
Drop rate:                           0
Statistics for port 1 ------------------------------
Packets sent:                        0
Packets received:                 2054
Packets dropped:                     0
TX rate:                             0
RX rate:                           205
Drop rate:                           0
Statistics for port 2 ------------------------------
Packets sent:                        0
Packets received:                    0
Packets dropped:                     0
TX rate:                             0
RX rate:                             0
Drop rate:                           0
Statistics for port 3 ------------------------------
Packets sent:                        0
Packets received:                 1802
Packets dropped:                     0
TX rate:                             0
RX rate:                           180
Drop rate:                           0
Aggregate statistics ===============================
Total packets sent:                  0
Total packets received:           3861
Total packets dropped:               0
Total TX rate:                       0
Total RX rate:                     385
Total drop rate:                     0
====================================================
L2FWD: entering main loop on lcore 4
L2FWD:  -- lcoreid=4 portid=2
[2J[1;1H
Port statistics ====================================
Statistics for port 0 ------------------------------
Packets sent:                        0
Packets received:             35918107
Packets dropped:                     0
TX rate:                             0
RX rate:                       3591810
Drop rate:                           0
Statistics for port 1 ------------------------------
Packets sent:                        0
Packets received:             35932774
Packets dropped:                     0
TX rate:                             0
RX rate:                       3593072
Drop rate:                           0
Statistics for port 2 ------------------------------
Packets sent:                        0
Packets received:             35911150
Packets dropped:                     0
TX rate:                             0
RX rate:                       3591115
Drop rate:                           0
Statistics for port 3 ------------------------------
Packets sent:                        0
Packets received:             35926203
Packets dropped:                     0
TX rate:                             0
RX rate:                       3592440
Drop rate:                           0
Aggregate statistics ===============================
Total packets sent:                  0
Total packets received:      143688248
Total packets dropped:               0
Total TX rate:                       0
Total RX rate:                14368437
Total drop rate:                     0
====================================================
[2J[1;1H
Port statistics ====================================
Statistics for port 0 ------------------------------
Packets sent:                        0
Packets received:             71836867
Packets dropped:                     0
TX rate:                             0
RX rate:                       3591876
Drop rate:                           0
Statistics for port 1 ------------------------------
Packets sent:                        0
Packets received:             71852247
Packets dropped:                     0
TX rate:                             0
RX rate:                       3591947
Drop rate:                           0
Statistics for port 2 ------------------------------
Packets sent:                        0
Packets received:             71832995
Packets dropped:                     0
TX rate:                             0
RX rate:                       3592184
Drop rate:                           0
Statistics for port 3 ------------------------------
Packets sent:                        0
Packets received:             71852533
Packets dropped:                     0
TX rate:                             0
RX rate:                       3592633
Drop rate:                           0
Aggregate statistics ===============================
Total packets sent:                  0
Total packets received:      287374653
Total packets dropped:               0
Total TX rate:                       0
Total RX rate:                14368640
Total drop rate:                     0
====================================================
[2J[1;1H
Port statistics ====================================
Statistics for port 0 ------------------------------
Packets sent:                        0
Packets received:            107760345
Packets dropped:                     0
TX rate:                             0
RX rate:                       3592347
Drop rate:                           0
Statistics for port 1 ------------------------------
Packets sent:                        0
Packets received:            107779831
Packets dropped:                     0
TX rate:                             0
RX rate:                       3592757
Drop rate:                           0
Statistics for port 2 ------------------------------
Packets sent:                        0
Packets received:            107758922
Packets dropped:                     0
TX rate:                             0
RX rate:                       3592592
Drop rate:                           0
Statistics for port 3 ------------------------------
Packets sent:                        0
Packets received:            107762825
Packets dropped:                     0
TX rate:                             0
RX rate:                       3591029
Drop rate:                           0
Aggregate statistics ===============================
Total packets sent:                  0
Total packets received:      431061948
Total packets dropped:               0
Total TX rate:                       0
Total RX rate:                14368725
Total drop rate:                     0
====================================================


Signal 15 received, preparing to exit...
Closing port 0... Done
Closing port 1... Done
Closing port 2... Done
Closing port 3... Done
Bye...
