EAL: Detected 40 lcore(s)
EAL: Detected 2 NUMA nodes
EAL: Multi-process socket /var/run/dpdk/rte/mp_socket
EAL: No free hugepages reported in hugepages-1048576kB
EAL: Probing VFIO support...
EAL: PCI device 0000:05:08.0 on NUMA socket 0
EAL:   probe driver: 19ee:6003 net_nfp_vf
EAL: PCI device 0000:05:08.1 on NUMA socket 0
EAL:   probe driver: 19ee:6003 net_nfp_vf
EAL: PCI device 0000:05:08.2 on NUMA socket 0
EAL:   probe driver: 19ee:6003 net_nfp_vf
EAL: PCI device 0000:05:08.3 on NUMA socket 0
EAL:   probe driver: 19ee:6003 net_nfp_vf
MAC updating enabled
Lcore 0: RX port 0
Lcore 2: RX port 1
Lcore 4: RX port 2
Lcore 6: RX port 3
Initializing port 0... done: 
Port 0, MAC address: 00:15:4D:00:00:00

Initializing port 1... done: 
Port 1, MAC address: 00:15:4D:00:00:01

Initializing port 2... done: 
Port 2, MAC address: 00:15:4D:00:00:02

Initializing port 3... done: 
Port 3, MAC address: 00:15:4D:00:00:03


Checking link statusdone
Port0 Link Up. Speed 0 Mbps - full-duplex
Port1 Link Up. Speed 0 Mbps - full-duplex
Port2 Link Up. Speed 0 Mbps - full-duplex
Port3 Link Up. Speed 0 Mbps - full-duplex
L2FWD: entering main loop on lcore 2
L2FWD:  -- lcoreid=2 portid=1
L2FWD: entering main loop on lcore 6
L2FWD:  -- lcoreid=6 portid=3
L2FWD: lcore 8 has nothing to do
L2FWD: lcore 10 has nothing to do
L2FWD: lcore 12 has nothing to do
L2FWD: entering main loop on lcore 4
L2FWD:  -- lcoreid=4 portid=2
L2FWD: lcore 14 has nothing to do
L2FWD: entering main loop on lcore 0
L2FWD:  -- lcoreid=0 portid=0
[2J[1;1H
Port statistics ====================================
Statistics for port 0 ------------------------------
Packets sent:                        0
Packets received:                    0
Packets dropped:                     0
TX rate:                             0
RX rate:                             0
Drop rate:                           0
Statistics for port 1 ------------------------------
Packets sent:                        0
Packets received:                 6332
Packets dropped:                     0
TX rate:                             0
RX rate:                           633
Drop rate:                           0
Statistics for port 2 ------------------------------
Packets sent:                        0
Packets received:                 5446
Packets dropped:                     0
TX rate:                             0
RX rate:                           545
Drop rate:                           0
Statistics for port 3 ------------------------------
Packets sent:                        0
Packets received:                 6237
Packets dropped:                     0
TX rate:                             0
RX rate:                           623
Drop rate:                           0
Aggregate statistics ===============================
Total packets sent:                  0
Total packets received:          18039
Total packets dropped:               0
Total TX rate:                       0
Total RX rate:                    1801
Total drop rate:                     0
====================================================
[2J[1;1H
Port statistics ====================================
Statistics for port 0 ------------------------------
Packets sent:                        0
Packets received:             33470914
Packets dropped:                     0
TX rate:                             0
RX rate:                       3347091
Drop rate:                           0
Statistics for port 1 ------------------------------
Packets sent:                        0
Packets received:             33474473
Packets dropped:                     0
TX rate:                             0
RX rate:                       3346813
Drop rate:                           0
Statistics for port 2 ------------------------------
Packets sent:                        0
Packets received:             33475428
Packets dropped:                     0
TX rate:                             0
RX rate:                       3346997
Drop rate:                           0
Statistics for port 3 ------------------------------
Packets sent:                        0
Packets received:             33471065
Packets dropped:                     0
TX rate:                             0
RX rate:                       3346482
Drop rate:                           0
Aggregate statistics ===============================
Total packets sent:                  0
Total packets received:      133891880
Total packets dropped:               0
Total TX rate:                       0
Total RX rate:                13387383
Total drop rate:                     0
====================================================
[2J[1;1H
Port statistics ====================================
Statistics for port 0 ------------------------------
Packets sent:                        0
Packets received:             66556946
Packets dropped:                     0
TX rate:                             0
RX rate:                       3308603
Drop rate:                           0
Statistics for port 1 ------------------------------
Packets sent:                        0
Packets received:             66580776
Packets dropped:                     0
TX rate:                             0
RX rate:                       3310631
Drop rate:                           0
Statistics for port 2 ------------------------------
Packets sent:                        0
Packets received:             66573715
Packets dropped:                     0
TX rate:                             0
RX rate:                       3309829
Drop rate:                           0
Statistics for port 3 ------------------------------
Packets sent:                        0
Packets received:             66570149
Packets dropped:                     0
TX rate:                             0
RX rate:                       3309908
Drop rate:                           0
Aggregate statistics ===============================
Total packets sent:                  0
Total packets received:      266281604
Total packets dropped:               0
Total TX rate:                       0
Total RX rate:                13238971
Total drop rate:                     0
====================================================
[2J[1;1H
Port statistics ====================================
Statistics for port 0 ------------------------------
Packets sent:                        0
Packets received:             99660247
Packets dropped:                     0
TX rate:                             0
RX rate:                       3310330
Drop rate:                           0
Statistics for port 1 ------------------------------
Packets sent:                        0
Packets received:             99679800
Packets dropped:                     0
TX rate:                             0
RX rate:                       3309901
Drop rate:                           0
Statistics for port 2 ------------------------------
Packets sent:                        0
Packets received:             99680614
Packets dropped:                     0
TX rate:                             0
RX rate:                       3310689
Drop rate:                           0
Statistics for port 3 ------------------------------
Packets sent:                        0
Packets received:             99671545
Packets dropped:                     0
TX rate:                             0
RX rate:                       3310139
Drop rate:                           0
Aggregate statistics ===============================
Total packets sent:                  0
Total packets received:      398692206
Total packets dropped:               0
Total TX rate:                       0
Total RX rate:                13241059
Total drop rate:                     0
====================================================


Signal 15 received, preparing to exit...
Closing port 0... Done
Closing port 1... Done
Closing port 2... Done
Closing port 3... Done
Bye...
