EAL: Detected 40 lcore(s)
EAL: Detected 2 NUMA nodes
EAL: Multi-process socket /var/run/dpdk/rte/mp_socket
EAL: No free hugepages reported in hugepages-1048576kB
EAL: Probing VFIO support...
EAL: PCI device 0000:05:08.0 on NUMA socket 0
EAL:   probe driver: 19ee:6003 net_nfp_vf
EAL: PCI device 0000:05:08.1 on NUMA socket 0
EAL:   probe driver: 19ee:6003 net_nfp_vf
EAL: PCI device 0000:05:08.2 on NUMA socket 0
EAL:   probe driver: 19ee:6003 net_nfp_vf
EAL: PCI device 0000:05:08.3 on NUMA socket 0
EAL:   probe driver: 19ee:6003 net_nfp_vf
MAC updating enabled
Lcore 0: RX port 0
Lcore 2: RX port 1
Lcore 4: RX port 2
Lcore 6: RX port 3
Initializing port 0... done: 
Port 0, MAC address: 00:15:4D:00:00:00

Initializing port 1... done: 
Port 1, MAC address: 00:15:4D:00:00:01

Initializing port 2... done: 
Port 2, MAC address: 00:15:4D:00:00:02

Initializing port 3... done: 
Port 3, MAC address: 00:15:4D:00:00:03


Checking link statusdone
Port0 Link Up. Speed 0 Mbps - full-duplex
Port1 Link Up. Speed 0 Mbps - full-duplex
Port2 Link Up. Speed 0 Mbps - full-duplex
Port3 Link Up. Speed 0 Mbps - full-duplex
L2FWD: entering main loop on lcore 2
L2FWD:  -- lcoreid=2 portid=1
L2FWD: entering main loop on lcore 6
L2FWD:  -- lcoreid=6 portid=3
L2FWD: lcore 8 has nothing to do
L2FWD: lcore 10 has nothing to do
L2FWD: lcore 12 has nothing to do
L2FWD: lcore 14 has nothing to do
L2FWD: entering main loop on lcore 0
L2FWD:  -- lcoreid=0 portid=0
[2J[1;1H
Port statistics ====================================
Statistics for port 0 ------------------------------
Packets sent:                        0
Packets received:                    0
Packets dropped:                     0
TX rate:                             0
RX rate:                             0
Drop rate:                           0
Statistics for port 1 ------------------------------
Packets sent:                        0
Packets received:                 2868
Packets dropped:                     0
TX rate:                             0
RX rate:                           287
Drop rate:                           0
Statistics for port 2 ------------------------------
Packets sent:                        0
Packets received:                    0
Packets dropped:                     0
TX rate:                             0
RX rate:                             0
Drop rate:                           0
Statistics for port 3 ------------------------------
Packets sent:                        0
Packets received:                 2479
Packets dropped:                     0
TX rate:                             0
RX rate:                           248
Drop rate:                           0
Aggregate statistics ===============================
Total packets sent:                  0
Total packets received:           5356
Total packets dropped:               0
Total TX rate:                       0
Total RX rate:                     535
Total drop rate:                     0
====================================================
L2FWD: entering main loop on lcore 4
L2FWD:  -- lcoreid=4 portid=2
[2J[1;1H
Port statistics ====================================
Statistics for port 0 ------------------------------
Packets sent:                        0
Packets received:             65325171
Packets dropped:                     0
TX rate:                             0
RX rate:                       6532517
Drop rate:                           0
Statistics for port 1 ------------------------------
Packets sent:                        0
Packets received:             65330473
Packets dropped:                     0
TX rate:                             0
RX rate:                       6532761
Drop rate:                           0
Statistics for port 2 ------------------------------
Packets sent:                        0
Packets received:             65312589
Packets dropped:                     0
TX rate:                             0
RX rate:                       6531260
Drop rate:                           0
Statistics for port 3 ------------------------------
Packets sent:                        0
Packets received:             65329806
Packets dropped:                     0
TX rate:                             0
RX rate:                       6532732
Drop rate:                           0
Aggregate statistics ===============================
Total packets sent:                  0
Total packets received:      261298068
Total packets dropped:               0
Total TX rate:                       0
Total RX rate:                26129270
Total drop rate:                     0
====================================================
[2J[1;1H
Port statistics ====================================
Statistics for port 0 ------------------------------
Packets sent:                        0
Packets received:            130653491
Packets dropped:                     0
TX rate:                             0
RX rate:                       6532832
Drop rate:                           0
Statistics for port 1 ------------------------------
Packets sent:                        0
Packets received:            130654857
Packets dropped:                     0
TX rate:                             0
RX rate:                       6532438
Drop rate:                           0
Statistics for port 2 ------------------------------
Packets sent:                        0
Packets received:            130651995
Packets dropped:                     0
TX rate:                             0
RX rate:                       6533939
Drop rate:                           0
Statistics for port 3 ------------------------------
Packets sent:                        0
Packets received:            130637552
Packets dropped:                     0
TX rate:                             0
RX rate:                       6530774
Drop rate:                           0
Aggregate statistics ===============================
Total packets sent:                  0
Total packets received:      522597915
Total packets dropped:               0
Total TX rate:                       0
Total RX rate:                26129983
Total drop rate:                     0
====================================================
[2J[1;1H
Port statistics ====================================
Statistics for port 0 ------------------------------
Packets sent:                        0
Packets received:            195983517
Packets dropped:                     0
TX rate:                             0
RX rate:                       6533002
Drop rate:                           0
Statistics for port 1 ------------------------------
Packets sent:                        0
Packets received:            195972141
Packets dropped:                     0
TX rate:                             0
RX rate:                       6531727
Drop rate:                           0
Statistics for port 2 ------------------------------
Packets sent:                        0
Packets received:            195984573
Packets dropped:                     0
TX rate:                             0
RX rate:                       6533257
Drop rate:                           0
Statistics for port 3 ------------------------------
Packets sent:                        0
Packets received:            195957015
Packets dropped:                     0
TX rate:                             0
RX rate:                       6531946
Drop rate:                           0
Aggregate statistics ===============================
Total packets sent:                  0
Total packets received:      783897273
Total packets dropped:               0
Total TX rate:                       0
Total RX rate:                26129932
Total drop rate:                     0
====================================================


Signal 15 received, preparing to exit...
Closing port 0... Done
Closing port 1... Done
Closing port 2... Done
Closing port 3... Done
Bye...
