EAL: Detected 40 lcore(s)
EAL: Detected 2 NUMA nodes
EAL: Multi-process socket /var/run/dpdk/rte/mp_socket
EAL: No free hugepages reported in hugepages-1048576kB
EAL: Probing VFIO support...
EAL: PCI device 0000:05:08.0 on NUMA socket 0
EAL:   probe driver: 19ee:6003 net_nfp_vf
EAL: PCI device 0000:05:08.1 on NUMA socket 0
EAL:   probe driver: 19ee:6003 net_nfp_vf
EAL: PCI device 0000:05:08.2 on NUMA socket 0
EAL:   probe driver: 19ee:6003 net_nfp_vf
EAL: PCI device 0000:05:08.3 on NUMA socket 0
EAL:   probe driver: 19ee:6003 net_nfp_vf
MAC updating enabled
Lcore 0: RX port 0
Lcore 2: RX port 1
Lcore 4: RX port 2
Lcore 6: RX port 3
Initializing port 0... done: 
Port 0, MAC address: 00:15:4D:00:00:00

Initializing port 1... done: 
Port 1, MAC address: 00:15:4D:00:00:01

Initializing port 2... done: 
Port 2, MAC address: 00:15:4D:00:00:02

Initializing port 3... done: 
Port 3, MAC address: 00:15:4D:00:00:03


Checking link statusdone
Port0 Link Up. Speed 0 Mbps - full-duplex
Port1 Link Up. Speed 0 Mbps - full-duplex
Port2 Link Up. Speed 0 Mbps - full-duplex
Port3 Link Up. Speed 0 Mbps - full-duplex
L2FWD: entering main loop on lcore 2
L2FWD: entering main loop on lcore 6
L2FWD:  -- lcoreid=6 portid=3
L2FWD: lcore 8 has nothing to do
L2FWD:  -- lcoreid=2 portid=1
L2FWD: lcore 10 has nothing to do
L2FWD: lcore 12 has nothing to do
L2FWD: lcore 14 has nothing to do
L2FWD: entering main loop on lcore 0
L2FWD:  -- lcoreid=0 portid=0
[2J[1;1H
Port statistics ====================================
Statistics for port 0 ------------------------------
Packets sent:                        0
Packets received:                    0
Packets dropped:                     0
TX rate:                             0
RX rate:                             0
Drop rate:                           0
Statistics for port 1 ------------------------------
Packets sent:                        0
Packets received:                 2022
Packets dropped:                     0
TX rate:                             0
RX rate:                           202
Drop rate:                           0
Statistics for port 2 ------------------------------
Packets sent:                        0
Packets received:                    0
Packets dropped:                     0
TX rate:                             0
RX rate:                             0
Drop rate:                           0
Statistics for port 3 ------------------------------
Packets sent:                        0
Packets received:                 2369
Packets dropped:                     0
TX rate:                             0
RX rate:                           237
Drop rate:                           0
Aggregate statistics ===============================
Total packets sent:                  0
Total packets received:           4411
Total packets dropped:               0
Total TX rate:                       0
Total RX rate:                     439
Total drop rate:                     0
====================================================
L2FWD: entering main loop on lcore 4
L2FWD:  -- lcoreid=4 portid=2
[2J[1;1H
Port statistics ====================================
Statistics for port 0 ------------------------------
Packets sent:                        0
Packets received:             61159661
Packets dropped:                     0
TX rate:                             0
RX rate:                       6115966
Drop rate:                           0
Statistics for port 1 ------------------------------
Packets sent:                        0
Packets received:             61168062
Packets dropped:                     0
TX rate:                             0
RX rate:                       6116603
Drop rate:                           0
Statistics for port 2 ------------------------------
Packets sent:                        0
Packets received:             61187515
Packets dropped:                     0
TX rate:                             0
RX rate:                       6118751
Drop rate:                           0
Statistics for port 3 ------------------------------
Packets sent:                        0
Packets received:             61162185
Packets dropped:                     0
TX rate:                             0
RX rate:                       6115982
Drop rate:                           0
Aggregate statistics ===============================
Total packets sent:                  0
Total packets received:      244677433
Total packets dropped:               0
Total TX rate:                       0
Total RX rate:                24467302
Total drop rate:                     0
====================================================
[2J[1;1H
Port statistics ====================================
Statistics for port 0 ------------------------------
Packets sent:                        0
Packets received:            122321356
Packets dropped:                     0
TX rate:                             0
RX rate:                       6116169
Drop rate:                           0
Statistics for port 1 ------------------------------
Packets sent:                        0
Packets received:            122336313
Packets dropped:                     0
TX rate:                             0
RX rate:                       6116826
Drop rate:                           0
Statistics for port 2 ------------------------------
Packets sent:                        0
Packets received:            122370132
Packets dropped:                     0
TX rate:                             0
RX rate:                       6118261
Drop rate:                           0
Statistics for port 3 ------------------------------
Packets sent:                        0
Packets received:            122328742
Packets dropped:                     0
TX rate:                             0
RX rate:                       6116654
Drop rate:                           0
Aggregate statistics ===============================
Total packets sent:                  0
Total packets received:      489356562
Total packets dropped:               0
Total TX rate:                       0
Total RX rate:                24467910
Total drop rate:                     0
====================================================
[2J[1;1H
Port statistics ====================================
Statistics for port 0 ------------------------------
Packets sent:                        0
Packets received:            183485773
Packets dropped:                     0
TX rate:                             0
RX rate:                       6116441
Drop rate:                           0
Statistics for port 1 ------------------------------
Packets sent:                        0
Packets received:            183502432
Packets dropped:                     0
TX rate:                             0
RX rate:                       6116611
Drop rate:                           0
Statistics for port 2 ------------------------------
Packets sent:                        0
Packets received:            183552920
Packets dropped:                     0
TX rate:                             0
RX rate:                       6118278
Drop rate:                           0
Statistics for port 3 ------------------------------
Packets sent:                        0
Packets received:            183496791
Packets dropped:                     0
TX rate:                             0
RX rate:                       6116805
Drop rate:                           0
Aggregate statistics ===============================
Total packets sent:                  0
Total packets received:      734037944
Total packets dropped:               0
Total TX rate:                       0
Total RX rate:                24468135
Total drop rate:                     0
====================================================


Signal 15 received, preparing to exit...
Closing port 0... Done
Closing port 1... Done
Closing port 2... Done
Closing port 3... Done
Bye...
