EAL: Detected 40 lcore(s)
EAL: Detected 2 NUMA nodes
EAL: Multi-process socket /var/run/dpdk/rte/mp_socket
EAL: No free hugepages reported in hugepages-1048576kB
EAL: Probing VFIO support...
EAL: PCI device 0000:05:08.0 on NUMA socket 0
EAL:   probe driver: 19ee:6003 net_nfp_vf
EAL: PCI device 0000:05:08.1 on NUMA socket 0
EAL:   probe driver: 19ee:6003 net_nfp_vf
EAL: PCI device 0000:05:08.2 on NUMA socket 0
EAL:   probe driver: 19ee:6003 net_nfp_vf
EAL: PCI device 0000:05:08.3 on NUMA socket 0
EAL:   probe driver: 19ee:6003 net_nfp_vf
MAC updating enabled
Lcore 0: RX port 0
Lcore 2: RX port 1
Lcore 4: RX port 2
Lcore 6: RX port 3
Initializing port 0... done: 
Port 0, MAC address: 00:15:4D:00:00:00

Initializing port 1... done: 
Port 1, MAC address: 00:15:4D:00:00:01

Initializing port 2... done: 
Port 2, MAC address: 00:15:4D:00:00:02

Initializing port 3... done: 
Port 3, MAC address: 00:15:4D:00:00:03


Checking link statusdone
Port0 Link Up. Speed 0 Mbps - full-duplex
Port1 Link Up. Speed 0 Mbps - full-duplex
Port2 Link Up. Speed 0 Mbps - full-duplex
Port3 Link Up. Speed 0 Mbps - full-duplex
L2FWD: entering main loop on lcore 2
L2FWD:  -- lcoreid=2 portid=1
L2FWD: entering main loop on lcore 6
L2FWD:  -- lcoreid=6 portid=3
L2FWD: lcore 10 has nothing to do
L2FWD: lcore 12 has nothing to do
L2FWD: lcore 8 has nothing to do
L2FWD: lcore 14 has nothing to do
L2FWD: entering main loop on lcore 0
L2FWD:  -- lcoreid=0 portid=0
[2J[1;1H
Port statistics ====================================
Statistics for port 0 ------------------------------
Packets sent:                        0
Packets received:                    0
Packets dropped:                     0
TX rate:                             0
RX rate:                             0
Drop rate:                           0
Statistics for port 1 ------------------------------
Packets sent:                        0
Packets received:                 2924
Packets dropped:                     0
TX rate:                             0
RX rate:                           293
Drop rate:                           0
Statistics for port 2 ------------------------------
Packets sent:                        0
Packets received:                    0
Packets dropped:                     0
TX rate:                             0
RX rate:                             0
Drop rate:                           0
Statistics for port 3 ------------------------------
Packets sent:                        0
Packets received:                 2298
Packets dropped:                     0
TX rate:                             0
RX rate:                           230
Drop rate:                           0
Aggregate statistics ===============================
Total packets sent:                  0
Total packets received:           5239
Total packets dropped:               0
Total TX rate:                       0
Total RX rate:                     523
Total drop rate:                     0
====================================================
L2FWD: entering main loop on lcore 4
L2FWD:  -- lcoreid=4 portid=2
[2J[1;1H
Port statistics ====================================
Statistics for port 0 ------------------------------
Packets sent:                        0
Packets received:             65341973
Packets dropped:                     0
TX rate:                             0
RX rate:                       6534197
Drop rate:                           0
Statistics for port 1 ------------------------------
Packets sent:                        0
Packets received:             65312689
Packets dropped:                     0
TX rate:                             0
RX rate:                       6530976
Drop rate:                           0
Statistics for port 2 ------------------------------
Packets sent:                        0
Packets received:             65321062
Packets dropped:                     0
TX rate:                             0
RX rate:                       6532106
Drop rate:                           0
Statistics for port 3 ------------------------------
Packets sent:                        0
Packets received:             65324620
Packets dropped:                     0
TX rate:                             0
RX rate:                       6532231
Drop rate:                           0
Aggregate statistics ===============================
Total packets sent:                  0
Total packets received:      261300387
Total packets dropped:               0
Total TX rate:                       0
Total RX rate:                26129510
Total drop rate:                     0
====================================================
[2J[1;1H
Port statistics ====================================
Statistics for port 0 ------------------------------
Packets sent:                        0
Packets received:            130684266
Packets dropped:                     0
TX rate:                             0
RX rate:                       6534229
Drop rate:                           0
Statistics for port 1 ------------------------------
Packets sent:                        0
Packets received:            130629961
Packets dropped:                     0
TX rate:                             0
RX rate:                       6531725
Drop rate:                           0
Statistics for port 2 ------------------------------
Packets sent:                        0
Packets received:            130643230
Packets dropped:                     0
TX rate:                             0
RX rate:                       6532216
Drop rate:                           0
Statistics for port 3 ------------------------------
Packets sent:                        0
Packets received:            130640195
Packets dropped:                     0
TX rate:                             0
RX rate:                       6531557
Drop rate:                           0
Aggregate statistics ===============================
Total packets sent:                  0
Total packets received:      522597652
Total packets dropped:               0
Total TX rate:                       0
Total RX rate:                26129727
Total drop rate:                     0
====================================================
[2J[1;1H
Port statistics ====================================
Statistics for port 0 ------------------------------
Packets sent:                        0
Packets received:            196011990
Packets dropped:                     0
TX rate:                             0
RX rate:                       6532772
Drop rate:                           0
Statistics for port 1 ------------------------------
Packets sent:                        0
Packets received:            195953548
Packets dropped:                     0
TX rate:                             0
RX rate:                       6532358
Drop rate:                           0
Statistics for port 2 ------------------------------
Packets sent:                        0
Packets received:            195968087
Packets dropped:                     0
TX rate:                             0
RX rate:                       6532485
Drop rate:                           0
Statistics for port 3 ------------------------------
Packets sent:                        0
Packets received:            195965243
Packets dropped:                     0
TX rate:                             0
RX rate:                       6532505
Drop rate:                           0
Aggregate statistics ===============================
Total packets sent:                  0
Total packets received:      783898882
Total packets dropped:               0
Total TX rate:                       0
Total RX rate:                26130120
Total drop rate:                     0
====================================================


Signal 15 received, preparing to exit...
Closing port 0... Done
Closing port 1... Done
Closing port 2... Done
Closing port 3... Done
Bye...
