EAL: Detected 40 lcore(s)
EAL: Detected 2 NUMA nodes
EAL: Multi-process socket /var/run/dpdk/rte/mp_socket
EAL: No free hugepages reported in hugepages-1048576kB
EAL: Probing VFIO support...
EAL: PCI device 0000:05:08.0 on NUMA socket 0
EAL:   probe driver: 19ee:6003 net_nfp_vf
EAL: PCI device 0000:05:08.1 on NUMA socket 0
EAL:   probe driver: 19ee:6003 net_nfp_vf
EAL: PCI device 0000:05:08.2 on NUMA socket 0
EAL:   probe driver: 19ee:6003 net_nfp_vf
EAL: PCI device 0000:05:08.3 on NUMA socket 0
EAL:   probe driver: 19ee:6003 net_nfp_vf
MAC updating enabled
Lcore 0: RX port 0
Lcore 2: RX port 1
Lcore 4: RX port 2
Lcore 6: RX port 3
Initializing port 0... done: 
Port 0, MAC address: 00:15:4D:00:00:00

Initializing port 1... done: 
Port 1, MAC address: 00:15:4D:00:00:01

Initializing port 2... done: 
Port 2, MAC address: 00:15:4D:00:00:02

Initializing port 3... done: 
Port 3, MAC address: 00:15:4D:00:00:03


Checking link statusdone
Port0 Link Up. Speed 0 Mbps - full-duplex
Port1 Link Up. Speed 0 Mbps - full-duplex
Port2 Link Up. Speed 0 Mbps - full-duplex
Port3 Link Up. Speed 0 Mbps - full-duplex
L2FWD: entering main loop on lcore 2
L2FWD:  -- lcoreid=2 portid=1
L2FWD: entering main loop on lcore 6
L2FWD:  -- lcoreid=6 portid=3
L2FWD: entering main loop on lcore 4
L2FWD:  -- lcoreid=4 portid=2
L2FWD: lcore 8 has nothing to do
L2FWD: lcore 10 has nothing to do
L2FWD: lcore 12 has nothing to do
L2FWD: lcore 14 has nothing to do
L2FWD: entering main loop on lcore 0
L2FWD:  -- lcoreid=0 portid=0
[2J[1;1H
Port statistics ====================================
Statistics for port 0 ------------------------------
Packets sent:                        0
Packets received:                    0
Packets dropped:                     0
TX rate:                             0
RX rate:                             0
Drop rate:                           0
Statistics for port 1 ------------------------------
Packets sent:                        0
Packets received:                11719
Packets dropped:                     0
TX rate:                             0
RX rate:                          1172
Drop rate:                           0
Statistics for port 2 ------------------------------
Packets sent:                        0
Packets received:                10969
Packets dropped:                     0
TX rate:                             0
RX rate:                          1097
Drop rate:                           0
Statistics for port 3 ------------------------------
Packets sent:                        0
Packets received:                11318
Packets dropped:                     0
TX rate:                             0
RX rate:                          1131
Drop rate:                           0
Aggregate statistics ===============================
Total packets sent:                  0
Total packets received:          34025
Total packets dropped:               0
Total TX rate:                       0
Total RX rate:                    3400
Total drop rate:                     0
====================================================
[2J[1;1H
Port statistics ====================================
Statistics for port 0 ------------------------------
Packets sent:                        0
Packets received:             61123830
Packets dropped:                     0
TX rate:                             0
RX rate:                       6112383
Drop rate:                           0
Statistics for port 1 ------------------------------
Packets sent:                        0
Packets received:             61161541
Packets dropped:                     0
TX rate:                             0
RX rate:                       6114981
Drop rate:                           0
Statistics for port 2 ------------------------------
Packets sent:                        0
Packets received:             61159900
Packets dropped:                     0
TX rate:                             0
RX rate:                       6114892
Drop rate:                           0
Statistics for port 3 ------------------------------
Packets sent:                        0
Packets received:             61159289
Packets dropped:                     0
TX rate:                             0
RX rate:                       6114797
Drop rate:                           0
Aggregate statistics ===============================
Total packets sent:                  0
Total packets received:      244604588
Total packets dropped:               0
Total TX rate:                       0
Total RX rate:                24457053
Total drop rate:                     0
====================================================
[2J[1;1H
Port statistics ====================================
Statistics for port 0 ------------------------------
Packets sent:                        0
Packets received:            122269176
Packets dropped:                     0
TX rate:                             0
RX rate:                       6114534
Drop rate:                           0
Statistics for port 1 ------------------------------
Packets sent:                        0
Packets received:            122306298
Packets dropped:                     0
TX rate:                             0
RX rate:                       6114476
Drop rate:                           0
Statistics for port 2 ------------------------------
Packets sent:                        0
Packets received:            122272550
Packets dropped:                     0
TX rate:                             0
RX rate:                       6111266
Drop rate:                           0
Statistics for port 3 ------------------------------
Packets sent:                        0
Packets received:            122290573
Packets dropped:                     0
TX rate:                             0
RX rate:                       6113127
Drop rate:                           0
Aggregate statistics ===============================
Total packets sent:                  0
Total packets received:      489138621
Total packets dropped:               0
Total TX rate:                       0
Total RX rate:                24453403
Total drop rate:                     0
====================================================
[2J[1;1H
Port statistics ====================================
Statistics for port 0 ------------------------------
Packets sent:                        0
Packets received:            183405264
Packets dropped:                     0
TX rate:                             0
RX rate:                       6113608
Drop rate:                           0
Statistics for port 1 ------------------------------
Packets sent:                        0
Packets received:            183432805
Packets dropped:                     0
TX rate:                             0
RX rate:                       6112649
Drop rate:                           0
Statistics for port 2 ------------------------------
Packets sent:                        0
Packets received:            183396376
Packets dropped:                     0
TX rate:                             0
RX rate:                       6112381
Drop rate:                           0
Statistics for port 3 ------------------------------
Packets sent:                        0
Packets received:            183419935
Packets dropped:                     0
TX rate:                             0
RX rate:                       6112936
Drop rate:                           0
Aggregate statistics ===============================
Total packets sent:                  0
Total packets received:      733654380
Total packets dropped:               0
Total TX rate:                       0
Total RX rate:                24451574
Total drop rate:                     0
====================================================


Signal 15 received, preparing to exit...
Closing port 0... Done
Closing port 1... Done
Closing port 2... Done
Closing port 3... Done
Bye...
