EAL: Detected 40 lcore(s)
EAL: Detected 2 NUMA nodes
EAL: Multi-process socket /var/run/dpdk/rte/mp_socket
EAL: No free hugepages reported in hugepages-1048576kB
EAL: Probing VFIO support...
EAL: PCI device 0000:05:08.0 on NUMA socket 0
EAL:   probe driver: 19ee:6003 net_nfp_vf
EAL: PCI device 0000:05:08.1 on NUMA socket 0
EAL:   probe driver: 19ee:6003 net_nfp_vf
EAL: PCI device 0000:05:08.2 on NUMA socket 0
EAL:   probe driver: 19ee:6003 net_nfp_vf
EAL: PCI device 0000:05:08.3 on NUMA socket 0
EAL:   probe driver: 19ee:6003 net_nfp_vf
MAC updating enabled
Lcore 0: RX port 0
Lcore 2: RX port 1
Lcore 4: RX port 2
Lcore 6: RX port 3
Initializing port 0... done: 
Port 0, MAC address: CE:A8:26:5A:F4:BB

Initializing port 1... done: 
Port 1, MAC address: 4E:70:8E:2A:00:75

Initializing port 2... done: 
Port 2, MAC address: E2:13:8B:63:B6:81

Initializing port 3... done: 
Port 3, MAC address: 4E:D2:6D:6F:BF:77


Checking link statusdone
Port0 Link Up. Speed 0 Mbps - full-duplex
Port1 Link Up. Speed 0 Mbps - full-duplex
Port2 Link Up. Speed 0 Mbps - full-duplex
Port3 Link Up. Speed 0 Mbps - full-duplex
L2FWD: entering main loop on lcore 2
L2FWD:  -- lcoreid=2 portid=1
L2FWD: lcore 8 has nothing to do
L2FWD: lcore 10 has nothing to do
L2FWD: lcore 12 has nothing to do
L2FWD: lcore 14 has nothing to do
L2FWD: entering main loop on lcore 6
L2FWD:  -- lcoreid=6 portid=3
L2FWD: entering main loop on lcore 0
L2FWD:  -- lcoreid=0 portid=0
[2J[1;1H
Port statistics ====================================
Statistics for port 0 ------------------------------
Packets sent:                        0
Packets received:                    0
Packets dropped:                     0
TX rate:                             0
RX rate:                             0
Drop rate:                           0
Statistics for port 1 ------------------------------
Packets sent:                        0
Packets received:                 4288
Packets dropped:                     0
TX rate:                             0
RX rate:                           429
Drop rate:                           0
Statistics for port 2 ------------------------------
Packets sent:                        0
Packets received:                    0
Packets dropped:                     0
TX rate:                             0
RX rate:                             0
Drop rate:                           0
Statistics for port 3 ------------------------------
Packets sent:                        0
Packets received:                 1088
Packets dropped:                     0
TX rate:                             0
RX rate:                           112
Drop rate:                           0
Aggregate statistics ===============================
Total packets sent:                  0
Total packets received:           5423
Total packets dropped:               0
Total TX rate:                       0
Total RX rate:                     541
Total drop rate:                     0
====================================================
L2FWD: entering main loop on lcore 4
L2FWD:  -- lcoreid=4 portid=2
[2J[1;1H
Port statistics ====================================
Statistics for port 0 ------------------------------
Packets sent:                        0
Packets received:             68882221
Packets dropped:                     0
TX rate:                             0
RX rate:                       6888222
Drop rate:                           0
Statistics for port 1 ------------------------------
Packets sent:                        0
Packets received:             68885754
Packets dropped:                     0
TX rate:                             0
RX rate:                       6888145
Drop rate:                           0
Statistics for port 2 ------------------------------
Packets sent:                        0
Packets received:             68872939
Packets dropped:                     0
TX rate:                             0
RX rate:                       6887293
Drop rate:                           0
Statistics for port 3 ------------------------------
Packets sent:                        0
Packets received:             68882686
Packets dropped:                     0
TX rate:                             0
RX rate:                       6888156
Drop rate:                           0
Aggregate statistics ===============================
Total packets sent:                  0
Total packets received:      275523642
Total packets dropped:               0
Total TX rate:                       0
Total RX rate:                27551816
Total drop rate:                     0
====================================================
[2J[1;1H
Port statistics ====================================
Statistics for port 0 ------------------------------
Packets sent:                        0
Packets received:            137762674
Packets dropped:                     0
TX rate:                             0
RX rate:                       6888045
Drop rate:                           0
Statistics for port 1 ------------------------------
Packets sent:                        0
Packets received:            137766111
Packets dropped:                     0
TX rate:                             0
RX rate:                       6888035
Drop rate:                           0
Statistics for port 2 ------------------------------
Packets sent:                        0
Packets received:            137753302
Packets dropped:                     0
TX rate:                             0
RX rate:                       6888036
Drop rate:                           0
Statistics for port 3 ------------------------------
Packets sent:                        0
Packets received:            137763004
Packets dropped:                     0
TX rate:                             0
RX rate:                       6888031
Drop rate:                           0
Aggregate statistics ===============================
Total packets sent:                  0
Total packets received:      551045091
Total packets dropped:               0
Total TX rate:                       0
Total RX rate:                27552147
Total drop rate:                     0
====================================================
[2J[1;1H
Port statistics ====================================
Statistics for port 0 ------------------------------
Packets sent:                        0
Packets received:            206670463
Packets dropped:                     0
TX rate:                             0
RX rate:                       6890778
Drop rate:                           0
Statistics for port 1 ------------------------------
Packets sent:                        0
Packets received:            206673881
Packets dropped:                     0
TX rate:                             0
RX rate:                       6890778
Drop rate:                           0
Statistics for port 2 ------------------------------
Packets sent:                        0
Packets received:            206660991
Packets dropped:                     0
TX rate:                             0
RX rate:                       6890768
Drop rate:                           0
Statistics for port 3 ------------------------------
Packets sent:                        0
Packets received:            206670584
Packets dropped:                     0
TX rate:                             0
RX rate:                       6890758
Drop rate:                           0
Aggregate statistics ===============================
Total packets sent:                  0
Total packets received:      826675937
Total packets dropped:               0
Total TX rate:                       0
Total RX rate:                27563082
Total drop rate:                     0
====================================================


Signal 15 received, preparing to exit...
Closing port 0... Done
Closing port 1... Done
Closing port 2... Done
Closing port 3... Done
Bye...
