EAL: Detected 40 lcore(s)
EAL: Detected 2 NUMA nodes
EAL: Multi-process socket /var/run/dpdk/rte/mp_socket
EAL: No free hugepages reported in hugepages-1048576kB
EAL: Probing VFIO support...
EAL: PCI device 0000:05:08.0 on NUMA socket 0
EAL:   probe driver: 19ee:6003 net_nfp_vf
EAL: PCI device 0000:05:08.1 on NUMA socket 0
EAL:   probe driver: 19ee:6003 net_nfp_vf
EAL: PCI device 0000:05:08.2 on NUMA socket 0
EAL:   probe driver: 19ee:6003 net_nfp_vf
EAL: PCI device 0000:05:08.3 on NUMA socket 0
EAL:   probe driver: 19ee:6003 net_nfp_vf
MAC updating enabled
Lcore 0: RX port 0
Lcore 2: RX port 1
Lcore 4: RX port 2
Lcore 6: RX port 3
Initializing port 0... done: 
Port 0, MAC address: E6:D3:BE:5B:6C:84

Initializing port 1... done: 
Port 1, MAC address: 26:0D:A7:4C:38:5E

Initializing port 2... done: 
Port 2, MAC address: 7A:D8:C3:06:AE:59

Initializing port 3... done: 
Port 3, MAC address: A6:64:64:32:77:BC


Checking link statusdone
Port0 Link Up. Speed 0 Mbps - full-duplex
Port1 Link Up. Speed 0 Mbps - full-duplex
Port2 Link Up. Speed 0 Mbps - full-duplex
Port3 Link Up. Speed 0 Mbps - full-duplex
L2FWD: entering main loop on lcore 2
L2FWD:  -- lcoreid=2 portid=1
L2FWD: entering main loop on lcore 6
L2FWD:  -- lcoreid=6 portid=3
L2FWD: lcore 8 has nothing to do
L2FWD: lcore 10 has nothing to do
L2FWD: lcore 12 has nothing to do
L2FWD: lcore 14 has nothing to do
L2FWD: entering main loop on lcore 0
L2FWD:  -- lcoreid=0 portid=0
[2J[1;1H
Port statistics ====================================
Statistics for port 0 ------------------------------
Packets sent:                        0
Packets received:                    0
Packets dropped:                     0
TX rate:                             0
RX rate:                             0
Drop rate:                           0
Statistics for port 1 ------------------------------
Packets sent:                        0
Packets received:                 3318
Packets dropped:                     0
TX rate:                             0
RX rate:                           331
Drop rate:                           0
Statistics for port 2 ------------------------------
Packets sent:                        0
Packets received:                    0
Packets dropped:                     0
TX rate:                             0
RX rate:                             0
Drop rate:                           0
Statistics for port 3 ------------------------------
Packets sent:                        0
Packets received:                 2953
Packets dropped:                     0
TX rate:                             0
RX rate:                           296
Drop rate:                           0
Aggregate statistics ===============================
Total packets sent:                  0
Total packets received:           6286
Total packets dropped:               0
Total TX rate:                       0
Total RX rate:                     627
Total drop rate:                     0
====================================================
L2FWD: entering main loop on lcore 4
L2FWD:  -- lcoreid=4 portid=2
[2J[1;1H
Port statistics ====================================
Statistics for port 0 ------------------------------
Packets sent:                        0
Packets received:             68905110
Packets dropped:                     0
TX rate:                             0
RX rate:                       6890511
Drop rate:                           0
Statistics for port 1 ------------------------------
Packets sent:                        0
Packets received:             68907648
Packets dropped:                     0
TX rate:                             0
RX rate:                       6890434
Drop rate:                           0
Statistics for port 2 ------------------------------
Packets sent:                        0
Packets received:             68896477
Packets dropped:                     0
TX rate:                             0
RX rate:                       6889648
Drop rate:                           0
Statistics for port 3 ------------------------------
Packets sent:                        0
Packets received:             68907342
Packets dropped:                     0
TX rate:                             0
RX rate:                       6890438
Drop rate:                           0
Aggregate statistics ===============================
Total packets sent:                  0
Total packets received:      275616639
Total packets dropped:               0
Total TX rate:                       0
Total RX rate:                27561031
Total drop rate:                     0
====================================================
[2J[1;1H
Port statistics ====================================
Statistics for port 0 ------------------------------
Packets sent:                        0
Packets received:            137808319
Packets dropped:                     0
TX rate:                             0
RX rate:                       6890320
Drop rate:                           0
Statistics for port 1 ------------------------------
Packets sent:                        0
Packets received:            137810707
Packets dropped:                     0
TX rate:                             0
RX rate:                       6890304
Drop rate:                           0
Statistics for port 2 ------------------------------
Packets sent:                        0
Packets received:            137799385
Packets dropped:                     0
TX rate:                             0
RX rate:                       6890289
Drop rate:                           0
Statistics for port 3 ------------------------------
Packets sent:                        0
Packets received:            137810346
Packets dropped:                     0
TX rate:                             0
RX rate:                       6890300
Drop rate:                           0
Aggregate statistics ===============================
Total packets sent:                  0
Total packets received:      551228768
Total packets dropped:               0
Total TX rate:                       0
Total RX rate:                27561213
Total drop rate:                     0
====================================================
[2J[1;1H
Port statistics ====================================
Statistics for port 0 ------------------------------
Packets sent:                        0
Packets received:            206735933
Packets dropped:                     0
TX rate:                             0
RX rate:                       6892761
Drop rate:                           0
Statistics for port 1 ------------------------------
Packets sent:                        0
Packets received:            206738265
Packets dropped:                     0
TX rate:                             0
RX rate:                       6892755
Drop rate:                           0
Statistics for port 2 ------------------------------
Packets sent:                        0
Packets received:            206726908
Packets dropped:                     0
TX rate:                             0
RX rate:                       6892752
Drop rate:                           0
Statistics for port 3 ------------------------------
Packets sent:                        0
Packets received:            206737817
Packets dropped:                     0
TX rate:                             0
RX rate:                       6892747
Drop rate:                           0
Aggregate statistics ===============================
Total packets sent:                  0
Total packets received:      826938953
Total packets dropped:               0
Total TX rate:                       0
Total RX rate:                27571015
Total drop rate:                     0
====================================================


Signal 15 received, preparing to exit...
Closing port 0... Done
Closing port 1... Done
Closing port 2... Done
Closing port 3... Done
Bye...
