EAL: Detected 40 lcore(s)
EAL: Detected 2 NUMA nodes
EAL: Multi-process socket /var/run/dpdk/rte/mp_socket
EAL: No free hugepages reported in hugepages-1048576kB
EAL: Probing VFIO support...
EAL: PCI device 0000:05:08.0 on NUMA socket 0
EAL:   probe driver: 19ee:6003 net_nfp_vf
EAL: PCI device 0000:05:08.1 on NUMA socket 0
EAL:   probe driver: 19ee:6003 net_nfp_vf
EAL: PCI device 0000:05:08.2 on NUMA socket 0
EAL:   probe driver: 19ee:6003 net_nfp_vf
EAL: PCI device 0000:05:08.3 on NUMA socket 0
EAL:   probe driver: 19ee:6003 net_nfp_vf
MAC updating enabled
Lcore 0: RX port 0
Lcore 2: RX port 1
Lcore 4: RX port 2
Lcore 6: RX port 3
Initializing port 0... done: 
Port 0, MAC address: FE:4C:DB:11:CC:75

Initializing port 1... done: 
Port 1, MAC address: 62:98:7F:55:CD:23

Initializing port 2... done: 
Port 2, MAC address: 76:3C:F5:74:97:30

Initializing port 3... done: 
Port 3, MAC address: 06:59:FE:43:D4:F6


Checking link statusdone
Port0 Link Up. Speed 0 Mbps - full-duplex
Port1 Link Up. Speed 0 Mbps - full-duplex
Port2 Link Up. Speed 0 Mbps - full-duplex
Port3 Link Up. Speed 0 Mbps - full-duplex
L2FWD: entering main loop on lcore 2
L2FWD:  -- lcoreid=2 portid=1
L2FWD: entering main loop on lcore 6
L2FWD:  -- lcoreid=6 portid=3
L2FWD: lcore 10 has nothing to do
L2FWD: lcore 12 has nothing to do
L2FWD: lcore 8 has nothing to do
L2FWD: entering main loop on lcore 0
L2FWD:  -- lcoreid=0 portid=0
[2J[1;1H
Port statistics ====================================
Statistics for port 0 ------------------------------
Packets sent:                        0
Packets received:                    0
Packets dropped:                     0
TX rate:                             0
RX rate:                             0
Drop rate:                           0
Statistics for port 1 ------------------------------
Packets sent:                        0
Packets received:                 1727
Packets dropped:                     0
TX rate:                             0
RX rate:                           173
Drop rate:                           0
Statistics for port 2 ------------------------------
Packets sent:                        0
Packets received:                    0
Packets dropped:                     0
TX rate:                             0
RX rate:                             0
Drop rate:                           0L2FWD: lcore 14 has nothing to do

Statistics for port 3 ------------------------------
Packets sent:                        0
Packets received:                 1462
Packets dropped:                     0
TX rate:                             0
RX rate:                           152
Drop rate:                           0
Aggregate statistics ===============================
Total packets sent:                  0
Total packets received:           3258
Total packets dropped:               0
Total TX rate:                       0
Total RX rate:                     325
Total drop rate:                     0
====================================================
L2FWD: entering main loop on lcore 4
L2FWD:  -- lcoreid=4 portid=2
[2J[1;1H
Port statistics ====================================
Statistics for port 0 ------------------------------
Packets sent:                        0
Packets received:             38068730
Packets dropped:                     0
TX rate:                             0
RX rate:                       3806873
Drop rate:                           0
Statistics for port 1 ------------------------------
Packets sent:                        0
Packets received:             38070103
Packets dropped:                     0
TX rate:                             0
RX rate:                       3806837
Drop rate:                           0
Statistics for port 2 ------------------------------
Packets sent:                        0
Packets received:             37681116
Packets dropped:                     0
TX rate:                             0
RX rate:                       3768111
Drop rate:                           0
Statistics for port 3 ------------------------------
Packets sent:                        0
Packets received:             37687219
Packets dropped:                     0
TX rate:                             0
RX rate:                       3768569
Drop rate:                           0
Aggregate statistics ===============================
Total packets sent:                  0
Total packets received:      151507174
Total packets dropped:               0
Total TX rate:                       0
Total RX rate:                15150390
Total drop rate:                     0
====================================================
[2J[1;1H
Port statistics ====================================
Statistics for port 0 ------------------------------
Packets sent:                        0
Packets received:             75730014
Packets dropped:                     0
TX rate:                             0
RX rate:                       3766128
Drop rate:                           0
Statistics for port 1 ------------------------------
Packets sent:                        0
Packets received:             75731436
Packets dropped:                     0
TX rate:                             0
RX rate:                       3766133
Drop rate:                           0
Statistics for port 2 ------------------------------
Packets sent:                        0
Packets received:             74963918
Packets dropped:                     0
TX rate:                             0
RX rate:                       3728280
Drop rate:                           0
Statistics for port 3 ------------------------------
Packets sent:                        0
Packets received:             74969679
Packets dropped:                     0
TX rate:                             0
RX rate:                       3728246
Drop rate:                           0
Aggregate statistics ===============================
Total packets sent:                  0
Total packets received:      301395049
Total packets dropped:               0
Total TX rate:                       0
Total RX rate:                14988787
Total drop rate:                     0
====================================================
[2J[1;1H
Port statistics ====================================
Statistics for port 0 ------------------------------
Packets sent:                        0
Packets received:            113392558
Packets dropped:                     0
TX rate:                             0
RX rate:                       3766254
Drop rate:                           0
Statistics for port 1 ------------------------------
Packets sent:                        0
Packets received:            113394135
Packets dropped:                     0
TX rate:                             0
RX rate:                       3766270
Drop rate:                           0
Statistics for port 2 ------------------------------
Packets sent:                        0
Packets received:            112248008
Packets dropped:                     0
TX rate:                             0
RX rate:                       3728409
Drop rate:                           0
Statistics for port 3 ------------------------------
Packets sent:                        0
Packets received:            112253697
Packets dropped:                     0
TX rate:                             0
RX rate:                       3728401
Drop rate:                           0
Aggregate statistics ===============================
Total packets sent:                  0
Total packets received:      451288403
Total packets dropped:               0
Total TX rate:                       0
Total RX rate:                14989334
Total drop rate:                     0
====================================================


Signal 15 received, preparing to exit...
Closing port 0... Done
Closing port 1... Done
Closing port 2... Done
Closing port 3... Done
Bye...
