EAL: Detected 40 lcore(s)
EAL: Detected 2 NUMA nodes
EAL: Multi-process socket /var/run/dpdk/rte/mp_socket
EAL: No free hugepages reported in hugepages-1048576kB
EAL: Probing VFIO support...
EAL: PCI device 0000:05:08.0 on NUMA socket 0
EAL:   probe driver: 19ee:6003 net_nfp_vf
EAL: PCI device 0000:05:08.1 on NUMA socket 0
EAL:   probe driver: 19ee:6003 net_nfp_vf
EAL: PCI device 0000:05:08.2 on NUMA socket 0
EAL:   probe driver: 19ee:6003 net_nfp_vf
EAL: PCI device 0000:05:08.3 on NUMA socket 0
EAL:   probe driver: 19ee:6003 net_nfp_vf
MAC updating enabled
Lcore 0: RX port 0
Lcore 2: RX port 1
Lcore 4: RX port 2
Lcore 6: RX port 3
Initializing port 0... done: 
Port 0, MAC address: 3A:BB:54:6F:90:04

Initializing port 1... done: 
Port 1, MAC address: 9A:36:AC:7F:FC:54

Initializing port 2... done: 
Port 2, MAC address: 0E:61:00:43:12:38

Initializing port 3... done: 
Port 3, MAC address: 5A:31:0E:0C:7B:DB


Checking link statusdone
Port0 Link Up. Speed 0 Mbps - full-duplex
Port1 Link Up. Speed 0 Mbps - full-duplex
Port2 Link Up. Speed 0 Mbps - full-duplex
Port3 Link Up. Speed 0 Mbps - full-duplex
L2FWD: entering main loop on lcore 2
L2FWD:  -- lcoreid=2 portid=1
L2FWD: entering main loop on lcore 6
L2FWD:  -- lcoreid=6 portid=3
L2FWD: lcore 10 has nothing to do
L2FWD: lcore 8 has nothing to do
L2FWD: lcore 12 has nothing to do
L2FWD: lcore 14 has nothing to do
L2FWD: entering main loop on lcore 0
L2FWD:  -- lcoreid=0 portid=0
[2J[1;1H
Port statistics ====================================
Statistics for port 0 ------------------------------
Packets sent:                        0
Packets received:                    0
Packets dropped:                     0
TX rate:                             0
RX rate:                             0
Drop rate:                           0
Statistics for port 1 ------------------------------
Packets sent:                        0
Packets received:                 1164
Packets dropped:                     0
TX rate:                             0
RX rate:                           116
Drop rate:                           0
Statistics for port 2 ------------------------------
Packets sent:                        0
Packets received:                    0
Packets dropped:                     0
TX rate:                             0
RX rate:                             0
Drop rate:                           0
Statistics for port 3 ------------------------------
Packets sent:                        0
Packets received:                 1126
Packets dropped:                     0
TX rate:                             0
RX rate:                           112
Drop rate:                           0
Aggregate statistics ===============================
Total packets sent:                  0
Total packets received:           2293
Total packets dropped:               0
Total TX rate:                       0
Total RX rate:                     228
Total drop rate:                     0
====================================================
L2FWD: entering main loop on lcore 4
L2FWD:  -- lcoreid=4 portid=2
[2J[1;1H
Port statistics ====================================
Statistics for port 0 ------------------------------
Packets sent:                        0
Packets received:              9131774
Packets dropped:                     0
TX rate:                             0
RX rate:                        913177
Drop rate:                           0
Statistics for port 1 ------------------------------
Packets sent:                        0
Packets received:              9130400
Packets dropped:                     0
TX rate:                             0
RX rate:                        912923
Drop rate:                           0
Statistics for port 2 ------------------------------
Packets sent:                        0
Packets received:              9035455
Packets dropped:                     0
TX rate:                             0
RX rate:                        903545
Drop rate:                           0
Statistics for port 3 ------------------------------
Packets sent:                        0
Packets received:              9038032
Packets dropped:                     0
TX rate:                             0
RX rate:                        903690
Drop rate:                           0
Aggregate statistics ===============================
Total packets sent:                  0
Total packets received:       36335676
Total packets dropped:               0
Total TX rate:                       0
Total RX rate:                 3633335
Total drop rate:                     0
====================================================
[2J[1;1H
Port statistics ====================================
Statistics for port 0 ------------------------------
Packets sent:                        0
Packets received:             18261445
Packets dropped:                     0
TX rate:                             0
RX rate:                        912967
Drop rate:                           0
Statistics for port 1 ------------------------------
Packets sent:                        0
Packets received:             18259606
Packets dropped:                     0
TX rate:                             0
RX rate:                        912920
Drop rate:                           0
Statistics for port 2 ------------------------------
Packets sent:                        0
Packets received:             18072237
Packets dropped:                     0
TX rate:                             0
RX rate:                        903678
Drop rate:                           0
Statistics for port 3 ------------------------------
Packets sent:                        0
Packets received:             18075150
Packets dropped:                     0
TX rate:                             0
RX rate:                        903711
Drop rate:                           0
Aggregate statistics ===============================
Total packets sent:                  0
Total packets received:       72668438
Total packets dropped:               0
Total TX rate:                       0
Total RX rate:                 3633276
Total drop rate:                     0
====================================================
[2J[1;1H
Port statistics ====================================
Statistics for port 0 ------------------------------
Packets sent:                        0
Packets received:             27391121
Packets dropped:                     0
TX rate:                             0
RX rate:                        912967
Drop rate:                           0
Statistics for port 1 ------------------------------
Packets sent:                        0
Packets received:             27389837
Packets dropped:                     0
TX rate:                             0
RX rate:                        913023
Drop rate:                           0
Statistics for port 2 ------------------------------
Packets sent:                        0
Packets received:             27108482
Packets dropped:                     0
TX rate:                             0
RX rate:                        903624
Drop rate:                           0
Statistics for port 3 ------------------------------
Packets sent:                        0
Packets received:             27111947
Packets dropped:                     0
TX rate:                             0
RX rate:                        903679
Drop rate:                           0
Aggregate statistics ===============================
Total packets sent:                  0
Total packets received:      109001387
Total packets dropped:               0
Total TX rate:                       0
Total RX rate:                 3633293
Total drop rate:                     0
====================================================


Signal 15 received, preparing to exit...
Closing port 0... Done
Closing port 1... Done
Closing port 2... Done
Closing port 3... Done
Bye...
