EAL: Detected 40 lcore(s)
EAL: Detected 2 NUMA nodes
EAL: Multi-process socket /var/run/dpdk/rte/mp_socket
EAL: No free hugepages reported in hugepages-1048576kB
EAL: Probing VFIO support...
EAL: PCI device 0000:05:08.0 on NUMA socket 0
EAL:   probe driver: 19ee:6003 net_nfp_vf
EAL: PCI device 0000:05:08.1 on NUMA socket 0
EAL:   probe driver: 19ee:6003 net_nfp_vf
EAL: PCI device 0000:05:08.2 on NUMA socket 0
EAL:   probe driver: 19ee:6003 net_nfp_vf
EAL: PCI device 0000:05:08.3 on NUMA socket 0
EAL:   probe driver: 19ee:6003 net_nfp_vf
MAC updating enabled
Lcore 0: RX port 0
Lcore 2: RX port 1
Lcore 4: RX port 2
Lcore 6: RX port 3
Initializing port 0... done: 
Port 0, MAC address: 8A:BD:23:67:85:F1

Initializing port 1... done: 
Port 1, MAC address: D6:53:0B:0C:79:17

Initializing port 2... done: 
Port 2, MAC address: 6E:97:87:16:57:DF

Initializing port 3... done: 
Port 3, MAC address: 22:49:03:2F:C8:28


Checking link statusdone
Port0 Link Up. Speed 0 Mbps - full-duplex
Port1 Link Up. Speed 0 Mbps - full-duplex
Port2 Link Up. Speed 0 Mbps - full-duplex
Port3 Link Up. Speed 0 Mbps - full-duplex
L2FWD: entering main loop on lcore 2
L2FWD:  -- lcoreid=2 portid=1
L2FWD: entering main loop on lcore 4
L2FWD:  -- lcoreid=4 portid=2
L2FWD: lcore 10 has nothing to do
L2FWD: lcore 12 has nothing to do
L2FWD: lcore 14 has nothing to do
L2FWD: entering main loop on lcore 0
L2FWD:  -- lcoreid=0 portid=0
[2J[1;1H
Port statistics ====================================
Statistics for port 0 ------------------------------
Packets sent:                        0
Packets received:                    0
Packets dropped:                     0
TX rate:                             0
RX rate:                             0
Drop rate:                           0
Statistics for port 1 ------------------------------
Packets sent:                        0
Packets received:                 1211
Packets dropped:                     0
TX rate:                             0
RX rate:                           121
Drop rate:                           0
Statistics for port 2 ------------------------------
Packets sent:                        0
Packets received:                 1123
Packets dropped:                     0
TX rate:                             0
RX rate:                           112
Drop rate:                           0L2FWD: entering main loop on lcore 6

Statistics for port 3 ------------------------------
Packets sent:                        0
Packets received:                    0
Packets dropped:                     0
TX rate:                             0
RX rate:                             0
Drop rate:                           0
Aggregate statistics ===============================
Total packets sent:                  0
Total packets received:           2337
Total packets dropped:               0
Total TX rate:                       0
Total RX rate:                     233
Total drop rate:                     0
====================================================
L2FWD:  -- lcoreid=6 portid=3
L2FWD: lcore 8 has nothing to do
[2J[1;1H
Port statistics ====================================
Statistics for port 0 ------------------------------
Packets sent:                        0
Packets received:             17205707
Packets dropped:                     0
TX rate:                             0
RX rate:                       1720570
Drop rate:                           0
Statistics for port 1 ------------------------------
Packets sent:                        0
Packets received:             17206558
Packets dropped:                     0
TX rate:                             0
RX rate:                       1720534
Drop rate:                           0
Statistics for port 2 ------------------------------
Packets sent:                        0
Packets received:             17034269
Packets dropped:                     0
TX rate:                             0
RX rate:                       1703314
Drop rate:                           0
Statistics for port 3 ------------------------------
Packets sent:                        0
Packets received:             17033484
Packets dropped:                     0
TX rate:                             0
RX rate:                       1703348
Drop rate:                           0
Aggregate statistics ===============================
Total packets sent:                  0
Total packets received:       68480025
Total packets dropped:               0
Total TX rate:                       0
Total RX rate:                 6847766
Total drop rate:                     0
====================================================
[2J[1;1H
Port statistics ====================================
Statistics for port 0 ------------------------------
Packets sent:                        0
Packets received:             34302695
Packets dropped:                     0
TX rate:                             0
RX rate:                       1709698
Drop rate:                           0
Statistics for port 1 ------------------------------
Packets sent:                        0
Packets received:             34303433
Packets dropped:                     0
TX rate:                             0
RX rate:                       1709688
Drop rate:                           0
Statistics for port 2 ------------------------------
Packets sent:                        0
Packets received:             33959594
Packets dropped:                     0
TX rate:                             0
RX rate:                       1692532
Drop rate:                           0
Statistics for port 3 ------------------------------
Packets sent:                        0
Packets received:             33958884
Packets dropped:                     0
TX rate:                             0
RX rate:                       1692540
Drop rate:                           0
Aggregate statistics ===============================
Total packets sent:                  0
Total packets received:      136524612
Total packets dropped:               0
Total TX rate:                       0
Total RX rate:                 6804458
Total drop rate:                     0
====================================================
[2J[1;1H
Port statistics ====================================
Statistics for port 0 ------------------------------
Packets sent:                        0
Packets received:             51400722
Packets dropped:                     0
TX rate:                             0
RX rate:                       1709802
Drop rate:                           0
Statistics for port 1 ------------------------------
Packets sent:                        0
Packets received:             51400149
Packets dropped:                     0
TX rate:                             0
RX rate:                       1709671
Drop rate:                           0
Statistics for port 2 ------------------------------
Packets sent:                        0
Packets received:             50884866
Packets dropped:                     0
TX rate:                             0
RX rate:                       1692527
Drop rate:                           0
Statistics for port 3 ------------------------------
Packets sent:                        0
Packets received:             50884587
Packets dropped:                     0
TX rate:                             0
RX rate:                       1692570
Drop rate:                           0
Aggregate statistics ===============================
Total packets sent:                  0
Total packets received:      204570324
Total packets dropped:               0
Total TX rate:                       0
Total RX rate:                 6804570
Total drop rate:                     0
====================================================


Signal 15 received, preparing to exit...
Closing port 0... Done
Closing port 1... Done
Closing port 2... Done
Closing port 3... Done
Bye...
