EAL: Detected 40 lcore(s)
EAL: Detected 2 NUMA nodes
EAL: Multi-process socket /var/run/dpdk/rte/mp_socket
EAL: No free hugepages reported in hugepages-1048576kB
EAL: Probing VFIO support...
EAL: PCI device 0000:05:08.0 on NUMA socket 0
EAL:   probe driver: 19ee:6003 net_nfp_vf
EAL: PCI device 0000:05:08.1 on NUMA socket 0
EAL:   probe driver: 19ee:6003 net_nfp_vf
EAL: PCI device 0000:05:08.2 on NUMA socket 0
EAL:   probe driver: 19ee:6003 net_nfp_vf
EAL: PCI device 0000:05:08.3 on NUMA socket 0
EAL:   probe driver: 19ee:6003 net_nfp_vf
MAC updating enabled
Lcore 0: RX port 0
Lcore 2: RX port 1
Lcore 4: RX port 2
Lcore 6: RX port 3
Initializing port 0... done: 
Port 0, MAC address: E6:1A:67:10:6C:87

Initializing port 1... done: 
Port 1, MAC address: 26:2C:72:18:38:99

Initializing port 2... done: 
Port 2, MAC address: 7A:8F:49:2C:AE:8C

Initializing port 3... done: 
Port 3, MAC address: A6:73:62:6F:77:A7


Checking link statusdone
Port0 Link Up. Speed 0 Mbps - full-duplex
Port1 Link Up. Speed 0 Mbps - full-duplex
Port2 Link Up. Speed 0 Mbps - full-duplex
Port3 Link Up. Speed 0 Mbps - full-duplex
L2FWD: entering main loop on lcore 2
L2FWD:  -- lcoreid=2 portid=1
L2FWD: lcore 8 has nothing to do
L2FWD: lcore 10 has nothing to do
L2FWD: lcore 12 has nothing to do
L2FWD: lcore 14 has nothing to do
L2FWD: entering main loop on lcore 6
L2FWD:  -- lcoreid=6 portid=3
L2FWD: entering main loop on lcore 0
L2FWD:  -- lcoreid=0 portid=0
[2J[1;1H
Port statistics ====================================
Statistics for port 0 ------------------------------
Packets sent:                        0
Packets received:                    0
Packets dropped:                     0
TX rate:                             0
RX rate:                             0
Drop rate:                           0
Statistics for port 1 ------------------------------
Packets sent:                        0
Packets received:                 1824
Packets dropped:                     0
TX rate:                             0
RX rate:                           183
Drop rate:                           0
Statistics for port 2 ------------------------------
Packets sent:                        0
Packets received:                    0
Packets dropped:                     0
TX rate:                             0
RX rate:                             0
Drop rate:                           0
Statistics for port 3 ------------------------------
Packets sent:                        0
Packets received:                  928
Packets dropped:                     0
TX rate:                             0
RX rate:                            96
Drop rate:                           0
Aggregate statistics ===============================
Total packets sent:                  0
Total packets received:           2792
Total packets dropped:               0
Total TX rate:                       0
Total RX rate:                     279
Total drop rate:                     0
====================================================
L2FWD: entering main loop on lcore 4
L2FWD:  -- lcoreid=4 portid=2
[2J[1;1H
Port statistics ====================================
Statistics for port 0 ------------------------------
Packets sent:                        0
Packets received:             30537817
Packets dropped:                     0
TX rate:                             0
RX rate:                       3053781
Drop rate:                           0
Statistics for port 1 ------------------------------
Packets sent:                        0
Packets received:             30538677
Packets dropped:                     0
TX rate:                             0
RX rate:                       3053684
Drop rate:                           0
Statistics for port 2 ------------------------------
Packets sent:                        0
Packets received:             30227391
Packets dropped:                     0
TX rate:                             0
RX rate:                       3022739
Drop rate:                           0
Statistics for port 3 ------------------------------
Packets sent:                        0
Packets received:             30231042
Packets dropped:                     0
TX rate:                             0
RX rate:                       3023008
Drop rate:                           0
Aggregate statistics ===============================
Total packets sent:                  0
Total packets received:      121534932
Total packets dropped:               0
Total TX rate:                       0
Total RX rate:                12153212
Total drop rate:                     0
====================================================
[2J[1;1H
Port statistics ====================================
Statistics for port 0 ------------------------------
Packets sent:                        0
Packets received:             60772747
Packets dropped:                     0
TX rate:                             0
RX rate:                       3023493
Drop rate:                           0
Statistics for port 1 ------------------------------
Packets sent:                        0
Packets received:             60773495
Packets dropped:                     0
TX rate:                             0
RX rate:                       3023482
Drop rate:                           0
Statistics for port 2 ------------------------------
Packets sent:                        0
Packets received:             60158367
Packets dropped:                     0
TX rate:                             0
RX rate:                       2993097
Drop rate:                           0
Statistics for port 3 ------------------------------
Packets sent:                        0
Packets received:             60161499
Packets dropped:                     0
TX rate:                             0
RX rate:                       2993045
Drop rate:                           0
Aggregate statistics ===============================
Total packets sent:                  0
Total packets received:      241866110
Total packets dropped:               0
Total TX rate:                       0
Total RX rate:                12033117
Total drop rate:                     0
====================================================
[2J[1;1H
Port statistics ====================================
Statistics for port 0 ------------------------------
Packets sent:                        0
Packets received:             91009563
Packets dropped:                     0
TX rate:                             0
RX rate:                       3023681
Drop rate:                           0
Statistics for port 1 ------------------------------
Packets sent:                        0
Packets received:             91009836
Packets dropped:                     0
TX rate:                             0
RX rate:                       3023633
Drop rate:                           0
Statistics for port 2 ------------------------------
Packets sent:                        0
Packets received:             90090830
Packets dropped:                     0
TX rate:                             0
RX rate:                       2993246
Drop rate:                           0
Statistics for port 3 ------------------------------
Packets sent:                        0
Packets received:             90094131
Packets dropped:                     0
TX rate:                             0
RX rate:                       2993263
Drop rate:                           0
Aggregate statistics ===============================
Total packets sent:                  0
Total packets received:      362204360
Total packets dropped:               0
Total TX rate:                       0
Total RX rate:                12033823
Total drop rate:                     0
====================================================


Signal 15 received, preparing to exit...
Closing port 0... Done
Closing port 1... Done
Closing port 2... Done
Closing port 3... Done
Bye...
