EAL: Detected 40 lcore(s)
EAL: Detected 2 NUMA nodes
EAL: Multi-process socket /var/run/dpdk/rte/mp_socket
EAL: No free hugepages reported in hugepages-1048576kB
EAL: Probing VFIO support...
EAL: PCI device 0000:05:08.0 on NUMA socket 0
EAL:   probe driver: 19ee:6003 net_nfp_vf
EAL: PCI device 0000:05:08.1 on NUMA socket 0
EAL:   probe driver: 19ee:6003 net_nfp_vf
EAL: PCI device 0000:05:08.2 on NUMA socket 0
EAL:   probe driver: 19ee:6003 net_nfp_vf
EAL: PCI device 0000:05:08.3 on NUMA socket 0
EAL:   probe driver: 19ee:6003 net_nfp_vf
MAC updating enabled
Lcore 0: RX port 0
Lcore 2: RX port 1
Lcore 4: RX port 2
Lcore 6: RX port 3
Initializing port 0... done: 
Port 0, MAC address: 82:60:83:04:93:7E

Initializing port 1... done: 
Port 1, MAC address: BA:C6:E2:68:37:7E

Initializing port 2... done: 
Port 2, MAC address: C2:B3:A2:63:45:6F

Initializing port 3... done: 
Port 3, MAC address: 66:44:7D:76:66:7D


Checking link statusdone
Port0 Link Up. Speed 0 Mbps - full-duplex
Port1 Link Up. Speed 0 Mbps - full-duplex
Port2 Link Up. Speed 0 Mbps - full-duplex
Port3 Link Up. Speed 0 Mbps - full-duplex
L2FWD: entering main loop on lcore 2
L2FWD:  -- lcoreid=2 portid=1
L2FWD: entering main loop on lcore 6
L2FWD:  -- lcoreid=6 portid=3
L2FWD: lcore 8 has nothing to do
L2FWD: lcore 10 has nothing to do
L2FWD: entering main loop on lcore 4
L2FWD:  -- lcoreid=4 portid=2
L2FWD: lcore 12 has nothing to do
L2FWD: lcore 14 has nothing to do
L2FWD: entering main loop on lcore 0
L2FWD:  -- lcoreid=0 portid=0
[2J[1;1H
Port statistics ====================================
Statistics for port 0 ------------------------------
Packets sent:                        0
Packets received:                    0
Packets dropped:                     0
TX rate:                             0
RX rate:                             0
Drop rate:                           0
Statistics for port 1 ------------------------------
Packets sent:                        0
Packets received:                22528
Packets dropped:                     0
TX rate:                             0
RX rate:                          2253
Drop rate:                           0
Statistics for port 2 ------------------------------
Packets sent:                        0
Packets received:                20768
Packets dropped:                     0
TX rate:                             0
RX rate:                          2076
Drop rate:                           0
Statistics for port 3 ------------------------------
Packets sent:                        0
Packets received:                22173
Packets dropped:                     0
TX rate:                             0
RX rate:                          2217
Drop rate:                           0
Aggregate statistics ===============================
Total packets sent:                  0
Total packets received:          65485
Total packets dropped:               0
Total TX rate:                       0
Total RX rate:                    6546
Total drop rate:                     0
====================================================
[2J[1;1H
Port statistics ====================================
Statistics for port 0 ------------------------------
Packets sent:                        0
Packets received:             68899082
Packets dropped:                     0
TX rate:                             0
RX rate:                       6889908
Drop rate:                           0
Statistics for port 1 ------------------------------
Packets sent:                        0
Packets received:             68920848
Packets dropped:                     0
TX rate:                             0
RX rate:                       6889831
Drop rate:                           0
Statistics for port 2 ------------------------------
Packets sent:                        0
Packets received:             68919116
Packets dropped:                     0
TX rate:                             0
RX rate:                       6889834
Drop rate:                           0
Statistics for port 3 ------------------------------
Packets sent:                        0
Packets received:             68920482
Packets dropped:                     0
TX rate:                             0
RX rate:                       6889830
Drop rate:                           0
Aggregate statistics ===============================
Total packets sent:                  0
Total packets received:      275659555
Total packets dropped:               0
Total TX rate:                       0
Total RX rate:                27559403
Total drop rate:                     0
====================================================
[2J[1;1H
Port statistics ====================================
Statistics for port 0 ------------------------------
Packets sent:                        0
Packets received:            137802423
Packets dropped:                     0
TX rate:                             0
RX rate:                       6890334
Drop rate:                           0
Statistics for port 1 ------------------------------
Packets sent:                        0
Packets received:            137824096
Packets dropped:                     0
TX rate:                             0
RX rate:                       6890324
Drop rate:                           0
Statistics for port 2 ------------------------------
Packets sent:                        0
Packets received:            137822386
Packets dropped:                     0
TX rate:                             0
RX rate:                       6890327
Drop rate:                           0
Statistics for port 3 ------------------------------
Packets sent:                        0
Packets received:            137823625
Packets dropped:                     0
TX rate:                             0
RX rate:                       6890314
Drop rate:                           0
Aggregate statistics ===============================
Total packets sent:                  0
Total packets received:      551272538
Total packets dropped:               0
Total TX rate:                       0
Total RX rate:                27561299
Total drop rate:                     0
====================================================
[2J[1;1H
Port statistics ====================================
Statistics for port 0 ------------------------------
Packets sent:                        0
Packets received:            206706811
Packets dropped:                     0
TX rate:                             0
RX rate:                       6890438
Drop rate:                           0
Statistics for port 1 ------------------------------
Packets sent:                        0
Packets received:            206728470
Packets dropped:                     0
TX rate:                             0
RX rate:                       6890437
Drop rate:                           0
Statistics for port 2 ------------------------------
Packets sent:                        0
Packets received:            206726790
Packets dropped:                     0
TX rate:                             0
RX rate:                       6890440
Drop rate:                           0
Statistics for port 3 ------------------------------
Packets sent:                        0
Packets received:            206727963
Packets dropped:                     0
TX rate:                             0
RX rate:                       6890435
Drop rate:                           0
Aggregate statistics ===============================
Total packets sent:                  0
Total packets received:      826890058
Total packets dropped:               0
Total TX rate:                       0
Total RX rate:                27561750
Total drop rate:                     0
====================================================


Signal 15 received, preparing to exit...
Closing port 0... Done
Closing port 1... Done
Closing port 2... Done
Closing port 3... Done
Bye...
