EAL: Detected 40 lcore(s)
EAL: Detected 2 NUMA nodes
EAL: Multi-process socket /var/run/dpdk/rte/mp_socket
EAL: No free hugepages reported in hugepages-1048576kB
EAL: Probing VFIO support...
EAL: PCI device 0000:05:08.0 on NUMA socket 0
EAL:   probe driver: 19ee:6003 net_nfp_vf
EAL: PCI device 0000:05:08.1 on NUMA socket 0
EAL:   probe driver: 19ee:6003 net_nfp_vf
EAL: PCI device 0000:05:08.2 on NUMA socket 0
EAL:   probe driver: 19ee:6003 net_nfp_vf
EAL: PCI device 0000:05:08.3 on NUMA socket 0
EAL:   probe driver: 19ee:6003 net_nfp_vf
MAC updating enabled
Lcore 0: RX port 0
Lcore 2: RX port 1
Lcore 4: RX port 2
Lcore 6: RX port 3
Initializing port 0... done: 
Port 0, MAC address: 5E:D4:B2:58:C4:9B

Initializing port 1... done: 
Port 1, MAC address: 5E:EE:BF:21:50:61

Initializing port 2... done: 
Port 2, MAC address: 72:68:C4:3B:86:8E

Initializing port 3... done: 
Port 3, MAC address: 5E:21:3F:52:0F:D9


Checking link statusdone
Port0 Link Up. Speed 0 Mbps - full-duplex
Port1 Link Up. Speed 0 Mbps - full-duplex
Port2 Link Up. Speed 0 Mbps - full-duplex
Port3 Link Up. Speed 0 Mbps - full-duplex
L2FWD: entering main loop on lcore 2
L2FWD:  -- lcoreid=2 portid=1
L2FWD: entering main loop on lcore 4
L2FWD:  -- lcoreid=4 portid=2
L2FWD: entering main loop on lcore 6
L2FWD:  -- lcoreid=6 portid=3
L2FWD: lcore 8 has nothing to do
L2FWD: lcore 10 has nothing to do
L2FWD: lcore 12 has nothing to do
L2FWD: lcore 14 has nothing to do
L2FWD: entering main loop on lcore 0
L2FWD:  -- lcoreid=0 portid=0
[2J[1;1H
Port statistics ====================================
Statistics for port 0 ------------------------------
Packets sent:                        0
Packets received:                    0
Packets dropped:                     0
TX rate:                             0
RX rate:                             0
Drop rate:                           0
Statistics for port 1 ------------------------------
Packets sent:                        0
Packets received:                12711
Packets dropped:                     0
TX rate:                             0
RX rate:                          1272
Drop rate:                           0
Statistics for port 2 ------------------------------
Packets sent:                        0
Packets received:                12213
Packets dropped:                     0
TX rate:                             0
RX rate:                          1222
Drop rate:                           0
Statistics for port 3 ------------------------------
Packets sent:                        0
Packets received:                11785
Packets dropped:                     0
TX rate:                             0
RX rate:                          1178
Drop rate:                           0
Aggregate statistics ===============================
Total packets sent:                  0
Total packets received:          36727
Total packets dropped:               0
Total TX rate:                       0
Total RX rate:                    3672
Total drop rate:                     0
====================================================
[2J[1;1H
Port statistics ====================================
Statistics for port 0 ------------------------------
Packets sent:                        0
Packets received:             69246292
Packets dropped:                     0
TX rate:                             0
RX rate:                       6924629
Drop rate:                           0
Statistics for port 1 ------------------------------
Packets sent:                        0
Packets received:             69258228
Packets dropped:                     0
TX rate:                             0
RX rate:                       6924551
Drop rate:                           0
Statistics for port 2 ------------------------------
Packets sent:                        0
Packets received:             68561812
Packets dropped:                     0
TX rate:                             0
RX rate:                       6854959
Drop rate:                           0
Statistics for port 3 ------------------------------
Packets sent:                        0
Packets received:             68561350
Packets dropped:                     0
TX rate:                             0
RX rate:                       6854956
Drop rate:                           0
Aggregate statistics ===============================
Total packets sent:                  0
Total packets received:      275627692
Total packets dropped:               0
Total TX rate:                       0
Total RX rate:                27559095
Total drop rate:                     0
====================================================
[2J[1;1H
Port statistics ====================================
Statistics for port 0 ------------------------------
Packets sent:                        0
Packets received:            138478066
Packets dropped:                     0
TX rate:                             0
RX rate:                       6923177
Drop rate:                           0
Statistics for port 1 ------------------------------
Packets sent:                        0
Packets received:            138489949
Packets dropped:                     0
TX rate:                             0
RX rate:                       6923172
Drop rate:                           0
Statistics for port 2 ------------------------------
Packets sent:                        0
Packets received:            137097711
Packets dropped:                     0
TX rate:                             0
RX rate:                       6853591
Drop rate:                           0
Statistics for port 3 ------------------------------
Packets sent:                        0
Packets received:            137097258
Packets dropped:                     0
TX rate:                             0
RX rate:                       6853590
Drop rate:                           0
Aggregate statistics ===============================
Total packets sent:                  0
Total packets received:      551163009
Total packets dropped:               0
Total TX rate:                       0
Total RX rate:                27553530
Total drop rate:                     0
====================================================
[2J[1;1H
Port statistics ====================================
Statistics for port 0 ------------------------------
Packets sent:                        0
Packets received:            207709426
Packets dropped:                     0
TX rate:                             0
RX rate:                       6923136
Drop rate:                           0
Statistics for port 1 ------------------------------
Packets sent:                        0
Packets received:            207721311
Packets dropped:                     0
TX rate:                             0
RX rate:                       6923135
Drop rate:                           0
Statistics for port 2 ------------------------------
Packets sent:                        0
Packets received:            205633380
Packets dropped:                     0
TX rate:                             0
RX rate:                       6853565
Drop rate:                           0
Statistics for port 3 ------------------------------
Packets sent:                        0
Packets received:            205632902
Packets dropped:                     0
TX rate:                             0
RX rate:                       6853564
Drop rate:                           0
Aggregate statistics ===============================
Total packets sent:                  0
Total packets received:      826697026
Total packets dropped:               0
Total TX rate:                       0
Total RX rate:                27553400
Total drop rate:                     0
====================================================


Signal 15 received, preparing to exit...
Closing port 0... Done
Closing port 1... Done
Closing port 2... Done
Closing port 3... Done
Bye...
