EAL: Detected 40 lcore(s)
EAL: Detected 2 NUMA nodes
EAL: Multi-process socket /var/run/dpdk/rte/mp_socket
EAL: No free hugepages reported in hugepages-1048576kB
EAL: Probing VFIO support...
EAL: PCI device 0000:05:08.0 on NUMA socket 0
EAL:   probe driver: 19ee:6003 net_nfp_vf
EAL: PCI device 0000:05:08.1 on NUMA socket 0
EAL:   probe driver: 19ee:6003 net_nfp_vf
EAL: PCI device 0000:05:08.2 on NUMA socket 0
EAL:   probe driver: 19ee:6003 net_nfp_vf
EAL: PCI device 0000:05:08.3 on NUMA socket 0
EAL:   probe driver: 19ee:6003 net_nfp_vf
MAC updating enabled
Lcore 0: RX port 0
Lcore 2: RX port 1
Lcore 4: RX port 2
Lcore 6: RX port 3
Initializing port 0... done: 
Port 0, MAC address: AE:B3:84:2E:B9:B9

Initializing port 1... done: 
Port 1, MAC address: 9A:B0:ED:39:CD:3C

Initializing port 2... done: 
Port 2, MAC address: D2:4B:7F:59:CB:76

Initializing port 3... done: 
Port 3, MAC address: 26:2E:28:49:5C:CF


Checking link statusdone
Port0 Link Up. Speed 0 Mbps - full-duplex
Port1 Link Up. Speed 0 Mbps - full-duplex
Port2 Link Up. Speed 0 Mbps - full-duplex
Port3 Link Up. Speed 0 Mbps - full-duplex
L2FWD: entering main loop on lcore 2
L2FWD:  -- lcoreid=2 portid=1
L2FWD: entering main loop on lcore 6
L2FWD:  -- lcoreid=6 portid=3
L2FWD: lcore 8 has nothing to do
L2FWD: lcore 10 has nothing to do
L2FWD: lcore 12 has nothing to do
L2FWD: lcore 14 has nothing to do
L2FWD: entering main loop on lcore 0
L2FWD:  -- lcoreid=0 portid=0
[2J[1;1H
Port statistics ====================================
Statistics for port 0 ------------------------------
Packets sent:                        0
Packets received:                    0
Packets dropped:                     0
TX rate:                             0
RX rate:                             0
Drop rate:                           0
Statistics for port 1 ------------------------------
Packets sent:                        0
Packets received:                 3571
Packets dropped:                     0
TX rate:                             0
RX rate:                           357
Drop rate:                           0
Statistics for port 2 ------------------------------
Packets sent:                        0
Packets received:                    0
Packets dropped:                     0
TX rate:                             0
RX rate:                             0
Drop rate:                           0
Statistics for port 3 ------------------------------
Packets sent:                        0
Packets received:                 3110
Packets dropped:                     0
TX rate:                             0
RX rate:                           311
Drop rate:                           0
Aggregate statistics ===============================
Total packets sent:                  0
Total packets received:           6701
Total packets dropped:               0
Total TX rate:                       0
Total RX rate:                     668
Total drop rate:                     0
====================================================
L2FWD: entering main loop on lcore 4
L2FWD:  -- lcoreid=4 portid=2
[2J[1;1H
Port statistics ====================================
Statistics for port 0 ------------------------------
Packets sent:                        0
Packets received:             69241472
Packets dropped:                     0
TX rate:                             0
RX rate:                       6924147
Drop rate:                           0
Statistics for port 1 ------------------------------
Packets sent:                        0
Packets received:             69244246
Packets dropped:                     0
TX rate:                             0
RX rate:                       6924066
Drop rate:                           0
Statistics for port 2 ------------------------------
Packets sent:                        0
Packets received:             68538282
Packets dropped:                     0
TX rate:                             0
RX rate:                       6853828
Drop rate:                           0
Statistics for port 3 ------------------------------
Packets sent:                        0
Packets received:             68547964
Packets dropped:                     0
TX rate:                             0
RX rate:                       6854485
Drop rate:                           0
Aggregate statistics ===============================
Total packets sent:                  0
Total packets received:      275572007
Total packets dropped:               0
Total TX rate:                       0
Total RX rate:                27556526
Total drop rate:                     0
====================================================
[2J[1;1H
Port statistics ====================================
Statistics for port 0 ------------------------------
Packets sent:                        0
Packets received:            138474335
Packets dropped:                     0
TX rate:                             0
RX rate:                       6923286
Drop rate:                           0
Statistics for port 1 ------------------------------
Packets sent:                        0
Packets received:            138477006
Packets dropped:                     0
TX rate:                             0
RX rate:                       6923276
Drop rate:                           0
Statistics for port 2 ------------------------------
Packets sent:                        0
Packets received:            137075251
Packets dropped:                     0
TX rate:                             0
RX rate:                       6853696
Drop rate:                           0
Statistics for port 3 ------------------------------
Packets sent:                        0
Packets received:            137084891
Packets dropped:                     0
TX rate:                             0
RX rate:                       6853693
Drop rate:                           0
Aggregate statistics ===============================
Total packets sent:                  0
Total packets received:      551111511
Total packets dropped:               0
Total TX rate:                       0
Total RX rate:                27553951
Total drop rate:                     0
====================================================
[2J[1;1H
Port statistics ====================================
Statistics for port 0 ------------------------------
Packets sent:                        0
Packets received:            207706847
Packets dropped:                     0
TX rate:                             0
RX rate:                       6923251
Drop rate:                           0
Statistics for port 1 ------------------------------
Packets sent:                        0
Packets received:            207709533
Packets dropped:                     0
TX rate:                             0
RX rate:                       6923252
Drop rate:                           0
Statistics for port 2 ------------------------------
Packets sent:                        0
Packets received:            205611938
Packets dropped:                     0
TX rate:                             0
RX rate:                       6853668
Drop rate:                           0
Statistics for port 3 ------------------------------
Packets sent:                        0
Packets received:            205621573
Packets dropped:                     0
TX rate:                             0
RX rate:                       6853667
Drop rate:                           0
Aggregate statistics ===============================
Total packets sent:                  0
Total packets received:      826649901
Total packets dropped:               0
Total TX rate:                       0
Total RX rate:                27553838
Total drop rate:                     0
====================================================


Signal 15 received, preparing to exit...
Closing port 0... Done
Closing port 1... Done
Closing port 2... Done
Closing port 3... Done
Bye...
