EAL: Detected 40 lcore(s)
EAL: Detected 2 NUMA nodes
EAL: Multi-process socket /var/run/dpdk/rte/mp_socket
EAL: No free hugepages reported in hugepages-1048576kB
EAL: Probing VFIO support...
EAL: PCI device 0000:05:08.0 on NUMA socket 0
EAL:   probe driver: 19ee:6003 net_nfp_vf
EAL: PCI device 0000:05:08.1 on NUMA socket 0
EAL:   probe driver: 19ee:6003 net_nfp_vf
EAL: PCI device 0000:05:08.2 on NUMA socket 0
EAL:   probe driver: 19ee:6003 net_nfp_vf
EAL: PCI device 0000:05:08.3 on NUMA socket 0
EAL:   probe driver: 19ee:6003 net_nfp_vf
MAC updating enabled
Lcore 0: RX port 0
Lcore 2: RX port 1
Lcore 4: RX port 2
Lcore 6: RX port 3
Initializing port 0... done: 
Port 0, MAC address: CE:C9:55:05:A6:4A

Initializing port 1... done: 
Port 1, MAC address: 82:FE:5C:72:37:F5

Initializing port 2... done: 
Port 2, MAC address: 6A:74:81:26:11:39

Initializing port 3... done: 
Port 3, MAC address: 4A:BF:70:33:DE:34


Checking link statusdone
Port0 Link Up. Speed 0 Mbps - full-duplex
Port1 Link Up. Speed 0 Mbps - full-duplex
Port2 Link Up. Speed 0 Mbps - full-duplex
Port3 Link Up. Speed 0 Mbps - full-duplex
L2FWD: entering main loop on lcore 2
L2FWD:  -- lcoreid=2 portid=1
L2FWD: entering main loop on lcore 6
L2FWD:  -- lcoreid=6 portid=3
L2FWD: lcore 8 has nothing to do
L2FWD: lcore 10 has nothing to do
L2FWD: lcore 12 has nothing to do
L2FWD: lcore 14 has nothing to do
L2FWD: entering main loop on lcore 0
L2FWD:  -- lcoreid=0 portid=0
[2J[1;1H
Port statistics ====================================
Statistics for port 0 ------------------------------
Packets sent:                        0
Packets received:                    0
Packets dropped:                     0
TX rate:                             0
RX rate:                             0
Drop rate:                           0
Statistics for port 1 ------------------------------
Packets sent:                        0
Packets received:                 3153
Packets dropped:                     0
TX rate:                             0
RX rate:                           316
Drop rate:                           0
Statistics for port 2 ------------------------------
Packets sent:                        0
Packets received:                    0
Packets dropped:                     0
TX rate:                             0
RX rate:                             0
Drop rate:                           0
Statistics for port 3 ------------------------------
Packets sent:                        0
Packets received:                 2750
Packets dropped:                     0
TX rate:                             0
RX rate:                           275
Drop rate:                           0
Aggregate statistics ===============================
Total packets sent:                  0
Total packets received:           5923
Total packets dropped:               0
Total TX rate:                       0
Total RX rate:                     591
Total drop rate:                     0
====================================================
L2FWD: entering main loop on lcore 4
L2FWD:  -- lcoreid=4 portid=2
[2J[1;1H
Port statistics ====================================
Statistics for port 0 ------------------------------
Packets sent:                        0
Packets received:             69274788
Packets dropped:                     0
TX rate:                             0
RX rate:                       6927478
Drop rate:                           0
Statistics for port 1 ------------------------------
Packets sent:                        0
Packets received:             69277095
Packets dropped:                     0
TX rate:                             0
RX rate:                       6927394
Drop rate:                           0
Statistics for port 2 ------------------------------
Packets sent:                        0
Packets received:             68569234
Packets dropped:                     0
TX rate:                             0
RX rate:                       6856923
Drop rate:                           0
Statistics for port 3 ------------------------------
Packets sent:                        0
Packets received:             68580514
Packets dropped:                     0
TX rate:                             0
RX rate:                       6857775
Drop rate:                           0
Aggregate statistics ===============================
Total packets sent:                  0
Total packets received:      275701659
Total packets dropped:               0
Total TX rate:                       0
Total RX rate:                27569570
Total drop rate:                     0
====================================================
[2J[1;1H
Port statistics ====================================
Statistics for port 0 ------------------------------
Packets sent:                        0
Packets received:            138551416
Packets dropped:                     0
TX rate:                             0
RX rate:                       6927662
Drop rate:                           0
Statistics for port 1 ------------------------------
Packets sent:                        0
Packets received:            138553663
Packets dropped:                     0
TX rate:                             0
RX rate:                       6927656
Drop rate:                           0
Statistics for port 2 ------------------------------
Packets sent:                        0
Packets received:            137149678
Packets dropped:                     0
TX rate:                             0
RX rate:                       6858045
Drop rate:                           0
Statistics for port 3 ------------------------------
Packets sent:                        0
Packets received:            137160952
Packets dropped:                     0
TX rate:                             0
RX rate:                       6858043
Drop rate:                           0
Aggregate statistics ===============================
Total packets sent:                  0
Total packets received:      551415744
Total packets dropped:               0
Total TX rate:                       0
Total RX rate:                27571406
Total drop rate:                     0
====================================================
[2J[1;1H
Port statistics ====================================
Statistics for port 0 ------------------------------
Packets sent:                        0
Packets received:            207826440
Packets dropped:                     0
TX rate:                             0
RX rate:                       6927502
Drop rate:                           0
Statistics for port 1 ------------------------------
Packets sent:                        0
Packets received:            207828685
Packets dropped:                     0
TX rate:                             0
RX rate:                       6927501
Drop rate:                           0
Statistics for port 2 ------------------------------
Packets sent:                        0
Packets received:            205728384
Packets dropped:                     0
TX rate:                             0
RX rate:                       6857869
Drop rate:                           0
Statistics for port 3 ------------------------------
Packets sent:                        0
Packets received:            205739729
Packets dropped:                     0
TX rate:                             0
RX rate:                       6857879
Drop rate:                           0
Aggregate statistics ===============================
Total packets sent:                  0
Total packets received:      827123275
Total packets dropped:               0
Total TX rate:                       0
Total RX rate:                27570751
Total drop rate:                     0
====================================================


Signal 15 received, preparing to exit...
Closing port 0... Done
Closing port 1... Done
Closing port 2... Done
Closing port 3... Done
Bye...
