EAL: Detected 40 lcore(s)
EAL: Detected 2 NUMA nodes
EAL: Multi-process socket /var/run/dpdk/rte/mp_socket
EAL: No free hugepages reported in hugepages-1048576kB
EAL: Probing VFIO support...
EAL: PCI device 0000:05:08.0 on NUMA socket 0
EAL:   probe driver: 19ee:6003 net_nfp_vf
EAL: PCI device 0000:05:08.1 on NUMA socket 0
EAL:   probe driver: 19ee:6003 net_nfp_vf
EAL: PCI device 0000:05:08.2 on NUMA socket 0
EAL:   probe driver: 19ee:6003 net_nfp_vf
EAL: PCI device 0000:05:08.3 on NUMA socket 0
EAL:   probe driver: 19ee:6003 net_nfp_vf
MAC updating enabled
Lcore 0: RX port 0
Lcore 2: RX port 1
Lcore 4: RX port 2
Lcore 6: RX port 3
Initializing port 0... done: 
Port 0, MAC address: 6E:02:D0:66:4A:D1

Initializing port 1... done: 
Port 1, MAC address: 1E:5E:C4:2C:46:91

Initializing port 2... done: 
Port 2, MAC address: 5E:A9:33:6C:6C:D6

Initializing port 3... done: 
Port 3, MAC address: FA:0E:AA:39:65:52


Checking link statusdone
Port0 Link Up. Speed 0 Mbps - full-duplex
Port1 Link Up. Speed 0 Mbps - full-duplex
Port2 Link Up. Speed 0 Mbps - full-duplex
Port3 Link Up. Speed 0 Mbps - full-duplex
L2FWD: entering main loop on lcore 2
L2FWD:  -- lcoreid=2 portid=1
L2FWD: entering main loop on lcore 6
L2FWD:  -- lcoreid=6 portid=3
L2FWD: lcore 10 has nothing to do
L2FWD: lcore 12 has nothing to do
L2FWD: lcore 8 has nothing to do
L2FWD: lcore 14 has nothing to do
L2FWD: entering main loop on lcore 0
L2FWD:  -- lcoreid=0 portid=0
[2J[1;1H
Port statistics ====================================
Statistics for port 0 ------------------------------
Packets sent:                        0
Packets received:                    0
Packets dropped:                     0
TX rate:                             0
RX rate:                             0
Drop rate:                           0
Statistics for port 1 ------------------------------
Packets sent:                        0
Packets received:                 2747
Packets dropped:                     0
TX rate:                             0
RX rate:                           274
Drop rate:                           0
Statistics for port 2 ------------------------------
Packets sent:                        0
Packets received:                    0
Packets dropped:                     0
TX rate:                             0
RX rate:                             0
Drop rate:                           0
Statistics for port 3 ------------------------------
Packets sent:                        0
Packets received:                 2345
Packets dropped:                     0
TX rate:                             0
RX rate:                           234
Drop rate:                           0
Aggregate statistics ===============================
Total packets sent:                  0
Total packets received:           5102
Total packets dropped:               0
Total TX rate:                       0
Total RX rate:                     508
Total drop rate:                     0
====================================================
L2FWD: entering main loop on lcore 4
L2FWD:  -- lcoreid=4 portid=2
[2J[1;1H
Port statistics ====================================
Statistics for port 0 ------------------------------
Packets sent:                        0
Packets received:             57464947
Packets dropped:                     0
TX rate:                             0
RX rate:                       5746494
Drop rate:                           0
Statistics for port 1 ------------------------------
Packets sent:                        0
Packets received:             57466874
Packets dropped:                     0
TX rate:                             0
RX rate:                       5746413
Drop rate:                           0
Statistics for port 2 ------------------------------
Packets sent:                        0
Packets received:             56878674
Packets dropped:                     0
TX rate:                             0
RX rate:                       5687867
Drop rate:                           0
Statistics for port 3 ------------------------------
Packets sent:                        0
Packets received:             56888970
Packets dropped:                     0
TX rate:                             0
RX rate:                       5688662
Drop rate:                           0
Aggregate statistics ===============================
Total packets sent:                  0
Total packets received:      228699501
Total packets dropped:               0
Total TX rate:                       0
Total RX rate:                22869436
Total drop rate:                     0
====================================================
[2J[1;1H
Port statistics ====================================
Statistics for port 0 ------------------------------
Packets sent:                        0
Packets received:            114928705
Packets dropped:                     0
TX rate:                             0
RX rate:                       5746375
Drop rate:                           0
Statistics for port 1 ------------------------------
Packets sent:                        0
Packets received:            114930571
Packets dropped:                     0
TX rate:                             0
RX rate:                       5746369
Drop rate:                           0
Statistics for port 2 ------------------------------
Packets sent:                        0
Packets received:            113764819
Packets dropped:                     0
TX rate:                             0
RX rate:                       5688614
Drop rate:                           0
Statistics for port 3 ------------------------------
Packets sent:                        0
Packets received:            113775083
Packets dropped:                     0
TX rate:                             0
RX rate:                       5688612
Drop rate:                           0
Aggregate statistics ===============================
Total packets sent:                  0
Total packets received:      457399204
Total packets dropped:               0
Total TX rate:                       0
Total RX rate:                22869970
Total drop rate:                     0
====================================================
[2J[1;1H
Port statistics ====================================
Statistics for port 0 ------------------------------
Packets sent:                        0
Packets received:            172393053
Packets dropped:                     0
TX rate:                             0
RX rate:                       5746434
Drop rate:                           0
Statistics for port 1 ------------------------------
Packets sent:                        0
Packets received:            172394922
Packets dropped:                     0
TX rate:                             0
RX rate:                       5746436
Drop rate:                           0
Statistics for port 2 ------------------------------
Packets sent:                        0
Packets received:            170651679
Packets dropped:                     0
TX rate:                             0
RX rate:                       5688686
Drop rate:                           0
Statistics for port 3 ------------------------------
Packets sent:                        0
Packets received:            170661935
Packets dropped:                     0
TX rate:                             0
RX rate:                       5688684
Drop rate:                           0
Aggregate statistics ===============================
Total packets sent:                  0
Total packets received:      686101599
Total packets dropped:               0
Total TX rate:                       0
Total RX rate:                22870240
Total drop rate:                     0
====================================================


Signal 15 received, preparing to exit...
Closing port 0... Done
Closing port 1... Done
Closing port 2... Done
Closing port 3... Done
Bye...
