EAL: Detected 40 lcore(s)
EAL: Detected 2 NUMA nodes
EAL: Multi-process socket /var/run/dpdk/rte/mp_socket
EAL: No free hugepages reported in hugepages-1048576kB
EAL: Probing VFIO support...
EAL: PCI device 0000:05:08.0 on NUMA socket 0
EAL:   probe driver: 19ee:6003 net_nfp_vf
EAL: PCI device 0000:05:08.1 on NUMA socket 0
EAL:   probe driver: 19ee:6003 net_nfp_vf
EAL: PCI device 0000:05:08.2 on NUMA socket 0
EAL:   probe driver: 19ee:6003 net_nfp_vf
EAL: PCI device 0000:05:08.3 on NUMA socket 0
EAL:   probe driver: 19ee:6003 net_nfp_vf
MAC updating enabled
Lcore 0: RX port 0
Lcore 2: RX port 1
Lcore 4: RX port 2
Lcore 6: RX port 3
Initializing port 0... done: 
Port 0, MAC address: DE:B8:24:42:7A:1B

Initializing port 1... done: 
Port 1, MAC address: 0E:92:A3:1B:F6:DE

Initializing port 2... done: 
Port 2, MAC address: CE:56:C7:57:9C:93

Initializing port 3... done: 
Port 3, MAC address: EA:91:02:68:15:CB


Checking link statusdone
Port0 Link Up. Speed 0 Mbps - full-duplex
Port1 Link Up. Speed 0 Mbps - full-duplex
Port2 Link Up. Speed 0 Mbps - full-duplex
Port3 Link Up. Speed 0 Mbps - full-duplex
L2FWD: entering main loop on lcore 2
L2FWD: entering main loop on lcore 6
L2FWD:  -- lcoreid=6 portid=3
L2FWD: lcore 8 has nothing to do
L2FWD:  -- lcoreid=2 portid=1
L2FWD: lcore 10 has nothing to do
L2FWD: lcore 12 has nothing to do
L2FWD: lcore 14 has nothing to do
L2FWD: entering main loop on lcore 4
L2FWD:  -- lcoreid=4 portid=2
L2FWD: entering main loop on lcore 0
L2FWD:  -- lcoreid=0 portid=0
[2J[1;1H
Port statistics ====================================
Statistics for port 0 ------------------------------
Packets sent:                        0
Packets received:                    0
Packets dropped:                     0
TX rate:                             0
RX rate:                             0
Drop rate:                           0
Statistics for port 1 ------------------------------
Packets sent:                        0
Packets received:                10525
Packets dropped:                     0
TX rate:                             0
RX rate:                          1052
Drop rate:                           0
Statistics for port 2 ------------------------------
Packets sent:                        0
Packets received:                 1189
Packets dropped:                     0
TX rate:                             0
RX rate:                           119
Drop rate:                           0
Statistics for port 3 ------------------------------
Packets sent:                        0
Packets received:                10877
Packets dropped:                     0
TX rate:                             0
RX rate:                          1087
Drop rate:                           0
Aggregate statistics ===============================
Total packets sent:                  0
Total packets received:          22611
Total packets dropped:               0
Total TX rate:                       0
Total RX rate:                    2258
Total drop rate:                     0
====================================================
[2J[1;1H
Port statistics ====================================
Statistics for port 0 ------------------------------
Packets sent:                        0
Packets received:             69241185
Packets dropped:                     0
TX rate:                             0
RX rate:                       6924118
Drop rate:                           0
Statistics for port 1 ------------------------------
Packets sent:                        0
Packets received:             69250874
Packets dropped:                     0
TX rate:                             0
RX rate:                       6924035
Drop rate:                           0
Statistics for port 2 ------------------------------
Packets sent:                        0
Packets received:             68545726
Packets dropped:                     0
TX rate:                             0
RX rate:                       6854452
Drop rate:                           0
Statistics for port 3 ------------------------------
Packets sent:                        0
Packets received:             68555391
Packets dropped:                     0
TX rate:                             0
RX rate:                       6854451
Drop rate:                           0
Aggregate statistics ===============================
Total packets sent:                  0
Total packets received:      275593183
Total packets dropped:               0
Total TX rate:                       0
Total RX rate:                27557056
Total drop rate:                     0
====================================================
[2J[1;1H
Port statistics ====================================
Statistics for port 0 ------------------------------
Packets sent:                        0
Packets received:            138509669
Packets dropped:                     0
TX rate:                             0
RX rate:                       6926848
Drop rate:                           0
Statistics for port 1 ------------------------------
Packets sent:                        0
Packets received:            138519302
Packets dropped:                     0
TX rate:                             0
RX rate:                       6926843
Drop rate:                           0
Statistics for port 2 ------------------------------
Packets sent:                        0
Packets received:            137118029
Packets dropped:                     0
TX rate:                             0
RX rate:                       6857230
Drop rate:                           0
Statistics for port 3 ------------------------------
Packets sent:                        0
Packets received:            137127670
Packets dropped:                     0
TX rate:                             0
RX rate:                       6857227
Drop rate:                           0
Aggregate statistics ===============================
Total packets sent:                  0
Total packets received:      551274685
Total packets dropped:               0
Total TX rate:                       0
Total RX rate:                27568148
Total drop rate:                     0
====================================================
[2J[1;1H
Port statistics ====================================
Statistics for port 0 ------------------------------
Packets sent:                        0
Packets received:            207750923
Packets dropped:                     0
TX rate:                             0
RX rate:                       6924125
Drop rate:                           0
Statistics for port 1 ------------------------------
Packets sent:                        0
Packets received:            207760574
Packets dropped:                     0
TX rate:                             0
RX rate:                       6924125
Drop rate:                           0
Statistics for port 2 ------------------------------
Packets sent:                        0
Packets received:            205663443
Packets dropped:                     0
TX rate:                             0
RX rate:                       6854541
Drop rate:                           0
Statistics for port 3 ------------------------------
Packets sent:                        0
Packets received:            205673132
Packets dropped:                     0
TX rate:                             0
RX rate:                       6854547
Drop rate:                           0
Aggregate statistics ===============================
Total packets sent:                  0
Total packets received:      826848111
Total packets dropped:               0
Total TX rate:                       0
Total RX rate:                27557338
Total drop rate:                     0
====================================================


Signal 15 received, preparing to exit...
Closing port 0... Done
Closing port 1... Done
Closing port 2... Done
Closing port 3... Done
Bye...
