EAL: Detected 40 lcore(s)
EAL: Detected 2 NUMA nodes
EAL: Multi-process socket /var/run/dpdk/rte/mp_socket
EAL: No free hugepages reported in hugepages-1048576kB
EAL: Probing VFIO support...
EAL: PCI device 0000:05:08.0 on NUMA socket 0
EAL:   probe driver: 19ee:6003 net_nfp_vf
EAL: PCI device 0000:05:08.1 on NUMA socket 0
EAL:   probe driver: 19ee:6003 net_nfp_vf
EAL: PCI device 0000:05:08.2 on NUMA socket 0
EAL:   probe driver: 19ee:6003 net_nfp_vf
EAL: PCI device 0000:05:08.3 on NUMA socket 0
EAL:   probe driver: 19ee:6003 net_nfp_vf
MAC updating enabled
Lcore 0: RX port 0
Lcore 2: RX port 1
Lcore 4: RX port 2
Lcore 6: RX port 3
Initializing port 0... done: 
Port 0, MAC address: 6A:1D:1A:5D:80:51

Initializing port 1... done: 
Port 1, MAC address: 4A:5C:77:4D:6C:43

Initializing port 2... done: 
Port 2, MAC address: 3E:B6:CB:7C:02:64

Initializing port 3... done: 
Port 3, MAC address: 0A:02:C8:63:EB:40


Checking link statusdone
Port0 Link Up. Speed 0 Mbps - full-duplex
Port1 Link Up. Speed 0 Mbps - full-duplex
Port2 Link Up. Speed 0 Mbps - full-duplex
Port3 Link Up. Speed 0 Mbps - full-duplex
L2FWD: entering main loop on lcore 2
L2FWD: entering main loop on lcore 6
L2FWD:  -- lcoreid=2 portid=1
L2FWD:  -- lcoreid=6 portid=3
L2FWD: lcore 8 has nothing to do
L2FWD: lcore 10 has nothing to do
L2FWD: lcore 12 has nothing to do
L2FWD: lcore 14 has nothing to do
L2FWD: entering main loop on lcore 0
L2FWD:  -- lcoreid=0 portid=0
[2J[1;1H
Port statistics ====================================
Statistics for port 0 ------------------------------
Packets sent:                        0
Packets received:                    0
Packets dropped:                     0
TX rate:                             0
RX rate:                             0
Drop rate:                           0
Statistics for port 1 ------------------------------
Packets sent:                        0
Packets received:                 2612
Packets dropped:                     0
TX rate:                             0
RX rate:                           261
Drop rate:                           0
Statistics for port 2 ------------------------------
Packets sent:                        0
Packets received:                    0
Packets dropped:                     0
TX rate:                             0
RX rate:                             0
Drop rate:                           0
Statistics for port 3 ------------------------------
Packets sent:                        0
Packets received:                 2984
Packets dropped:                     0
TX rate:                             0
RX rate:                           299
Drop rate:                           0
Aggregate statistics ===============================
Total packets sent:                  0
Total packets received:           5624
Total packets dropped:               0
Total TX rate:                       0
Total RX rate:                     560
Total drop rate:                     0
====================================================
L2FWD: entering main loop on lcore 4
L2FWD:  -- lcoreid=4 portid=2
[2J[1;1H
Port statistics ====================================
Statistics for port 0 ------------------------------
Packets sent:                        0
Packets received:             68914480
Packets dropped:                     0
TX rate:                             0
RX rate:                       6891448
Drop rate:                           0
Statistics for port 1 ------------------------------
Packets sent:                        0
Packets received:             68916298
Packets dropped:                     0
TX rate:                             0
RX rate:                       6891369
Drop rate:                           0
Statistics for port 2 ------------------------------
Packets sent:                        0
Packets received:             68906871
Packets dropped:                     0
TX rate:                             0
RX rate:                       6890687
Drop rate:                           0
Statistics for port 3 ------------------------------
Packets sent:                        0
Packets received:             68916713
Packets dropped:                     0
TX rate:                             0
RX rate:                       6891372
Drop rate:                           0
Aggregate statistics ===============================
Total packets sent:                  0
Total packets received:      275654418
Total packets dropped:               0
Total TX rate:                       0
Total RX rate:                27564876
Total drop rate:                     0
====================================================
[2J[1;1H
Port statistics ====================================
Statistics for port 0 ------------------------------
Packets sent:                        0
Packets received:            137805255
Packets dropped:                     0
TX rate:                             0
RX rate:                       6889077
Drop rate:                           0
Statistics for port 1 ------------------------------
Packets sent:                        0
Packets received:            137807071
Packets dropped:                     0
TX rate:                             0
RX rate:                       6889076
Drop rate:                           0
Statistics for port 2 ------------------------------
Packets sent:                        0
Packets received:            137797622
Packets dropped:                     0
TX rate:                             0
RX rate:                       6889075
Drop rate:                           0
Statistics for port 3 ------------------------------
Packets sent:                        0
Packets received:            137807397
Packets dropped:                     0
TX rate:                             0
RX rate:                       6889068
Drop rate:                           0
Aggregate statistics ===============================
Total packets sent:                  0
Total packets received:      551217354
Total packets dropped:               0
Total TX rate:                       0
Total RX rate:                27556296
Total drop rate:                     0
====================================================
[2J[1;1H
Port statistics ====================================
Statistics for port 0 ------------------------------
Packets sent:                        0
Packets received:            206696638
Packets dropped:                     0
TX rate:                             0
RX rate:                       6889138
Drop rate:                           0
Statistics for port 1 ------------------------------
Packets sent:                        0
Packets received:            206698438
Packets dropped:                     0
TX rate:                             0
RX rate:                       6889137
Drop rate:                           0
Statistics for port 2 ------------------------------
Packets sent:                        0
Packets received:            206688949
Packets dropped:                     0
TX rate:                             0
RX rate:                       6889132
Drop rate:                           0
Statistics for port 3 ------------------------------
Packets sent:                        0
Packets received:            206698747
Packets dropped:                     0
TX rate:                             0
RX rate:                       6889135
Drop rate:                           0
Aggregate statistics ===============================
Total packets sent:                  0
Total packets received:      826782790
Total packets dropped:               0
Total TX rate:                       0
Total RX rate:                27556542
Total drop rate:                     0
====================================================


Signal 15 received, preparing to exit...
Closing port 0... Done
Closing port 1... Done
Closing port 2... Done
Closing port 3... Done
Bye...
