EAL: Detected 40 lcore(s)
EAL: Detected 2 NUMA nodes
EAL: Multi-process socket /var/run/dpdk/rte/mp_socket
EAL: No free hugepages reported in hugepages-1048576kB
EAL: Probing VFIO support...
EAL: PCI device 0000:05:08.0 on NUMA socket 0
EAL:   probe driver: 19ee:6003 net_nfp_vf
EAL: PCI device 0000:05:08.1 on NUMA socket 0
EAL:   probe driver: 19ee:6003 net_nfp_vf
EAL: PCI device 0000:05:08.2 on NUMA socket 0
EAL:   probe driver: 19ee:6003 net_nfp_vf
EAL: PCI device 0000:05:08.3 on NUMA socket 0
EAL:   probe driver: 19ee:6003 net_nfp_vf
MAC updating enabled
Lcore 0: RX port 0
Lcore 2: RX port 1
Lcore 4: RX port 2
Lcore 6: RX port 3
Initializing port 0... done: 
Port 0, MAC address: 2A:46:99:77:A5:B8

Initializing port 1... done: 
Port 1, MAC address: 76:9D:96:1F:99:03

Initializing port 2... done: 
Port 2, MAC address: 0E:0A:89:27:77:F8

Initializing port 3... done: 
Port 3, MAC address: C2:8C:15:33:E8:B6


Checking link statusdone
Port0 Link Up. Speed 0 Mbps - full-duplex
Port1 Link Up. Speed 0 Mbps - full-duplex
Port2 Link Up. Speed 0 Mbps - full-duplex
Port3 Link Up. Speed 0 Mbps - full-duplex
L2FWD: entering main loop on lcore 2
L2FWD:  -- lcoreid=2 portid=1
L2FWD: entering main loop on lcore 4
L2FWD:  -- lcoreid=4 portid=2
L2FWD: lcore 8 has nothing to do
L2FWD: entering main loop on lcore 6
L2FWD:  -- lcoreid=6 portid=3
L2FWD: lcore 12 has nothing to do
L2FWD: lcore 14 has nothing to do
L2FWD: lcore 10 has nothing to do
L2FWD: entering main loop on lcore 0
L2FWD:  -- lcoreid=0 portid=0
[2J[1;1H
Port statistics ====================================
Statistics for port 0 ------------------------------
Packets sent:                        0
Packets received:                    0
Packets dropped:                     0
TX rate:                             0
RX rate:                             0
Drop rate:                           0
Statistics for port 1 ------------------------------
Packets sent:                        0
Packets received:                 2485
Packets dropped:                     0
TX rate:                             0
RX rate:                           249
Drop rate:                           0
Statistics for port 2 ------------------------------
Packets sent:                        0
Packets received:                 2137
Packets dropped:                     0
TX rate:                             0
RX rate:                           214
Drop rate:                           0
Statistics for port 3 ------------------------------
Packets sent:                        0
Packets received:                 1574
Packets dropped:                     0
TX rate:                             0
RX rate:                           157
Drop rate:                           0
Aggregate statistics ===============================
Total packets sent:                  0
Total packets received:           6215
Total packets dropped:               0
Total TX rate:                       0
Total RX rate:                     620
Total drop rate:                     0
====================================================
[2J[1;1H
Port statistics ====================================
Statistics for port 0 ------------------------------
Packets sent:                        0
Packets received:             57624998
Packets dropped:                     0
TX rate:                             0
RX rate:                       5762499
Drop rate:                           0
Statistics for port 1 ------------------------------
Packets sent:                        0
Packets received:             57626636
Packets dropped:                     0
TX rate:                             0
RX rate:                       5762415
Drop rate:                           0
Statistics for port 2 ------------------------------
Packets sent:                        0
Packets received:             57047150
Packets dropped:                     0
TX rate:                             0
RX rate:                       5704500
Drop rate:                           0
Statistics for port 3 ------------------------------
Packets sent:                        0
Packets received:             57046578
Packets dropped:                     0
TX rate:                             0
RX rate:                       5704500
Drop rate:                           0
Aggregate statistics ===============================
Total packets sent:                  0
Total packets received:      229345372
Total packets dropped:               0
Total TX rate:                       0
Total RX rate:                22933914
Total drop rate:                     0
====================================================
[2J[1;1H
Port statistics ====================================
Statistics for port 0 ------------------------------
Packets sent:                        0
Packets received:            115249259
Packets dropped:                     0
TX rate:                             0
RX rate:                       5762426
Drop rate:                           0
Statistics for port 1 ------------------------------
Packets sent:                        0
Packets received:            115250871
Packets dropped:                     0
TX rate:                             0
RX rate:                       5762423
Drop rate:                           0
Statistics for port 2 ------------------------------
Packets sent:                        0
Packets received:            114092246
Packets dropped:                     0
TX rate:                             0
RX rate:                       5704509
Drop rate:                           0
Statistics for port 3 ------------------------------
Packets sent:                        0
Packets received:            114091675
Packets dropped:                     0
TX rate:                             0
RX rate:                       5704509
Drop rate:                           0
Aggregate statistics ===============================
Total packets sent:                  0
Total packets received:      458684061
Total packets dropped:               0
Total TX rate:                       0
Total RX rate:                22933867
Total drop rate:                     0
====================================================
[2J[1;1H
Port statistics ====================================
Statistics for port 0 ------------------------------
Packets sent:                        0
Packets received:            172873057
Packets dropped:                     0
TX rate:                             0
RX rate:                       5762379
Drop rate:                           0
Statistics for port 1 ------------------------------
Packets sent:                        0
Packets received:            172874699
Packets dropped:                     0
TX rate:                             0
RX rate:                       5762383
Drop rate:                           0
Statistics for port 2 ------------------------------
Packets sent:                        0
Packets received:            171136934
Packets dropped:                     0
TX rate:                             0
RX rate:                       5704468
Drop rate:                           0
Statistics for port 3 ------------------------------
Packets sent:                        0
Packets received:            171136374
Packets dropped:                     0
TX rate:                             0
RX rate:                       5704469
Drop rate:                           0
Aggregate statistics ===============================
Total packets sent:                  0
Total packets received:      688021076
Total packets dropped:               0
Total TX rate:                       0
Total RX rate:                22933699
Total drop rate:                     0
====================================================


Signal 15 received, preparing to exit...
Closing port 0... Done
Closing port 1... Done
Closing port 2... Done
Closing port 3... Done
Bye...
