EAL: Detected 40 lcore(s)
EAL: Detected 2 NUMA nodes
EAL: Multi-process socket /var/run/dpdk/rte/mp_socket
EAL: No free hugepages reported in hugepages-1048576kB
EAL: Probing VFIO support...
EAL: PCI device 0000:05:08.0 on NUMA socket 0
EAL:   probe driver: 19ee:6003 net_nfp_vf
EAL: PCI device 0000:05:08.1 on NUMA socket 0
EAL:   probe driver: 19ee:6003 net_nfp_vf
EAL: PCI device 0000:05:08.2 on NUMA socket 0
EAL:   probe driver: 19ee:6003 net_nfp_vf
EAL: PCI device 0000:05:08.3 on NUMA socket 0
EAL:   probe driver: 19ee:6003 net_nfp_vf
MAC updating enabled
Lcore 0: RX port 0
Lcore 2: RX port 1
Lcore 4: RX port 2
Lcore 6: RX port 3
Initializing port 0... done: 
Port 0, MAC address: 3E:AF:39:37:24:96

Initializing port 1... done: 
Port 1, MAC address: 3E:74:9C:3F:B0:D2

Initializing port 2... done: 
Port 2, MAC address: 52:11:72:4C:E6:CE

Initializing port 3... done: 
Port 3, MAC address: 3E:25:12:46:6F:00


Checking link statusdone
Port0 Link Up. Speed 0 Mbps - full-duplex
Port1 Link Up. Speed 0 Mbps - full-duplex
Port2 Link Up. Speed 0 Mbps - full-duplex
Port3 Link Up. Speed 0 Mbps - full-duplex
L2FWD: entering main loop on lcore 2
L2FWD:  -- lcoreid=2 portid=1
L2FWD: entering main loop on lcore 6
L2FWD:  -- lcoreid=6 portid=3
L2FWD: lcore 8 has nothing to do
L2FWD: lcore 10 has nothing to do
L2FWD: lcore 12 has nothing to do
L2FWD: lcore 14 has nothing to do
L2FWD: entering main loop on lcore 0
L2FWD:  -- lcoreid=0 portid=0
[2J[1;1H
Port statistics ====================================
Statistics for port 0 ------------------------------
Packets sent:                        0
Packets received:                    0
Packets dropped:                     0
TX rate:                             0
RX rate:                             0
Drop rate:                           0
Statistics for port 1 ------------------------------
Packets sent:                        0
Packets received:                 3790
Packets dropped:                     0
TX rate:                             0
RX rate:                           379
Drop rate:                           0
Statistics for port 2 ------------------------------
Packets sent:                        0
Packets received:                    0
Packets dropped:                     0
TX rate:                             0
RX rate:                             0
Drop rate:                           0
Statistics for port 3 ------------------------------
Packets sent:                        0
Packets received:                 3270
Packets dropped:                     0
TX rate:                             0
RX rate:                           327
Drop rate:                           0
Aggregate statistics ===============================
Total packets sent:                  0
Total packets received:           7091
Total packets dropped:               0
Total TX rate:                       0
Total RX rate:                     706
Total drop rate:                     0
====================================================
L2FWD: entering main loop on lcore 4
L2FWD:  -- lcoreid=4 portid=2
[2J[1;1H
Port statistics ====================================
Statistics for port 0 ------------------------------
Packets sent:                        0
Packets received:             69239422
Packets dropped:                     0
TX rate:                             0
RX rate:                       6923942
Drop rate:                           0
Statistics for port 1 ------------------------------
Packets sent:                        0
Packets received:             69242441
Packets dropped:                     0
TX rate:                             0
RX rate:                       6923864
Drop rate:                           0
Statistics for port 2 ------------------------------
Packets sent:                        0
Packets received:             68534132
Packets dropped:                     0
TX rate:                             0
RX rate:                       6853413
Drop rate:                           0
Statistics for port 3 ------------------------------
Packets sent:                        0
Packets received:             68546072
Packets dropped:                     0
TX rate:                             0
RX rate:                       6854279
Drop rate:                           0
Aggregate statistics ===============================
Total packets sent:                  0
Total packets received:      275562100
Total packets dropped:               0
Total TX rate:                       0
Total RX rate:                27555498
Total drop rate:                     0
====================================================
[2J[1;1H
Port statistics ====================================
Statistics for port 0 ------------------------------
Packets sent:                        0
Packets received:            138481146
Packets dropped:                     0
TX rate:                             0
RX rate:                       6924172
Drop rate:                           0
Statistics for port 1 ------------------------------
Packets sent:                        0
Packets received:            138484113
Packets dropped:                     0
TX rate:                             0
RX rate:                       6924167
Drop rate:                           0
Statistics for port 2 ------------------------------
Packets sent:                        0
Packets received:            137079916
Packets dropped:                     0
TX rate:                             0
RX rate:                       6854578
Drop rate:                           0
Statistics for port 3 ------------------------------
Packets sent:                        0
Packets received:            137091774
Packets dropped:                     0
TX rate:                             0
RX rate:                       6854570
Drop rate:                           0
Aggregate statistics ===============================
Total packets sent:                  0
Total packets received:      551136949
Total packets dropped:               0
Total TX rate:                       0
Total RX rate:                27557487
Total drop rate:                     0
====================================================
[2J[1;1H
Port statistics ====================================
Statistics for port 0 ------------------------------
Packets sent:                        0
Packets received:            207726090
Packets dropped:                     0
TX rate:                             0
RX rate:                       6924494
Drop rate:                           0
Statistics for port 1 ------------------------------
Packets sent:                        0
Packets received:            207729086
Packets dropped:                     0
TX rate:                             0
RX rate:                       6924498
Drop rate:                           0
Statistics for port 2 ------------------------------
Packets sent:                        0
Packets received:            205628958
Packets dropped:                     0
TX rate:                             0
RX rate:                       6854904
Drop rate:                           0
Statistics for port 3 ------------------------------
Packets sent:                        0
Packets received:            205640816
Packets dropped:                     0
TX rate:                             0
RX rate:                       6854904
Drop rate:                           0
Aggregate statistics ===============================
Total packets sent:                  0
Total packets received:      826724962
Total packets dropped:               0
Total TX rate:                       0
Total RX rate:                27558800
Total drop rate:                     0
====================================================


Signal 15 received, preparing to exit...
Closing port 0... Done
Closing port 1... Done
Closing port 2... Done
Closing port 3... Done
Bye...
