EAL: Detected 40 lcore(s)
EAL: Detected 2 NUMA nodes
EAL: Multi-process socket /var/run/dpdk/rte/mp_socket
EAL: No free hugepages reported in hugepages-1048576kB
EAL: Probing VFIO support...
EAL: PCI device 0000:05:08.0 on NUMA socket 0
EAL:   probe driver: 19ee:6003 net_nfp_vf
EAL: PCI device 0000:05:08.1 on NUMA socket 0
EAL:   probe driver: 19ee:6003 net_nfp_vf
EAL: PCI device 0000:05:08.2 on NUMA socket 0
EAL:   probe driver: 19ee:6003 net_nfp_vf
EAL: PCI device 0000:05:08.3 on NUMA socket 0
EAL:   probe driver: 19ee:6003 net_nfp_vf
MAC updating enabled
Lcore 0: RX port 0
Lcore 2: RX port 1
Lcore 4: RX port 2
Lcore 6: RX port 3
Initializing port 0... done: 
Port 0, MAC address: D2:19:10:39:BE:77

Initializing port 1... done: 
Port 1, MAC address: 22:DE:77:7F:DA:5E

Initializing port 2... done: 
Port 2, MAC address: 02:53:53:2C:20:F0

Initializing port 3... done: 
Port 3, MAC address: 3E:0B:C7:30:39:E5


Checking link statusdone
Port0 Link Up. Speed 0 Mbps - full-duplex
Port1 Link Up. Speed 0 Mbps - full-duplex
Port2 Link Up. Speed 0 Mbps - full-duplex
Port3 Link Up. Speed 0 Mbps - full-duplex
L2FWD: entering main loop on lcore 2
L2FWD: entering main loop on lcore 6
L2FWD: lcore 8 has nothing to do
L2FWD: lcore 10 has nothing to do
L2FWD:  -- lcoreid=2 portid=1
L2FWD: lcore 12 has nothing to do
L2FWD: lcore 14 has nothing to do
L2FWD:  -- lcoreid=6 portid=3
L2FWD: entering main loop on lcore 0
L2FWD:  -- lcoreid=0 portid=0
[2J[1;1H
Port statistics ====================================
Statistics for port 0 ------------------------------
Packets sent:                        0
Packets received:                    0
Packets dropped:                     0
TX rate:                             0
RX rate:                             0
Drop rate:                           0
Statistics for port 1 ------------------------------
Packets sent:                        0
Packets received:                 1105
Packets dropped:                     0
TX rate:                             0
RX rate:                           110
Drop rate:                           0
Statistics for port 2 ------------------------------
Packets sent:                        0
Packets received:                    0
Packets dropped:                     0
TX rate:                             0
RX rate:                             0
Drop rate:                           0
Statistics for port 3 ------------------------------
Packets sent:                        0
Packets received:                  716
Packets dropped:                     0
TX rate:                             0
RX rate:                            71
Drop rate:                           0
Aggregate statistics ===============================
Total packets sent:                  0
Total packets received:           1821
Total packets dropped:               0
Total TX rate:                       0
Total RX rate:                     181
Total drop rate:                     0
====================================================
L2FWD: entering main loop on lcore 4
L2FWD:  -- lcoreid=4 portid=2
[2J[1;1H
Port statistics ====================================
Statistics for port 0 ------------------------------
Packets sent:                        0
Packets received:              4176357
Packets dropped:                     0
TX rate:                             0
RX rate:                        417635
Drop rate:                           0
Statistics for port 1 ------------------------------
Packets sent:                        0
Packets received:              4178349
Packets dropped:                     0
TX rate:                             0
RX rate:                        417724
Drop rate:                           0
Statistics for port 2 ------------------------------
Packets sent:                        0
Packets received:              4134645
Packets dropped:                     0
TX rate:                             0
RX rate:                        413464
Drop rate:                           0
Statistics for port 3 ------------------------------
Packets sent:                        0
Packets received:              4132498
Packets dropped:                     0
TX rate:                             0
RX rate:                        413178
Drop rate:                           0
Aggregate statistics ===============================
Total packets sent:                  0
Total packets received:       16621851
Total packets dropped:               0
Total TX rate:                       0
Total RX rate:                 1662001
Total drop rate:                     0
====================================================
[2J[1;1H
Port statistics ====================================
Statistics for port 0 ------------------------------
Packets sent:                        0
Packets received:              8347873
Packets dropped:                     0
TX rate:                             0
RX rate:                        417151
Drop rate:                           0
Statistics for port 1 ------------------------------
Packets sent:                        0
Packets received:              8352477
Packets dropped:                     0
TX rate:                             0
RX rate:                        417412
Drop rate:                           0
Statistics for port 2 ------------------------------
Packets sent:                        0
Packets received:              8265196
Packets dropped:                     0
TX rate:                             0
RX rate:                        413055
Drop rate:                           0
Statistics for port 3 ------------------------------
Packets sent:                        0
Packets received:              8261017
Packets dropped:                     0
TX rate:                             0
RX rate:                        412852
Drop rate:                           0
Aggregate statistics ===============================
Total packets sent:                  0
Total packets received:       33226566
Total packets dropped:               0
Total TX rate:                       0
Total RX rate:                 1660470
Total drop rate:                     0
====================================================
[2J[1;1H
Port statistics ====================================
Statistics for port 0 ------------------------------
Packets sent:                        0
Packets received:             12519618
Packets dropped:                     0
TX rate:                             0
RX rate:                        417174
Drop rate:                           0
Statistics for port 1 ------------------------------
Packets sent:                        0
Packets received:             12525984
Packets dropped:                     0
TX rate:                             0
RX rate:                        417350
Drop rate:                           0
Statistics for port 2 ------------------------------
Packets sent:                        0
Packets received:             12395228
Packets dropped:                     0
TX rate:                             0
RX rate:                        413003
Drop rate:                           0
Statistics for port 3 ------------------------------
Packets sent:                        0
Packets received:             12390359
Packets dropped:                     0
TX rate:                             0
RX rate:                        412934
Drop rate:                           0
Aggregate statistics ===============================
Total packets sent:                  0
Total packets received:       49831191
Total packets dropped:               0
Total TX rate:                       0
Total RX rate:                 1660461
Total drop rate:                     0
====================================================


Signal 15 received, preparing to exit...
Closing port 0... Done
Closing port 1... Done
Closing port 2... Done
Closing port 3... Done
Bye...
