EAL: Detected 40 lcore(s)
EAL: Detected 2 NUMA nodes
EAL: Multi-process socket /var/run/dpdk/rte/mp_socket
EAL: No free hugepages reported in hugepages-1048576kB
EAL: Probing VFIO support...
EAL: PCI device 0000:05:08.0 on NUMA socket 0
EAL:   probe driver: 19ee:6003 net_nfp_vf
EAL: PCI device 0000:05:08.1 on NUMA socket 0
EAL:   probe driver: 19ee:6003 net_nfp_vf
EAL: PCI device 0000:05:08.2 on NUMA socket 0
EAL:   probe driver: 19ee:6003 net_nfp_vf
EAL: PCI device 0000:05:08.3 on NUMA socket 0
EAL:   probe driver: 19ee:6003 net_nfp_vf
MAC updating enabled
Lcore 0: RX port 0
Lcore 2: RX port 1
Lcore 4: RX port 2
Lcore 6: RX port 3
Initializing port 0... done: 
Port 0, MAC address: 8A:1D:B2:34:56:97

Initializing port 1... done: 
Port 1, MAC address: 9A:94:10:4E:32:44

Initializing port 2... done: 
Port 2, MAC address: 3A:DA:16:2D:38:71

Initializing port 3... done: 
Port 3, MAC address: 36:B1:41:39:11:C8


Checking link statusdone
Port0 Link Up. Speed 0 Mbps - full-duplex
Port1 Link Up. Speed 0 Mbps - full-duplex
Port2 Link Up. Speed 0 Mbps - full-duplex
Port3 Link Up. Speed 0 Mbps - full-duplex
L2FWD: entering main loop on lcore 2
L2FWD:  -- lcoreid=2 portid=1
L2FWD: entering main loop on lcore 6
L2FWD:  -- lcoreid=6 portid=3
L2FWD: lcore 8 has nothing to do
L2FWD: lcore 10 has nothing to do
L2FWD: lcore 12 has nothing to do
L2FWD: lcore 14 has nothing to do
L2FWD: entering main loop on lcore 0
L2FWD:  -- lcoreid=0 portid=0
[2J[1;1H
Port statistics ====================================
Statistics for port 0 ------------------------------
Packets sent:                        0
Packets received:                    0
Packets dropped:                     0
TX rate:                             0
RX rate:                             0
Drop rate:                           0
Statistics for port 1 ------------------------------
Packets sent:                        0
Packets received:                 1157
Packets dropped:                     0
TX rate:                             0
RX rate:                           115
Drop rate:                           0
Statistics for port 2 ------------------------------
Packets sent:                        0
Packets received:                    0
Packets dropped:                     0
TX rate:                             0
RX rate:                             0
Drop rate:                           0
Statistics for port 3 ------------------------------
Packets sent:                        0
Packets received:                  725
Packets dropped:                     0
TX rate:                             0
RX rate:                            72
Drop rate:                           0
Aggregate statistics ===============================
Total packets sent:                  0
Total packets received:           1887
Total packets dropped:               0
Total TX rate:                       0
Total RX rate:                     187
Total drop rate:                     0
====================================================
L2FWD: entering main loop on lcore 4
L2FWD:  -- lcoreid=4 portid=2
[2J[1;1H
Port statistics ====================================
Statistics for port 0 ------------------------------
Packets sent:                        0
Packets received:              5110036
Packets dropped:                     0
TX rate:                             0
RX rate:                        511003
Drop rate:                           0
Statistics for port 1 ------------------------------
Packets sent:                        0
Packets received:              5106860
Packets dropped:                     0
TX rate:                             0
RX rate:                        510570
Drop rate:                           0
Statistics for port 2 ------------------------------
Packets sent:                        0
Packets received:              5056594
Packets dropped:                     0
TX rate:                             0
RX rate:                        505659
Drop rate:                           0
Statistics for port 3 ------------------------------
Packets sent:                        0
Packets received:              5059405
Packets dropped:                     0
TX rate:                             0
RX rate:                        505868
Drop rate:                           0
Aggregate statistics ===============================
Total packets sent:                  0
Total packets received:       20332904
Total packets dropped:               0
Total TX rate:                       0
Total RX rate:                 2033100
Total drop rate:                     0
====================================================
[2J[1;1H
Port statistics ====================================
Statistics for port 0 ------------------------------
Packets sent:                        0
Packets received:             10219548
Packets dropped:                     0
TX rate:                             0
RX rate:                        510951
Drop rate:                           0
Statistics for port 1 ------------------------------
Packets sent:                        0
Packets received:             10214246
Packets dropped:                     0
TX rate:                             0
RX rate:                        510738
Drop rate:                           0
Statistics for port 2 ------------------------------
Packets sent:                        0
Packets received:             10112148
Packets dropped:                     0
TX rate:                             0
RX rate:                        505555
Drop rate:                           0
Statistics for port 3 ------------------------------
Packets sent:                        0
Packets received:             10117243
Packets dropped:                     0
TX rate:                             0
RX rate:                        505783
Drop rate:                           0
Aggregate statistics ===============================
Total packets sent:                  0
Total packets received:       40663187
Total packets dropped:               0
Total TX rate:                       0
Total RX rate:                 2033027
Total drop rate:                     0
====================================================
[2J[1;1H
Port statistics ====================================
Statistics for port 0 ------------------------------
Packets sent:                        0
Packets received:             15329865
Packets dropped:                     0
TX rate:                             0
RX rate:                        511031
Drop rate:                           0
Statistics for port 1 ------------------------------
Packets sent:                        0
Packets received:             15320888
Packets dropped:                     0
TX rate:                             0
RX rate:                        510664
Drop rate:                           0
Statistics for port 2 ------------------------------
Packets sent:                        0
Packets received:             15168410
Packets dropped:                     0
TX rate:                             0
RX rate:                        505626
Drop rate:                           0
Statistics for port 3 ------------------------------
Packets sent:                        0
Packets received:             15174277
Packets dropped:                     0
TX rate:                             0
RX rate:                        505703
Drop rate:                           0
Aggregate statistics ===============================
Total packets sent:                  0
Total packets received:       60993442
Total packets dropped:               0
Total TX rate:                       0
Total RX rate:                 2033024
Total drop rate:                     0
====================================================


Signal 15 received, preparing to exit...
Closing port 0... Done
Closing port 1... Done
Closing port 2... Done
Closing port 3... Done
Bye...
