EAL: Detected 40 lcore(s)
EAL: Detected 2 NUMA nodes
EAL: Multi-process socket /var/run/dpdk/rte/mp_socket
EAL: No free hugepages reported in hugepages-1048576kB
EAL: Probing VFIO support...
EAL: PCI device 0000:05:08.0 on NUMA socket 0
EAL:   probe driver: 19ee:6003 net_nfp_vf
EAL: PCI device 0000:05:08.1 on NUMA socket 0
EAL:   probe driver: 19ee:6003 net_nfp_vf
EAL: PCI device 0000:05:08.2 on NUMA socket 0
EAL:   probe driver: 19ee:6003 net_nfp_vf
EAL: PCI device 0000:05:08.3 on NUMA socket 0
EAL:   probe driver: 19ee:6003 net_nfp_vf
MAC updating enabled
Lcore 0: RX port 0
Lcore 2: RX port 1
Lcore 4: RX port 2
Lcore 6: RX port 3
Initializing port 0... done: 
Port 0, MAC address: 00:15:4D:00:00:00

Initializing port 1... done: 
Port 1, MAC address: 00:15:4D:00:00:01

Initializing port 2... done: 
Port 2, MAC address: 00:15:4D:00:00:02

Initializing port 3... done: 
Port 3, MAC address: 00:15:4D:00:00:03


Checking link statusdone
Port0 Link Up. Speed 0 Mbps - full-duplex
Port1 Link Up. Speed 0 Mbps - full-duplex
Port2 Link Up. Speed 0 Mbps - full-duplex
Port3 Link Up. Speed 0 Mbps - full-duplex
L2FWD: entering main loop on lcore 2
L2FWD:  -- lcoreid=2 portid=1
L2FWD: entering main loop on lcore 6
L2FWD:  -- lcoreid=6 portid=3
L2FWD: lcore 10 has nothing to do
L2FWD: lcore 8 has nothing to do
L2FWD: lcore 12 has nothing to do
L2FWD: lcore 14 has nothing to do
L2FWD: entering main loop on lcore 0
L2FWD:  -- lcoreid=0 portid=0
[2J[1;1H
Port statistics ====================================
Statistics for port 0 ------------------------------
Packets sent:                        0
Packets received:                    0
Packets dropped:                     0
TX rate:                             0
RX rate:                             0
Drop rate:                           0
Statistics for port 1 ------------------------------
Packets sent:                        0
Packets received:                 2997
Packets dropped:                     0
TX rate:                             0
RX rate:                           300
Drop rate:                           0
Statistics for port 2 ------------------------------
Packets sent:                        0
Packets received:                    0
Packets dropped:                     0
TX rate:                             0
RX rate:                             0
Drop rate:                           0
Statistics for port 3 ------------------------------
Packets sent:                        0
Packets received:                 2532
Packets dropped:                     0
TX rate:                             0
RX rate:                           254
Drop rate:                           0
Aggregate statistics ===============================
Total packets sent:                  0
Total packets received:           5545
Total packets dropped:               0
Total TX rate:                       0
Total RX rate:                     554
Total drop rate:                     0
====================================================
L2FWD: entering main loop on lcore 4
L2FWD:  -- lcoreid=4 portid=2
[2J[1;1H
Port statistics ====================================
Statistics for port 0 ------------------------------
Packets sent:                        0
Packets received:             68891552
Packets dropped:                     0
TX rate:                             0
RX rate:                       6889155
Drop rate:                           0
Statistics for port 1 ------------------------------
Packets sent:                        0
Packets received:             68903637
Packets dropped:                     0
TX rate:                             0
RX rate:                       6890063
Drop rate:                           0
Statistics for port 2 ------------------------------
Packets sent:                        0
Packets received:             68868831
Packets dropped:                     0
TX rate:                             0
RX rate:                       6886883
Drop rate:                           0
Statistics for port 3 ------------------------------
Packets sent:                        0
Packets received:             68883269
Packets dropped:                     0
TX rate:                             0
RX rate:                       6888072
Drop rate:                           0
Aggregate statistics ===============================
Total packets sent:                  0
Total packets received:      275547306
Total packets dropped:               0
Total TX rate:                       0
Total RX rate:                27554173
Total drop rate:                     0
====================================================
[2J[1;1H
Port statistics ====================================
Statistics for port 0 ------------------------------
Packets sent:                        0
Packets received:            137768520
Packets dropped:                     0
TX rate:                             0
RX rate:                       6887696
Drop rate:                           0
Statistics for port 1 ------------------------------
Packets sent:                        0
Packets received:            137798700
Packets dropped:                     0
TX rate:                             0
RX rate:                       6889507
Drop rate:                           0
Statistics for port 2 ------------------------------
Packets sent:                        0
Packets received:            137756387
Packets dropped:                     0
TX rate:                             0
RX rate:                       6888755
Drop rate:                           0
Statistics for port 3 ------------------------------
Packets sent:                        0
Packets received:            137773009
Packets dropped:                     0
TX rate:                             0
RX rate:                       6888974
Drop rate:                           0
Aggregate statistics ===============================
Total packets sent:                  0
Total packets received:      551096642
Total packets dropped:               0
Total TX rate:                       0
Total RX rate:                27554932
Total drop rate:                     0
====================================================
[2J[1;1H
Port statistics ====================================
Statistics for port 0 ------------------------------
Packets sent:                        0
Packets received:            206647200
Packets dropped:                     0
TX rate:                             0
RX rate:                       6887868
Drop rate:                           0
Statistics for port 1 ------------------------------
Packets sent:                        0
Packets received:            206696871
Packets dropped:                     0
TX rate:                             0
RX rate:                       6889815
Drop rate:                           0
Statistics for port 2 ------------------------------
Packets sent:                        0
Packets received:            206629105
Packets dropped:                     0
TX rate:                             0
RX rate:                       6887271
Drop rate:                           0
Statistics for port 3 ------------------------------
Packets sent:                        0
Packets received:            206669368
Packets dropped:                     0
TX rate:                             0
RX rate:                       6889637
Drop rate:                           0
Aggregate statistics ===============================
Total packets sent:                  0
Total packets received:      826642582
Total packets dropped:               0
Total TX rate:                       0
Total RX rate:                27554591
Total drop rate:                     0
====================================================


Signal 15 received, preparing to exit...
Closing port 0... Done
Closing port 1... Done
Closing port 2... Done
Closing port 3... Done
Bye...
