EAL: Detected 40 lcore(s)
EAL: Detected 2 NUMA nodes
EAL: Multi-process socket /var/run/dpdk/rte/mp_socket
EAL: No free hugepages reported in hugepages-1048576kB
EAL: Probing VFIO support...
EAL: PCI device 0000:05:08.0 on NUMA socket 0
EAL:   probe driver: 19ee:6003 net_nfp_vf
EAL: PCI device 0000:05:08.1 on NUMA socket 0
EAL:   probe driver: 19ee:6003 net_nfp_vf
EAL: PCI device 0000:05:08.2 on NUMA socket 0
EAL:   probe driver: 19ee:6003 net_nfp_vf
EAL: PCI device 0000:05:08.3 on NUMA socket 0
EAL:   probe driver: 19ee:6003 net_nfp_vf
MAC updating enabled
Lcore 0: RX port 0
Lcore 2: RX port 1
Lcore 4: RX port 2
Lcore 6: RX port 3
Initializing port 0... done: 
Port 0, MAC address: 0E:B3:2E:10:81:FD

Initializing port 1... done: 
Port 1, MAC address: 5A:1F:11:22:0A:DF

Initializing port 2... done: 
Port 2, MAC address: 9A:52:4B:3D:9C:5E

Initializing port 3... done: 
Port 3, MAC address: 92:B6:8A:4C:E1:08


Checking link statusdone
Port0 Link Up. Speed 0 Mbps - full-duplex
Port1 Link Up. Speed 0 Mbps - full-duplex
Port2 Link Up. Speed 0 Mbps - full-duplex
Port3 Link Up. Speed 0 Mbps - full-duplex
L2FWD: entering main loop on lcore 2
L2FWD:  -- lcoreid=2 portid=1
L2FWD: entering main loop on lcore 6
L2FWD:  -- lcoreid=6 portid=3
L2FWD: lcore 8 has nothing to do
L2FWD: lcore 10 has nothing to do
L2FWD: lcore 12 has nothing to do
L2FWD: lcore 14 has nothing to do
L2FWD: entering main loop on lcore 0
L2FWD:  -- lcoreid=0 portid=0
[2J[1;1H
Port statistics ====================================
Statistics for port 0 ------------------------------
Packets sent:                        0
Packets received:                    0
Packets dropped:                     0
TX rate:                             0
RX rate:                             0
Drop rate:                           0
Statistics for port 1 ------------------------------
Packets sent:                        0
Packets received:                 5226
Packets dropped:                     0
TX rate:                             0
RX rate:                           523
Drop rate:                           0
Statistics for port 2 ------------------------------
Packets sent:                        0
Packets received:                    0
Packets dropped:                     0
TX rate:                             0
RX rate:                             0
Drop rate:                           0
Statistics for port 3 ------------------------------
Packets sent:                        0
Packets received:                 4318
Packets dropped:                     0
TX rate:                             0
RX rate:                           432
Drop rate:                           0
Aggregate statistics ===============================
Total packets sent:                  0
Total packets received:           9585
Total packets dropped:               0
Total TX rate:                       0
Total RX rate:                     955
Total drop rate:                     0
====================================================
L2FWD: entering main loop on lcore 4
L2FWD:  -- lcoreid=4 portid=2
[2J[1;1H
Port statistics ====================================
Statistics for port 0 ------------------------------
Packets sent:                        0
Packets received:             69273350
Packets dropped:                     0
TX rate:                             0
RX rate:                       6927335
Drop rate:                           0
Statistics for port 1 ------------------------------
Packets sent:                        0
Packets received:             69277744
Packets dropped:                     0
TX rate:                             0
RX rate:                       6927250
Drop rate:                           0
Statistics for port 2 ------------------------------
Packets sent:                        0
Packets received:             68557270
Packets dropped:                     0
TX rate:                             0
RX rate:                       6855727
Drop rate:                           0
Statistics for port 3 ------------------------------
Packets sent:                        0
Packets received:             68580656
Packets dropped:                     0
TX rate:                             0
RX rate:                       6857633
Drop rate:                           0
Aggregate statistics ===============================
Total packets sent:                  0
Total packets received:      275689032
Total packets dropped:               0
Total TX rate:                       0
Total RX rate:                27567945
Total drop rate:                     0
====================================================
[2J[1;1H
Port statistics ====================================
Statistics for port 0 ------------------------------
Packets sent:                        0
Packets received:            138544846
Packets dropped:                     0
TX rate:                             0
RX rate:                       6927149
Drop rate:                           0
Statistics for port 1 ------------------------------
Packets sent:                        0
Packets received:            138549310
Packets dropped:                     0
TX rate:                             0
RX rate:                       6927156
Drop rate:                           0
Statistics for port 2 ------------------------------
Packets sent:                        0
Packets received:            137132637
Packets dropped:                     0
TX rate:                             0
RX rate:                       6857536
Drop rate:                           0
Statistics for port 3 ------------------------------
Packets sent:                        0
Packets received:            137156006
Packets dropped:                     0
TX rate:                             0
RX rate:                       6857535
Drop rate:                           0
Aggregate statistics ===============================
Total packets sent:                  0
Total packets received:      551382822
Total packets dropped:               0
Total TX rate:                       0
Total RX rate:                27569376
Total drop rate:                     0
====================================================
[2J[1;1H
Port statistics ====================================
Statistics for port 0 ------------------------------
Packets sent:                        0
Packets received:            207816978
Packets dropped:                     0
TX rate:                             0
RX rate:                       6927213
Drop rate:                           0
Statistics for port 1 ------------------------------
Packets sent:                        0
Packets received:            207821471
Packets dropped:                     0
TX rate:                             0
RX rate:                       6927216
Drop rate:                           0
Statistics for port 2 ------------------------------
Packets sent:                        0
Packets received:            205708550
Packets dropped:                     0
TX rate:                             0
RX rate:                       6857592
Drop rate:                           0
Statistics for port 3 ------------------------------
Packets sent:                        0
Packets received:            205731983
Packets dropped:                     0
TX rate:                             0
RX rate:                       6857597
Drop rate:                           0
Aggregate statistics ===============================
Total packets sent:                  0
Total packets received:      827079009
Total packets dropped:               0
Total TX rate:                       0
Total RX rate:                27569618
Total drop rate:                     0
====================================================


Signal 15 received, preparing to exit...
Closing port 0... Done
Closing port 1... Done
Closing port 2... Done
Closing port 3... Done
Bye...
