EAL: Detected 40 lcore(s)
EAL: Detected 2 NUMA nodes
EAL: Multi-process socket /var/run/dpdk/rte/mp_socket
EAL: No free hugepages reported in hugepages-1048576kB
EAL: Probing VFIO support...
EAL: PCI device 0000:05:08.0 on NUMA socket 0
EAL:   probe driver: 19ee:6003 net_nfp_vf
EAL: PCI device 0000:05:08.1 on NUMA socket 0
EAL:   probe driver: 19ee:6003 net_nfp_vf
EAL: PCI device 0000:05:08.2 on NUMA socket 0
EAL:   probe driver: 19ee:6003 net_nfp_vf
EAL: PCI device 0000:05:08.3 on NUMA socket 0
EAL:   probe driver: 19ee:6003 net_nfp_vf
MAC updating enabled
Lcore 0: RX port 0
Lcore 2: RX port 1
Lcore 4: RX port 2
Lcore 6: RX port 3
Initializing port 0... done: 
Port 0, MAC address: 1E:73:C3:76:84:7D

Initializing port 1... done: 
Port 1, MAC address: 1E:8B:C4:24:10:79

Initializing port 2... done: 
Port 2, MAC address: 32:33:C8:6E:46:CC

Initializing port 3... done: 
Port 3, MAC address: 1E:CA:B8:6C:CF:AC


Checking link statusdone
Port0 Link Up. Speed 0 Mbps - full-duplex
Port1 Link Up. Speed 0 Mbps - full-duplex
Port2 Link Up. Speed 0 Mbps - full-duplex
Port3 Link Up. Speed 0 Mbps - full-duplex
L2FWD: entering main loop on lcore 2
L2FWD:  -- lcoreid=2 portid=1
L2FWD: entering main loop on lcore 6
L2FWD:  -- lcoreid=6 portid=3
L2FWD: lcore 8 has nothing to do
L2FWD: entering main loop on lcore 4
L2FWD:  -- lcoreid=4 portid=2
L2FWD: lcore 10 has nothing to do
L2FWD: lcore 12 has nothing to do
L2FWD: lcore 14 has nothing to do
L2FWD: entering main loop on lcore 0
L2FWD:  -- lcoreid=0 portid=0
[2J[1;1H
Port statistics ====================================
Statistics for port 0 ------------------------------
Packets sent:                        0
Packets received:                    0
Packets dropped:                     0
TX rate:                             0
RX rate:                             0
Drop rate:                           0
Statistics for port 1 ------------------------------
Packets sent:                        0
Packets received:                 5420
Packets dropped:                     0
TX rate:                             0
RX rate:                           542
Drop rate:                           0
Statistics for port 2 ------------------------------
Packets sent:                        0
Packets received:                 5068
Packets dropped:                     0
TX rate:                             0
RX rate:                           507
Drop rate:                           0
Statistics for port 3 ------------------------------
Packets sent:                        0
Packets received:                 5302
Packets dropped:                     0
TX rate:                             0
RX rate:                           530
Drop rate:                           0
Aggregate statistics ===============================
Total packets sent:                  0
Total packets received:          15802
Total packets dropped:               0
Total TX rate:                       0
Total RX rate:                    1579
Total drop rate:                     0
====================================================
[2J[1;1H
Port statistics ====================================
Statistics for port 0 ------------------------------
Packets sent:                        0
Packets received:             14245856
Packets dropped:                     0
TX rate:                             0
RX rate:                       1424585
Drop rate:                           0
Statistics for port 1 ------------------------------
Packets sent:                        0
Packets received:             14250167
Packets dropped:                     0
TX rate:                             0
RX rate:                       1424474
Drop rate:                           0
Statistics for port 2 ------------------------------
Packets sent:                        0
Packets received:             14106273
Packets dropped:                     0
TX rate:                             0
RX rate:                       1410120
Drop rate:                           0
Statistics for port 3 ------------------------------
Packets sent:                        0
Packets received:             14106703
Packets dropped:                     0
TX rate:                             0
RX rate:                       1410141
Drop rate:                           0
Aggregate statistics ===============================
Total packets sent:                  0
Total packets received:       56709041
Total packets dropped:               0
Total TX rate:                       0
Total RX rate:                 5669320
Total drop rate:                     0
====================================================
[2J[1;1H
Port statistics ====================================
Statistics for port 0 ------------------------------
Packets sent:                        0
Packets received:             28360821
Packets dropped:                     0
TX rate:                             0
RX rate:                       1411496
Drop rate:                           0
Statistics for port 1 ------------------------------
Packets sent:                        0
Packets received:             28364707
Packets dropped:                     0
TX rate:                             0
RX rate:                       1411454
Drop rate:                           0
Statistics for port 2 ------------------------------
Packets sent:                        0
Packets received:             28078446
Packets dropped:                     0
TX rate:                             0
RX rate:                       1397217
Drop rate:                           0
Statistics for port 3 ------------------------------
Packets sent:                        0
Packets received:             28079232
Packets dropped:                     0
TX rate:                             0
RX rate:                       1397251
Drop rate:                           0
Aggregate statistics ===============================
Total packets sent:                  0
Total packets received:      112883220
Total packets dropped:               0
Total TX rate:                       0
Total RX rate:                 5617418
Total drop rate:                     0
====================================================
[2J[1;1H
Port statistics ====================================
Statistics for port 0 ------------------------------
Packets sent:                        0
Packets received:             42475764
Packets dropped:                     0
TX rate:                             0
RX rate:                       1411494
Drop rate:                           0
Statistics for port 1 ------------------------------
Packets sent:                        0
Packets received:             42479323
Packets dropped:                     0
TX rate:                             0
RX rate:                       1411460
Drop rate:                           0
Statistics for port 2 ------------------------------
Packets sent:                        0
Packets received:             42050936
Packets dropped:                     0
TX rate:                             0
RX rate:                       1397249
Drop rate:                           0
Statistics for port 3 ------------------------------
Packets sent:                        0
Packets received:             42051616
Packets dropped:                     0
TX rate:                             0
RX rate:                       1397238
Drop rate:                           0
Aggregate statistics ===============================
Total packets sent:                  0
Total packets received:      169057641
Total packets dropped:               0
Total TX rate:                       0
Total RX rate:                 5617441
Total drop rate:                     0
====================================================


Signal 15 received, preparing to exit...
Closing port 0... Done
Closing port 1... Done
Closing port 2... Done
Closing port 3... Done
Bye...
