EAL: Detected 40 lcore(s)
EAL: Detected 2 NUMA nodes
EAL: Multi-process socket /var/run/dpdk/rte/mp_socket
EAL: No free hugepages reported in hugepages-1048576kB
EAL: Probing VFIO support...
EAL: PCI device 0000:05:08.0 on NUMA socket 0
EAL:   probe driver: 19ee:6003 net_nfp_vf
EAL: PCI device 0000:05:08.1 on NUMA socket 0
EAL:   probe driver: 19ee:6003 net_nfp_vf
EAL: PCI device 0000:05:08.2 on NUMA socket 0
EAL:   probe driver: 19ee:6003 net_nfp_vf
EAL: PCI device 0000:05:08.3 on NUMA socket 0
EAL:   probe driver: 19ee:6003 net_nfp_vf
MAC updating enabled
Lcore 0: RX port 0
Lcore 2: RX port 1
Lcore 4: RX port 2
Lcore 6: RX port 3
Initializing port 0... done: 
Port 0, MAC address: 9A:55:EF:5C:58:6F

Initializing port 1... done: 
Port 1, MAC address: 5E:38:8D:53:39:F6

Initializing port 2... done: 
Port 2, MAC address: D2:B2:4B:5F:E3:B6

Initializing port 3... done: 
Port 3, MAC address: C2:7C:94:54:00:04


Checking link statusdone
Port0 Link Up. Speed 0 Mbps - full-duplex
Port1 Link Up. Speed 0 Mbps - full-duplex
Port2 Link Up. Speed 0 Mbps - full-duplex
Port3 Link Up. Speed 0 Mbps - full-duplex
L2FWD: entering main loop on lcore 2
L2FWD: entering main loop on lcore 6
L2FWD:  -- lcoreid=6 portid=3
L2FWD: lcore 10 has nothing to do
L2FWD: lcore 12 has nothing to do
L2FWD: lcore 8 has nothing to do
L2FWD:  -- lcoreid=2 portid=1
L2FWD: entering main loop on lcore 0
L2FWD:  -- lcoreid=0 portid=0
[2J[1;1H
Port statistics ====================================
Statistics for port 0 ------------------------------
Packets sent:                        0
Packets received:                    0
Packets dropped:                     0
TX rate:                             0
RX rate:                             0
Drop rate:                           0
Statistics for port 1 ------------------------------
Packets sent:                        0
Packets received:                  928
Packets dropped:                     0
TX rate:                             0
RX rate:                            96
Drop rate:                           0
Statistics for port 2 ------------------------------
Packets sent:                        0
Packets received:                    0
Packets dropped:                     0
TX rate:                             0
RX rate:                             0
Drop rate:                           0
Statistics for port 3 ------------------------------
Packets sent:                        0
Packets received:                 2220
Packets dropped:                     0
TX rate:                             0
RX rate:                           224
Drop rate:                           0
Aggregate statistics ===============================
Total packets sent:                  0
Total packets received:           3205
Total packets dropped:               0
Total TX rate:                       0
Total RX rate:                     320
Total drop rate:                     0L2FWD: lcore 14 has nothing to do

====================================================
L2FWD: entering main loop on lcore 4
L2FWD:  -- lcoreid=4 portid=2
[2J[1;1H
Port statistics ====================================
Statistics for port 0 ------------------------------
Packets sent:                        0
Packets received:             47277116
Packets dropped:                     0
TX rate:                             0
RX rate:                       4727711
Drop rate:                           0
Statistics for port 1 ------------------------------
Packets sent:                        0
Packets received:             47277483
Packets dropped:                     0
TX rate:                             0
RX rate:                       4727652
Drop rate:                           0
Statistics for port 2 ------------------------------
Packets sent:                        0
Packets received:             47032336
Packets dropped:                     0
TX rate:                             0
RX rate:                       4703233
Drop rate:                           0
Statistics for port 3 ------------------------------
Packets sent:                        0
Packets received:             47040428
Packets dropped:                     0
TX rate:                             0
RX rate:                       4703818
Drop rate:                           0
Aggregate statistics ===============================
Total packets sent:                  0
Total packets received:      188627405
Total packets dropped:               0
Total TX rate:                       0
Total RX rate:                18862414
Total drop rate:                     0
====================================================
[2J[1;1H
Port statistics ====================================
Statistics for port 0 ------------------------------
Packets sent:                        0
Packets received:             94552756
Packets dropped:                     0
TX rate:                             0
RX rate:                       4727564
Drop rate:                           0
Statistics for port 1 ------------------------------
Packets sent:                        0
Packets received:             94553074
Packets dropped:                     0
TX rate:                             0
RX rate:                       4727559
Drop rate:                           0
Statistics for port 2 ------------------------------
Packets sent:                        0
Packets received:             94069760
Packets dropped:                     0
TX rate:                             0
RX rate:                       4703743
Drop rate:                           0
Statistics for port 3 ------------------------------
Packets sent:                        0
Packets received:             94077827
Packets dropped:                     0
TX rate:                             0
RX rate:                       4703740
Drop rate:                           0
Aggregate statistics ===============================
Total packets sent:                  0
Total packets received:      377253445
Total packets dropped:               0
Total TX rate:                       0
Total RX rate:                18862606
Total drop rate:                     0
====================================================
[2J[1;1H
Port statistics ====================================
Statistics for port 0 ------------------------------
Packets sent:                        0
Packets received:            141828673
Packets dropped:                     0
TX rate:                             0
RX rate:                       4727591
Drop rate:                           0
Statistics for port 1 ------------------------------
Packets sent:                        0
Packets received:            141828988
Packets dropped:                     0
TX rate:                             0
RX rate:                       4727591
Drop rate:                           0
Statistics for port 2 ------------------------------
Packets sent:                        0
Packets received:            141107501
Packets dropped:                     0
TX rate:                             0
RX rate:                       4703773
Drop rate:                           0
Statistics for port 3 ------------------------------
Packets sent:                        0
Packets received:            141115557
Packets dropped:                     0
TX rate:                             0
RX rate:                       4703773
Drop rate:                           0
Aggregate statistics ===============================
Total packets sent:                  0
Total packets received:      565880735
Total packets dropped:               0
Total TX rate:                       0
Total RX rate:                18862728
Total drop rate:                     0
====================================================


Signal 15 received, preparing to exit...
Closing port 0... Done
Closing port 1... Done
Closing port 2... Done
Closing port 3... Done
Bye...
