EAL: Detected 40 lcore(s)
EAL: Detected 2 NUMA nodes
EAL: Multi-process socket /var/run/dpdk/rte/mp_socket
EAL: No free hugepages reported in hugepages-1048576kB
EAL: Probing VFIO support...
EAL: PCI device 0000:05:08.0 on NUMA socket 0
EAL:   probe driver: 19ee:6003 net_nfp_vf
EAL: PCI device 0000:05:08.1 on NUMA socket 0
EAL:   probe driver: 19ee:6003 net_nfp_vf
EAL: PCI device 0000:05:08.2 on NUMA socket 0
EAL:   probe driver: 19ee:6003 net_nfp_vf
EAL: PCI device 0000:05:08.3 on NUMA socket 0
EAL:   probe driver: 19ee:6003 net_nfp_vf
MAC updating enabled
Lcore 0: RX port 0
Lcore 2: RX port 1
Lcore 4: RX port 2
Lcore 6: RX port 3
Initializing port 0... done: 
Port 0, MAC address: 92:A3:28:63:7E:10

Initializing port 1... done: 
Port 1, MAC address: E2:DD:E9:60:9A:85

Initializing port 2... done: 
Port 2, MAC address: C2:B8:12:00:E0:54

Initializing port 3... done: 
Port 3, MAC address: FE:46:41:2C:F9:B7


Checking link statusdone
Port0 Link Up. Speed 0 Mbps - full-duplex
Port1 Link Up. Speed 0 Mbps - full-duplex
Port2 Link Up. Speed 0 Mbps - full-duplex
Port3 Link Up. Speed 0 Mbps - full-duplex
L2FWD: entering main loop on lcore 2
L2FWD:  -- lcoreid=2 portid=1
L2FWD: entering main loop on lcore 6
L2FWD:  -- lcoreid=6 portid=3
L2FWD: lcore 8 has nothing to do
L2FWD: entering main loop on lcore 4
L2FWD:  -- lcoreid=4 portid=2
L2FWD: lcore 12 has nothing to do
L2FWD: lcore 14 has nothing to do
L2FWD: lcore 10 has nothing to do
L2FWD: entering main loop on lcore 0
L2FWD:  -- lcoreid=0 portid=0
[2J[1;1H
Port statistics ====================================
Statistics for port 0 ------------------------------
Packets sent:                        0
Packets received:                    0
Packets dropped:                     0
TX rate:                             0
RX rate:                             0
Drop rate:                           0
Statistics for port 1 ------------------------------
Packets sent:                        0
Packets received:                 3441
Packets dropped:                     0
TX rate:                             0
RX rate:                           344
Drop rate:                           0
Statistics for port 2 ------------------------------
Packets sent:                        0
Packets received:                 2167
Packets dropped:                     0
TX rate:                             0
RX rate:                           217
Drop rate:                           0
Statistics for port 3 ------------------------------
Packets sent:                        0
Packets received:                 3001
Packets dropped:                     0
TX rate:                             0
RX rate:                           300
Drop rate:                           0
Aggregate statistics ===============================
Total packets sent:                  0
Total packets received:           8628
Total packets dropped:               0
Total TX rate:                       0
Total RX rate:                     861
Total drop rate:                     0
====================================================
[2J[1;1H
Port statistics ====================================
Statistics for port 0 ------------------------------
Packets sent:                        0
Packets received:             69230884
Packets dropped:                     0
TX rate:                             0
RX rate:                       6923088
Drop rate:                           0
Statistics for port 1 ------------------------------
Packets sent:                        0
Packets received:             69233527
Packets dropped:                     0
TX rate:                             0
RX rate:                       6923009
Drop rate:                           0
Statistics for port 2 ------------------------------
Packets sent:                        0
Packets received:             68536448
Packets dropped:                     0
TX rate:                             0
RX rate:                       6853427
Drop rate:                           0
Statistics for port 3 ------------------------------
Packets sent:                        0
Packets received:             68537263
Packets dropped:                     0
TX rate:                             0
RX rate:                       6853426
Drop rate:                           0
Aggregate statistics ===============================
Total packets sent:                  0
Total packets received:      275538142
Total packets dropped:               0
Total TX rate:                       0
Total RX rate:                27552950
Total drop rate:                     0
====================================================
[2J[1;1H
Port statistics ====================================
Statistics for port 0 ------------------------------
Packets sent:                        0
Packets received:            138461865
Packets dropped:                     0
TX rate:                             0
RX rate:                       6923098
Drop rate:                           0
Statistics for port 1 ------------------------------
Packets sent:                        0
Packets received:            138464465
Packets dropped:                     0
TX rate:                             0
RX rate:                       6923092
Drop rate:                           0
Statistics for port 2 ------------------------------
Packets sent:                        0
Packets received:            137071624
Packets dropped:                     0
TX rate:                             0
RX rate:                       6853517
Drop rate:                           0
Statistics for port 3 ------------------------------
Packets sent:                        0
Packets received:            137072372
Packets dropped:                     0
TX rate:                             0
RX rate:                       6853512
Drop rate:                           0
Aggregate statistics ===============================
Total packets sent:                  0
Total packets received:      551070351
Total packets dropped:               0
Total TX rate:                       0
Total RX rate:                27553219
Total drop rate:                     0
====================================================
[2J[1;1H
Port statistics ====================================
Statistics for port 0 ------------------------------
Packets sent:                        0
Packets received:            207693131
Packets dropped:                     0
TX rate:                             0
RX rate:                       6923126
Drop rate:                           0
Statistics for port 1 ------------------------------
Packets sent:                        0
Packets received:            207695760
Packets dropped:                     0
TX rate:                             0
RX rate:                       6923129
Drop rate:                           0
Statistics for port 2 ------------------------------
Packets sent:                        0
Packets received:            205607086
Packets dropped:                     0
TX rate:                             0
RX rate:                       6853546
Drop rate:                           0
Statistics for port 3 ------------------------------
Packets sent:                        0
Packets received:            205607860
Packets dropped:                     0
TX rate:                             0
RX rate:                       6853547
Drop rate:                           0
Aggregate statistics ===============================
Total packets sent:                  0
Total packets received:      826603837
Total packets dropped:               0
Total TX rate:                       0
Total RX rate:                27553348
Total drop rate:                     0
====================================================


Signal 15 received, preparing to exit...
Closing port 0... Done
Closing port 1... Done
Closing port 2... Done
Closing port 3... Done
Bye...
