EAL: Detected 40 lcore(s)
EAL: Detected 2 NUMA nodes
EAL: Multi-process socket /var/run/dpdk/rte/mp_socket
EAL: No free hugepages reported in hugepages-1048576kB
EAL: Probing VFIO support...
EAL: PCI device 0000:05:08.0 on NUMA socket 0
EAL:   probe driver: 19ee:6003 net_nfp_vf
EAL: PCI device 0000:05:08.1 on NUMA socket 0
EAL:   probe driver: 19ee:6003 net_nfp_vf
EAL: PCI device 0000:05:08.2 on NUMA socket 0
EAL:   probe driver: 19ee:6003 net_nfp_vf
EAL: PCI device 0000:05:08.3 on NUMA socket 0
EAL:   probe driver: 19ee:6003 net_nfp_vf
MAC updating enabled
Lcore 0: RX port 0
Lcore 2: RX port 1
Lcore 4: RX port 2
Lcore 6: RX port 3
Initializing port 0... done: 
Port 0, MAC address: AA:47:A9:09:F6:95

Initializing port 1... done: 
Port 1, MAC address: BA:1B:16:1B:D2:F3

Initializing port 2... done: 
Port 2, MAC address: 5A:86:A2:27:D8:B9

Initializing port 3... done: 
Port 3, MAC address: 56:8A:44:7D:B1:D1


Checking link statusdone
Port0 Link Up. Speed 0 Mbps - full-duplex
Port1 Link Up. Speed 0 Mbps - full-duplex
Port2 Link Up. Speed 0 Mbps - full-duplex
Port3 Link Up. Speed 0 Mbps - full-duplex
L2FWD: entering main loop on lcore 2
L2FWD:  -- lcoreid=2 portid=1
L2FWD: entering main loop on lcore 6
L2FWD:  -- lcoreid=6 portid=3
L2FWD: lcore 8 has nothing to do
L2FWD: lcore 10 has nothing to do
L2FWD: lcore 12 has nothing to do
L2FWD: lcore 14 has nothing to do
L2FWD: entering main loop on lcore 0
L2FWD:  -- lcoreid=0 portid=0
[2J[1;1H
Port statistics ====================================
Statistics for port 0 ------------------------------
Packets sent:                        0
Packets received:                    0
Packets dropped:                     0
TX rate:                             0
RX rate:                             0
Drop rate:                           0
Statistics for port 1 ------------------------------
Packets sent:                        0
Packets received:                 2687
Packets dropped:                     0
TX rate:                             0
RX rate:                           268
Drop rate:                           0
Statistics for port 2 ------------------------------
Packets sent:                        0
Packets received:                    0
Packets dropped:                     0
TX rate:                             0
RX rate:                             0
Drop rate:                           0
Statistics for port 3 ------------------------------
Packets sent:                        0
Packets received:                 2388
Packets dropped:                     0
TX rate:                             0
RX rate:                           239
Drop rate:                           0
Aggregate statistics ===============================
Total packets sent:                  0
Total packets received:           5084
Total packets dropped:               0
Total TX rate:                       0
Total RX rate:                     507
Total drop rate:                     0
====================================================
L2FWD: entering main loop on lcore 4
L2FWD:  -- lcoreid=4 portid=2
[2J[1;1H
Port statistics ====================================
Statistics for port 0 ------------------------------
Packets sent:                        0
Packets received:             47417232
Packets dropped:                     0
TX rate:                             0
RX rate:                       4741723
Drop rate:                           0
Statistics for port 1 ------------------------------
Packets sent:                        0
Packets received:             47419020
Packets dropped:                     0
TX rate:                             0
RX rate:                       4741633
Drop rate:                           0
Statistics for port 2 ------------------------------
Packets sent:                        0
Packets received:             46934873
Packets dropped:                     0
TX rate:                             0
RX rate:                       4693487
Drop rate:                           0
Statistics for port 3 ------------------------------
Packets sent:                        0
Packets received:             46942178
Packets dropped:                     0
TX rate:                             0
RX rate:                       4693978
Drop rate:                           0
Aggregate statistics ===============================
Total packets sent:                  0
Total packets received:      188713312
Total packets dropped:               0
Total TX rate:                       0
Total RX rate:                18870821
Total drop rate:                     0
====================================================
[2J[1;1H
Port statistics ====================================
Statistics for port 0 ------------------------------
Packets sent:                        0
Packets received:             94832841
Packets dropped:                     0
TX rate:                             0
RX rate:                       4741560
Drop rate:                           0
Statistics for port 1 ------------------------------
Packets sent:                        0
Packets received:             94834613
Packets dropped:                     0
TX rate:                             0
RX rate:                       4741559
Drop rate:                           0
Statistics for port 2 ------------------------------
Packets sent:                        0
Packets received:             93873935
Packets dropped:                     0
TX rate:                             0
RX rate:                       4693906
Drop rate:                           0
Statistics for port 3 ------------------------------
Packets sent:                        0
Packets received:             93881227
Packets dropped:                     0
TX rate:                             0
RX rate:                       4693904
Drop rate:                           0
Aggregate statistics ===============================
Total packets sent:                  0
Total packets received:      377422620
Total packets dropped:               0
Total TX rate:                       0
Total RX rate:                18870929
Total drop rate:                     0
====================================================
[2J[1;1H
Port statistics ====================================
Statistics for port 0 ------------------------------
Packets sent:                        0
Packets received:            142248891
Packets dropped:                     0
TX rate:                             0
RX rate:                       4741605
Drop rate:                           0
Statistics for port 1 ------------------------------
Packets sent:                        0
Packets received:            142250662
Packets dropped:                     0
TX rate:                             0
RX rate:                       4741604
Drop rate:                           0
Statistics for port 2 ------------------------------
Packets sent:                        0
Packets received:            140813426
Packets dropped:                     0
TX rate:                             0
RX rate:                       4693949
Drop rate:                           0
Statistics for port 3 ------------------------------
Packets sent:                        0
Packets received:            140820716
Packets dropped:                     0
TX rate:                             0
RX rate:                       4693949
Drop rate:                           0
Aggregate statistics ===============================
Total packets sent:                  0
Total packets received:      566133706
Total packets dropped:               0
Total TX rate:                       0
Total RX rate:                18871107
Total drop rate:                     0
====================================================


Signal 15 received, preparing to exit...
Closing port 0... Done
Closing port 1... Done
Closing port 2... Done
Closing port 3... Done
Bye...
