EAL: Detected 40 lcore(s)
EAL: Detected 2 NUMA nodes
EAL: Multi-process socket /var/run/dpdk/rte/mp_socket
EAL: No free hugepages reported in hugepages-1048576kB
EAL: Probing VFIO support...
EAL: PCI device 0000:05:08.0 on NUMA socket 0
EAL:   probe driver: 19ee:6003 net_nfp_vf
EAL: PCI device 0000:05:08.1 on NUMA socket 0
EAL:   probe driver: 19ee:6003 net_nfp_vf
EAL: PCI device 0000:05:08.2 on NUMA socket 0
EAL:   probe driver: 19ee:6003 net_nfp_vf
EAL: PCI device 0000:05:08.3 on NUMA socket 0
EAL:   probe driver: 19ee:6003 net_nfp_vf
MAC updating enabled
Lcore 0: RX port 0
Lcore 2: RX port 1
Lcore 4: RX port 2
Lcore 6: RX port 3
Initializing port 0... done: 
Port 0, MAC address: 96:3C:53:07:12:BB

Initializing port 1... done: 
Port 1, MAC address: 86:C8:DC:11:4E:44

Initializing port 2... done: 
Port 2, MAC address: 06:5E:5F:5E:B4:94

Initializing port 3... done: 
Port 3, MAC address: E2:B7:A5:21:ED:2D


Checking link statusdone
Port0 Link Up. Speed 0 Mbps - full-duplex
Port1 Link Up. Speed 0 Mbps - full-duplex
Port2 Link Up. Speed 0 Mbps - full-duplex
Port3 Link Up. Speed 0 Mbps - full-duplex
L2FWD: entering main loop on lcore 2
L2FWD:  -- lcoreid=2 portid=1
L2FWD: entering main loop on lcore 6
L2FWD:  -- lcoreid=6 portid=3
L2FWD: lcore 8 has nothing to do
L2FWD: lcore 10 has nothing to do
L2FWD: entering main loop on lcore 4
L2FWD:  -- lcoreid=4 portid=2
L2FWD: lcore 12 has nothing to do
L2FWD: lcore 14 has nothing to do
L2FWD: entering main loop on lcore 0
L2FWD:  -- lcoreid=0 portid=0
[2J[1;1H
Port statistics ====================================
Statistics for port 0 ------------------------------
Packets sent:                        0
Packets received:                    0
Packets dropped:                     0
TX rate:                             0
RX rate:                             0
Drop rate:                           0
Statistics for port 1 ------------------------------
Packets sent:                        0
Packets received:                 8728
Packets dropped:                     0
TX rate:                             0
RX rate:                           873
Drop rate:                           0
Statistics for port 2 ------------------------------
Packets sent:                        0
Packets received:                 7201
Packets dropped:                     0
TX rate:                             0
RX rate:                           720
Drop rate:                           0
Statistics for port 3 ------------------------------
Packets sent:                        0
Packets received:                 8388
Packets dropped:                     0
TX rate:                             0
RX rate:                           838
Drop rate:                           0
Aggregate statistics ===============================
Total packets sent:                  0
Total packets received:          24331
Total packets dropped:               0
Total TX rate:                       0
Total RX rate:                    2431
Total drop rate:                     0
====================================================
[2J[1;1H
Port statistics ====================================
Statistics for port 0 ------------------------------
Packets sent:                        0
Packets received:             47395451
Packets dropped:                     0
TX rate:                             0
RX rate:                       4739545
Drop rate:                           0
Statistics for port 1 ------------------------------
Packets sent:                        0
Packets received:             47403293
Packets dropped:                     0
TX rate:                             0
RX rate:                       4739456
Drop rate:                           0
Statistics for port 2 ------------------------------
Packets sent:                        0
Packets received:             46925415
Packets dropped:                     0
TX rate:                             0
RX rate:                       4691822
Drop rate:                           0
Statistics for port 3 ------------------------------
Packets sent:                        0
Packets received:             46926592
Packets dropped:                     0
TX rate:                             0
RX rate:                       4691820
Drop rate:                           0
Aggregate statistics ===============================
Total packets sent:                  0
Total packets received:      188650779
Total packets dropped:               0
Total TX rate:                       0
Total RX rate:                18862643
Total drop rate:                     0
====================================================
[2J[1;1H
Port statistics ====================================
Statistics for port 0 ------------------------------
Packets sent:                        0
Packets received:             94789622
Packets dropped:                     0
TX rate:                             0
RX rate:                       4739417
Drop rate:                           0
Statistics for port 1 ------------------------------
Packets sent:                        0
Packets received:             94797449
Packets dropped:                     0
TX rate:                             0
RX rate:                       4739415
Drop rate:                           0
Statistics for port 2 ------------------------------
Packets sent:                        0
Packets received:             93843249
Packets dropped:                     0
TX rate:                             0
RX rate:                       4691782
Drop rate:                           0
Statistics for port 3 ------------------------------
Packets sent:                        0
Packets received:             93844442
Packets dropped:                     0
TX rate:                             0
RX rate:                       4691784
Drop rate:                           0
Aggregate statistics ===============================
Total packets sent:                  0
Total packets received:      377274777
Total packets dropped:               0
Total TX rate:                       0
Total RX rate:                18862398
Total drop rate:                     0
====================================================
[2J[1;1H
Port statistics ====================================
Statistics for port 0 ------------------------------
Packets sent:                        0
Packets received:            142183547
Packets dropped:                     0
TX rate:                             0
RX rate:                       4739392
Drop rate:                           0
Statistics for port 1 ------------------------------
Packets sent:                        0
Packets received:            142191399
Packets dropped:                     0
TX rate:                             0
RX rate:                       4739395
Drop rate:                           0
Statistics for port 2 ------------------------------
Packets sent:                        0
Packets received:            140760879
Packets dropped:                     0
TX rate:                             0
RX rate:                       4691762
Drop rate:                           0
Statistics for port 3 ------------------------------
Packets sent:                        0
Packets received:            140762062
Packets dropped:                     0
TX rate:                             0
RX rate:                       4691762
Drop rate:                           0
Aggregate statistics ===============================
Total packets sent:                  0
Total packets received:      565897887
Total packets dropped:               0
Total TX rate:                       0
Total RX rate:                18862311
Total drop rate:                     0
====================================================


Signal 15 received, preparing to exit...
Closing port 0... Done
Closing port 1... Done
Closing port 2... Done
Closing port 3... Done
Bye...
