EAL: Detected 40 lcore(s)
EAL: Detected 2 NUMA nodes
EAL: Multi-process socket /var/run/dpdk/rte/mp_socket
EAL: No free hugepages reported in hugepages-1048576kB
EAL: Probing VFIO support...
EAL: PCI device 0000:05:08.0 on NUMA socket 0
EAL:   probe driver: 19ee:6003 net_nfp_vf
EAL: PCI device 0000:05:08.1 on NUMA socket 0
EAL:   probe driver: 19ee:6003 net_nfp_vf
EAL: PCI device 0000:05:08.2 on NUMA socket 0
EAL:   probe driver: 19ee:6003 net_nfp_vf
EAL: PCI device 0000:05:08.3 on NUMA socket 0
EAL:   probe driver: 19ee:6003 net_nfp_vf
MAC updating enabled
Lcore 0: RX port 0
Lcore 2: RX port 1
Lcore 4: RX port 2
Lcore 6: RX port 3
Initializing port 0... done: 
Port 0, MAC address: AA:28:F3:35:F6:5A

Initializing port 1... done: 
Port 1, MAC address: BA:64:2D:08:D2:C0

Initializing port 2... done: 
Port 2, MAC address: 5A:77:09:2F:D8:CE

Initializing port 3... done: 
Port 3, MAC address: 56:63:E7:6B:B1:6E


Checking link statusdone
Port0 Link Up. Speed 0 Mbps - full-duplex
Port1 Link Up. Speed 0 Mbps - full-duplex
Port2 Link Up. Speed 0 Mbps - full-duplex
Port3 Link Up. Speed 0 Mbps - full-duplex
L2FWD: entering main loop on lcore 2
L2FWD:  -- lcoreid=2 portid=1
L2FWD: entering main loop on lcore 6
L2FWD:  -- lcoreid=6 portid=3
L2FWD: lcore 10 has nothing to do
L2FWD: lcore 8 has nothing to do
L2FWD: lcore 12 has nothing to do
L2FWD: lcore 14 has nothing to do
L2FWD: entering main loop on lcore 0
L2FWD:  -- lcoreid=0 portid=0
[2J[1;1H
Port statistics ====================================
Statistics for port 0 ------------------------------
Packets sent:                        0
Packets received:                    0
Packets dropped:                     0
TX rate:                             0
RX rate:                             0
Drop rate:                           0
Statistics for port 1 ------------------------------
Packets sent:                        0
Packets received:                 1872
Packets dropped:                     0
TX rate:                             0
RX rate:                           187
Drop rate:                           0
Statistics for port 2 ------------------------------
Packets sent:                        0
Packets received:                    0
Packets dropped:                     0
TX rate:                             0
RX rate:                             0
Drop rate:                           0
Statistics for port 3 ------------------------------
Packets sent:                        0
Packets received:                 1654
Packets dropped:                     0
TX rate:                             0
RX rate:                           165
Drop rate:                           0
Aggregate statistics ===============================
Total packets sent:                  0
Total packets received:           3529
Total packets dropped:               0
Total TX rate:                       0
Total RX rate:                     352
Total drop rate:                     0
====================================================
L2FWD: entering main loop on lcore 4
L2FWD:  -- lcoreid=4 portid=2
[2J[1;1H
Port statistics ====================================
Statistics for port 0 ------------------------------
Packets sent:                        0
Packets received:             32519718
Packets dropped:                     0
TX rate:                             0
RX rate:                       3251971
Drop rate:                           0
Statistics for port 1 ------------------------------
Packets sent:                        0
Packets received:             32520681
Packets dropped:                     0
TX rate:                             0
RX rate:                       3251880
Drop rate:                           0
Statistics for port 2 ------------------------------
Packets sent:                        0
Packets received:             32188498
Packets dropped:                     0
TX rate:                             0
RX rate:                       3218849
Drop rate:                           0
Statistics for port 3 ------------------------------
Packets sent:                        0
Packets received:             32193637
Packets dropped:                     0
TX rate:                             0
RX rate:                       3219198
Drop rate:                           0
Aggregate statistics ===============================
Total packets sent:                  0
Total packets received:      129422537
Total packets dropped:               0
Total TX rate:                       0
Total RX rate:                12941898
Total drop rate:                     0
====================================================
[2J[1;1H
Port statistics ====================================
Statistics for port 0 ------------------------------
Packets sent:                        0
Packets received:             65038597
Packets dropped:                     0
TX rate:                             0
RX rate:                       3251887
Drop rate:                           0
Statistics for port 1 ------------------------------
Packets sent:                        0
Packets received:             65039545
Packets dropped:                     0
TX rate:                             0
RX rate:                       3251887
Drop rate:                           0
Statistics for port 2 ------------------------------
Packets sent:                        0
Packets received:             64380535
Packets dropped:                     0
TX rate:                             0
RX rate:                       3219203
Drop rate:                           0
Statistics for port 3 ------------------------------
Packets sent:                        0
Packets received:             64385677
Packets dropped:                     0
TX rate:                             0
RX rate:                       3219204
Drop rate:                           0
Aggregate statistics ===============================
Total packets sent:                  0
Total packets received:      258844370
Total packets dropped:               0
Total TX rate:                       0
Total RX rate:                12942181
Total drop rate:                     0
====================================================
[2J[1;1H
Port statistics ====================================
Statistics for port 0 ------------------------------
Packets sent:                        0
Packets received:             97557356
Packets dropped:                     0
TX rate:                             0
RX rate:                       3251875
Drop rate:                           0
Statistics for port 1 ------------------------------
Packets sent:                        0
Packets received:             97558316
Packets dropped:                     0
TX rate:                             0
RX rate:                       3251876
Drop rate:                           0
Statistics for port 2 ------------------------------
Packets sent:                        0
Packets received:             96572471
Packets dropped:                     0
TX rate:                             0
RX rate:                       3219193
Drop rate:                           0
Statistics for port 3 ------------------------------
Packets sent:                        0
Packets received:             96577600
Packets dropped:                     0
TX rate:                             0
RX rate:                       3219192
Drop rate:                           0
Aggregate statistics ===============================
Total packets sent:                  0
Total packets received:      388265748
Total packets dropped:               0
Total TX rate:                       0
Total RX rate:                12942136
Total drop rate:                     0
====================================================


Signal 15 received, preparing to exit...
Closing port 0... Done
Closing port 1... Done
Closing port 2... Done
Closing port 3... Done
Bye...
