EAL: Detected 40 lcore(s)
EAL: Detected 2 NUMA nodes
EAL: Multi-process socket /var/run/dpdk/rte/mp_socket
EAL: No free hugepages reported in hugepages-1048576kB
EAL: Probing VFIO support...
EAL: PCI device 0000:05:08.0 on NUMA socket 0
EAL:   probe driver: 19ee:6003 net_nfp_vf
EAL: PCI device 0000:05:08.1 on NUMA socket 0
EAL:   probe driver: 19ee:6003 net_nfp_vf
EAL: PCI device 0000:05:08.2 on NUMA socket 0
EAL:   probe driver: 19ee:6003 net_nfp_vf
EAL: PCI device 0000:05:08.3 on NUMA socket 0
EAL:   probe driver: 19ee:6003 net_nfp_vf
MAC updating enabled
Lcore 0: RX port 0
Lcore 2: RX port 1
Lcore 4: RX port 2
Lcore 6: RX port 3
Initializing port 0... done: 
Port 0, MAC address: 12:EC:8D:2B:FE:2A

Initializing port 1... done: 
Port 1, MAC address: 62:9A:49:37:1A:64

Initializing port 2... done: 
Port 2, MAC address: 42:09:B4:5A:60:97

Initializing port 3... done: 
Port 3, MAC address: 7E:4B:90:55:79:FE


Checking link statusdone
Port0 Link Up. Speed 0 Mbps - full-duplex
Port1 Link Up. Speed 0 Mbps - full-duplex
Port2 Link Up. Speed 0 Mbps - full-duplex
Port3 Link Up. Speed 0 Mbps - full-duplex
L2FWD: entering main loop on lcore 2
L2FWD:  -- lcoreid=2 portid=1
L2FWD: entering main loop on lcore 4
L2FWD:  -- lcoreid=4 portid=2
L2FWD: lcore 8 has nothing to do
L2FWD: entering main loop on lcore 6
L2FWD:  -- lcoreid=6 portid=3
L2FWD: lcore 10 has nothing to do
L2FWD: lcore 12 has nothing to do
L2FWD: lcore 14 has nothing to do
L2FWD: entering main loop on lcore 0
L2FWD:  -- lcoreid=0 portid=0
[2J[1;1H
Port statistics ====================================
Statistics for port 0 ------------------------------
Packets sent:                        0
Packets received:                    0
Packets dropped:                     0
TX rate:                             0
RX rate:                             0
Drop rate:                           0
Statistics for port 1 ------------------------------
Packets sent:                        0
Packets received:                11109
Packets dropped:                     0
TX rate:                             0
RX rate:                          1111
Drop rate:                           0
Statistics for port 2 ------------------------------
Packets sent:                        0
Packets received:                10623
Packets dropped:                     0
TX rate:                             0
RX rate:                          1062
Drop rate:                           0
Statistics for port 3 ------------------------------
Packets sent:                        0
Packets received:                 9955
Packets dropped:                     0
TX rate:                             0
RX rate:                           996
Drop rate:                           0
Aggregate statistics ===============================
Total packets sent:                  0
Total packets received:          31712
Total packets dropped:               0
Total TX rate:                       0
Total RX rate:                    3169
Total drop rate:                     0
====================================================
[2J[1;1H
Port statistics ====================================
Statistics for port 0 ------------------------------
Packets sent:                        0
Packets received:             60051998
Packets dropped:                     0
TX rate:                             0
RX rate:                       6005199
Drop rate:                           0
Statistics for port 1 ------------------------------
Packets sent:                        0
Packets received:             60062395
Packets dropped:                     0
TX rate:                             0
RX rate:                       6005127
Drop rate:                           0
Statistics for port 2 ------------------------------
Packets sent:                        0
Packets received:             59458367
Packets dropped:                     0
TX rate:                             0
RX rate:                       5944776
Drop rate:                           0
Statistics for port 3 ------------------------------
Packets sent:                        0
Packets received:             59457706
Packets dropped:                     0
TX rate:                             0
RX rate:                       5944774
Drop rate:                           0
Aggregate statistics ===============================
Total packets sent:                  0
Total packets received:      239030505
Total packets dropped:               0
Total TX rate:                       0
Total RX rate:                23899876
Total drop rate:                     0
====================================================
[2J[1;1H
Port statistics ====================================
Statistics for port 0 ------------------------------
Packets sent:                        0
Packets received:            119555425
Packets dropped:                     0
TX rate:                             0
RX rate:                       5950342
Drop rate:                           0
Statistics for port 1 ------------------------------
Packets sent:                        0
Packets received:            119565747
Packets dropped:                     0
TX rate:                             0
RX rate:                       5950335
Drop rate:                           0
Statistics for port 2 ------------------------------
Packets sent:                        0
Packets received:            118363694
Packets dropped:                     0
TX rate:                             0
RX rate:                       5890532
Drop rate:                           0
Statistics for port 3 ------------------------------
Packets sent:                        0
Packets received:            118363021
Packets dropped:                     0
TX rate:                             0
RX rate:                       5890533
Drop rate:                           0
Aggregate statistics ===============================
Total packets sent:                  0
Total packets received:      475847925
Total packets dropped:               0
Total TX rate:                       0
Total RX rate:                23681742
Total drop rate:                     0
====================================================
[2J[1;1H
Port statistics ====================================
Statistics for port 0 ------------------------------
Packets sent:                        0
Packets received:            179058723
Packets dropped:                     0
TX rate:                             0
RX rate:                       5950329
Drop rate:                           0
Statistics for port 1 ------------------------------
Packets sent:                        0
Packets received:            179069076
Packets dropped:                     0
TX rate:                             0
RX rate:                       5950333
Drop rate:                           0
Statistics for port 2 ------------------------------
Packets sent:                        0
Packets received:            177269023
Packets dropped:                     0
TX rate:                             0
RX rate:                       5890531
Drop rate:                           0
Statistics for port 3 ------------------------------
Packets sent:                        0
Packets received:            177268348
Packets dropped:                     0
TX rate:                             0
RX rate:                       5890531
Drop rate:                           0
Aggregate statistics ===============================
Total packets sent:                  0
Total packets received:      712665178
Total packets dropped:               0
Total TX rate:                       0
Total RX rate:                23681724
Total drop rate:                     0
====================================================


Signal 15 received, preparing to exit...
Closing port 0... Done
Closing port 1... Done
Closing port 2... Done
Closing port 3... Done
Bye...
