EAL: Detected 40 lcore(s)
EAL: Detected 2 NUMA nodes
EAL: Multi-process socket /var/run/dpdk/rte/mp_socket
EAL: No free hugepages reported in hugepages-1048576kB
EAL: Probing VFIO support...
EAL: PCI device 0000:05:08.0 on NUMA socket 0
EAL:   probe driver: 19ee:6003 net_nfp_vf
EAL: PCI device 0000:05:08.1 on NUMA socket 0
EAL:   probe driver: 19ee:6003 net_nfp_vf
EAL: PCI device 0000:05:08.2 on NUMA socket 0
EAL:   probe driver: 19ee:6003 net_nfp_vf
EAL: PCI device 0000:05:08.3 on NUMA socket 0
EAL:   probe driver: 19ee:6003 net_nfp_vf
MAC updating enabled
Lcore 0: RX port 0
Lcore 2: RX port 1
Lcore 4: RX port 2
Lcore 6: RX port 3
Initializing port 0... done: 
Port 0, MAC address: 96:A7:8D:15:DC:18

Initializing port 1... done: 
Port 1, MAC address: 56:C0:C0:38:28:A0

Initializing port 2... done: 
Port 2, MAC address: 2A:37:4E:50:1E:C5

Initializing port 3... done: 
Port 3, MAC address: D6:1A:D8:05:67:2D


Checking link statusdone
Port0 Link Up. Speed 0 Mbps - full-duplex
Port1 Link Up. Speed 0 Mbps - full-duplex
Port2 Link Up. Speed 0 Mbps - full-duplex
Port3 Link Up. Speed 0 Mbps - full-duplex
L2FWD: entering main loop on lcore 2
L2FWD:  -- lcoreid=2 portid=1
L2FWD: entering main loop on lcore 6
L2FWD:  -- lcoreid=6 portid=3
L2FWD: lcore 8 has nothing to do
L2FWD: entering main loop on lcore 4
L2FWD:  -- lcoreid=4 portid=2
L2FWD: lcore 10 has nothing to do
L2FWD: lcore 12 has nothing to do
L2FWD: lcore 14 has nothing to do
L2FWD: entering main loop on lcore 0
L2FWD:  -- lcoreid=0 portid=0
[2J[1;1H
Port statistics ====================================
Statistics for port 0 ------------------------------
Packets sent:                        0
Packets received:                    0
Packets dropped:                     0
TX rate:                             0
RX rate:                             0
Drop rate:                           0
Statistics for port 1 ------------------------------
Packets sent:                        0
Packets received:                 3239
Packets dropped:                     0
TX rate:                             0
RX rate:                           325
Drop rate:                           0
Statistics for port 2 ------------------------------
Packets sent:                        0
Packets received:                 2102
Packets dropped:                     0
TX rate:                             0
RX rate:                           211
Drop rate:                           0
Statistics for port 3 ------------------------------
Packets sent:                        0
Packets received:                 2828
Packets dropped:                     0
TX rate:                             0
RX rate:                           283
Drop rate:                           0
Aggregate statistics ===============================
Total packets sent:                  0
Total packets received:           8201
Total packets dropped:               0
Total TX rate:                       0
Total RX rate:                     819
Total drop rate:                     0
====================================================
[2J[1;1H
Port statistics ====================================
Statistics for port 0 ------------------------------
Packets sent:                        0
Packets received:             69248168
Packets dropped:                     0
TX rate:                             0
RX rate:                       6924816
Drop rate:                           0
Statistics for port 1 ------------------------------
Packets sent:                        0
Packets received:             69250642
Packets dropped:                     0
TX rate:                             0
RX rate:                       6924739
Drop rate:                           0
Statistics for port 2 ------------------------------
Packets sent:                        0
Packets received:             68553530
Packets dropped:                     0
TX rate:                             0
RX rate:                       6855141
Drop rate:                           0
Statistics for port 3 ------------------------------
Packets sent:                        0
Packets received:             68554257
Packets dropped:                     0
TX rate:                             0
RX rate:                       6855142
Drop rate:                           0
Aggregate statistics ===============================
Total packets sent:                  0
Total packets received:      275606597
Total packets dropped:               0
Total TX rate:                       0
Total RX rate:                27559838
Total drop rate:                     0
====================================================
[2J[1;1H
Port statistics ====================================
Statistics for port 0 ------------------------------
Packets sent:                        0
Packets received:            138493286
Packets dropped:                     0
TX rate:                             0
RX rate:                       6924511
Drop rate:                           0
Statistics for port 1 ------------------------------
Packets sent:                        0
Packets received:            138495646
Packets dropped:                     0
TX rate:                             0
RX rate:                       6924500
Drop rate:                           0
Statistics for port 2 ------------------------------
Packets sent:                        0
Packets received:            137102630
Packets dropped:                     0
TX rate:                             0
RX rate:                       6854910
Drop rate:                           0
Statistics for port 3 ------------------------------
Packets sent:                        0
Packets received:            137103360
Packets dropped:                     0
TX rate:                             0
RX rate:                       6854910
Drop rate:                           0
Aggregate statistics ===============================
Total packets sent:                  0
Total packets received:      551194922
Total packets dropped:               0
Total TX rate:                       0
Total RX rate:                27558831
Total drop rate:                     0
====================================================
[2J[1;1H
Port statistics ====================================
Statistics for port 0 ------------------------------
Packets sent:                        0
Packets received:            207729974
Packets dropped:                     0
TX rate:                             0
RX rate:                       6923668
Drop rate:                           0
Statistics for port 1 ------------------------------
Packets sent:                        0
Packets received:            207732285
Packets dropped:                     0
TX rate:                             0
RX rate:                       6923663
Drop rate:                           0
Statistics for port 2 ------------------------------
Packets sent:                        0
Packets received:            205643470
Packets dropped:                     0
TX rate:                             0
RX rate:                       6854084
Drop rate:                           0
Statistics for port 3 ------------------------------
Packets sent:                        0
Packets received:            205644195
Packets dropped:                     0
TX rate:                             0
RX rate:                       6854084
Drop rate:                           0
Aggregate statistics ===============================
Total packets sent:                  0
Total packets received:      826749963
Total packets dropped:               0
Total TX rate:                       0
Total RX rate:                27555499
Total drop rate:                     0
====================================================


Signal 15 received, preparing to exit...
Closing port 0... Done
Closing port 1... Done
Closing port 2... Done
Closing port 3... Done
Bye...
