EAL: Detected 40 lcore(s)
EAL: Detected 2 NUMA nodes
EAL: Multi-process socket /var/run/dpdk/rte/mp_socket
EAL: No free hugepages reported in hugepages-1048576kB
EAL: Probing VFIO support...
EAL: PCI device 0000:05:08.0 on NUMA socket 0
EAL:   probe driver: 19ee:6003 net_nfp_vf
EAL: PCI device 0000:05:08.1 on NUMA socket 0
EAL:   probe driver: 19ee:6003 net_nfp_vf
EAL: PCI device 0000:05:08.2 on NUMA socket 0
EAL:   probe driver: 19ee:6003 net_nfp_vf
EAL: PCI device 0000:05:08.3 on NUMA socket 0
EAL:   probe driver: 19ee:6003 net_nfp_vf
MAC updating enabled
Lcore 0: RX port 0
Lcore 2: RX port 1
Lcore 4: RX port 2
Lcore 6: RX port 3
Initializing port 0... done: 
Port 0, MAC address: B6:93:E1:37:7C:A1

Initializing port 1... done: 
Port 1, MAC address: 76:D9:65:20:C8:E9

Initializing port 2... done: 
Port 2, MAC address: 4A:C5:00:32:BE:37

Initializing port 3... done: 
Port 3, MAC address: F6:A5:A1:5D:07:71


Checking link statusdone
Port0 Link Up. Speed 0 Mbps - full-duplex
Port1 Link Up. Speed 0 Mbps - full-duplex
Port2 Link Up. Speed 0 Mbps - full-duplex
Port3 Link Up. Speed 0 Mbps - full-duplex
L2FWD: entering main loop on lcore 2
L2FWD: entering main loop on lcore 6
L2FWD: entering main loop on lcore 4
L2FWD:  -- lcoreid=6 portid=3
L2FWD:  -- lcoreid=2 portid=1
L2FWD:  -- lcoreid=4 portid=2
L2FWD: lcore 8 has nothing to do
L2FWD: lcore 12 has nothing to do
L2FWD: lcore 10 has nothing to do
L2FWD: lcore 14 has nothing to do
L2FWD: entering main loop on lcore 0
L2FWD:  -- lcoreid=0 portid=0
[2J[1;1H
Port statistics ====================================
Statistics for port 0 ------------------------------
Packets sent:                        0
Packets received:                    0
Packets dropped:                     0
TX rate:                             0
RX rate:                             0
Drop rate:                           0
Statistics for port 1 ------------------------------
Packets sent:                        0
Packets received:                 2024
Packets dropped:                     0
TX rate:                             0
RX rate:                           202
Drop rate:                           0
Statistics for port 2 ------------------------------
Packets sent:                        0
Packets received:                 1972
Packets dropped:                     0
TX rate:                             0
RX rate:                           197
Drop rate:                           0
Statistics for port 3 ------------------------------
Packets sent:                        0
Packets received:                 1928
Packets dropped:                     0
TX rate:                             0
RX rate:                           192
Drop rate:                           0
Aggregate statistics ===============================
Total packets sent:                  0
Total packets received:           5930
Total packets dropped:               0
Total TX rate:                       0
Total RX rate:                     591
Total drop rate:                     0
====================================================
[2J[1;1H
Port statistics ====================================
Statistics for port 0 ------------------------------
Packets sent:                        0
Packets received:              7588744
Packets dropped:                     0
TX rate:                             0
RX rate:                        758874
Drop rate:                           0
Statistics for port 1 ------------------------------
Packets sent:                        0
Packets received:              7589722
Packets dropped:                     0
TX rate:                             0
RX rate:                        758769
Drop rate:                           0
Statistics for port 2 ------------------------------
Packets sent:                        0
Packets received:              7513795
Packets dropped:                     0
TX rate:                             0
RX rate:                        751182
Drop rate:                           0
Statistics for port 3 ------------------------------
Packets sent:                        0
Packets received:              7514504
Packets dropped:                     0
TX rate:                             0
RX rate:                        751257
Drop rate:                           0
Aggregate statistics ===============================
Total packets sent:                  0
Total packets received:       30206767
Total packets dropped:               0
Total TX rate:                       0
Total RX rate:                 3020082
Total drop rate:                     0
====================================================
[2J[1;1H
Port statistics ====================================
Statistics for port 0 ------------------------------
Packets sent:                        0
Packets received:             15094105
Packets dropped:                     0
TX rate:                             0
RX rate:                        750536
Drop rate:                           0
Statistics for port 1 ------------------------------
Packets sent:                        0
Packets received:             15093962
Packets dropped:                     0
TX rate:                             0
RX rate:                        750424
Drop rate:                           0
Statistics for port 2 ------------------------------
Packets sent:                        0
Packets received:             14941500
Packets dropped:                     0
TX rate:                             0
RX rate:                        742770
Drop rate:                           0
Statistics for port 3 ------------------------------
Packets sent:                        0
Packets received:             14944376
Packets dropped:                     0
TX rate:                             0
RX rate:                        742987
Drop rate:                           0
Aggregate statistics ===============================
Total packets sent:                  0
Total packets received:       60073944
Total packets dropped:               0
Total TX rate:                       0
Total RX rate:                 2986717
Total drop rate:                     0
====================================================
[2J[1;1H
Port statistics ====================================
Statistics for port 0 ------------------------------
Packets sent:                        0
Packets received:             22600634
Packets dropped:                     0
TX rate:                             0
RX rate:                        750652
Drop rate:                           0
Statistics for port 1 ------------------------------
Packets sent:                        0
Packets received:             22598160
Packets dropped:                     0
TX rate:                             0
RX rate:                        750419
Drop rate:                           0
Statistics for port 2 ------------------------------
Packets sent:                        0
Packets received:             22369218
Packets dropped:                     0
TX rate:                             0
RX rate:                        742771
Drop rate:                           0
Statistics for port 3 ------------------------------
Packets sent:                        0
Packets received:             22372746
Packets dropped:                     0
TX rate:                             0
RX rate:                        742837
Drop rate:                           0
Aggregate statistics ===============================
Total packets sent:                  0
Total packets received:       89940759
Total packets dropped:               0
Total TX rate:                       0
Total RX rate:                 2986679
Total drop rate:                     0
====================================================


Signal 15 received, preparing to exit...
Closing port 0... Done
Closing port 1... Done
Closing port 2... Done
Closing port 3... Done
Bye...
