EAL: Detected 40 lcore(s)
EAL: Detected 2 NUMA nodes
EAL: Multi-process socket /var/run/dpdk/rte/mp_socket
EAL: No free hugepages reported in hugepages-1048576kB
EAL: Probing VFIO support...
EAL: PCI device 0000:05:08.0 on NUMA socket 0
EAL:   probe driver: 19ee:6003 net_nfp_vf
EAL: PCI device 0000:05:08.1 on NUMA socket 0
EAL:   probe driver: 19ee:6003 net_nfp_vf
EAL: PCI device 0000:05:08.2 on NUMA socket 0
EAL:   probe driver: 19ee:6003 net_nfp_vf
EAL: PCI device 0000:05:08.3 on NUMA socket 0
EAL:   probe driver: 19ee:6003 net_nfp_vf
MAC updating enabled
Lcore 0: RX port 0
Lcore 2: RX port 1
Lcore 4: RX port 2
Lcore 6: RX port 3
Initializing port 0... done: 
Port 0, MAC address: 5E:8C:60:05:FA:0C

Initializing port 1... done: 
Port 1, MAC address: 8E:51:70:55:76:EC

Initializing port 2... done: 
Port 2, MAC address: 4E:E2:3C:5C:1C:1D

Initializing port 3... done: 
Port 3, MAC address: 6A:C9:AB:23:95:30


Checking link statusdone
Port0 Link Up. Speed 0 Mbps - full-duplex
Port1 Link Up. Speed 0 Mbps - full-duplex
Port2 Link Up. Speed 0 Mbps - full-duplex
Port3 Link Up. Speed 0 Mbps - full-duplex
L2FWD: entering main loop on lcore 2
L2FWD:  -- lcoreid=2 portid=1
L2FWD: entering main loop on lcore 6
L2FWD:  -- lcoreid=6 portid=3
L2FWD: lcore 8 has nothing to do
L2FWD: lcore 12 has nothing to do
L2FWD: lcore 10 has nothing to do
L2FWD: entering main loop on lcore 4
L2FWD:  -- lcoreid=4 portid=2
L2FWD: lcore 14 has nothing to do
L2FWD: entering main loop on lcore 0
L2FWD:  -- lcoreid=0 portid=0
[2J[1;1H
Port statistics ====================================
Statistics for port 0 ------------------------------
Packets sent:                        0
Packets received:                    0
Packets dropped:                     0
TX rate:                             0
RX rate:                             0
Drop rate:                           0
Statistics for port 1 ------------------------------
Packets sent:                        0
Packets received:                10699
Packets dropped:                     0
TX rate:                             0
RX rate:                          1069
Drop rate:                           0
Statistics for port 2 ------------------------------
Packets sent:                        0
Packets received:                 8684
Packets dropped:                     0
TX rate:                             0
RX rate:                           868
Drop rate:                           0
Statistics for port 3 ------------------------------
Packets sent:                        0
Packets received:                10253
Packets dropped:                     0
TX rate:                             0
RX rate:                          1025
Drop rate:                           0
Aggregate statistics ===============================
Total packets sent:                  0
Total packets received:          29653
Total packets dropped:               0
Total TX rate:                       0
Total RX rate:                    2962
Total drop rate:                     0
====================================================
[2J[1;1H
Port statistics ====================================
Statistics for port 0 ------------------------------
Packets sent:                        0
Packets received:             64636349
Packets dropped:                     0
TX rate:                             0
RX rate:                       6463634
Drop rate:                           0
Statistics for port 1 ------------------------------
Packets sent:                        0
Packets received:             64646259
Packets dropped:                     0
TX rate:                             0
RX rate:                       6463557
Drop rate:                           0
Statistics for port 2 ------------------------------
Packets sent:                        0
Packets received:             63994647
Packets dropped:                     0
TX rate:                             0
RX rate:                       6398595
Drop rate:                           0
Statistics for port 3 ------------------------------
Packets sent:                        0
Packets received:             63996199
Packets dropped:                     0
TX rate:                             0
RX rate:                       6398594
Drop rate:                           0
Aggregate statistics ===============================
Total packets sent:                  0
Total packets received:      257273464
Total packets dropped:               0
Total TX rate:                       0
Total RX rate:                25724380
Total drop rate:                     0
====================================================
[2J[1;1H
Port statistics ====================================
Statistics for port 0 ------------------------------
Packets sent:                        0
Packets received:            129272038
Packets dropped:                     0
TX rate:                             0
RX rate:                       6463568
Drop rate:                           0
Statistics for port 1 ------------------------------
Packets sent:                        0
Packets received:            129281849
Packets dropped:                     0
TX rate:                             0
RX rate:                       6463559
Drop rate:                           0
Statistics for port 2 ------------------------------
Packets sent:                        0
Packets received:            127980627
Packets dropped:                     0
TX rate:                             0
RX rate:                       6398598
Drop rate:                           0
Statistics for port 3 ------------------------------
Packets sent:                        0
Packets received:            127982188
Packets dropped:                     0
TX rate:                             0
RX rate:                       6398598
Drop rate:                           0
Aggregate statistics ===============================
Total packets sent:                  0
Total packets received:      514516715
Total packets dropped:               0
Total TX rate:                       0
Total RX rate:                25724323
Total drop rate:                     0
====================================================
[2J[1;1H
Port statistics ====================================
Statistics for port 0 ------------------------------
Packets sent:                        0
Packets received:            193907508
Packets dropped:                     0
TX rate:                             0
RX rate:                       6463547
Drop rate:                           0
Statistics for port 1 ------------------------------
Packets sent:                        0
Packets received:            193917350
Packets dropped:                     0
TX rate:                             0
RX rate:                       6463548
Drop rate:                           0
Statistics for port 2 ------------------------------
Packets sent:                        0
Packets received:            191966509
Packets dropped:                     0
TX rate:                             0
RX rate:                       6398588
Drop rate:                           0
Statistics for port 3 ------------------------------
Packets sent:                        0
Packets received:            191968074
Packets dropped:                     0
TX rate:                             0
RX rate:                       6398588
Drop rate:                           0
Aggregate statistics ===============================
Total packets sent:                  0
Total packets received:      771759448
Total packets dropped:               0
Total TX rate:                       0
Total RX rate:                25724271
Total drop rate:                     0
====================================================


Signal 15 received, preparing to exit...
Closing port 0... Done
Closing port 1... Done
Closing port 2... Done
Closing port 3... Done
Bye...
