EAL: Detected 40 lcore(s)
EAL: Detected 2 NUMA nodes
EAL: Multi-process socket /var/run/dpdk/rte/mp_socket
EAL: No free hugepages reported in hugepages-1048576kB
EAL: Probing VFIO support...
EAL: PCI device 0000:05:08.0 on NUMA socket 0
EAL:   probe driver: 19ee:6003 net_nfp_vf
EAL: PCI device 0000:05:08.1 on NUMA socket 0
EAL:   probe driver: 19ee:6003 net_nfp_vf
EAL: PCI device 0000:05:08.2 on NUMA socket 0
EAL:   probe driver: 19ee:6003 net_nfp_vf
EAL: PCI device 0000:05:08.3 on NUMA socket 0
EAL:   probe driver: 19ee:6003 net_nfp_vf
MAC updating enabled
Lcore 0: RX port 0
Lcore 2: RX port 1
Lcore 4: RX port 2
Lcore 6: RX port 3
Initializing port 0... done: 
Port 0, MAC address: D2:8B:D7:4E:BE:71

Initializing port 1... done: 
Port 1, MAC address: 22:A0:B9:78:DA:E8

Initializing port 2... done: 
Port 2, MAC address: 02:E5:DF:39:20:8A

Initializing port 3... done: 
Port 3, MAC address: 3E:ED:22:7D:39:0F


Checking link statusdone
Port0 Link Up. Speed 0 Mbps - full-duplex
Port1 Link Up. Speed 0 Mbps - full-duplex
Port2 Link Up. Speed 0 Mbps - full-duplex
Port3 Link Up. Speed 0 Mbps - full-duplex
L2FWD: entering main loop on lcore 2
L2FWD:  -- lcoreid=2 portid=1
L2FWD: entering main loop on lcore 6
L2FWD:  -- lcoreid=6 portid=3
L2FWD: lcore 8 has nothing to do
L2FWD: lcore 10 has nothing to do
L2FWD: lcore 12 has nothing to do
L2FWD: entering main loop on lcore 4
L2FWD:  -- lcoreid=4 portid=2
L2FWD: lcore 14 has nothing to do
L2FWD: entering main loop on lcore 0
L2FWD:  -- lcoreid=0 portid=0
[2J[1;1H
Port statistics ====================================
Statistics for port 0 ------------------------------
Packets sent:                        0
Packets received:                    0
Packets dropped:                     0
TX rate:                             0
RX rate:                             0
Drop rate:                           0
Statistics for port 1 ------------------------------
Packets sent:                        0
Packets received:                 1920
Packets dropped:                     0
TX rate:                             0
RX rate:                           192
Drop rate:                           0
Statistics for port 2 ------------------------------
Packets sent:                        0
Packets received:                 1727
Packets dropped:                     0
TX rate:                             0
RX rate:                           172
Drop rate:                           0
Statistics for port 3 ------------------------------
Packets sent:                        0
Packets received:                 1603
Packets dropped:                     0
TX rate:                             0
RX rate:                           160
Drop rate:                           0
Aggregate statistics ===============================
Total packets sent:                  0
Total packets received:           5252
Total packets dropped:               0
Total TX rate:                       0
Total RX rate:                     524
Total drop rate:                     0
====================================================
[2J[1;1H
Port statistics ====================================
Statistics for port 0 ------------------------------
Packets sent:                        0
Packets received:              6137450
Packets dropped:                     0
TX rate:                             0
RX rate:                        613745
Drop rate:                           0
Statistics for port 1 ------------------------------
Packets sent:                        0
Packets received:              6136397
Packets dropped:                     0
TX rate:                             0
RX rate:                        613447
Drop rate:                           0
Statistics for port 2 ------------------------------
Packets sent:                        0
Packets received:              6075566
Packets dropped:                     0
TX rate:                             0
RX rate:                        607383
Drop rate:                           0
Statistics for port 3 ------------------------------
Packets sent:                        0
Packets received:              6075515
Packets dropped:                     0
TX rate:                             0
RX rate:                        607391
Drop rate:                           0
Aggregate statistics ===============================
Total packets sent:                  0
Total packets received:       24424928
Total packets dropped:               0
Total TX rate:                       0
Total RX rate:                 2441966
Total drop rate:                     0
====================================================
[2J[1;1H
Port statistics ====================================
Statistics for port 0 ------------------------------
Packets sent:                        0
Packets received:             12217708
Packets dropped:                     0
TX rate:                             0
RX rate:                        608025
Drop rate:                           0
Statistics for port 1 ------------------------------
Packets sent:                        0
Packets received:             12215820
Packets dropped:                     0
TX rate:                             0
RX rate:                        607942
Drop rate:                           0
Statistics for port 2 ------------------------------
Packets sent:                        0
Packets received:             12094871
Packets dropped:                     0
TX rate:                             0
RX rate:                        601930
Drop rate:                           0
Statistics for port 3 ------------------------------
Packets sent:                        0
Packets received:             12096551
Packets dropped:                     0
TX rate:                             0
RX rate:                        602103
Drop rate:                           0
Aggregate statistics ===============================
Total packets sent:                  0
Total packets received:       48624950
Total packets dropped:               0
Total TX rate:                       0
Total RX rate:                 2420000
Total drop rate:                     0
====================================================
[2J[1;1H
Port statistics ====================================
Statistics for port 0 ------------------------------
Packets sent:                        0
Packets received:             18300066
Packets dropped:                     0
TX rate:                             0
RX rate:                        608235
Drop rate:                           0
Statistics for port 1 ------------------------------
Packets sent:                        0
Packets received:             18296039
Packets dropped:                     0
TX rate:                             0
RX rate:                        608021
Drop rate:                           0
Statistics for port 2 ------------------------------
Packets sent:                        0
Packets received:             18113304
Packets dropped:                     0
TX rate:                             0
RX rate:                        601843
Drop rate:                           0
Statistics for port 3 ------------------------------
Packets sent:                        0
Packets received:             18115820
Packets dropped:                     0
TX rate:                             0
RX rate:                        601926
Drop rate:                           0
Aggregate statistics ===============================
Total packets sent:                  0
Total packets received:       72825229
Total packets dropped:               0
Total TX rate:                       0
Total RX rate:                 2420025
Total drop rate:                     0
====================================================


Signal 15 received, preparing to exit...
Closing port 0... Done
Closing port 1... Done
Closing port 2... Done
Closing port 3... Done
Bye...
