EAL: Detected 40 lcore(s)
EAL: Detected 2 NUMA nodes
EAL: Multi-process socket /var/run/dpdk/rte/mp_socket
EAL: No free hugepages reported in hugepages-1048576kB
EAL: Probing VFIO support...
EAL: PCI device 0000:05:08.0 on NUMA socket 0
EAL:   probe driver: 19ee:6003 net_nfp_vf
EAL: PCI device 0000:05:08.1 on NUMA socket 0
EAL:   probe driver: 19ee:6003 net_nfp_vf
EAL: PCI device 0000:05:08.2 on NUMA socket 0
EAL:   probe driver: 19ee:6003 net_nfp_vf
EAL: PCI device 0000:05:08.3 on NUMA socket 0
EAL:   probe driver: 19ee:6003 net_nfp_vf
MAC updating enabled
Lcore 0: RX port 0
Lcore 2: RX port 1
Lcore 4: RX port 2
Lcore 6: RX port 3
Initializing port 0... done: 
Port 0, MAC address: 6A:48:36:31:B6:21

Initializing port 1... done: 
Port 1, MAC address: 7A:EA:F2:1D:92:C5

Initializing port 2... done: 
Port 2, MAC address: 1A:D3:46:7C:98:41

Initializing port 3... done: 
Port 3, MAC address: 16:85:A7:67:71:FF


Checking link statusdone
Port0 Link Up. Speed 0 Mbps - full-duplex
Port1 Link Up. Speed 0 Mbps - full-duplex
Port2 Link Up. Speed 0 Mbps - full-duplex
Port3 Link Up. Speed 0 Mbps - full-duplex
L2FWD: entering main loop on lcore 2
L2FWD:  -- lcoreid=2 portid=1
L2FWD: entering main loop on lcore 6
L2FWD:  -- lcoreid=6 portid=3
L2FWD: lcore 8 has nothing to do
L2FWD: lcore 10 has nothing to do
L2FWD: lcore 12 has nothing to do
L2FWD: lcore 14 has nothing to do
L2FWD: entering main loop on lcore 0
L2FWD:  -- lcoreid=0 portid=0
[2J[1;1H
Port statistics ====================================
Statistics for port 0 ------------------------------
Packets sent:                        0
Packets received:                    0
Packets dropped:                     0
TX rate:                             0
RX rate:                             0
Drop rate:                           0
Statistics for port 1 ------------------------------
Packets sent:                        0
Packets received:                 2316
Packets dropped:                     0
TX rate:                             0
RX rate:                           231
Drop rate:                           0
Statistics for port 2 ------------------------------
Packets sent:                        0
Packets received:                    0
Packets dropped:                     0
TX rate:                             0
RX rate:                             0
Drop rate:                           0
Statistics for port 3 ------------------------------
Packets sent:                        0
Packets received:                 2047
Packets dropped:                     0
TX rate:                             0
RX rate:                           204
Drop rate:                           0
Aggregate statistics ===============================
Total packets sent:                  0
Total packets received:           4376
Total packets dropped:               0
Total TX rate:                       0
Total RX rate:                     435
Total drop rate:                     0
====================================================
L2FWD: entering main loop on lcore 4
L2FWD:  -- lcoreid=4 portid=2
[2J[1;1H
Port statistics ====================================
Statistics for port 0 ------------------------------
Packets sent:                        0
Packets received:             44704419
Packets dropped:                     0
TX rate:                             0
RX rate:                       4470441
Drop rate:                           0
Statistics for port 1 ------------------------------
Packets sent:                        0
Packets received:             44706015
Packets dropped:                     0
TX rate:                             0
RX rate:                       4470369
Drop rate:                           0
Statistics for port 2 ------------------------------
Packets sent:                        0
Packets received:             44249225
Packets dropped:                     0
TX rate:                             0
RX rate:                       4424922
Drop rate:                           0
Statistics for port 3 ------------------------------
Packets sent:                        0
Packets received:             44256497
Packets dropped:                     0
TX rate:                             0
RX rate:                       4425444
Drop rate:                           0
Aggregate statistics ===============================
Total packets sent:                  0
Total packets received:      177916193
Total packets dropped:               0
Total TX rate:                       0
Total RX rate:                17791176
Total drop rate:                     0
====================================================
[2J[1;1H
Port statistics ====================================
Statistics for port 0 ------------------------------
Packets sent:                        0
Packets received:             88775892
Packets dropped:                     0
TX rate:                             0
RX rate:                       4407147
Drop rate:                           0
Statistics for port 1 ------------------------------
Packets sent:                        0
Packets received:             88777378
Packets dropped:                     0
TX rate:                             0
RX rate:                       4407136
Drop rate:                           0
Statistics for port 2 ------------------------------
Packets sent:                        0
Packets received:             87877692
Packets dropped:                     0
TX rate:                             0
RX rate:                       4362846
Drop rate:                           0
Statistics for port 3 ------------------------------
Packets sent:                        0
Packets received:             87884790
Packets dropped:                     0
TX rate:                             0
RX rate:                       4362829
Drop rate:                           0
Aggregate statistics ===============================
Total packets sent:                  0
Total packets received:      353315753
Total packets dropped:               0
Total TX rate:                       0
Total RX rate:                17539958
Total drop rate:                     0
====================================================
[2J[1;1H
Port statistics ====================================
Statistics for port 0 ------------------------------
Packets sent:                        0
Packets received:            132855089
Packets dropped:                     0
TX rate:                             0
RX rate:                       4407919
Drop rate:                           0
Statistics for port 1 ------------------------------
Packets sent:                        0
Packets received:            132856457
Packets dropped:                     0
TX rate:                             0
RX rate:                       4407907
Drop rate:                           0
Statistics for port 2 ------------------------------
Packets sent:                        0
Packets received:            131513816
Packets dropped:                     0
TX rate:                             0
RX rate:                       4363612
Drop rate:                           0
Statistics for port 3 ------------------------------
Packets sent:                        0
Packets received:            131520974
Packets dropped:                     0
TX rate:                             0
RX rate:                       4363618
Drop rate:                           0
Aggregate statistics ===============================
Total packets sent:                  0
Total packets received:      528746342
Total packets dropped:               0
Total TX rate:                       0
Total RX rate:                17543056
Total drop rate:                     0
====================================================


Signal 15 received, preparing to exit...
Closing port 0... Done
Closing port 1... Done
Closing port 2... Done
Closing port 3... Done
Bye...
