EAL: Detected 40 lcore(s)
EAL: Detected 2 NUMA nodes
EAL: Multi-process socket /var/run/dpdk/rte/mp_socket
EAL: No free hugepages reported in hugepages-1048576kB
EAL: Probing VFIO support...
EAL: PCI device 0000:05:08.0 on NUMA socket 0
EAL:   probe driver: 19ee:6003 net_nfp_vf
EAL: PCI device 0000:05:08.1 on NUMA socket 0
EAL:   probe driver: 19ee:6003 net_nfp_vf
EAL: PCI device 0000:05:08.2 on NUMA socket 0
EAL:   probe driver: 19ee:6003 net_nfp_vf
EAL: PCI device 0000:05:08.3 on NUMA socket 0
EAL:   probe driver: 19ee:6003 net_nfp_vf
MAC updating enabled
Lcore 0: RX port 0
Lcore 2: RX port 1
Lcore 4: RX port 2
Lcore 6: RX port 3
Initializing port 0... done: 
Port 0, MAC address: 2A:81:17:14:A5:FF

Initializing port 1... done: 
Port 1, MAC address: 76:D0:AA:5D:99:22

Initializing port 2... done: 
Port 2, MAC address: 0E:F5:CF:07:77:AF

Initializing port 3... done: 
Port 3, MAC address: C2:EF:59:15:E8:C5


Checking link statusdone
Port0 Link Up. Speed 0 Mbps - full-duplex
Port1 Link Up. Speed 0 Mbps - full-duplex
Port2 Link Up. Speed 0 Mbps - full-duplex
Port3 Link Up. Speed 0 Mbps - full-duplex
L2FWD: entering main loop on lcore 2
L2FWD:  -- lcoreid=2 portid=1
L2FWD: entering main loop on lcore 4
L2FWD:  -- lcoreid=4 portid=2
L2FWD: lcore 8 has nothing to do
L2FWD: entering main loop on lcore 6
L2FWD:  -- lcoreid=6 portid=3
L2FWD: lcore 10 has nothing to do
L2FWD: lcore 12 has nothing to do
L2FWD: lcore 14 has nothing to do
L2FWD: entering main loop on lcore 0
L2FWD:  -- lcoreid=0 portid=0
[2J[1;1H
Port statistics ====================================
Statistics for port 0 ------------------------------
Packets sent:                        0
Packets received:                    0
Packets dropped:                     0
TX rate:                             0
RX rate:                             0
Drop rate:                           0
Statistics for port 1 ------------------------------
Packets sent:                        0
Packets received:                 3230
Packets dropped:                     0
TX rate:                             0
RX rate:                           323
Drop rate:                           0
Statistics for port 2 ------------------------------
Packets sent:                        0
Packets received:                 3148
Packets dropped:                     0
TX rate:                             0
RX rate:                           314
Drop rate:                           0
Statistics for port 3 ------------------------------
Packets sent:                        0
Packets received:                 3044
Packets dropped:                     0
TX rate:                             0
RX rate:                           304
Drop rate:                           0
Aggregate statistics ===============================
Total packets sent:                  0
Total packets received:           9425
Total packets dropped:               0
Total TX rate:                       0
Total RX rate:                     941
Total drop rate:                     0
====================================================
[2J[1;1H
Port statistics ====================================
Statistics for port 0 ------------------------------
Packets sent:                        0
Packets received:             10348546
Packets dropped:                     0
TX rate:                             0
RX rate:                       1034854
Drop rate:                           0
Statistics for port 1 ------------------------------
Packets sent:                        0
Packets received:             10350878
Packets dropped:                     0
TX rate:                             0
RX rate:                       1034764
Drop rate:                           0
Statistics for port 2 ------------------------------
Packets sent:                        0
Packets received:             10247022
Packets dropped:                     0
TX rate:                             0
RX rate:                       1024387
Drop rate:                           0
Statistics for port 3 ------------------------------
Packets sent:                        0
Packets received:             10247158
Packets dropped:                     0
TX rate:                             0
RX rate:                       1024411
Drop rate:                           0
Aggregate statistics ===============================
Total packets sent:                  0
Total packets received:       41193607
Total packets dropped:               0
Total TX rate:                       0
Total RX rate:                 4118416
Total drop rate:                     0
====================================================
[2J[1;1H
Port statistics ====================================
Statistics for port 0 ------------------------------
Packets sent:                        0
Packets received:             20686199
Packets dropped:                     0
TX rate:                             0
RX rate:                       1033765
Drop rate:                           0
Statistics for port 1 ------------------------------
Packets sent:                        0
Packets received:             20689203
Packets dropped:                     0
TX rate:                             0
RX rate:                       1033832
Drop rate:                           0
Statistics for port 2 ------------------------------
Packets sent:                        0
Packets received:             20481599
Packets dropped:                     0
TX rate:                             0
RX rate:                       1023457
Drop rate:                           0
Statistics for port 3 ------------------------------
Packets sent:                        0
Packets received:             20481117
Packets dropped:                     0
TX rate:                             0
RX rate:                       1023395
Drop rate:                           0
Aggregate statistics ===============================
Total packets sent:                  0
Total packets received:       82338118
Total packets dropped:               0
Total TX rate:                       0
Total RX rate:                 4114449
Total drop rate:                     0
====================================================
[2J[1;1H
Port statistics ====================================
Statistics for port 0 ------------------------------
Packets sent:                        0
Packets received:             31023695
Packets dropped:                     0
TX rate:                             0
RX rate:                       1033749
Drop rate:                           0
Statistics for port 1 ------------------------------
Packets sent:                        0
Packets received:             31025912
Packets dropped:                     0
TX rate:                             0
RX rate:                       1033670
Drop rate:                           0
Statistics for port 2 ------------------------------
Packets sent:                        0
Packets received:             30717169
Packets dropped:                     0
TX rate:                             0
RX rate:                       1023557
Drop rate:                           0
Statistics for port 3 ------------------------------
Packets sent:                        0
Packets received:             30715483
Packets dropped:                     0
TX rate:                             0
RX rate:                       1023436
Drop rate:                           0
Aggregate statistics ===============================
Total packets sent:                  0
Total packets received:      123482261
Total packets dropped:               0
Total TX rate:                       0
Total RX rate:                 4114412
Total drop rate:                     0
====================================================


Signal 15 received, preparing to exit...
Closing port 0... Done
Closing port 1... Done
Closing port 2... Done
Closing port 3... Done
Bye...
