EAL: Detected 40 lcore(s)
EAL: Detected 2 NUMA nodes
EAL: Multi-process socket /var/run/dpdk/rte/mp_socket
EAL: No free hugepages reported in hugepages-1048576kB
EAL: Probing VFIO support...
EAL: PCI device 0000:05:08.0 on NUMA socket 0
EAL:   probe driver: 19ee:6003 net_nfp_vf
EAL: PCI device 0000:05:08.1 on NUMA socket 0
EAL:   probe driver: 19ee:6003 net_nfp_vf
EAL: PCI device 0000:05:08.2 on NUMA socket 0
EAL:   probe driver: 19ee:6003 net_nfp_vf
EAL: PCI device 0000:05:08.3 on NUMA socket 0
EAL:   probe driver: 19ee:6003 net_nfp_vf
MAC updating enabled
Lcore 0: RX port 0
Lcore 2: RX port 1
Lcore 4: RX port 2
Lcore 6: RX port 3
Initializing port 0... done: 
Port 0, MAC address: 00:15:4D:00:00:00

Initializing port 1... done: 
Port 1, MAC address: 00:15:4D:00:00:01

Initializing port 2... done: 
Port 2, MAC address: 00:15:4D:00:00:02

Initializing port 3... done: 
Port 3, MAC address: 00:15:4D:00:00:03


Checking link statusdone
Port0 Link Up. Speed 0 Mbps - full-duplex
Port1 Link Up. Speed 0 Mbps - full-duplex
Port2 Link Up. Speed 0 Mbps - full-duplex
Port3 Link Up. Speed 0 Mbps - full-duplex
L2FWD: entering main loop on lcore 2
L2FWD:  -- lcoreid=2 portid=1
L2FWD: entering main loop on lcore 6
L2FWD:  -- lcoreid=6 portid=3
L2FWD: lcore 8 has nothing to do
L2FWD: lcore 10 has nothing to do
L2FWD: entering main loop on lcore 4
L2FWD:  -- lcoreid=4 portid=2
L2FWD: lcore 12 has nothing to do
L2FWD: lcore 14 has nothing to do
L2FWD: entering main loop on lcore 0
L2FWD:  -- lcoreid=0 portid=0
[2J[1;1H
Port statistics ====================================
Statistics for port 0 ------------------------------
Packets sent:                        0
Packets received:                    0
Packets dropped:                     0
TX rate:                             0
RX rate:                             0
Drop rate:                           0
Statistics for port 1 ------------------------------
Packets sent:                        0
Packets received:                10181
Packets dropped:                     0
TX rate:                             0
RX rate:                          1018
Drop rate:                           0
Statistics for port 2 ------------------------------
Packets sent:                        0
Packets received:                 8891
Packets dropped:                     0
TX rate:                             0
RX rate:                           889
Drop rate:                           0
Statistics for port 3 ------------------------------
Packets sent:                        0
Packets received:                10165
Packets dropped:                     0
TX rate:                             0
RX rate:                          1016
Drop rate:                           0
Aggregate statistics ===============================
Total packets sent:                  0
Total packets received:          29252
Total packets dropped:               0
Total TX rate:                       0
Total RX rate:                    2923
Total drop rate:                     0
====================================================
[2J[1;1H
Port statistics ====================================
Statistics for port 0 ------------------------------
Packets sent:                        0
Packets received:             60369909
Packets dropped:                     0
TX rate:                             0
RX rate:                       6036990
Drop rate:                           0
Statistics for port 1 ------------------------------
Packets sent:                        0
Packets received:             60376578
Packets dropped:                     0
TX rate:                             0
RX rate:                       6036638
Drop rate:                           0
Statistics for port 2 ------------------------------
Packets sent:                        0
Packets received:             60337992
Packets dropped:                     0
TX rate:                             0
RX rate:                       6032910
Drop rate:                           0
Statistics for port 3 ------------------------------
Packets sent:                        0
Packets received:             60362891
Packets dropped:                     0
TX rate:                             0
RX rate:                       6035272
Drop rate:                           0
Aggregate statistics ===============================
Total packets sent:                  0
Total packets received:      241447382
Total packets dropped:               0
Total TX rate:                       0
Total RX rate:                24141810
Total drop rate:                     0
====================================================
[2J[1;1H
Port statistics ====================================
Statistics for port 0 ------------------------------
Packets sent:                        0
Packets received:            120699492
Packets dropped:                     0
TX rate:                             0
RX rate:                       6032958
Drop rate:                           0
Statistics for port 1 ------------------------------
Packets sent:                        0
Packets received:            120717091
Packets dropped:                     0
TX rate:                             0
RX rate:                       6034053
Drop rate:                           0
Statistics for port 2 ------------------------------
Packets sent:                        0
Packets received:            120671890
Packets dropped:                     0
TX rate:                             0
RX rate:                       6033389
Drop rate:                           0
Statistics for port 3 ------------------------------
Packets sent:                        0
Packets received:            120702900
Packets dropped:                     0
TX rate:                             0
RX rate:                       6034000
Drop rate:                           0
Aggregate statistics ===============================
Total packets sent:                  0
Total packets received:      482791391
Total packets dropped:               0
Total TX rate:                       0
Total RX rate:                24134400
Total drop rate:                     0
====================================================
[2J[1;1H
Port statistics ====================================
Statistics for port 0 ------------------------------
Packets sent:                        0
Packets received:            181031083
Packets dropped:                     0
TX rate:                             0
RX rate:                       6033159
Drop rate:                           0
Statistics for port 1 ------------------------------
Packets sent:                        0
Packets received:            181049421
Packets dropped:                     0
TX rate:                             0
RX rate:                       6033231
Drop rate:                           0
Statistics for port 2 ------------------------------
Packets sent:                        0
Packets received:            181021524
Packets dropped:                     0
TX rate:                             0
RX rate:                       6034963
Drop rate:                           0
Statistics for port 3 ------------------------------
Packets sent:                        0
Packets received:            181037982
Packets dropped:                     0
TX rate:                             0
RX rate:                       6033508
Drop rate:                           0
Aggregate statistics ===============================
Total packets sent:                  0
Total packets received:      724140026
Total packets dropped:               0
Total TX rate:                       0
Total RX rate:                24134861
Total drop rate:                     0
====================================================


Signal 15 received, preparing to exit...
Closing port 0... Done
Closing port 1... Done
Closing port 2... Done
Closing port 3... Done
Bye...
