EAL: Detected 40 lcore(s)
EAL: Detected 2 NUMA nodes
EAL: Multi-process socket /var/run/dpdk/rte/mp_socket
EAL: No free hugepages reported in hugepages-1048576kB
EAL: Probing VFIO support...
EAL: PCI device 0000:05:08.0 on NUMA socket 0
EAL:   probe driver: 19ee:6003 net_nfp_vf
EAL: PCI device 0000:05:08.1 on NUMA socket 0
EAL:   probe driver: 19ee:6003 net_nfp_vf
EAL: PCI device 0000:05:08.2 on NUMA socket 0
EAL:   probe driver: 19ee:6003 net_nfp_vf
EAL: PCI device 0000:05:08.3 on NUMA socket 0
EAL:   probe driver: 19ee:6003 net_nfp_vf
MAC updating enabled
Lcore 0: RX port 0
Lcore 2: RX port 1
Lcore 4: RX port 2
Lcore 6: RX port 3
Initializing port 0... done: 
Port 0, MAC address: 22:C3:D7:41:18:5B

Initializing port 1... done: 
Port 1, MAC address: C2:84:B9:0C:C4:22

Initializing port 2... done: 
Port 2, MAC address: 76:FF:82:11:1A:6F

Initializing port 3... done: 
Port 3, MAC address: 02:3A:D1:60:C3:BD


Checking link statusdone
Port0 Link Up. Speed 0 Mbps - full-duplex
Port1 Link Up. Speed 0 Mbps - full-duplex
Port2 Link Up. Speed 0 Mbps - full-duplex
Port3 Link Up. Speed 0 Mbps - full-duplex
L2FWD: entering main loop on lcore 2
L2FWD:  -- lcoreid=2 portid=1
L2FWD: entering main loop on lcore 6
L2FWD:  -- lcoreid=6 portid=3
L2FWD: lcore 8 has nothing to do
L2FWD: lcore 10 has nothing to do
L2FWD: lcore 12 has nothing to do
L2FWD: lcore 14 has nothing to do
L2FWD: entering main loop on lcore 0
L2FWD:  -- lcoreid=0 portid=0
[2J[1;1H
Port statistics ====================================
Statistics for port 0 ------------------------------
Packets sent:                        0
Packets received:                    0
Packets dropped:                     0
TX rate:                             0
RX rate:                             0
Drop rate:                           0
Statistics for port 1 ------------------------------
Packets sent:                        0
Packets received:                 1206
Packets dropped:                     0
TX rate:                             0
RX rate:                           120
Drop rate:                           0
Statistics for port 2 ------------------------------
Packets sent:                        0
Packets received:                    0
Packets dropped:                     0
TX rate:                             0
RX rate:                             0
Drop rate:                           0
Statistics for port 3 ------------------------------
Packets sent:                        0
Packets received:                 1136
Packets dropped:                     0
TX rate:                             0
RX rate:                           113
Drop rate:                           0
Aggregate statistics ===============================
Total packets sent:                  0
Total packets received:           2343
Total packets dropped:               0
Total TX rate:                       0
Total RX rate:                     233
Total drop rate:                     0
====================================================
L2FWD: entering main loop on lcore 4
L2FWD:  -- lcoreid=4 portid=2
[2J[1;1H
Port statistics ====================================
Statistics for port 0 ------------------------------
Packets sent:                        0
Packets received:              9172486
Packets dropped:                     0
TX rate:                             0
RX rate:                        917248
Drop rate:                           0
Statistics for port 1 ------------------------------
Packets sent:                        0
Packets received:              9173356
Packets dropped:                     0
TX rate:                             0
RX rate:                        917215
Drop rate:                           0
Statistics for port 2 ------------------------------
Packets sent:                        0
Packets received:              9078402
Packets dropped:                     0
TX rate:                             0
RX rate:                        907840
Drop rate:                           0
Statistics for port 3 ------------------------------
Packets sent:                        0
Packets received:              9080558
Packets dropped:                     0
TX rate:                             0
RX rate:                        907942
Drop rate:                           0
Aggregate statistics ===============================
Total packets sent:                  0
Total packets received:       36504816
Total packets dropped:               0
Total TX rate:                       0
Total RX rate:                 3650245
Total drop rate:                     0
====================================================
[2J[1;1H
Port statistics ====================================
Statistics for port 0 ------------------------------
Packets sent:                        0
Packets received:             18300498
Packets dropped:                     0
TX rate:                             0
RX rate:                        912801
Drop rate:                           0
Statistics for port 1 ------------------------------
Packets sent:                        0
Packets received:             18299610
Packets dropped:                     0
TX rate:                             0
RX rate:                        912625
Drop rate:                           0
Statistics for port 2 ------------------------------
Packets sent:                        0
Packets received:             18114448
Packets dropped:                     0
TX rate:                             0
RX rate:                        903605
Drop rate:                           0
Statistics for port 3 ------------------------------
Packets sent:                        0
Packets received:             18116820
Packets dropped:                     0
TX rate:                             0
RX rate:                        903626
Drop rate:                           0
Aggregate statistics ===============================
Total packets sent:                  0
Total packets received:       72831386
Total packets dropped:               0
Total TX rate:                       0
Total RX rate:                 3632657
Total drop rate:                     0
====================================================
[2J[1;1H
Port statistics ====================================
Statistics for port 0 ------------------------------
Packets sent:                        0
Packets received:             27428140
Packets dropped:                     0
TX rate:                             0
RX rate:                        912764
Drop rate:                           0
Statistics for port 1 ------------------------------
Packets sent:                        0
Packets received:             27427383
Packets dropped:                     0
TX rate:                             0
RX rate:                        912777
Drop rate:                           0
Statistics for port 2 ------------------------------
Packets sent:                        0
Packets received:             27151433
Packets dropped:                     0
TX rate:                             0
RX rate:                        903698
Drop rate:                           0
Statistics for port 3 ------------------------------
Packets sent:                        0
Packets received:             27152816
Packets dropped:                     0
TX rate:                             0
RX rate:                        903599
Drop rate:                           0
Aggregate statistics ===============================
Total packets sent:                  0
Total packets received:      109159778
Total packets dropped:               0
Total TX rate:                       0
Total RX rate:                 3632838
Total drop rate:                     0
====================================================


Signal 15 received, preparing to exit...
Closing port 0... Done
Closing port 1... Done
Closing port 2... Done
Closing port 3... Done
Bye...
