EAL: Detected 40 lcore(s)
EAL: Detected 2 NUMA nodes
EAL: Multi-process socket /var/run/dpdk/rte/mp_socket
EAL: No free hugepages reported in hugepages-1048576kB
EAL: Probing VFIO support...
EAL: PCI device 0000:05:08.0 on NUMA socket 0
EAL:   probe driver: 19ee:6003 net_nfp_vf
EAL: PCI device 0000:05:08.1 on NUMA socket 0
EAL:   probe driver: 19ee:6003 net_nfp_vf
EAL: PCI device 0000:05:08.2 on NUMA socket 0
EAL:   probe driver: 19ee:6003 net_nfp_vf
EAL: PCI device 0000:05:08.3 on NUMA socket 0
EAL:   probe driver: 19ee:6003 net_nfp_vf
MAC updating enabled
Lcore 0: RX port 0
Lcore 2: RX port 1
Lcore 4: RX port 2
Lcore 6: RX port 3
Initializing port 0... done: 
Port 0, MAC address: 00:15:4D:00:00:00

Initializing port 1... done: 
Port 1, MAC address: 00:15:4D:00:00:01

Initializing port 2... done: 
Port 2, MAC address: 00:15:4D:00:00:02

Initializing port 3... done: 
Port 3, MAC address: 00:15:4D:00:00:03


Checking link statusdone
Port0 Link Up. Speed 0 Mbps - full-duplex
Port1 Link Up. Speed 0 Mbps - full-duplex
Port2 Link Up. Speed 0 Mbps - full-duplex
Port3 Link Up. Speed 0 Mbps - full-duplex
L2FWD: entering main loop on lcore 2
L2FWD:  -- lcoreid=2 portid=1
L2FWD: entering main loop on lcore 6
L2FWD:  -- lcoreid=6 portid=3
L2FWD: lcore 12 has nothing to do
L2FWD: lcore 10 has nothing to do
L2FWD: lcore 14 has nothing to do
L2FWD: lcore 8 has nothing to do
L2FWD: entering main loop on lcore 0
L2FWD:  -- lcoreid=0 portid=0
[2J[1;1H
Port statistics ====================================
Statistics for port 0 ------------------------------
Packets sent:                        0
Packets received:                    0
Packets dropped:                     0
TX rate:                             0
RX rate:                             0
Drop rate:                           0
Statistics for port 1 ------------------------------
Packets sent:                        0
Packets received:                 5424
Packets dropped:                     0
TX rate:                             0
RX rate:                           543
Drop rate:                           0
Statistics for port 2 ------------------------------
Packets sent:                        0
Packets received:                    0
Packets dropped:                     0
TX rate:                             0
RX rate:                             0
Drop rate:                           0
Statistics for port 3 ------------------------------
Packets sent:                        0
Packets received:                 4608
Packets dropped:                     0
TX rate:                             0
RX rate:                           461
Drop rate:                           0
Aggregate statistics ===============================
Total packets sent:                  0
Total packets received:          10061
Total packets dropped:               0
Total TX rate:                       0
Total RX rate:                    1004
Total drop rate:                     0
====================================================
L2FWD: entering main loop on lcore 4
L2FWD:  -- lcoreid=4 portid=2
[2J[1;1H
Port statistics ====================================
Statistics for port 0 ------------------------------
Packets sent:                        0
Packets received:             65865323
Packets dropped:                     0
TX rate:                             0
RX rate:                       6586532
Drop rate:                           0
Statistics for port 1 ------------------------------
Packets sent:                        0
Packets received:             65866312
Packets dropped:                     0
TX rate:                             0
RX rate:                       6586087
Drop rate:                           0
Statistics for port 2 ------------------------------
Packets sent:                        0
Packets received:             65863757
Packets dropped:                     0
TX rate:                             0
RX rate:                       6586376
Drop rate:                           0
Statistics for port 3 ------------------------------
Packets sent:                        0
Packets received:             65856856
Packets dropped:                     0
TX rate:                             0
RX rate:                       6585225
Drop rate:                           0
Aggregate statistics ===============================
Total packets sent:                  0
Total packets received:      263452269
Total packets dropped:               0
Total TX rate:                       0
Total RX rate:                26344220
Total drop rate:                     0
====================================================
[2J[1;1H
Port statistics ====================================
Statistics for port 0 ------------------------------
Packets sent:                        0
Packets received:            131694397
Packets dropped:                     0
TX rate:                             0
RX rate:                       6582907
Drop rate:                           0
Statistics for port 1 ------------------------------
Packets sent:                        0
Packets received:            131704244
Packets dropped:                     0
TX rate:                             0
RX rate:                       6583793
Drop rate:                           0
Statistics for port 2 ------------------------------
Packets sent:                        0
Packets received:            131709635
Packets dropped:                     0
TX rate:                             0
RX rate:                       6584589
Drop rate:                           0
Statistics for port 3 ------------------------------
Packets sent:                        0
Packets received:            131708466
Packets dropped:                     0
TX rate:                             0
RX rate:                       6585160
Drop rate:                           0
Aggregate statistics ===============================
Total packets sent:                  0
Total packets received:      526816792
Total packets dropped:               0
Total TX rate:                       0
Total RX rate:                26336449
Total drop rate:                     0
====================================================
[2J[1;1H
Port statistics ====================================
Statistics for port 0 ------------------------------
Packets sent:                        0
Packets received:            197655030
Packets dropped:                     0
TX rate:                             0
RX rate:                       6596063
Drop rate:                           0
Statistics for port 1 ------------------------------
Packets sent:                        0
Packets received:            197695504
Packets dropped:                     0
TX rate:                             0
RX rate:                       6599126
Drop rate:                           0
Statistics for port 2 ------------------------------
Packets sent:                        0
Packets received:            197699667
Packets dropped:                     0
TX rate:                             0
RX rate:                       6599001
Drop rate:                           0
Statistics for port 3 ------------------------------
Packets sent:                        0
Packets received:            197685972
Packets dropped:                     0
TX rate:                             0
RX rate:                       6597749
Drop rate:                           0
Aggregate statistics ===============================
Total packets sent:                  0
Total packets received:      790736173
Total packets dropped:               0
Total TX rate:                       0
Total RX rate:                26391939
Total drop rate:                     0
====================================================


Signal 15 received, preparing to exit...
Closing port 0... Done
Closing port 1... Done
Closing port 2... Done
Closing port 3... Done
Bye...
