EAL: Detected 40 lcore(s)
EAL: Detected 2 NUMA nodes
EAL: Multi-process socket /var/run/dpdk/rte/mp_socket
EAL: No free hugepages reported in hugepages-1048576kB
EAL: Probing VFIO support...
EAL: PCI device 0000:05:08.0 on NUMA socket 0
EAL:   probe driver: 19ee:6003 net_nfp_vf
EAL: PCI device 0000:05:08.1 on NUMA socket 0
EAL:   probe driver: 19ee:6003 net_nfp_vf
EAL: PCI device 0000:05:08.2 on NUMA socket 0
EAL:   probe driver: 19ee:6003 net_nfp_vf
EAL: PCI device 0000:05:08.3 on NUMA socket 0
EAL:   probe driver: 19ee:6003 net_nfp_vf
MAC updating enabled
Lcore 0: RX port 0
Lcore 2: RX port 1
Lcore 4: RX port 2
Lcore 6: RX port 3
Initializing port 0... done: 
Port 0, MAC address: 00:15:4D:00:00:00

Initializing port 1... done: 
Port 1, MAC address: 00:15:4D:00:00:01

Initializing port 2... done: 
Port 2, MAC address: 00:15:4D:00:00:02

Initializing port 3... done: 
Port 3, MAC address: 00:15:4D:00:00:03


Checking link statusdone
Port0 Link Up. Speed 0 Mbps - full-duplex
Port1 Link Up. Speed 0 Mbps - full-duplex
Port2 Link Up. Speed 0 Mbps - full-duplex
Port3 Link Up. Speed 0 Mbps - full-duplex
L2FWD: entering main loop on lcore 2
L2FWD:  -- lcoreid=2 portid=1
L2FWD: entering main loop on lcore 6
L2FWD:  -- lcoreid=6 portid=3
L2FWD: lcore 8 has nothing to do
L2FWD: entering main loop on lcore 4
L2FWD: lcore 10 has nothing to do
L2FWD: lcore 14 has nothing to do
L2FWD: entering main loop on lcore 0
L2FWD:  -- lcoreid=0 portid=0
[2J[1;1H
Port statistics ====================================
Statistics for port 0 ------------------------------
Packets sent:                        0
Packets received:                    0
Packets dropped:                     0
TX rate:                             0
RX rate:                             0
Drop rate:                           0
Statistics for port 1 ------------------------------
Packets sent:                        0
Packets received:                 2551
Packets dropped:                     0
TX rate:                             0
RX rate:                           255
Drop rate:                           0
Statistics for port 2 ------------------------------
Packets sent:                        0
Packets received:                    0
Packets dropped:                     0
TX rate:                             0
RX rate:                             0
Drop rate:                           0
Statistics for port 3 ------------------------------
Packets sent:                        0
Packets received:                 1997
Packets dropped:                     0
TX rate:                             0
RX rate:                           199
Drop rate:                           0
Aggregate statistics ===============================
Total packets sent:                  0
Total packets received:           4565
Total packets dropped:               0
Total TX rate:                       0
Total RX rate:                     454
Total drop rate:                     0
====================================================
L2FWD: lcore 12 has nothing to do
L2FWD:  -- lcoreid=4 portid=2
[2J[1;1H
Port statistics ====================================
Statistics for port 0 ------------------------------
Packets sent:                        0
Packets received:             52812927
Packets dropped:                     0
TX rate:                             0
RX rate:                       5281292
Drop rate:                           0
Statistics for port 1 ------------------------------
Packets sent:                        0
Packets received:             52816630
Packets dropped:                     0
TX rate:                             0
RX rate:                       5281407
Drop rate:                           0
Statistics for port 2 ------------------------------
Packets sent:                        0
Packets received:             52813851
Packets dropped:                     0
TX rate:                             0
RX rate:                       5281385
Drop rate:                           0
Statistics for port 3 ------------------------------
Packets sent:                        0
Packets received:             52802577
Packets dropped:                     0
TX rate:                             0
RX rate:                       5280057
Drop rate:                           0
Aggregate statistics ===============================
Total packets sent:                  0
Total packets received:      211246002
Total packets dropped:               0
Total TX rate:                       0
Total RX rate:                21124141
Total drop rate:                     0
====================================================
[2J[1;1H
Port statistics ====================================
Statistics for port 0 ------------------------------
Packets sent:                        0
Packets received:            104637363
Packets dropped:                     0
TX rate:                             0
RX rate:                       5182443
Drop rate:                           0
Statistics for port 1 ------------------------------
Packets sent:                        0
Packets received:            104653101
Packets dropped:                     0
TX rate:                             0
RX rate:                       5183648
Drop rate:                           0
Statistics for port 2 ------------------------------
Packets sent:                        0
Packets received:            104642090
Packets dropped:                     0
TX rate:                             0
RX rate:                       5182823
Drop rate:                           0
Statistics for port 3 ------------------------------
Packets sent:                        0
Packets received:            104627778
Packets dropped:                     0
TX rate:                             0
RX rate:                       5182520
Drop rate:                           0
Aggregate statistics ===============================
Total packets sent:                  0
Total packets received:      418560360
Total packets dropped:               0
Total TX rate:                       0
Total RX rate:                20731434
Total drop rate:                     0
====================================================
[2J[1;1H
Port statistics ====================================
Statistics for port 0 ------------------------------
Packets sent:                        0
Packets received:            156501722
Packets dropped:                     0
TX rate:                             0
RX rate:                       5186435
Drop rate:                           0
Statistics for port 1 ------------------------------
Packets sent:                        0
Packets received:            156520149
Packets dropped:                     0
TX rate:                             0
RX rate:                       5186703
Drop rate:                           0
Statistics for port 2 ------------------------------
Packets sent:                        0
Packets received:            156499109
Packets dropped:                     0
TX rate:                             0
RX rate:                       5185701
Drop rate:                           0
Statistics for port 3 ------------------------------
Packets sent:                        0
Packets received:            156503424
Packets dropped:                     0
TX rate:                             0
RX rate:                       5187565
Drop rate:                           0
Aggregate statistics ===============================
Total packets sent:                  0
Total packets received:      626024429
Total packets dropped:               0
Total TX rate:                       0
Total RX rate:                20746404
Total drop rate:                     0
====================================================


Signal 15 received, preparing to exit...
Closing port 0... Done
Closing port 1... Done
Closing port 2... Done
Closing port 3... Done
Bye...
