EAL: Detected 40 lcore(s)
EAL: Detected 2 NUMA nodes
EAL: Multi-process socket /var/run/dpdk/rte/mp_socket
EAL: No free hugepages reported in hugepages-1048576kB
EAL: Probing VFIO support...
EAL: PCI device 0000:05:08.0 on NUMA socket 0
EAL:   probe driver: 19ee:6003 net_nfp_vf
EAL: PCI device 0000:05:08.1 on NUMA socket 0
EAL:   probe driver: 19ee:6003 net_nfp_vf
EAL: PCI device 0000:05:08.2 on NUMA socket 0
EAL:   probe driver: 19ee:6003 net_nfp_vf
EAL: PCI device 0000:05:08.3 on NUMA socket 0
EAL:   probe driver: 19ee:6003 net_nfp_vf
MAC updating enabled
Lcore 0: RX port 0
Lcore 2: RX port 1
Lcore 4: RX port 2
Lcore 6: RX port 3
Initializing port 0... done: 
Port 0, MAC address: 00:15:4D:00:00:00

Initializing port 1... done: 
Port 1, MAC address: 00:15:4D:00:00:01

Initializing port 2... done: 
Port 2, MAC address: 00:15:4D:00:00:02

Initializing port 3... done: 
Port 3, MAC address: 00:15:4D:00:00:03


Checking link statusdone
Port0 Link Up. Speed 0 Mbps - full-duplex
Port1 Link Up. Speed 0 Mbps - full-duplex
Port2 Link Up. Speed 0 Mbps - full-duplex
Port3 Link Up. Speed 0 Mbps - full-duplex
L2FWD: entering main loop on lcore 2
L2FWD: entering main loop on lcore 6
L2FWD:  -- lcoreid=6 portid=3
L2FWD: lcore 8 has nothing to do
L2FWD: lcore 12 has nothing to do
L2FWD:  -- lcoreid=2 portid=1
L2FWD: lcore 14 has nothing to do
L2FWD: lcore 10 has nothing to do
L2FWD: entering main loop on lcore 0
L2FWD:  -- lcoreid=0 portid=0
[2J[1;1H
Port statistics ====================================
Statistics for port 0 ------------------------------
Packets sent:                        0
Packets received:                    0
Packets dropped:                     0
TX rate:                             0
RX rate:                             0
Drop rate:                           0
Statistics for port 1 ------------------------------
Packets sent:                        0
Packets received:                 1224
Packets dropped:                     0
TX rate:                             0
RX rate:                           122
Drop rate:                           0
Statistics for port 2 ------------------------------
Packets sent:                        0
Packets received:                    0
Packets dropped:                     0
TX rate:                             0
RX rate:                             0
Drop rate:                           0
Statistics for port 3 ------------------------------
Packets sent:                        0
Packets received:                 1755
Packets dropped:                     0
TX rate:                             0
RX rate:                           175
Drop rate:                           0
Aggregate statistics ===============================
Total packets sent:                  0
Total packets received:           2983
Total packets dropped:               0
Total TX rate:                       0
Total RX rate:                     297
Total drop rate:                     0
====================================================
L2FWD: entering main loop on lcore 4
L2FWD:  -- lcoreid=4 portid=2
[2J[1;1H
Port statistics ====================================
Statistics for port 0 ------------------------------
Packets sent:                        0
Packets received:             25009849
Packets dropped:                     0
TX rate:                             0
RX rate:                       2500984
Drop rate:                           0
Statistics for port 1 ------------------------------
Packets sent:                        0
Packets received:             25015197
Packets dropped:                     0
TX rate:                             0
RX rate:                       2501397
Drop rate:                           0
Statistics for port 2 ------------------------------
Packets sent:                        0
Packets received:             25007120
Packets dropped:                     0
TX rate:                             0
RX rate:                       2500712
Drop rate:                           0
Statistics for port 3 ------------------------------
Packets sent:                        0
Packets received:             25016394
Packets dropped:                     0
TX rate:                             0
RX rate:                       2501463
Drop rate:                           0
Aggregate statistics ===============================
Total packets sent:                  0
Total packets received:      100048565
Total packets dropped:               0
Total TX rate:                       0
Total RX rate:                10004556
Total drop rate:                     0
====================================================
[2J[1;1H
Port statistics ====================================
Statistics for port 0 ------------------------------
Packets sent:                        0
Packets received:             49554848
Packets dropped:                     0
TX rate:                             0
RX rate:                       2454499
Drop rate:                           0
Statistics for port 1 ------------------------------
Packets sent:                        0
Packets received:             49572599
Packets dropped:                     0
TX rate:                             0
RX rate:                       2455740
Drop rate:                           0
Statistics for port 2 ------------------------------
Packets sent:                        0
Packets received:             49549715
Packets dropped:                     0
TX rate:                             0
RX rate:                       2454259
Drop rate:                           0
Statistics for port 3 ------------------------------
Packets sent:                        0
Packets received:             49547111
Packets dropped:                     0
TX rate:                             0
RX rate:                       2453071
Drop rate:                           0
Aggregate statistics ===============================
Total packets sent:                  0
Total packets received:      198224277
Total packets dropped:               0
Total TX rate:                       0
Total RX rate:                 9817569
Total drop rate:                     0
====================================================
[2J[1;1H
Port statistics ====================================
Statistics for port 0 ------------------------------
Packets sent:                        0
Packets received:             74139473
Packets dropped:                     0
TX rate:                             0
RX rate:                       2458462
Drop rate:                           0
Statistics for port 1 ------------------------------
Packets sent:                        0
Packets received:             74155874
Packets dropped:                     0
TX rate:                             0
RX rate:                       2458327
Drop rate:                           0
Statistics for port 2 ------------------------------
Packets sent:                        0
Packets received:             74123751
Packets dropped:                     0
TX rate:                             0
RX rate:                       2457404
Drop rate:                           0
Statistics for port 3 ------------------------------
Packets sent:                        0
Packets received:             74128794
Packets dropped:                     0
TX rate:                             0
RX rate:                       2458168
Drop rate:                           0
Aggregate statistics ===============================
Total packets sent:                  0
Total packets received:      296547915
Total packets dropped:               0
Total TX rate:                       0
Total RX rate:                 9832361
Total drop rate:                     0
====================================================


Signal 15 received, preparing to exit...
Closing port 0... Done
Closing port 1... Done
Closing port 2... Done
Closing port 3... Done
Bye...
