EAL: Detected 40 lcore(s)
EAL: Detected 2 NUMA nodes
EAL: Multi-process socket /var/run/dpdk/rte/mp_socket
EAL: No free hugepages reported in hugepages-1048576kB
EAL: Probing VFIO support...
EAL: PCI device 0000:05:08.0 on NUMA socket 0
EAL:   probe driver: 19ee:6003 net_nfp_vf
EAL: PCI device 0000:05:08.1 on NUMA socket 0
EAL:   probe driver: 19ee:6003 net_nfp_vf
EAL: PCI device 0000:05:08.2 on NUMA socket 0
EAL:   probe driver: 19ee:6003 net_nfp_vf
EAL: PCI device 0000:05:08.3 on NUMA socket 0
EAL:   probe driver: 19ee:6003 net_nfp_vf
MAC updating enabled
Lcore 0: RX port 0
Lcore 2: RX port 1
Lcore 4: RX port 2
Lcore 6: RX port 3
Initializing port 0... done: 
Port 0, MAC address: 00:15:4D:00:00:00

Initializing port 1... done: 
Port 1, MAC address: 00:15:4D:00:00:01

Initializing port 2... done: 
Port 2, MAC address: 00:15:4D:00:00:02

Initializing port 3... done: 
Port 3, MAC address: 00:15:4D:00:00:03


Checking link statusdone
Port0 Link Up. Speed 0 Mbps - full-duplex
Port1 Link Up. Speed 0 Mbps - full-duplex
Port2 Link Up. Speed 0 Mbps - full-duplex
Port3 Link Up. Speed 0 Mbps - full-duplex
L2FWD: entering main loop on lcore 2
L2FWD: entering main loop on lcore 6
L2FWD: entering main loop on lcore 4
L2FWD:  -- lcoreid=6 portid=3
L2FWD: lcore 10 has nothing to do
L2FWD:  -- lcoreid=2 portid=1
L2FWD:  -- lcoreid=4 portid=2
L2FWD: lcore 12 has nothing to do
L2FWD: entering main loop on lcore 0
L2FWD:  -- lcoreid=0 portid=0
[2J[1;1H
Port statistics ====================================
Statistics for port 0 ------------------------------
Packets sent:                        0
Packets received:                    0
Packets dropped:                     0
TX rate:                             0
RX rate:                             0
Drop rate:                           0
Statistics for port 1 ------------------------------
Packets sent:                        0
Packets received:                 2089
Packets dropped:                     0
TX rate:                             0
RX rate:                           209
Drop rate:                           0
Statistics for port 2 ------------------------------
Packets sent:                        0
Packets received:                    0
Packets dropped:                     0
TX rate:                             0
RX rate:                             0
Drop rate:                           0
Statistics for port 3 ------------------------------
Packets sent:                        0
Packets received:                 3080
Packets dropped:                     0
TX rate:                             0
RX rate:                           308
Drop rate:                           0
Aggregate statistics ===============================
Total packets sent:                  0
Total packets received:           5184
Total packets dropped:               0
Total TX rate:                       0
Total RX rate:                     517
Total drop rate:                     0
====================================================
L2FWD: lcore 14 has nothing to do
L2FWD: lcore 8 has nothing to do
[2J[1;1H
Port statistics ====================================
Statistics for port 0 ------------------------------
Packets sent:                        0
Packets received:             53225033
Packets dropped:                     0
TX rate:                             0
RX rate:                       5322503
Drop rate:                           0
Statistics for port 1 ------------------------------
Packets sent:                        0
Packets received:             53216426
Packets dropped:                     0
TX rate:                             0
RX rate:                       5321433
Drop rate:                           0
Statistics for port 2 ------------------------------
Packets sent:                        0
Packets received:             53231218
Packets dropped:                     0
TX rate:                             0
RX rate:                       5323121
Drop rate:                           0
Statistics for port 3 ------------------------------
Packets sent:                        0
Packets received:             53215531
Packets dropped:                     0
TX rate:                             0
RX rate:                       5321245
Drop rate:                           0
Aggregate statistics ===============================
Total packets sent:                  0
Total packets received:      212888223
Total packets dropped:               0
Total TX rate:                       0
Total RX rate:                21288302
Total drop rate:                     0
====================================================
[2J[1;1H
Port statistics ====================================
Statistics for port 0 ------------------------------
Packets sent:                        0
Packets received:            105471606
Packets dropped:                     0
TX rate:                             0
RX rate:                       5224657
Drop rate:                           0
Statistics for port 1 ------------------------------
Packets sent:                        0
Packets received:            105475236
Packets dropped:                     0
TX rate:                             0
RX rate:                       5225881
Drop rate:                           0
Statistics for port 2 ------------------------------
Packets sent:                        0
Packets received:            105490287
Packets dropped:                     0
TX rate:                             0
RX rate:                       5225907
Drop rate:                           0
Statistics for port 3 ------------------------------
Packets sent:                        0
Packets received:            105483867
Packets dropped:                     0
TX rate:                             0
RX rate:                       5226834
Drop rate:                           0
Aggregate statistics ===============================
Total packets sent:                  0
Total packets received:      421921033
Total packets dropped:               0
Total TX rate:                       0
Total RX rate:                20903279
Total drop rate:                     0
====================================================
[2J[1;1H
Port statistics ====================================
Statistics for port 0 ------------------------------
Packets sent:                        0
Packets received:            157750855
Packets dropped:                     0
TX rate:                             0
RX rate:                       5227924
Drop rate:                           0
Statistics for port 1 ------------------------------
Packets sent:                        0
Packets received:            157740704
Packets dropped:                     0
TX rate:                             0
RX rate:                       5226546
Drop rate:                           0
Statistics for port 2 ------------------------------
Packets sent:                        0
Packets received:            157747598
Packets dropped:                     0
TX rate:                             0
RX rate:                       5225730
Drop rate:                           0
Statistics for port 3 ------------------------------
Packets sent:                        0
Packets received:            157751443
Packets dropped:                     0
TX rate:                             0
RX rate:                       5226757
Drop rate:                           0
Aggregate statistics ===============================
Total packets sent:                  0
Total packets received:      630990637
Total packets dropped:               0
Total TX rate:                       0
Total RX rate:                20906957
Total drop rate:                     0
====================================================


Signal 15 received, preparing to exit...
Closing port 0... Done
Closing port 1... Done
Closing port 2... Done
Closing port 3... Done
Bye...
