EAL: Detected 40 lcore(s)
EAL: Detected 2 NUMA nodes
EAL: Multi-process socket /var/run/dpdk/rte/mp_socket
EAL: No free hugepages reported in hugepages-1048576kB
EAL: Probing VFIO support...
EAL: PCI device 0000:05:08.0 on NUMA socket 0
EAL:   probe driver: 19ee:6003 net_nfp_vf
EAL: PCI device 0000:05:08.1 on NUMA socket 0
EAL:   probe driver: 19ee:6003 net_nfp_vf
EAL: PCI device 0000:05:08.2 on NUMA socket 0
EAL:   probe driver: 19ee:6003 net_nfp_vf
EAL: PCI device 0000:05:08.3 on NUMA socket 0
EAL:   probe driver: 19ee:6003 net_nfp_vf
MAC updating enabled
Lcore 0: RX port 0
Lcore 2: RX port 1
Lcore 4: RX port 2
Lcore 6: RX port 3
Initializing port 0... done: 
Port 0, MAC address: B6:F0:28:58:7C:52

Initializing port 1... done: 
Port 1, MAC address: 76:FE:4C:07:C8:82

Initializing port 2... done: 
Port 2, MAC address: 4A:F2:40:4E:BE:F8

Initializing port 3... done: 
Port 3, MAC address: F6:1A:B6:55:07:9A


Checking link statusdone
Port0 Link Up. Speed 0 Mbps - full-duplex
Port1 Link Up. Speed 0 Mbps - full-duplex
Port2 Link Up. Speed 0 Mbps - full-duplex
Port3 Link Up. Speed 0 Mbps - full-duplex
L2FWD: entering main loop on lcore 2
L2FWD: entering main loop on lcore 6
L2FWD:  -- lcoreid=6 portid=3
L2FWD: lcore 8 has nothing to do
L2FWD:  -- lcoreid=2 portid=1
L2FWD: lcore 10 has nothing to do
L2FWD: lcore 14 has nothing to do
L2FWD: entering main loop on lcore 0
L2FWD:  -- lcoreid=0 portid=0
[2J[1;1H
Port statistics ====================================
Statistics for port 0 ------------------------------
Packets sent:                        0
Packets received:                    0
Packets dropped:                     0
TX rate:                             0
RX rate:                             0
Drop rate:                           0
Statistics for port 1 ------------------------------
Packets sent:                        0
Packets received:                 1540
Packets dropped:                     0
TX rate:                             0
RX rate:                           154
Drop rate:                           0
Statistics for port 2 ------------------------------
Packets sent:                        0
Packets received:                    0
Packets dropped:                     0
TX rate:                             0
RX rate:                             0
Drop rate:                           0
Statistics for port 3 ------------------------------
Packets sent:                        0
Packets received:                 1853
Packets dropped:                     0
TX rate:                             0
RX rate:                           187
Drop rate:                           0
Aggregate statistics ===============================
Total packets sent:                  0
Total packets received:           3420
Total packets dropped:               0
Total TX rate:                       0
Total RX rate:                     341
Total drop rate:                     0L2FWD: lcore 12 has nothing to do

====================================================
L2FWD: entering main loop on lcore 4
L2FWD:  -- lcoreid=4 portid=2
[2J[1;1H
Port statistics ====================================
Statistics for port 0 ------------------------------
Packets sent:                        0
Packets received:             47292292
Packets dropped:                     0
TX rate:                             0
RX rate:                       4729229
Drop rate:                           0
Statistics for port 1 ------------------------------
Packets sent:                        0
Packets received:             47293001
Packets dropped:                     0
TX rate:                             0
RX rate:                       4729145
Drop rate:                           0
Statistics for port 2 ------------------------------
Packets sent:                        0
Packets received:             47048133
Packets dropped:                     0
TX rate:                             0
RX rate:                       4704813
Drop rate:                           0
Statistics for port 3 ------------------------------
Packets sent:                        0
Packets received:             47055070
Packets dropped:                     0
TX rate:                             0
RX rate:                       4705320
Drop rate:                           0
Aggregate statistics ===============================
Total packets sent:                  0
Total packets received:      188688501
Total packets dropped:               0
Total TX rate:                       0
Total RX rate:                18868507
Total drop rate:                     0
====================================================
[2J[1;1H
Port statistics ====================================
Statistics for port 0 ------------------------------
Packets sent:                        0
Packets received:             94583384
Packets dropped:                     0
TX rate:                             0
RX rate:                       4729109
Drop rate:                           0
Statistics for port 1 ------------------------------
Packets sent:                        0
Packets received:             94584079
Packets dropped:                     0
TX rate:                             0
RX rate:                       4729108
Drop rate:                           0
Statistics for port 2 ------------------------------
Packets sent:                        0
Packets received:             94100969
Packets dropped:                     0
TX rate:                             0
RX rate:                       4705283
Drop rate:                           0
Statistics for port 3 ------------------------------
Packets sent:                        0
Packets received:             94107901
Packets dropped:                     0
TX rate:                             0
RX rate:                       4705283
Drop rate:                           0
Aggregate statistics ===============================
Total packets sent:                  0
Total packets received:      377376345
Total packets dropped:               0
Total TX rate:                       0
Total RX rate:                18868783
Total drop rate:                     0
====================================================
[2J[1;1H
Port statistics ====================================
Statistics for port 0 ------------------------------
Packets sent:                        0
Packets received:            141874514
Packets dropped:                     0
TX rate:                             0
RX rate:                       4729113
Drop rate:                           0
Statistics for port 1 ------------------------------
Packets sent:                        0
Packets received:            141875226
Packets dropped:                     0
TX rate:                             0
RX rate:                       4729115
Drop rate:                           0
Statistics for port 2 ------------------------------
Packets sent:                        0
Packets received:            141153856
Packets dropped:                     0
TX rate:                             0
RX rate:                       4705288
Drop rate:                           0
Statistics for port 3 ------------------------------
Packets sent:                        0
Packets received:            141160795
Packets dropped:                     0
TX rate:                             0
RX rate:                       4705289
Drop rate:                           0
Aggregate statistics ===============================
Total packets sent:                  0
Total packets received:      566064404
Total packets dropped:               0
Total TX rate:                       0
Total RX rate:                18868805
Total drop rate:                     0
====================================================


Signal 15 received, preparing to exit...
Closing port 0... Done
Closing port 1... Done
Closing port 2... Done
Closing port 3... Done
Bye...
