EAL: Detected 40 lcore(s)
EAL: Detected 2 NUMA nodes
EAL: Multi-process socket /var/run/dpdk/rte/mp_socket
EAL: No free hugepages reported in hugepages-1048576kB
EAL: Probing VFIO support...
EAL: PCI device 0000:05:08.0 on NUMA socket 0
EAL:   probe driver: 19ee:6003 net_nfp_vf
EAL: PCI device 0000:05:08.1 on NUMA socket 0
EAL:   probe driver: 19ee:6003 net_nfp_vf
EAL: PCI device 0000:05:08.2 on NUMA socket 0
EAL:   probe driver: 19ee:6003 net_nfp_vf
EAL: PCI device 0000:05:08.3 on NUMA socket 0
EAL:   probe driver: 19ee:6003 net_nfp_vf
MAC updating enabled
Lcore 0: RX port 0
Lcore 2: RX port 1
Lcore 4: RX port 2
Lcore 6: RX port 3
Initializing port 0... done: 
Port 0, MAC address: C6:05:12:68:CC:D1

Initializing port 1... done: 
Port 1, MAC address: 06:42:B9:4E:98:DA

Initializing port 2... done: 
Port 2, MAC address: 5A:48:4C:6A:0E:1D

Initializing port 3... done: 
Port 3, MAC address: 86:07:B9:4D:D7:9E


Checking link statusdone
Port0 Link Up. Speed 0 Mbps - full-duplex
Port1 Link Up. Speed 0 Mbps - full-duplex
Port2 Link Up. Speed 0 Mbps - full-duplex
Port3 Link Up. Speed 0 Mbps - full-duplex
L2FWD: entering main loop on lcore 2
L2FWD:  -- lcoreid=2 portid=1
L2FWD: lcore 8 has nothing to do
L2FWD: entering main loop on lcore 4
L2FWD:  -- lcoreid=4 portid=2
L2FWD: lcore 12 has nothing to do
L2FWD: entering main loop on lcore 6
L2FWD:  -- lcoreid=6 portid=3
L2FWD: entering main loop on lcore 0
L2FWD:  -- lcoreid=0 portid=0
[2J[1;1H
Port statistics ====================================
Statistics for port 0 ------------------------------
Packets sent:                        0
Packets received:                    0
Packets dropped:                     0
TX rate:                             0
RX rate:                             0
Drop rate:                           0
Statistics for port 1 ------------------------------
Packets sent:                        0
Packets received:                 3058
Packets dropped:                     0
TX rate:                             0
RX rate:                           305
Drop rate:                           0
Statistics for port 2 ------------------------------
Packets sent:                        0
Packets received:                 2290
Packets dropped:                     0
TX rate:                             0
RX rate:                           229
Drop rate:                           0
Statistics for port 3 ------------------------------
Packets sent:                        0
Packets received:                 1152
Packets dropped:                     0L2FWD: lcore 10 has nothing to do

TX rate:                             0
RX rate:                           118
Drop rate:                           0
Aggregate statistics ===============================
Total packets sent:                  0
Total packets received:           6583
Total packets dropped:               0
Total TX rate:                       0
Total RX rate:                     652
Total drop rate:                     0
====================================================
L2FWD: lcore 14 has nothing to do
[2J[1;1H
Port statistics ====================================
Statistics for port 0 ------------------------------
Packets sent:                        0
Packets received:             69254338
Packets dropped:                     0
TX rate:                             0
RX rate:                       6925433
Drop rate:                           0
Statistics for port 1 ------------------------------
Packets sent:                        0
Packets received:             69256576
Packets dropped:                     0
TX rate:                             0
RX rate:                       6925351
Drop rate:                           0
Statistics for port 2 ------------------------------
Packets sent:                        0
Packets received:             68559837
Packets dropped:                     0
TX rate:                             0
RX rate:                       6855753
Drop rate:                           0
Statistics for port 3 ------------------------------
Packets sent:                        0
Packets received:             68558720
Packets dropped:                     0
TX rate:                             0
RX rate:                       6855753
Drop rate:                           0
Aggregate statistics ===============================
Total packets sent:                  0
Total packets received:      275629471
Total packets dropped:               0
Total TX rate:                       0
Total RX rate:                27562290
Total drop rate:                     0
====================================================
[2J[1;1H
Port statistics ====================================
Statistics for port 0 ------------------------------
Packets sent:                        0
Packets received:            135012350
Packets dropped:                     0
TX rate:                             0
RX rate:                       6575801
Drop rate:                           0
Statistics for port 1 ------------------------------
Packets sent:                        0
Packets received:            135014589
Packets dropped:                     0
TX rate:                             0
RX rate:                       6575802
Drop rate:                           0
Statistics for port 2 ------------------------------
Packets sent:                        0
Packets received:            133656959
Packets dropped:                     0
TX rate:                             0
RX rate:                       6509712
Drop rate:                           0
Statistics for port 3 ------------------------------
Packets sent:                        0
Packets received:            133655804
Packets dropped:                     0
TX rate:                             0
RX rate:                       6509708
Drop rate:                           0
Aggregate statistics ===============================
Total packets sent:                  0
Total packets received:      537339715
Total packets dropped:               0
Total TX rate:                       0
Total RX rate:                26171023
Total drop rate:                     0
====================================================
[2J[1;1H
Port statistics ====================================
Statistics for port 0 ------------------------------
Packets sent:                        0
Packets received:            200276828
Packets dropped:                     0
TX rate:                             0
RX rate:                       6526447
Drop rate:                           0
Statistics for port 1 ------------------------------
Packets sent:                        0
Packets received:            200278984
Packets dropped:                     0
TX rate:                             0
RX rate:                       6526438
Drop rate:                           0
Statistics for port 2 ------------------------------
Packets sent:                        0
Packets received:            198265480
Packets dropped:                     0
TX rate:                             0
RX rate:                       6460852
Drop rate:                           0
Statistics for port 3 ------------------------------
Packets sent:                        0
Packets received:            198264281
Packets dropped:                     0
TX rate:                             0
RX rate:                       6460847
Drop rate:                           0
Aggregate statistics ===============================
Total packets sent:                  0
Total packets received:      797085573
Total packets dropped:               0
Total TX rate:                       0
Total RX rate:                25974584
Total drop rate:                     0
====================================================


Signal 15 received, preparing to exit...
Closing port 0... Done
Closing port 1... Done
Closing port 2... Done
Closing port 3... Done
Bye...
