EAL: Detected 40 lcore(s)
EAL: Detected 2 NUMA nodes
EAL: Multi-process socket /var/run/dpdk/rte/mp_socket
EAL: No free hugepages reported in hugepages-1048576kB
EAL: Probing VFIO support...
EAL: PCI device 0000:05:08.0 on NUMA socket 0
EAL:   probe driver: 19ee:6003 net_nfp_vf
EAL: PCI device 0000:05:08.1 on NUMA socket 0
EAL:   probe driver: 19ee:6003 net_nfp_vf
EAL: PCI device 0000:05:08.2 on NUMA socket 0
EAL:   probe driver: 19ee:6003 net_nfp_vf
EAL: PCI device 0000:05:08.3 on NUMA socket 0
EAL:   probe driver: 19ee:6003 net_nfp_vf
MAC updating enabled
Lcore 0: RX port 0
Lcore 2: RX port 1
Lcore 4: RX port 2
Lcore 6: RX port 3
Initializing port 0... done: 
Port 0, MAC address: 5A:8E:E5:41:66:89

Initializing port 1... done: 
Port 1, MAC address: EA:F9:91:48:C2:2C

Initializing port 2... done: 
Port 2, MAC address: 0A:88:1E:38:48:74

Initializing port 3... done: 
Port 3, MAC address: 86:1B:32:7A:A1:A9


Checking link statusdone
Port0 Link Up. Speed 0 Mbps - full-duplex
Port1 Link Up. Speed 0 Mbps - full-duplex
Port2 Link Up. Speed 0 Mbps - full-duplex
Port3 Link Up. Speed 0 Mbps - full-duplex
L2FWD: entering main loop on lcore 2
L2FWD:  -- lcoreid=2 portid=1
L2FWD: entering main loop on lcore 6
L2FWD:  -- lcoreid=6 portid=3
L2FWD: lcore 8 has nothing to do
L2FWD: lcore 10 has nothing to do
L2FWD: entering main loop on lcore 4
L2FWD:  -- lcoreid=4 portid=2
L2FWD: lcore 12 has nothing to do
L2FWD: lcore 14 has nothing to do
L2FWD: entering main loop on lcore 0
L2FWD:  -- lcoreid=0 portid=0
[2J[1;1H
Port statistics ====================================
Statistics for port 0 ------------------------------
Packets sent:                        0
Packets received:                    0
Packets dropped:                     0
TX rate:                             0
RX rate:                             0
Drop rate:                           0
Statistics for port 1 ------------------------------
Packets sent:                        0
Packets received:                11066
Packets dropped:                     0
TX rate:                             0
RX rate:                          1107
Drop rate:                           0
Statistics for port 2 ------------------------------
Packets sent:                        0
Packets received:                 9367
Packets dropped:                     0
TX rate:                             0
RX rate:                           936
Drop rate:                           0
Statistics for port 3 ------------------------------
Packets sent:                        0
Packets received:                10614
Packets dropped:                     0
TX rate:                             0
RX rate:                          1061
Drop rate:                           0
Aggregate statistics ===============================
Total packets sent:                  0
Total packets received:          31071
Total packets dropped:               0
Total TX rate:                       0
Total RX rate:                    3104
Total drop rate:                     0
====================================================
[2J[1;1H
Port statistics ====================================
Statistics for port 0 ------------------------------
Packets sent:                        0
Packets received:             69235726
Packets dropped:                     0
TX rate:                             0
RX rate:                       6923572
Drop rate:                           0
Statistics for port 1 ------------------------------
Packets sent:                        0
Packets received:             69246055
Packets dropped:                     0
TX rate:                             0
RX rate:                       6923499
Drop rate:                           0
Statistics for port 2 ------------------------------
Packets sent:                        0
Packets received:             68548572
Packets dropped:                     0
TX rate:                             0
RX rate:                       6853920
Drop rate:                           0
Statistics for port 3 ------------------------------
Packets sent:                        0
Packets received:             68549739
Packets dropped:                     0
TX rate:                             0
RX rate:                       6853912
Drop rate:                           0
Aggregate statistics ===============================
Total packets sent:                  0
Total packets received:      275580106
Total packets dropped:               0
Total TX rate:                       0
Total RX rate:                27554903
Total drop rate:                     0
====================================================
[2J[1;1H
Port statistics ====================================
Statistics for port 0 ------------------------------
Packets sent:                        0
Packets received:            137137342
Packets dropped:                     0
TX rate:                             0
RX rate:                       6790161
Drop rate:                           0
Statistics for port 1 ------------------------------
Packets sent:                        0
Packets received:            137147592
Packets dropped:                     0
TX rate:                             0
RX rate:                       6790153
Drop rate:                           0
Statistics for port 2 ------------------------------
Packets sent:                        0
Packets received:            135767785
Packets dropped:                     0
TX rate:                             0
RX rate:                       6721921
Drop rate:                           0
Statistics for port 3 ------------------------------
Packets sent:                        0
Packets received:            135768982
Packets dropped:                     0
TX rate:                             0
RX rate:                       6721925
Drop rate:                           0
Aggregate statistics ===============================
Total packets sent:                  0
Total packets received:      545821740
Total packets dropped:               0
Total TX rate:                       0
Total RX rate:                27024160
Total drop rate:                     0
====================================================
[2J[1;1H
Port statistics ====================================
Statistics for port 0 ------------------------------
Packets sent:                        0
Packets received:            202926705
Packets dropped:                     0
TX rate:                             0
RX rate:                       6578936
Drop rate:                           0
Statistics for port 1 ------------------------------
Packets sent:                        0
Packets received:            202936862
Packets dropped:                     0
TX rate:                             0
RX rate:                       6578925
Drop rate:                           0
Statistics for port 2 ------------------------------
Packets sent:                        0
Packets received:            200896024
Packets dropped:                     0
TX rate:                             0
RX rate:                       6512823
Drop rate:                           0
Statistics for port 3 ------------------------------
Packets sent:                        0
Packets received:            200897164
Packets dropped:                     0
TX rate:                             0
RX rate:                       6512816
Drop rate:                           0
Aggregate statistics ===============================
Total packets sent:                  0
Total packets received:      807656762
Total packets dropped:               0
Total TX rate:                       0
Total RX rate:                26183500
Total drop rate:                     0
====================================================


Signal 15 received, preparing to exit...
Closing port 0... Done
Closing port 1... Done
Closing port 2... Done
Closing port 3... Done
Bye...
