EAL: Detected 40 lcore(s)
EAL: Detected 2 NUMA nodes
EAL: Multi-process socket /var/run/dpdk/rte/mp_socket
EAL: No free hugepages reported in hugepages-1048576kB
EAL: Probing VFIO support...
EAL: PCI device 0000:05:08.0 on NUMA socket 0
EAL:   probe driver: 19ee:6003 net_nfp_vf
EAL: PCI device 0000:05:08.1 on NUMA socket 0
EAL:   probe driver: 19ee:6003 net_nfp_vf
EAL: PCI device 0000:05:08.2 on NUMA socket 0
EAL:   probe driver: 19ee:6003 net_nfp_vf
EAL: PCI device 0000:05:08.3 on NUMA socket 0
EAL:   probe driver: 19ee:6003 net_nfp_vf
MAC updating enabled
Lcore 0: RX port 0
Lcore 2: RX port 1
Lcore 4: RX port 2
Lcore 6: RX port 3
Initializing port 0... done: 
Port 0, MAC address: 6A:4A:61:0C:80:12

Initializing port 1... done: 
Port 1, MAC address: 4A:D1:6A:59:6C:6C

Initializing port 2... done: 
Port 2, MAC address: 3E:B3:38:46:02:35

Initializing port 3... done: 
Port 3, MAC address: 0A:C7:5D:23:EB:F9


Checking link statusdone
Port0 Link Up. Speed 0 Mbps - full-duplex
Port1 Link Up. Speed 0 Mbps - full-duplex
Port2 Link Up. Speed 0 Mbps - full-duplex
Port3 Link Up. Speed 0 Mbps - full-duplex
L2FWD: entering main loop on lcore 2
L2FWD:  -- lcoreid=2 portid=1
L2FWD: entering main loop on lcore 6
L2FWD:  -- lcoreid=6 portid=3
L2FWD: lcore 8 has nothing to do
L2FWD: lcore 12 has nothing to do
L2FWD: lcore 10 has nothing to do
L2FWD: lcore 14 has nothing to do
L2FWD: entering main loop on lcore 0
L2FWD:  -- lcoreid=0 portid=0
[2J[1;1H
Port statistics ====================================
Statistics for port 0 ------------------------------
Packets sent:                        0
Packets received:                    0
Packets dropped:                     0
TX rate:                             0
RX rate:                             0
Drop rate:                           0
Statistics for port 1 ------------------------------
Packets sent:                        0
Packets received:                 1181
Packets dropped:                     0
TX rate:                             0
RX rate:                           118
Drop rate:                           0
Statistics for port 2 ------------------------------
Packets sent:                        0
Packets received:                    0
Packets dropped:                     0
TX rate:                             0
RX rate:                             0
Drop rate:                           0
Statistics for port 3 ------------------------------
Packets sent:                        0
Packets received:                  848
Packets dropped:                     0
TX rate:                             0
RX rate:                            84
Drop rate:                           0
Aggregate statistics ===============================
Total packets sent:                  0
Total packets received:           2031
Total packets dropped:               0
Total TX rate:                       0
Total RX rate:                     202
Total drop rate:                     0
====================================================
L2FWD: entering main loop on lcore 4
L2FWD:  -- lcoreid=4 portid=2
[2J[1;1H
Port statistics ====================================
Statistics for port 0 ------------------------------
Packets sent:                        0
Packets received:              5771085
Packets dropped:                     0
TX rate:                             0
RX rate:                        577108
Drop rate:                           0
Statistics for port 1 ------------------------------
Packets sent:                        0
Packets received:              5769394
Packets dropped:                     0
TX rate:                             0
RX rate:                        576821
Drop rate:                           0
Statistics for port 2 ------------------------------
Packets sent:                        0
Packets received:              5710691
Packets dropped:                     0
TX rate:                             0
RX rate:                        571069
Drop rate:                           0
Statistics for port 3 ------------------------------
Packets sent:                        0
Packets received:              5712633
Packets dropped:                     0
TX rate:                             0
RX rate:                        571178
Drop rate:                           0
Aggregate statistics ===============================
Total packets sent:                  0
Total packets received:       22963806
Total packets dropped:               0
Total TX rate:                       0
Total RX rate:                 2296176
Total drop rate:                     0
====================================================
[2J[1;1H
Port statistics ====================================
Statistics for port 0 ------------------------------
Packets sent:                        0
Packets received:             11490706
Packets dropped:                     0
TX rate:                             0
RX rate:                        571962
Drop rate:                           0
Statistics for port 1 ------------------------------
Packets sent:                        0
Packets received:             11487655
Packets dropped:                     0
TX rate:                             0
RX rate:                        571826
Drop rate:                           0
Statistics for port 2 ------------------------------
Packets sent:                        0
Packets received:             11373307
Packets dropped:                     0
TX rate:                             0
RX rate:                        566261
Drop rate:                           0
Statistics for port 3 ------------------------------
Packets sent:                        0
Packets received:             11375960
Packets dropped:                     0
TX rate:                             0
RX rate:                        566332
Drop rate:                           0
Aggregate statistics ===============================
Total packets sent:                  0
Total packets received:       45727628
Total packets dropped:               0
Total TX rate:                       0
Total RX rate:                 2276381
Total drop rate:                     0
====================================================
[2J[1;1H
Port statistics ====================================
Statistics for port 0 ------------------------------
Packets sent:                        0
Packets received:             17211423
Packets dropped:                     0
TX rate:                             0
RX rate:                        572071
Drop rate:                           0
Statistics for port 1 ------------------------------
Packets sent:                        0
Packets received:             17206910
Packets dropped:                     0
TX rate:                             0
RX rate:                        571925
Drop rate:                           0
Statistics for port 2 ------------------------------
Packets sent:                        0
Packets received:             17035050
Packets dropped:                     0
TX rate:                             0
RX rate:                        566174
Drop rate:                           0
Statistics for port 3 ------------------------------
Packets sent:                        0
Packets received:             17037904
Packets dropped:                     0
TX rate:                             0
RX rate:                        566194
Drop rate:                           0
Aggregate statistics ===============================
Total packets sent:                  0
Total packets received:       68491288
Total packets dropped:               0
Total TX rate:                       0
Total RX rate:                 2276364
Total drop rate:                     0
====================================================


Signal 15 received, preparing to exit...
Closing port 0... Done
Closing port 1... Done
Closing port 2... Done
Closing port 3... Done
Bye...
