EAL: Detected 40 lcore(s)
EAL: Detected 2 NUMA nodes
EAL: Multi-process socket /var/run/dpdk/rte/mp_socket
EAL: No free hugepages reported in hugepages-1048576kB
EAL: Probing VFIO support...
EAL: PCI device 0000:05:08.0 on NUMA socket 0
EAL:   probe driver: 19ee:6003 net_nfp_vf
EAL: PCI device 0000:05:08.1 on NUMA socket 0
EAL:   probe driver: 19ee:6003 net_nfp_vf
EAL: PCI device 0000:05:08.2 on NUMA socket 0
EAL:   probe driver: 19ee:6003 net_nfp_vf
EAL: PCI device 0000:05:08.3 on NUMA socket 0
EAL:   probe driver: 19ee:6003 net_nfp_vf
MAC updating enabled
Lcore 0: RX port 0
Lcore 2: RX port 1
Lcore 4: RX port 2
Lcore 6: RX port 3
Initializing port 0... done: 
Port 0, MAC address: 5A:76:E2:72:95:4B

Initializing port 1... done: 
Port 1, MAC address: 26:41:7D:5E:09:A8

Initializing port 2... done: 
Port 2, MAC address: 3E:0D:87:18:67:CA

Initializing port 3... done: 
Port 3, MAC address: 72:BB:64:69:58:32


Checking link statusdone
Port0 Link Up. Speed 0 Mbps - full-duplex
Port1 Link Up. Speed 0 Mbps - full-duplex
Port2 Link Up. Speed 0 Mbps - full-duplex
Port3 Link Up. Speed 0 Mbps - full-duplex
L2FWD: entering main loop on lcore 2
L2FWD:  -- lcoreid=2 portid=1
L2FWD: entering main loop on lcore 6
L2FWD:  -- lcoreid=6 portid=3
L2FWD: lcore 8 has nothing to do
L2FWD: lcore 10 has nothing to do
L2FWD: lcore 12 has nothing to do
L2FWD: lcore 14 has nothing to do
L2FWD: entering main loop on lcore 0
L2FWD:  -- lcoreid=0 portid=0
[2J[1;1H
Port statistics ====================================
Statistics for port 0 ------------------------------
Packets sent:                        0
Packets received:                    0
Packets dropped:                     0
TX rate:                             0
RX rate:                             0
Drop rate:                           0
Statistics for port 1 ------------------------------
Packets sent:                        0
Packets received:                 2692
Packets dropped:                     0
TX rate:                             0
RX rate:                           269
Drop rate:                           0
Statistics for port 2 ------------------------------
Packets sent:                        0
Packets received:                    0
Packets dropped:                     0
TX rate:                             0
RX rate:                             0
Drop rate:                           0
Statistics for port 3 ------------------------------
Packets sent:                        0
Packets received:                 2410
Packets dropped:                     0
TX rate:                             0
RX rate:                           241
Drop rate:                           0
Aggregate statistics ===============================
Total packets sent:                  0
Total packets received:           5112
Total packets dropped:               0
Total TX rate:                       0
Total RX rate:                     510
Total drop rate:                     0
====================================================
L2FWD: entering main loop on lcore 4
L2FWD:  -- lcoreid=4 portid=2
[2J[1;1H
Port statistics ====================================
Statistics for port 0 ------------------------------
Packets sent:                        0
Packets received:             40953670
Packets dropped:                     0
TX rate:                             0
RX rate:                       4095367
Drop rate:                           0
Statistics for port 1 ------------------------------
Packets sent:                        0
Packets received:             40955452
Packets dropped:                     0
TX rate:                             0
RX rate:                       4095277
Drop rate:                           0
Statistics for port 2 ------------------------------
Packets sent:                        0
Packets received:             40537157
Packets dropped:                     0
TX rate:                             0
RX rate:                       4053715
Drop rate:                           0
Statistics for port 3 ------------------------------
Packets sent:                        0
Packets received:             40543549
Packets dropped:                     0
TX rate:                             0
RX rate:                       4054114
Drop rate:                           0
Aggregate statistics ===============================
Total packets sent:                  0
Total packets received:      162989864
Total packets dropped:               0
Total TX rate:                       0
Total RX rate:                16298473
Total drop rate:                     0
====================================================
[2J[1;1H
Port statistics ====================================
Statistics for port 0 ------------------------------
Packets sent:                        0
Packets received:             81389383
Packets dropped:                     0
TX rate:                             0
RX rate:                       4043571
Drop rate:                           0
Statistics for port 1 ------------------------------
Packets sent:                        0
Packets received:             81391221
Packets dropped:                     0
TX rate:                             0
RX rate:                       4043575
Drop rate:                           0
Statistics for port 2 ------------------------------
Packets sent:                        0
Packets received:             80566673
Packets dropped:                     0
TX rate:                             0
RX rate:                       4002951
Drop rate:                           0
Statistics for port 3 ------------------------------
Packets sent:                        0
Packets received:             80572945
Packets dropped:                     0
TX rate:                             0
RX rate:                       4002938
Drop rate:                           0
Aggregate statistics ===============================
Total packets sent:                  0
Total packets received:      323920223
Total packets dropped:               0
Total TX rate:                       0
Total RX rate:                16093035
Total drop rate:                     0
====================================================
[2J[1;1H
Port statistics ====================================
Statistics for port 0 ------------------------------
Packets sent:                        0
Packets received:            121834035
Packets dropped:                     0
TX rate:                             0
RX rate:                       4044465
Drop rate:                           0
Statistics for port 1 ------------------------------
Packets sent:                        0
Packets received:            121835977
Packets dropped:                     0
TX rate:                             0
RX rate:                       4044475
Drop rate:                           0
Statistics for port 2 ------------------------------
Packets sent:                        0
Packets received:            120604923
Packets dropped:                     0
TX rate:                             0
RX rate:                       4003825
Drop rate:                           0
Statistics for port 3 ------------------------------
Packets sent:                        0
Packets received:            120611291
Packets dropped:                     0
TX rate:                             0
RX rate:                       4003834
Drop rate:                           0
Aggregate statistics ===============================
Total packets sent:                  0
Total packets received:      484886229
Total packets dropped:               0
Total TX rate:                       0
Total RX rate:                16096599
Total drop rate:                     0
====================================================


Signal 15 received, preparing to exit...
Closing port 0... Done
Closing port 1... Done
Closing port 2... Done
Closing port 3... Done
Bye...
