EAL: Detected 40 lcore(s)
EAL: Detected 2 NUMA nodes
EAL: Multi-process socket /var/run/dpdk/rte/mp_socket
EAL: No free hugepages reported in hugepages-1048576kB
EAL: Probing VFIO support...
EAL: PCI device 0000:05:08.0 on NUMA socket 0
EAL:   probe driver: 19ee:6003 net_nfp_vf
EAL: PCI device 0000:05:08.1 on NUMA socket 0
EAL:   probe driver: 19ee:6003 net_nfp_vf
EAL: PCI device 0000:05:08.2 on NUMA socket 0
EAL:   probe driver: 19ee:6003 net_nfp_vf
EAL: PCI device 0000:05:08.3 on NUMA socket 0
EAL:   probe driver: 19ee:6003 net_nfp_vf
MAC updating enabled
Lcore 0: RX port 0
Lcore 2: RX port 1
Lcore 4: RX port 2
Lcore 6: RX port 3
Initializing port 0... done: 
Port 0, MAC address: 42:A8:ED:20:B8:20

Initializing port 1... done: 
Port 1, MAC address: E2:BE:A7:53:64:71

Initializing port 2... done: 
Port 2, MAC address: 96:16:7E:43:BA:EE

Initializing port 3... done: 
Port 3, MAC address: 22:F6:B4:5B:63:56


Checking link statusdone
Port0 Link Up. Speed 0 Mbps - full-duplex
Port1 Link Up. Speed 0 Mbps - full-duplex
Port2 Link Up. Speed 0 Mbps - full-duplex
Port3 Link Up. Speed 0 Mbps - full-duplex
L2FWD: entering main loop on lcore 2
L2FWD: entering main loop on lcore 6
L2FWD:  -- lcoreid=2 portid=1
L2FWD:  -- lcoreid=6 portid=3
L2FWD: lcore 8 has nothing to do
L2FWD: lcore 10 has nothing to do
L2FWD: lcore 12 has nothing to do
L2FWD: lcore 14 has nothing to do
L2FWD: entering main loop on lcore 0
L2FWD:  -- lcoreid=0 portid=0
[2J[1;1H
Port statistics ====================================
Statistics for port 0 ------------------------------
Packets sent:                        0
Packets received:                    0
Packets dropped:                     0
TX rate:                             0
RX rate:                             0
Drop rate:                           0
Statistics for port 1 ------------------------------
Packets sent:                        0
Packets received:                 1525
Packets dropped:                     0
TX rate:                             0
RX rate:                           152
Drop rate:                           0
Statistics for port 2 ------------------------------
Packets sent:                        0
Packets received:                    0
Packets dropped:                     0
TX rate:                             0
RX rate:                             0
Drop rate:                           0
Statistics for port 3 ------------------------------
Packets sent:                        0
Packets received:                 1654
Packets dropped:                     0
TX rate:                             0
RX rate:                           165
Drop rate:                           0
Aggregate statistics ===============================
Total packets sent:                  0
Total packets received:           3186
Total packets dropped:               0
Total TX rate:                       0
Total RX rate:                     317
Total drop rate:                     0
====================================================
L2FWD: entering main loop on lcore 4
L2FWD:  -- lcoreid=4 portid=2
[2J[1;1H
Port statistics ====================================
Statistics for port 0 ------------------------------
Packets sent:                        0
Packets received:             25288036
Packets dropped:                     0
TX rate:                             0
RX rate:                       2528803
Drop rate:                           0
Statistics for port 1 ------------------------------
Packets sent:                        0
Packets received:             25288631
Packets dropped:                     0
TX rate:                             0
RX rate:                       2528711
Drop rate:                           0
Statistics for port 2 ------------------------------
Packets sent:                        0
Packets received:             25031269
Packets dropped:                     0
TX rate:                             0
RX rate:                       2503126
Drop rate:                           0
Statistics for port 3 ------------------------------
Packets sent:                        0
Packets received:             25034666
Packets dropped:                     0
TX rate:                             0
RX rate:                       2503300
Drop rate:                           0
Aggregate statistics ===============================
Total packets sent:                  0
Total packets received:      100642612
Total packets dropped:               0
Total TX rate:                       0
Total RX rate:                10063940
Total drop rate:                     0
====================================================
[2J[1;1H
Port statistics ====================================
Statistics for port 0 ------------------------------
Packets sent:                        0
Packets received:             50575293
Packets dropped:                     0
TX rate:                             0
RX rate:                       2528725
Drop rate:                           0
Statistics for port 1 ------------------------------
Packets sent:                        0
Packets received:             50575791
Packets dropped:                     0
TX rate:                             0
RX rate:                       2528715
Drop rate:                           0
Statistics for port 2 ------------------------------
Packets sent:                        0
Packets received:             50064147
Packets dropped:                     0
TX rate:                             0
RX rate:                       2503287
Drop rate:                           0
Statistics for port 3 ------------------------------
Packets sent:                        0
Packets received:             50067628
Packets dropped:                     0
TX rate:                             0
RX rate:                       2503296
Drop rate:                           0
Aggregate statistics ===============================
Total packets sent:                  0
Total packets received:      201282862
Total packets dropped:               0
Total TX rate:                       0
Total RX rate:                10064023
Total drop rate:                     0
====================================================
[2J[1;1H
Port statistics ====================================
Statistics for port 0 ------------------------------
Packets sent:                        0
Packets received:             75862058
Packets dropped:                     0
TX rate:                             0
RX rate:                       2528676
Drop rate:                           0
Statistics for port 1 ------------------------------
Packets sent:                        0
Packets received:             75862753
Packets dropped:                     0
TX rate:                             0
RX rate:                       2528695
Drop rate:                           0
Statistics for port 2 ------------------------------
Packets sent:                        0
Packets received:             75096932
Packets dropped:                     0
TX rate:                             0
RX rate:                       2503278
Drop rate:                           0
Statistics for port 3 ------------------------------
Packets sent:                        0
Packets received:             75100516
Packets dropped:                     0
TX rate:                             0
RX rate:                       2503288
Drop rate:                           0
Aggregate statistics ===============================
Total packets sent:                  0
Total packets received:      301922259
Total packets dropped:               0
Total TX rate:                       0
Total RX rate:                10063937
Total drop rate:                     0
====================================================


Signal 15 received, preparing to exit...
Closing port 0... Done
Closing port 1... Done
Closing port 2... Done
Closing port 3... Done
Bye...
