EAL: Detected 40 lcore(s)
EAL: Detected 2 NUMA nodes
EAL: Multi-process socket /var/run/dpdk/rte/mp_socket
EAL: No free hugepages reported in hugepages-1048576kB
EAL: Probing VFIO support...
EAL: PCI device 0000:05:08.0 on NUMA socket 0
EAL:   probe driver: 19ee:6003 net_nfp_vf
EAL: PCI device 0000:05:08.1 on NUMA socket 0
EAL:   probe driver: 19ee:6003 net_nfp_vf
EAL: PCI device 0000:05:08.2 on NUMA socket 0
EAL:   probe driver: 19ee:6003 net_nfp_vf
EAL: PCI device 0000:05:08.3 on NUMA socket 0
EAL:   probe driver: 19ee:6003 net_nfp_vf
MAC updating enabled
Lcore 0: RX port 0
Lcore 2: RX port 1
Lcore 4: RX port 2
Lcore 6: RX port 3
Initializing port 0... done: 
Port 0, MAC address: 00:15:4D:00:00:00

Initializing port 1... done: 
Port 1, MAC address: 00:15:4D:00:00:01

Initializing port 2... done: 
Port 2, MAC address: 00:15:4D:00:00:02

Initializing port 3... done: 
Port 3, MAC address: 00:15:4D:00:00:03


Checking link statusdone
Port0 Link Up. Speed 0 Mbps - full-duplex
Port1 Link Up. Speed 0 Mbps - full-duplex
Port2 Link Up. Speed 0 Mbps - full-duplex
Port3 Link Up. Speed 0 Mbps - full-duplex
L2FWD: entering main loop on lcore 2
L2FWD:  -- lcoreid=2 portid=1
L2FWD: entering main loop on lcore 4
L2FWD:  -- lcoreid=4 portid=2
L2FWD: lcore 8 has nothing to do
L2FWD: entering main loop on lcore 6
L2FWD: lcore 10 has nothing to do
L2FWD: lcore 14 has nothing to do
L2FWD: lcore 12 has nothing to do
L2FWD:  -- lcoreid=6 portid=3
L2FWD: entering main loop on lcore 0
L2FWD:  -- lcoreid=0 portid=0
[2J[1;1H
Port statistics ====================================
Statistics for port 0 ------------------------------
Packets sent:                        0
Packets received:                    0
Packets dropped:                     0
TX rate:                             0
RX rate:                             0
Drop rate:                           0
Statistics for port 1 ------------------------------
Packets sent:                        0
Packets received:                 5510
Packets dropped:                     0
TX rate:                             0
RX rate:                           551
Drop rate:                           0
Statistics for port 2 ------------------------------
Packets sent:                        0
Packets received:                 4617
Packets dropped:                     0
TX rate:                             0
RX rate:                           461
Drop rate:                           0
Statistics for port 3 ------------------------------
Packets sent:                        0
Packets received:                  864
Packets dropped:                     0
TX rate:                             0
RX rate:                            86
Drop rate:                           0
Aggregate statistics ===============================
Total packets sent:                  0
Total packets received:          10997
Total packets dropped:               0
Total TX rate:                       0
Total RX rate:                    1098
Total drop rate:                     0
====================================================
[2J[1;1H
Port statistics ====================================
Statistics for port 0 ------------------------------
Packets sent:                        0
Packets received:             61687363
Packets dropped:                     0
TX rate:                             0
RX rate:                       6168736
Drop rate:                           0
Statistics for port 1 ------------------------------
Packets sent:                        0
Packets received:             61669511
Packets dropped:                     0
TX rate:                             0
RX rate:                       6166399
Drop rate:                           0
Statistics for port 2 ------------------------------
Packets sent:                        0
Packets received:             61697231
Packets dropped:                     0
TX rate:                             0
RX rate:                       6169261
Drop rate:                           0
Statistics for port 3 ------------------------------
Packets sent:                        0
Packets received:             61657401
Packets dropped:                     0
TX rate:                             0
RX rate:                       6165653
Drop rate:                           0
Aggregate statistics ===============================
Total packets sent:                  0
Total packets received:      246711528
Total packets dropped:               0
Total TX rate:                       0
Total RX rate:                24670049
Total drop rate:                     0
====================================================
[2J[1;1H
Port statistics ====================================
Statistics for port 0 ------------------------------
Packets sent:                        0
Packets received:            123362747
Packets dropped:                     0
TX rate:                             0
RX rate:                       6167538
Drop rate:                           0
Statistics for port 1 ------------------------------
Packets sent:                        0
Packets received:            123347371
Packets dropped:                     0
TX rate:                             0
RX rate:                       6167786
Drop rate:                           0
Statistics for port 2 ------------------------------
Packets sent:                        0
Packets received:            123377852
Packets dropped:                     0
TX rate:                             0
RX rate:                       6168062
Drop rate:                           0
Statistics for port 3 ------------------------------
Packets sent:                        0
Packets received:            123315629
Packets dropped:                     0
TX rate:                             0
RX rate:                       6165822
Drop rate:                           0
Aggregate statistics ===============================
Total packets sent:                  0
Total packets received:      493403599
Total packets dropped:               0
Total TX rate:                       0
Total RX rate:                24669208
Total drop rate:                     0
====================================================
[2J[1;1H
Port statistics ====================================
Statistics for port 0 ------------------------------
Packets sent:                        0
Packets received:            185040183
Packets dropped:                     0
TX rate:                             0
RX rate:                       6167743
Drop rate:                           0
Statistics for port 1 ------------------------------
Packets sent:                        0
Packets received:            185022124
Packets dropped:                     0
TX rate:                             0
RX rate:                       6167475
Drop rate:                           0
Statistics for port 2 ------------------------------
Packets sent:                        0
Packets received:            185066952
Packets dropped:                     0
TX rate:                             0
RX rate:                       6168910
Drop rate:                           0
Statistics for port 3 ------------------------------
Packets sent:                        0
Packets received:            184965356
Packets dropped:                     0
TX rate:                             0
RX rate:                       6164972
Drop rate:                           0
Aggregate statistics ===============================
Total packets sent:                  0
Total packets received:      740094615
Total packets dropped:               0
Total TX rate:                       0
Total RX rate:                24669100
Total drop rate:                     0
====================================================


Signal 15 received, preparing to exit...
Closing port 0... Done
Closing port 1... Done
Closing port 2... Done
Closing port 3... Done
Bye...
