EAL: Detected 40 lcore(s)
EAL: Detected 2 NUMA nodes
EAL: Multi-process socket /var/run/dpdk/rte/mp_socket
EAL: No free hugepages reported in hugepages-1048576kB
EAL: Probing VFIO support...
EAL: PCI device 0000:05:08.0 on NUMA socket 0
EAL:   probe driver: 19ee:6003 net_nfp_vf
EAL: PCI device 0000:05:08.1 on NUMA socket 0
EAL:   probe driver: 19ee:6003 net_nfp_vf
EAL: PCI device 0000:05:08.2 on NUMA socket 0
EAL:   probe driver: 19ee:6003 net_nfp_vf
EAL: PCI device 0000:05:08.3 on NUMA socket 0
EAL:   probe driver: 19ee:6003 net_nfp_vf
MAC updating enabled
Lcore 0: RX port 0
Lcore 2: RX port 1
Lcore 4: RX port 2
Lcore 6: RX port 3
Initializing port 0... done: 
Port 0, MAC address: 00:15:4D:00:00:00

Initializing port 1... done: 
Port 1, MAC address: 00:15:4D:00:00:01

Initializing port 2... done: 
Port 2, MAC address: 00:15:4D:00:00:02

Initializing port 3... done: 
Port 3, MAC address: 00:15:4D:00:00:03


Checking link statusdone
Port0 Link Up. Speed 0 Mbps - full-duplex
Port1 Link Up. Speed 0 Mbps - full-duplex
Port2 Link Up. Speed 0 Mbps - full-duplex
Port3 Link Up. Speed 0 Mbps - full-duplex
L2FWD: entering main loop on lcore 2
L2FWD:  -- lcoreid=2 portid=1
L2FWD: entering main loop on lcore 6
L2FWD:  -- lcoreid=6 portid=3
L2FWD: lcore 8 has nothing to do
L2FWD: lcore 10 has nothing to do
L2FWD: lcore 14 has nothing to do
L2FWD: lcore 12 has nothing to do
L2FWD: entering main loop on lcore 0
L2FWD:  -- lcoreid=0 portid=0
[2J[1;1H
Port statistics ====================================
Statistics for port 0 ------------------------------
Packets sent:                        0
Packets received:                    0
Packets dropped:                     0
TX rate:                             0
RX rate:                             0
Drop rate:                           0
Statistics for port 1 ------------------------------
Packets sent:                        0
Packets received:                 3740
Packets dropped:                     0
TX rate:                             0
RX rate:                           374
Drop rate:                           0
Statistics for port 2 ------------------------------
Packets sent:                        0
Packets received:                    0
Packets dropped:                     0
TX rate:                             0
RX rate:                             0
Drop rate:                           0
Statistics for port 3 ------------------------------
Packets sent:                        0
Packets received:                 3287
Packets dropped:                     0
TX rate:                             0
RX rate:                           329
Drop rate:                           0
Aggregate statistics ===============================
Total packets sent:                  0
Total packets received:           7049
Total packets dropped:               0
Total TX rate:                       0
Total RX rate:                     703
Total drop rate:                     0
====================================================
L2FWD: entering main loop on lcore 4
L2FWD:  -- lcoreid=4 portid=2
[2J[1;1H
Port statistics ====================================
Statistics for port 0 ------------------------------
Packets sent:                        0
Packets received:             61215249
Packets dropped:                     0
TX rate:                             0
RX rate:                       6121524
Drop rate:                           0
Statistics for port 1 ------------------------------
Packets sent:                        0
Packets received:             61202479
Packets dropped:                     0
TX rate:                             0
RX rate:                       6119873
Drop rate:                           0
Statistics for port 2 ------------------------------
Packets sent:                        0
Packets received:             61212679
Packets dropped:                     0
TX rate:                             0
RX rate:                       6121268
Drop rate:                           0
Statistics for port 3 ------------------------------
Packets sent:                        0
Packets received:             61224735
Packets dropped:                     0
TX rate:                             0
RX rate:                       6122144
Drop rate:                           0
Aggregate statistics ===============================
Total packets sent:                  0
Total packets received:      244855159
Total packets dropped:               0
Total TX rate:                       0
Total RX rate:                24484809
Total drop rate:                     0
====================================================
[2J[1;1H
Port statistics ====================================
Statistics for port 0 ------------------------------
Packets sent:                        0
Packets received:            122438840
Packets dropped:                     0
TX rate:                             0
RX rate:                       6122359
Drop rate:                           0
Statistics for port 1 ------------------------------
Packets sent:                        0
Packets received:            122427021
Packets dropped:                     0
TX rate:                             0
RX rate:                       6122454
Drop rate:                           0
Statistics for port 2 ------------------------------
Packets sent:                        0
Packets received:            122415255
Packets dropped:                     0
TX rate:                             0
RX rate:                       6120259
Drop rate:                           0
Statistics for port 3 ------------------------------
Packets sent:                        0
Packets received:            122449037
Packets dropped:                     0
TX rate:                             0
RX rate:                       6122430
Drop rate:                           0
Aggregate statistics ===============================
Total packets sent:                  0
Total packets received:      489730202
Total packets dropped:               0
Total TX rate:                       0
Total RX rate:                24487502
Total drop rate:                     0
====================================================
[2J[1;1H
Port statistics ====================================
Statistics for port 0 ------------------------------
Packets sent:                        0
Packets received:            183655874
Packets dropped:                     0
TX rate:                             0
RX rate:                       6121703
Drop rate:                           0
Statistics for port 1 ------------------------------
Packets sent:                        0
Packets received:            183651459
Packets dropped:                     0
TX rate:                             0
RX rate:                       6122444
Drop rate:                           0
Statistics for port 2 ------------------------------
Packets sent:                        0
Packets received:            183622619
Packets dropped:                     0
TX rate:                             0
RX rate:                       6120735
Drop rate:                           0
Statistics for port 3 ------------------------------
Packets sent:                        0
Packets received:            183649937
Packets dropped:                     0
TX rate:                             0
RX rate:                       6120090
Drop rate:                           0
Aggregate statistics ===============================
Total packets sent:                  0
Total packets received:      734579910
Total packets dropped:               0
Total TX rate:                       0
Total RX rate:                24484972
Total drop rate:                     0
====================================================


Signal 15 received, preparing to exit...
Closing port 0... Done
Closing port 1... Done
Closing port 2... Done
Closing port 3... Done
Bye...
