EAL: Detected 40 lcore(s)
EAL: Detected 2 NUMA nodes
EAL: Multi-process socket /var/run/dpdk/rte/mp_socket
EAL: No free hugepages reported in hugepages-1048576kB
EAL: Probing VFIO support...
EAL: PCI device 0000:05:08.0 on NUMA socket 0
EAL:   probe driver: 19ee:6003 net_nfp_vf
EAL: PCI device 0000:05:08.1 on NUMA socket 0
EAL:   probe driver: 19ee:6003 net_nfp_vf
EAL: PCI device 0000:05:08.2 on NUMA socket 0
EAL:   probe driver: 19ee:6003 net_nfp_vf
EAL: PCI device 0000:05:08.3 on NUMA socket 0
EAL:   probe driver: 19ee:6003 net_nfp_vf
MAC updating enabled
Lcore 0: RX port 0
Lcore 2: RX port 1
Lcore 4: RX port 2
Lcore 6: RX port 3
Initializing port 0... done: 
Port 0, MAC address: 00:15:4D:00:00:00

Initializing port 1... done: 
Port 1, MAC address: 00:15:4D:00:00:01

Initializing port 2... done: 
Port 2, MAC address: 00:15:4D:00:00:02

Initializing port 3... done: 
Port 3, MAC address: 00:15:4D:00:00:03


Checking link statusdone
Port0 Link Up. Speed 0 Mbps - full-duplex
Port1 Link Up. Speed 0 Mbps - full-duplex
Port2 Link Up. Speed 0 Mbps - full-duplex
Port3 Link Up. Speed 0 Mbps - full-duplex
L2FWD: entering main loop on lcore 2
L2FWD: entering main loop on lcore 6
L2FWD:  -- lcoreid=6 portid=3
L2FWD:  -- lcoreid=2 portid=1
L2FWD: lcore 10 has nothing to do
L2FWD: lcore 8 has nothing to do
L2FWD: lcore 14 has nothing to do
L2FWD: lcore 12 has nothing to do
L2FWD: entering main loop on lcore 0
L2FWD:  -- lcoreid=0 portid=0
[2J[1;1H
Port statistics ====================================
Statistics for port 0 ------------------------------
Packets sent:                        0
Packets received:                    0
Packets dropped:                     0
TX rate:                             0
RX rate:                             0
Drop rate:                           0
Statistics for port 1 ------------------------------
Packets sent:                        0
Packets received:                 2576
Packets dropped:                     0
TX rate:                             0
RX rate:                           258
Drop rate:                           0
Statistics for port 2 ------------------------------
Packets sent:                        0
Packets received:                    0
Packets dropped:                     0
TX rate:                             0
RX rate:                             0
Drop rate:                           0
Statistics for port 3 ------------------------------
Packets sent:                        0
Packets received:                 3072
Packets dropped:                     0
TX rate:                             0
RX rate:                           308
Drop rate:                           0
Aggregate statistics ===============================
Total packets sent:                  0
Total packets received:           5669
Total packets dropped:               0
Total TX rate:                       0
Total RX rate:                     566
Total drop rate:                     0
====================================================
L2FWD: entering main loop on lcore 4
L2FWD:  -- lcoreid=4 portid=2
[2J[1;1H
Port statistics ====================================
Statistics for port 0 ------------------------------
Packets sent:                        0
Packets received:             57090816
Packets dropped:                     0
TX rate:                             0
RX rate:                       5709081
Drop rate:                           0
Statistics for port 1 ------------------------------
Packets sent:                        0
Packets received:             57095486
Packets dropped:                     0
TX rate:                             0
RX rate:                       5709290
Drop rate:                           0
Statistics for port 2 ------------------------------
Packets sent:                        0
Packets received:             57103264
Packets dropped:                     0
TX rate:                             0
RX rate:                       5710326
Drop rate:                           0
Statistics for port 3 ------------------------------
Packets sent:                        0
Packets received:             57086835
Packets dropped:                     0
TX rate:                             0
RX rate:                       5708375
Drop rate:                           0
Aggregate statistics ===============================
Total packets sent:                  0
Total packets received:      228376401
Total packets dropped:               0
Total TX rate:                       0
Total RX rate:                22837072
Total drop rate:                     0
====================================================
[2J[1;1H
Port statistics ====================================
Statistics for port 0 ------------------------------
Packets sent:                        0
Packets received:            114186608
Packets dropped:                     0
TX rate:                             0
RX rate:                       5709579
Drop rate:                           0
Statistics for port 1 ------------------------------
Packets sent:                        0
Packets received:            114184996
Packets dropped:                     0
TX rate:                             0
RX rate:                       5708952
Drop rate:                           0
Statistics for port 2 ------------------------------
Packets sent:                        0
Packets received:            114191744
Packets dropped:                     0
TX rate:                             0
RX rate:                       5708850
Drop rate:                           0
Statistics for port 3 ------------------------------
Packets sent:                        0
Packets received:            114184767
Packets dropped:                     0
TX rate:                             0
RX rate:                       5709793
Drop rate:                           0
Aggregate statistics ===============================
Total packets sent:                  0
Total packets received:      456748172
Total packets dropped:               0
Total TX rate:                       0
Total RX rate:                22837174
Total drop rate:                     0
====================================================
[2J[1;1H
Port statistics ====================================
Statistics for port 0 ------------------------------
Packets sent:                        0
Packets received:            171277937
Packets dropped:                     0
TX rate:                             0
RX rate:                       5709132
Drop rate:                           0
Statistics for port 1 ------------------------------
Packets sent:                        0
Packets received:            171278569
Packets dropped:                     0
TX rate:                             0
RX rate:                       5709355
Drop rate:                           0
Statistics for port 2 ------------------------------
Packets sent:                        0
Packets received:            171285305
Packets dropped:                     0
TX rate:                             0
RX rate:                       5709353
Drop rate:                           0
Statistics for port 3 ------------------------------
Packets sent:                        0
Packets received:            171278507
Packets dropped:                     0
TX rate:                             0
RX rate:                       5709374
Drop rate:                           0
Aggregate statistics ===============================
Total packets sent:                  0
Total packets received:      685120331
Total packets dropped:               0
Total TX rate:                       0
Total RX rate:                22837214
Total drop rate:                     0
====================================================


Signal 15 received, preparing to exit...
Closing port 0... Done
Closing port 1... Done
Closing port 2... Done
Closing port 3... Done
Bye...
