EAL: Detected 40 lcore(s)
EAL: Detected 2 NUMA nodes
EAL: Multi-process socket /var/run/dpdk/rte/mp_socket
EAL: No free hugepages reported in hugepages-1048576kB
EAL: Probing VFIO support...
EAL: PCI device 0000:05:08.0 on NUMA socket 0
EAL:   probe driver: 19ee:6003 net_nfp_vf
EAL: PCI device 0000:05:08.1 on NUMA socket 0
EAL:   probe driver: 19ee:6003 net_nfp_vf
EAL: PCI device 0000:05:08.2 on NUMA socket 0
EAL:   probe driver: 19ee:6003 net_nfp_vf
EAL: PCI device 0000:05:08.3 on NUMA socket 0
EAL:   probe driver: 19ee:6003 net_nfp_vf
MAC updating enabled
Lcore 0: RX port 0
Lcore 2: RX port 1
Lcore 4: RX port 2
Lcore 6: RX port 3
Initializing port 0... done: 
Port 0, MAC address: 00:15:4D:00:00:00

Initializing port 1... done: 
Port 1, MAC address: 00:15:4D:00:00:01

Initializing port 2... done: 
Port 2, MAC address: 00:15:4D:00:00:02

Initializing port 3... done: 
Port 3, MAC address: 00:15:4D:00:00:03


Checking link statusdone
Port0 Link Up. Speed 0 Mbps - full-duplex
Port1 Link Up. Speed 0 Mbps - full-duplex
Port2 Link Up. Speed 0 Mbps - full-duplex
Port3 Link Up. Speed 0 Mbps - full-duplex
L2FWD: entering main loop on lcore 2
L2FWD: entering main loop on lcore 6
L2FWD: entering main loop on lcore 4
L2FWD:  -- lcoreid=4 portid=2
L2FWD:  -- lcoreid=2 portid=1
L2FWD:  -- lcoreid=6 portid=3
L2FWD: lcore 10 has nothing to do
L2FWD: lcore 8 has nothing to do
L2FWD: lcore 12 has nothing to do
L2FWD: lcore 14 has nothing to do
L2FWD: entering main loop on lcore 0
L2FWD:  -- lcoreid=0 portid=0
[2J[1;1H
Port statistics ====================================
Statistics for port 0 ------------------------------
Packets sent:                        0
Packets received:                    0
Packets dropped:                     0
TX rate:                             0
RX rate:                             0
Drop rate:                           0
Statistics for port 1 ------------------------------
Packets sent:                        0
Packets received:                 1813
Packets dropped:                     0
TX rate:                             0
RX rate:                           181
Drop rate:                           0
Statistics for port 2 ------------------------------
Packets sent:                        0
Packets received:                 1920
Packets dropped:                     0
TX rate:                             0
RX rate:                           192
Drop rate:                           0
Statistics for port 3 ------------------------------
Packets sent:                        0
Packets received:                  960
Packets dropped:                     0
TX rate:                             0
RX rate:                            96
Drop rate:                           0
Aggregate statistics ===============================
Total packets sent:                  0
Total packets received:           4781
Total packets dropped:               0
Total TX rate:                       0
Total RX rate:                     469
Total drop rate:                     0
====================================================
[2J[1;1H
Port statistics ====================================
Statistics for port 0 ------------------------------
Packets sent:                        0
Packets received:             34730304
Packets dropped:                     0
TX rate:                             0
RX rate:                       3473030
Drop rate:                           0
Statistics for port 1 ------------------------------
Packets sent:                        0
Packets received:             34728532
Packets dropped:                     0
TX rate:                             0
RX rate:                       3472671
Drop rate:                           0
Statistics for port 2 ------------------------------
Packets sent:                        0
Packets received:             34723949
Packets dropped:                     0
TX rate:                             0
RX rate:                       3472206
Drop rate:                           0
Statistics for port 3 ------------------------------
Packets sent:                        0
Packets received:             34729298
Packets dropped:                     0
TX rate:                             0
RX rate:                       3472833
Drop rate:                           0
Aggregate statistics ===============================
Total packets sent:                  0
Total packets received:      138912128
Total packets dropped:               0
Total TX rate:                       0
Total RX rate:                13890740
Total drop rate:                     0
====================================================
[2J[1;1H
Port statistics ====================================
Statistics for port 0 ------------------------------
Packets sent:                        0
Packets received:             68950695
Packets dropped:                     0
TX rate:                             0
RX rate:                       3422039
Drop rate:                           0
Statistics for port 1 ------------------------------
Packets sent:                        0
Packets received:             68958786
Packets dropped:                     0
TX rate:                             0
RX rate:                       3423025
Drop rate:                           0
Statistics for port 2 ------------------------------
Packets sent:                        0
Packets received:             68947621
Packets dropped:                     0
TX rate:                             0
RX rate:                       3422363
Drop rate:                           0
Statistics for port 3 ------------------------------
Packets sent:                        0
Packets received:             68958583
Packets dropped:                     0
TX rate:                             0
RX rate:                       3422928
Drop rate:                           0
Aggregate statistics ===============================
Total packets sent:                  0
Total packets received:      275815685
Total packets dropped:               0
Total TX rate:                       0
Total RX rate:                13690355
Total drop rate:                     0
====================================================
[2J[1;1H
Port statistics ====================================
Statistics for port 0 ------------------------------
Packets sent:                        0
Packets received:            103171793
Packets dropped:                     0
TX rate:                             0
RX rate:                       3422109
Drop rate:                           0
Statistics for port 1 ------------------------------
Packets sent:                        0
Packets received:            103178547
Packets dropped:                     0
TX rate:                             0
RX rate:                       3421976
Drop rate:                           0
Statistics for port 2 ------------------------------
Packets sent:                        0
Packets received:            103166337
Packets dropped:                     0
TX rate:                             0
RX rate:                       3421871
Drop rate:                           0
Statistics for port 3 ------------------------------
Packets sent:                        0
Packets received:            103198717
Packets dropped:                     0
TX rate:                             0
RX rate:                       3424013
Drop rate:                           0
Aggregate statistics ===============================
Total packets sent:                  0
Total packets received:      412715394
Total packets dropped:               0
Total TX rate:                       0
Total RX rate:                13689969
Total drop rate:                     0
====================================================


Signal 15 received, preparing to exit...
Closing port 0... Done
Closing port 1... Done
Closing port 2... Done
Closing port 3... Done
Bye...
