EAL: Detected 40 lcore(s)
EAL: Detected 2 NUMA nodes
EAL: Multi-process socket /var/run/dpdk/rte/mp_socket
EAL: No free hugepages reported in hugepages-1048576kB
EAL: Probing VFIO support...
EAL: PCI device 0000:05:08.0 on NUMA socket 0
EAL:   probe driver: 19ee:6003 net_nfp_vf
EAL: PCI device 0000:05:08.1 on NUMA socket 0
EAL:   probe driver: 19ee:6003 net_nfp_vf
EAL: PCI device 0000:05:08.2 on NUMA socket 0
EAL:   probe driver: 19ee:6003 net_nfp_vf
EAL: PCI device 0000:05:08.3 on NUMA socket 0
EAL:   probe driver: 19ee:6003 net_nfp_vf
MAC updating enabled
Lcore 0: RX port 0
Lcore 2: RX port 1
Lcore 4: RX port 2
Lcore 6: RX port 3
Initializing port 0... done: 
Port 0, MAC address: 00:15:4D:00:00:00

Initializing port 1... done: 
Port 1, MAC address: 00:15:4D:00:00:01

Initializing port 2... done: 
Port 2, MAC address: 00:15:4D:00:00:02

Initializing port 3... done: 
Port 3, MAC address: 00:15:4D:00:00:03


Checking link statusdone
Port0 Link Up. Speed 0 Mbps - full-duplex
Port1 Link Up. Speed 0 Mbps - full-duplex
Port2 Link Up. Speed 0 Mbps - full-duplex
Port3 Link Up. Speed 0 Mbps - full-duplex
L2FWD: entering main loop on lcore 2
L2FWD:  -- lcoreid=2 portid=1
L2FWD: entering main loop on lcore 6
L2FWD:  -- lcoreid=6 portid=3
L2FWD: lcore 8 has nothing to do
L2FWD: lcore 10 has nothing to do
L2FWD: lcore 12 has nothing to do
L2FWD: lcore 14 has nothing to do
L2FWD: entering main loop on lcore 0
L2FWD:  -- lcoreid=0 portid=0
[2J[1;1H
Port statistics ====================================
Statistics for port 0 ------------------------------
Packets sent:                        0
Packets received:                    0
Packets dropped:                     0
TX rate:                             0
RX rate:                             0
Drop rate:                           0
Statistics for port 1 ------------------------------
Packets sent:                        0
Packets received:                 1442
Packets dropped:                     0
TX rate:                             0
RX rate:                           144
Drop rate:                           0
Statistics for port 2 ------------------------------
Packets sent:                        0
Packets received:                    0
Packets dropped:                     0
TX rate:                             0
RX rate:                             0
Drop rate:                           0
Statistics for port 3 ------------------------------
Packets sent:                        0
Packets received:                 1357
Packets dropped:                     0
TX rate:                             0
RX rate:                           135
Drop rate:                           0
Aggregate statistics ===============================
Total packets sent:                  0
Total packets received:           2803
Total packets dropped:               0
Total TX rate:                       0
Total RX rate:                     279
Total drop rate:                     0
====================================================
L2FWD: entering main loop on lcore 4
L2FWD:  -- lcoreid=4 portid=2
[2J[1;1H
Port statistics ====================================
Statistics for port 0 ------------------------------
Packets sent:                        0
Packets received:             17533260
Packets dropped:                     0
TX rate:                             0
RX rate:                       1753326
Drop rate:                           0
Statistics for port 1 ------------------------------
Packets sent:                        0
Packets received:             17528613
Packets dropped:                     0
TX rate:                             0
RX rate:                       1752717
Drop rate:                           0
Statistics for port 2 ------------------------------
Packets sent:                        0
Packets received:             17525751
Packets dropped:                     0
TX rate:                             0
RX rate:                       1752575
Drop rate:                           0
Statistics for port 3 ------------------------------
Packets sent:                        0
Packets received:             17534097
Packets dropped:                     0
TX rate:                             0
RX rate:                       1753274
Drop rate:                           0
Aggregate statistics ===============================
Total packets sent:                  0
Total packets received:       70121732
Total packets dropped:               0
Total TX rate:                       0
Total RX rate:                 7011892
Total drop rate:                     0
====================================================
[2J[1;1H
Port statistics ====================================
Statistics for port 0 ------------------------------
Packets sent:                        0
Packets received:             35064109
Packets dropped:                     0
TX rate:                             0
RX rate:                       1753084
Drop rate:                           0
Statistics for port 1 ------------------------------
Packets sent:                        0
Packets received:             35063380
Packets dropped:                     0
TX rate:                             0
RX rate:                       1753476
Drop rate:                           0
Statistics for port 2 ------------------------------
Packets sent:                        0
Packets received:             35058805
Packets dropped:                     0
TX rate:                             0
RX rate:                       1753305
Drop rate:                           0
Statistics for port 3 ------------------------------
Packets sent:                        0
Packets received:             35054897
Packets dropped:                     0
TX rate:                             0
RX rate:                       1752079
Drop rate:                           0
Aggregate statistics ===============================
Total packets sent:                  0
Total packets received:      140241198
Total packets dropped:               0
Total TX rate:                       0
Total RX rate:                 7011944
Total drop rate:                     0
====================================================
[2J[1;1H
Port statistics ====================================
Statistics for port 0 ------------------------------
Packets sent:                        0
Packets received:             52590963
Packets dropped:                     0
TX rate:                             0
RX rate:                       1752685
Drop rate:                           0
Statistics for port 1 ------------------------------
Packets sent:                        0
Packets received:             52595862
Packets dropped:                     0
TX rate:                             0
RX rate:                       1753248
Drop rate:                           0
Statistics for port 2 ------------------------------
Packets sent:                        0
Packets received:             52591359
Packets dropped:                     0
TX rate:                             0
RX rate:                       1753255
Drop rate:                           0
Statistics for port 3 ------------------------------
Packets sent:                        0
Packets received:             52582513
Packets dropped:                     0
TX rate:                             0
RX rate:                       1752761
Drop rate:                           0
Aggregate statistics ===============================
Total packets sent:                  0
Total packets received:      210360699
Total packets dropped:               0
Total TX rate:                       0
Total RX rate:                 7011949
Total drop rate:                     0
====================================================


Signal 15 received, preparing to exit...
Closing port 0... Done
Closing port 1... Done
Closing port 2... Done
Closing port 3... Done
Bye...
