EAL: Detected 40 lcore(s)
EAL: Detected 2 NUMA nodes
EAL: Multi-process socket /var/run/dpdk/rte/mp_socket
EAL: No free hugepages reported in hugepages-1048576kB
EAL: Probing VFIO support...
EAL: PCI device 0000:05:08.0 on NUMA socket 0
EAL:   probe driver: 19ee:6003 net_nfp_vf
EAL: PCI device 0000:05:08.1 on NUMA socket 0
EAL:   probe driver: 19ee:6003 net_nfp_vf
EAL: PCI device 0000:05:08.2 on NUMA socket 0
EAL:   probe driver: 19ee:6003 net_nfp_vf
EAL: PCI device 0000:05:08.3 on NUMA socket 0
EAL:   probe driver: 19ee:6003 net_nfp_vf
MAC updating enabled
Lcore 0: RX port 0
Lcore 2: RX port 1
Lcore 4: RX port 2
Lcore 6: RX port 3
Initializing port 0... done: 
Port 0, MAC address: 00:15:4D:00:00:00

Initializing port 1... done: 
Port 1, MAC address: 00:15:4D:00:00:01

Initializing port 2... done: 
Port 2, MAC address: 00:15:4D:00:00:02

Initializing port 3... done: 
Port 3, MAC address: 00:15:4D:00:00:03


Checking link statusdone
Port0 Link Up. Speed 0 Mbps - full-duplex
Port1 Link Up. Speed 0 Mbps - full-duplex
Port2 Link Up. Speed 0 Mbps - full-duplex
Port3 Link Up. Speed 0 Mbps - full-duplex
L2FWD: entering main loop on lcore 2
L2FWD:  -- lcoreid=2 portid=1
L2FWD: entering main loop on lcore 6
L2FWD:  -- lcoreid=6 portid=3
L2FWD: lcore 8 has nothing to do
L2FWD: lcore 10 has nothing to do
L2FWD: entering main loop on lcore 4
L2FWD:  -- lcoreid=4 portid=2
L2FWD: lcore 12 has nothing to do
L2FWD: lcore 14 has nothing to do
L2FWD: entering main loop on lcore 0
L2FWD:  -- lcoreid=0 portid=0
[2J[1;1H
Port statistics ====================================
Statistics for port 0 ------------------------------
Packets sent:                        0
Packets received:                    0
Packets dropped:                     0
TX rate:                             0
RX rate:                             0
Drop rate:                           0
Statistics for port 1 ------------------------------
Packets sent:                        0
Packets received:                 3877
Packets dropped:                     0
TX rate:                             0
RX rate:                           388
Drop rate:                           0
Statistics for port 2 ------------------------------
Packets sent:                        0
Packets received:                 3361
Packets dropped:                     0
TX rate:                             0
RX rate:                           336
Drop rate:                           0
Statistics for port 3 ------------------------------
Packets sent:                        0
Packets received:                 3711
Packets dropped:                     0
TX rate:                             0
RX rate:                           371
Drop rate:                           0
Aggregate statistics ===============================
Total packets sent:                  0
Total packets received:          10958
Total packets dropped:               0
Total TX rate:                       0
Total RX rate:                    1095
Total drop rate:                     0
====================================================
[2J[1;1H
Port statistics ====================================
Statistics for port 0 ------------------------------
Packets sent:                        0
Packets received:             19974929
Packets dropped:                     0
TX rate:                             0
RX rate:                       1997492
Drop rate:                           0
Statistics for port 1 ------------------------------
Packets sent:                        0
Packets received:             19971953
Packets dropped:                     0
TX rate:                             0
RX rate:                       1996807
Drop rate:                           0
Statistics for port 2 ------------------------------
Packets sent:                        0
Packets received:             19979191
Packets dropped:                     0
TX rate:                             0
RX rate:                       1997582
Drop rate:                           0
Statistics for port 3 ------------------------------
Packets sent:                        0
Packets received:             19979907
Packets dropped:                     0
TX rate:                             0
RX rate:                       1997619
Drop rate:                           0
Aggregate statistics ===============================
Total packets sent:                  0
Total packets received:       79905980
Total packets dropped:               0
Total TX rate:                       0
Total RX rate:                 7989500
Total drop rate:                     0
====================================================
[2J[1;1H
Port statistics ====================================
Statistics for port 0 ------------------------------
Packets sent:                        0
Packets received:             39630346
Packets dropped:                     0
TX rate:                             0
RX rate:                       1965541
Drop rate:                           0
Statistics for port 1 ------------------------------
Packets sent:                        0
Packets received:             39632412
Packets dropped:                     0
TX rate:                             0
RX rate:                       1966045
Drop rate:                           0
Statistics for port 2 ------------------------------
Packets sent:                        0
Packets received:             39642913
Packets dropped:                     0
TX rate:                             0
RX rate:                       1966372
Drop rate:                           0
Statistics for port 3 ------------------------------
Packets sent:                        0
Packets received:             39639580
Packets dropped:                     0
TX rate:                             0
RX rate:                       1965967
Drop rate:                           0
Aggregate statistics ===============================
Total packets sent:                  0
Total packets received:      158545252
Total packets dropped:               0
Total TX rate:                       0
Total RX rate:                 7863925
Total drop rate:                     0
====================================================
[2J[1;1H
Port statistics ====================================
Statistics for port 0 ------------------------------
Packets sent:                        0
Packets received:             59312324
Packets dropped:                     0
TX rate:                             0
RX rate:                       1968197
Drop rate:                           0
Statistics for port 1 ------------------------------
Packets sent:                        0
Packets received:             59308750
Packets dropped:                     0
TX rate:                             0
RX rate:                       1967633
Drop rate:                           0
Statistics for port 2 ------------------------------
Packets sent:                        0
Packets received:             59326137
Packets dropped:                     0
TX rate:                             0
RX rate:                       1968322
Drop rate:                           0
Statistics for port 3 ------------------------------
Packets sent:                        0
Packets received:             59318264
Packets dropped:                     0
TX rate:                             0
RX rate:                       1967868
Drop rate:                           0
Aggregate statistics ===============================
Total packets sent:                  0
Total packets received:      237265476
Total packets dropped:               0
Total TX rate:                       0
Total RX rate:                 7872020
Total drop rate:                     0
====================================================


Signal 15 received, preparing to exit...
Closing port 0... Done
Closing port 1... Done
Closing port 2... Done
Closing port 3... Done
Bye...
