EAL: Detected 40 lcore(s)
EAL: Detected 2 NUMA nodes
EAL: Multi-process socket /var/run/dpdk/rte/mp_socket
EAL: No free hugepages reported in hugepages-1048576kB
EAL: Probing VFIO support...
EAL: PCI device 0000:05:08.0 on NUMA socket 0
EAL:   probe driver: 19ee:6003 net_nfp_vf
EAL: PCI device 0000:05:08.1 on NUMA socket 0
EAL:   probe driver: 19ee:6003 net_nfp_vf
EAL: PCI device 0000:05:08.2 on NUMA socket 0
EAL:   probe driver: 19ee:6003 net_nfp_vf
EAL: PCI device 0000:05:08.3 on NUMA socket 0
EAL:   probe driver: 19ee:6003 net_nfp_vf
MAC updating enabled
Lcore 0: RX port 0
Lcore 2: RX port 1
Lcore 4: RX port 2
Lcore 6: RX port 3
Initializing port 0... done: 
Port 0, MAC address: 00:15:4D:00:00:00

Initializing port 1... done: 
Port 1, MAC address: 00:15:4D:00:00:01

Initializing port 2... done: 
Port 2, MAC address: 00:15:4D:00:00:02

Initializing port 3... done: 
Port 3, MAC address: 00:15:4D:00:00:03


Checking link statusdone
Port0 Link Up. Speed 0 Mbps - full-duplex
Port1 Link Up. Speed 0 Mbps - full-duplex
Port2 Link Up. Speed 0 Mbps - full-duplex
Port3 Link Up. Speed 0 Mbps - full-duplex
L2FWD: entering main loop on lcore 2
L2FWD:  -- lcoreid=2 portid=1
L2FWD: entering main loop on lcore 6
L2FWD:  -- lcoreid=6 portid=3
L2FWD: lcore 8 has nothing to do
L2FWD: lcore 10 has nothing to do
L2FWD: lcore 12 has nothing to do
L2FWD: lcore 14 has nothing to do
L2FWD: entering main loop on lcore 4
L2FWD: entering main loop on lcore 0
L2FWD:  -- lcoreid=0 portid=0
[2J[1;1H
Port statistics ====================================
Statistics for port 0 ------------------------------
Packets sent:                        0
Packets received:                    0
Packets dropped:                     0
TX rate:                             0
RX rate:                             0
Drop rate:                           0
Statistics for port 1 ------------------------------
Packets sent:                        0
Packets received:                 1960
Packets dropped:                     0
TX rate:                             0
RX rate:                           196
Drop rate:                           0
Statistics for port 2 ------------------------------
Packets sent:                        0
Packets received:                    0
Packets dropped:                     0
TX rate:                             0
RX rate:                             0
Drop rate:                           0
Statistics for port 3 ------------------------------
Packets sent:                        0
Packets received:                 1702
Packets dropped:                     0
TX rate:                             0
RX rate:                           170
Drop rate:                           0
Aggregate statistics ===============================
Total packets sent:                  0
Total packets received:           3664
Total packets dropped:               0
Total TX rate:                       0
Total RX rate:                     366
Total drop rate:                     0L2FWD:  -- lcoreid=4 portid=2

====================================================
[2J[1;1H
Port statistics ====================================
Statistics for port 0 ------------------------------
Packets sent:                        0
Packets received:             43519008
Packets dropped:                     0
TX rate:                             0
RX rate:                       4351900
Drop rate:                           0
Statistics for port 1 ------------------------------
Packets sent:                        0
Packets received:             43543647
Packets dropped:                     0
TX rate:                             0
RX rate:                       4354168
Drop rate:                           0
Statistics for port 2 ------------------------------
Packets sent:                        0
Packets received:             43522894
Packets dropped:                     0
TX rate:                             0
RX rate:                       4352289
Drop rate:                           0
Statistics for port 3 ------------------------------
Packets sent:                        0
Packets received:             43536118
Packets dropped:                     0
TX rate:                             0
RX rate:                       4353441
Drop rate:                           0
Aggregate statistics ===============================
Total packets sent:                  0
Total packets received:      174121722
Total packets dropped:               0
Total TX rate:                       0
Total RX rate:                17411798
Total drop rate:                     0
====================================================
[2J[1;1H
Port statistics ====================================
Statistics for port 0 ------------------------------
Packets sent:                        0
Packets received:             86358982
Packets dropped:                     0
TX rate:                             0
RX rate:                       4283997
Drop rate:                           0
Statistics for port 1 ------------------------------
Packets sent:                        0
Packets received:             86396972
Packets dropped:                     0
TX rate:                             0
RX rate:                       4285332
Drop rate:                           0
Statistics for port 2 ------------------------------
Packets sent:                        0
Packets received:             86366452
Packets dropped:                     0
TX rate:                             0
RX rate:                       4284355
Drop rate:                           0
Statistics for port 3 ------------------------------
Packets sent:                        0
Packets received:             86391835
Packets dropped:                     0
TX rate:                             0
RX rate:                       4285571
Drop rate:                           0
Aggregate statistics ===============================
Total packets sent:                  0
Total packets received:      345514244
Total packets dropped:               0
Total TX rate:                       0
Total RX rate:                17139255
Total drop rate:                     0
====================================================
[2J[1;1H
Port statistics ====================================
Statistics for port 0 ------------------------------
Packets sent:                        0
Packets received:            129187005
Packets dropped:                     0
TX rate:                             0
RX rate:                       4282802
Drop rate:                           0
Statistics for port 1 ------------------------------
Packets sent:                        0
Packets received:            129223570
Packets dropped:                     0
TX rate:                             0
RX rate:                       4282659
Drop rate:                           0
Statistics for port 2 ------------------------------
Packets sent:                        0
Packets received:            129199803
Packets dropped:                     0
TX rate:                             0
RX rate:                       4283335
Drop rate:                           0
Statistics for port 3 ------------------------------
Packets sent:                        0
Packets received:            129251467
Packets dropped:                     0
TX rate:                             0
RX rate:                       4285963
Drop rate:                           0
Aggregate statistics ===============================
Total packets sent:                  0
Total packets received:      516861858
Total packets dropped:               0
Total TX rate:                       0
Total RX rate:                17134759
Total drop rate:                     0
====================================================


Signal 15 received, preparing to exit...
Closing port 0... Done
Closing port 1... Done
Closing port 2... Done
Closing port 3... Done
Bye...
