EAL: Detected 40 lcore(s)
EAL: Detected 2 NUMA nodes
EAL: Multi-process socket /var/run/dpdk/rte/mp_socket
EAL: No free hugepages reported in hugepages-1048576kB
EAL: Probing VFIO support...
EAL: PCI device 0000:05:08.0 on NUMA socket 0
EAL:   probe driver: 19ee:6003 net_nfp_vf
EAL: PCI device 0000:05:08.1 on NUMA socket 0
EAL:   probe driver: 19ee:6003 net_nfp_vf
EAL: PCI device 0000:05:08.2 on NUMA socket 0
EAL:   probe driver: 19ee:6003 net_nfp_vf
EAL: PCI device 0000:05:08.3 on NUMA socket 0
EAL:   probe driver: 19ee:6003 net_nfp_vf
MAC updating enabled
Lcore 0: RX port 0
Lcore 2: RX port 1
Lcore 4: RX port 2
Lcore 6: RX port 3
Initializing port 0... done: 
Port 0, MAC address: 00:15:4D:00:00:00

Initializing port 1... done: 
Port 1, MAC address: 00:15:4D:00:00:01

Initializing port 2... done: 
Port 2, MAC address: 00:15:4D:00:00:02

Initializing port 3... done: 
Port 3, MAC address: 00:15:4D:00:00:03


Checking link statusdone
Port0 Link Up. Speed 0 Mbps - full-duplex
Port1 Link Up. Speed 0 Mbps - full-duplex
Port2 Link Up. Speed 0 Mbps - full-duplex
Port3 Link Up. Speed 0 Mbps - full-duplex
L2FWD: entering main loop on lcore 2
L2FWD:  -- lcoreid=2 portid=1
L2FWD: entering main loop on lcore 6
L2FWD:  -- lcoreid=6 portid=3
L2FWD: lcore 8 has nothing to do
L2FWD: lcore 10 has nothing to do
L2FWD: lcore 12 has nothing to do
L2FWD: lcore 14 has nothing to do
L2FWD: entering main loop on lcore 0
L2FWD:  -- lcoreid=0 portid=0
[2J[1;1H
Port statistics ====================================
Statistics for port 0 ------------------------------
Packets sent:                        0
Packets received:                    0
Packets dropped:                     0
TX rate:                             0
RX rate:                             0
Drop rate:                           0
Statistics for port 1 ------------------------------
Packets sent:                        0
Packets received:                 2810
Packets dropped:                     0
TX rate:                             0
RX rate:                           281
Drop rate:                           0
Statistics for port 2 ------------------------------
Packets sent:                        0
Packets received:                    0
Packets dropped:                     0
TX rate:                             0
RX rate:                             0
Drop rate:                           0
Statistics for port 3 ------------------------------
Packets sent:                        0
Packets received:                 2359
Packets dropped:                     0
TX rate:                             0
RX rate:                           235
Drop rate:                           0
Aggregate statistics ===============================
Total packets sent:                  0
Total packets received:           5185
Total packets dropped:               0
Total TX rate:                       0
Total RX rate:                     516
Total drop rate:                     0
====================================================
L2FWD: entering main loop on lcore 4
L2FWD:  -- lcoreid=4 portid=2
[2J[1;1H
Port statistics ====================================
Statistics for port 0 ------------------------------
Packets sent:                        0
Packets received:             68898455
Packets dropped:                     0
TX rate:                             0
RX rate:                       6889845
Drop rate:                           0
Statistics for port 1 ------------------------------
Packets sent:                        0
Packets received:             68906360
Packets dropped:                     0
TX rate:                             0
RX rate:                       6890354
Drop rate:                           0
Statistics for port 2 ------------------------------
Packets sent:                        0
Packets received:             68885360
Packets dropped:                     0
TX rate:                             0
RX rate:                       6888536
Drop rate:                           0
Statistics for port 3 ------------------------------
Packets sent:                        0
Packets received:             68885591
Packets dropped:                     0
TX rate:                             0
RX rate:                       6888323
Drop rate:                           0
Aggregate statistics ===============================
Total packets sent:                  0
Total packets received:      275575821
Total packets dropped:               0
Total TX rate:                       0
Total RX rate:                27557058
Total drop rate:                     0
====================================================
[2J[1;1H
Port statistics ====================================
Statistics for port 0 ------------------------------
Packets sent:                        0
Packets received:            137791010
Packets dropped:                     0
TX rate:                             0
RX rate:                       6889255
Drop rate:                           0
Statistics for port 1 ------------------------------
Packets sent:                        0
Packets received:            137804893
Packets dropped:                     0
TX rate:                             0
RX rate:                       6889853
Drop rate:                           0
Statistics for port 2 ------------------------------
Packets sent:                        0
Packets received:            137783988
Packets dropped:                     0
TX rate:                             0
RX rate:                       6889864
Drop rate:                           0
Statistics for port 3 ------------------------------
Packets sent:                        0
Packets received:            137774720
Packets dropped:                     0
TX rate:                             0
RX rate:                       6888912
Drop rate:                           0
Aggregate statistics ===============================
Total packets sent:                  0
Total packets received:      551154651
Total packets dropped:               0
Total TX rate:                       0
Total RX rate:                27557884
Total drop rate:                     0
====================================================
[2J[1;1H
Port statistics ====================================
Statistics for port 0 ------------------------------
Packets sent:                        0
Packets received:            206681420
Packets dropped:                     0
TX rate:                             0
RX rate:                       6889041
Drop rate:                           0
Statistics for port 1 ------------------------------
Packets sent:                        0
Packets received:            206704019
Packets dropped:                     0
TX rate:                             0
RX rate:                       6889913
Drop rate:                           0
Statistics for port 2 ------------------------------
Packets sent:                        0
Packets received:            206685305
Packets dropped:                     0
TX rate:                             0
RX rate:                       6890129
Drop rate:                           0
Statistics for port 3 ------------------------------
Packets sent:                        0
Packets received:            206663680
Packets dropped:                     0
TX rate:                             0
RX rate:                       6888896
Drop rate:                           0
Aggregate statistics ===============================
Total packets sent:                  0
Total packets received:      826734438
Total packets dropped:               0
Total TX rate:                       0
Total RX rate:                27557979
Total drop rate:                     0
====================================================


Signal 15 received, preparing to exit...
Closing port 0... Done
Closing port 1... Done
Closing port 2... Done
Closing port 3... Done
Bye...
