EAL: Detected 40 lcore(s)
EAL: Detected 2 NUMA nodes
EAL: Multi-process socket /var/run/dpdk/rte/mp_socket
EAL: No free hugepages reported in hugepages-1048576kB
EAL: Probing VFIO support...
EAL: PCI device 0000:05:08.0 on NUMA socket 0
EAL:   probe driver: 19ee:6003 net_nfp_vf
EAL: PCI device 0000:05:08.1 on NUMA socket 0
EAL:   probe driver: 19ee:6003 net_nfp_vf
EAL: PCI device 0000:05:08.2 on NUMA socket 0
EAL:   probe driver: 19ee:6003 net_nfp_vf
EAL: PCI device 0000:05:08.3 on NUMA socket 0
EAL:   probe driver: 19ee:6003 net_nfp_vf
MAC updating enabled
Lcore 0: RX port 0
Lcore 2: RX port 1
Lcore 4: RX port 2
Lcore 6: RX port 3
Initializing port 0... done: 
Port 0, MAC address: 00:15:4D:00:00:00

Initializing port 1... done: 
Port 1, MAC address: 00:15:4D:00:00:01

Initializing port 2... done: 
Port 2, MAC address: 00:15:4D:00:00:02

Initializing port 3... done: 
Port 3, MAC address: 00:15:4D:00:00:03


Checking link statusdone
Port0 Link Up. Speed 0 Mbps - full-duplex
Port1 Link Up. Speed 0 Mbps - full-duplex
Port2 Link Up. Speed 0 Mbps - full-duplex
Port3 Link Up. Speed 0 Mbps - full-duplex
L2FWD: entering main loop on lcore 2
L2FWD:  -- lcoreid=2 portid=1
L2FWD: entering main loop on lcore 6
L2FWD:  -- lcoreid=6 portid=3
L2FWD: lcore 10 has nothing to do
L2FWD: lcore 12 has nothing to do
L2FWD: lcore 8 has nothing to do
L2FWD: lcore 14 has nothing to do
L2FWD: entering main loop on lcore 0
L2FWD: entering main loop on lcore 4
L2FWD:  -- lcoreid=4 portid=2
L2FWD:  -- lcoreid=0 portid=0
[2J[1;1H
Port statistics ====================================
Statistics for port 0 ------------------------------
Packets sent:                        0
Packets received:                    0
Packets dropped:                     0
TX rate:                             0
RX rate:                             0
Drop rate:                           0
Statistics for port 1 ------------------------------
Packets sent:                        0
Packets received:                 2683
Packets dropped:                     0
TX rate:                             0
RX rate:                           269
Drop rate:                           0
Statistics for port 2 ------------------------------
Packets sent:                        0
Packets received:                  736
Packets dropped:                     0
TX rate:                             0
RX rate:                            76
Drop rate:                           0
Statistics for port 3 ------------------------------
Packets sent:                        0
Packets received:                 2486
Packets dropped:                     0
TX rate:                             0
RX rate:                           248
Drop rate:                           0
Aggregate statistics ===============================
Total packets sent:                  0
Total packets received:           5978
Total packets dropped:               0
Total TX rate:                       0
Total RX rate:                     593
Total drop rate:                     0
====================================================
[2J[1;1H
Port statistics ====================================
Statistics for port 0 ------------------------------
Packets sent:                        0
Packets received:             57124657
Packets dropped:                     0
TX rate:                             0
RX rate:                       5712465
Drop rate:                           0
Statistics for port 1 ------------------------------
Packets sent:                        0
Packets received:             57113615
Packets dropped:                     0
TX rate:                             0
RX rate:                       5711092
Drop rate:                           0
Statistics for port 2 ------------------------------
Packets sent:                        0
Packets received:             57110263
Packets dropped:                     0
TX rate:                             0
RX rate:                       5710950
Drop rate:                           0
Statistics for port 3 ------------------------------
Packets sent:                        0
Packets received:             57093436
Packets dropped:                     0
TX rate:                             0
RX rate:                       5709095
Drop rate:                           0
Aggregate statistics ===============================
Total packets sent:                  0
Total packets received:      228441988
Total packets dropped:               0
Total TX rate:                       0
Total RX rate:                22843602
Total drop rate:                     0
====================================================
[2J[1;1H
Port statistics ====================================
Statistics for port 0 ------------------------------
Packets sent:                        0
Packets received:            114243665
Packets dropped:                     0
TX rate:                             0
RX rate:                       5711900
Drop rate:                           0
Statistics for port 1 ------------------------------
Packets sent:                        0
Packets received:            114223840
Packets dropped:                     0
TX rate:                             0
RX rate:                       5711022
Drop rate:                           0
Statistics for port 2 ------------------------------
Packets sent:                        0
Packets received:            114214337
Packets dropped:                     0
TX rate:                             0
RX rate:                       5710406
Drop rate:                           0
Statistics for port 3 ------------------------------
Packets sent:                        0
Packets received:            114194258
Packets dropped:                     0
TX rate:                             0
RX rate:                       5710083
Drop rate:                           0
Aggregate statistics ===============================
Total packets sent:                  0
Total packets received:      456876123
Total packets dropped:               0
Total TX rate:                       0
Total RX rate:                22843411
Total drop rate:                     0
====================================================
[2J[1;1H
Port statistics ====================================
Statistics for port 0 ------------------------------
Packets sent:                        0
Packets received:            171361186
Packets dropped:                     0
TX rate:                             0
RX rate:                       5711752
Drop rate:                           0
Statistics for port 1 ------------------------------
Packets sent:                        0
Packets received:            171324853
Packets dropped:                     0
TX rate:                             0
RX rate:                       5710101
Drop rate:                           0
Statistics for port 2 ------------------------------
Packets sent:                        0
Packets received:            171311680
Packets dropped:                     0
TX rate:                             0
RX rate:                       5709734
Drop rate:                           0
Statistics for port 3 ------------------------------
Packets sent:                        0
Packets received:            171311042
Packets dropped:                     0
TX rate:                             0
RX rate:                       5711677
Drop rate:                           0
Aggregate statistics ===============================
Total packets sent:                  0
Total packets received:      685308761
Total packets dropped:               0
Total TX rate:                       0
Total RX rate:                22843264
Total drop rate:                     0
====================================================


Signal 15 received, preparing to exit...
Closing port 0... Done
Closing port 1... Done
Closing port 2... Done
Closing port 3... Done
Bye...
