EAL: Detected 40 lcore(s)
EAL: Detected 2 NUMA nodes
EAL: Multi-process socket /var/run/dpdk/rte/mp_socket
EAL: No free hugepages reported in hugepages-1048576kB
EAL: Probing VFIO support...
EAL: PCI device 0000:05:08.0 on NUMA socket 0
EAL:   probe driver: 19ee:6003 net_nfp_vf
EAL: PCI device 0000:05:08.1 on NUMA socket 0
EAL:   probe driver: 19ee:6003 net_nfp_vf
EAL: PCI device 0000:05:08.2 on NUMA socket 0
EAL:   probe driver: 19ee:6003 net_nfp_vf
EAL: PCI device 0000:05:08.3 on NUMA socket 0
EAL:   probe driver: 19ee:6003 net_nfp_vf
MAC updating enabled
Lcore 0: RX port 0
Lcore 2: RX port 1
Lcore 4: RX port 2
Lcore 6: RX port 3
Initializing port 0... done: 
Port 0, MAC address: 00:15:4D:00:00:00

Initializing port 1... done: 
Port 1, MAC address: 00:15:4D:00:00:01

Initializing port 2... done: 
Port 2, MAC address: 00:15:4D:00:00:02

Initializing port 3... done: 
Port 3, MAC address: 00:15:4D:00:00:03


Checking link statusdone
Port0 Link Up. Speed 0 Mbps - full-duplex
Port1 Link Up. Speed 0 Mbps - full-duplex
Port2 Link Up. Speed 0 Mbps - full-duplex
Port3 Link Up. Speed 0 Mbps - full-duplex
L2FWD: entering main loop on lcore 2
L2FWD:  -- lcoreid=2 portid=1
L2FWD: entering main loop on lcore 6
L2FWD:  -- lcoreid=6 portid=3
L2FWD: lcore 8 has nothing to do
L2FWD: lcore 10 has nothing to do
L2FWD: lcore 12 has nothing to do
L2FWD: lcore 14 has nothing to do
L2FWD: entering main loop on lcore 0
L2FWD:  -- lcoreid=0 portid=0
[2J[1;1H
Port statistics ====================================
Statistics for port 0 ------------------------------
Packets sent:                        0
Packets received:                    0
Packets dropped:                     0
TX rate:                             0
RX rate:                             0
Drop rate:                           0
Statistics for port 1 ------------------------------
Packets sent:                        0
Packets received:                 2867
Packets dropped:                     0
TX rate:                             0
RX rate:                           287
Drop rate:                           0
Statistics for port 2 ------------------------------
Packets sent:                        0
Packets received:                    0
Packets dropped:                     0
TX rate:                             0
RX rate:                             0
Drop rate:                           0
Statistics for port 3 ------------------------------
Packets sent:                        0
Packets received:                 2514
Packets dropped:                     0
TX rate:                             0
RX rate:                           251
Drop rate:                           0
Aggregate statistics ===============================
Total packets sent:                  0
Total packets received:           5407
Total packets dropped:               0
Total TX rate:                       0
Total RX rate:                     538
Total drop rate:                     0
====================================================
L2FWD: entering main loop on lcore 4
L2FWD:  -- lcoreid=4 portid=2
[2J[1;1H
Port statistics ====================================
Statistics for port 0 ------------------------------
Packets sent:                        0
Packets received:             68918880
Packets dropped:                     0
TX rate:                             0
RX rate:                       6891888
Drop rate:                           0
Statistics for port 1 ------------------------------
Packets sent:                        0
Packets received:             68882977
Packets dropped:                     0
TX rate:                             0
RX rate:                       6888010
Drop rate:                           0
Statistics for port 2 ------------------------------
Packets sent:                        0
Packets received:             68879153
Packets dropped:                     0
TX rate:                             0
RX rate:                       6887915
Drop rate:                           0
Statistics for port 3 ------------------------------
Packets sent:                        0
Packets received:             68888372
Packets dropped:                     0
TX rate:                             0
RX rate:                       6888587
Drop rate:                           0
Aggregate statistics ===============================
Total packets sent:                  0
Total packets received:      275569409
Total packets dropped:               0
Total TX rate:                       0
Total RX rate:                27556400
Total drop rate:                     0
====================================================
[2J[1;1H
Port statistics ====================================
Statistics for port 0 ------------------------------
Packets sent:                        0
Packets received:            137814663
Packets dropped:                     0
TX rate:                             0
RX rate:                       6889578
Drop rate:                           0
Statistics for port 1 ------------------------------
Packets sent:                        0
Packets received:            137778240
Packets dropped:                     0
TX rate:                             0
RX rate:                       6889526
Drop rate:                           0
Statistics for port 2 ------------------------------
Packets sent:                        0
Packets received:            137754563
Packets dropped:                     0
TX rate:                             0
RX rate:                       6887541
Drop rate:                           0
Statistics for port 3 ------------------------------
Packets sent:                        0
Packets received:            137792620
Packets dropped:                     0
TX rate:                             0
RX rate:                       6890423
Drop rate:                           0
Aggregate statistics ===============================
Total packets sent:                  0
Total packets received:      551140096
Total packets dropped:               0
Total TX rate:                       0
Total RX rate:                27557068
Total drop rate:                     0
====================================================
[2J[1;1H
Port statistics ====================================
Statistics for port 0 ------------------------------
Packets sent:                        0
Packets received:            206709201
Packets dropped:                     0
TX rate:                             0
RX rate:                       6889453
Drop rate:                           0
Statistics for port 1 ------------------------------
Packets sent:                        0
Packets received:            206666741
Packets dropped:                     0
TX rate:                             0
RX rate:                       6888851
Drop rate:                           0
Statistics for port 2 ------------------------------
Packets sent:                        0
Packets received:            206647999
Packets dropped:                     0
TX rate:                             0
RX rate:                       6889343
Drop rate:                           0
Statistics for port 3 ------------------------------
Packets sent:                        0
Packets received:            206688240
Packets dropped:                     0
TX rate:                             0
RX rate:                       6889562
Drop rate:                           0
Aggregate statistics ===============================
Total packets sent:                  0
Total packets received:      826712192
Total packets dropped:               0
Total TX rate:                       0
Total RX rate:                27557209
Total drop rate:                     0
====================================================


Signal 15 received, preparing to exit...
Closing port 0... Done
Closing port 1... Done
Closing port 2... Done
Closing port 3... Done
Bye...
