EAL: Detected 40 lcore(s)
EAL: Detected 2 NUMA nodes
EAL: Multi-process socket /var/run/dpdk/rte/mp_socket
EAL: No free hugepages reported in hugepages-1048576kB
EAL: Probing VFIO support...
EAL: PCI device 0000:05:08.0 on NUMA socket 0
EAL:   probe driver: 19ee:6003 net_nfp_vf
EAL: PCI device 0000:05:08.1 on NUMA socket 0
EAL:   probe driver: 19ee:6003 net_nfp_vf
EAL: PCI device 0000:05:08.2 on NUMA socket 0
EAL:   probe driver: 19ee:6003 net_nfp_vf
EAL: PCI device 0000:05:08.3 on NUMA socket 0
EAL:   probe driver: 19ee:6003 net_nfp_vf
MAC updating enabled
Lcore 0: RX port 0
Lcore 2: RX port 1
Lcore 4: RX port 2
Lcore 6: RX port 3
Initializing port 0... done: 
Port 0, MAC address: 00:15:4D:00:00:00

Initializing port 1... done: 
Port 1, MAC address: 00:15:4D:00:00:01

Initializing port 2... done: 
Port 2, MAC address: 00:15:4D:00:00:02

Initializing port 3... done: 
Port 3, MAC address: 00:15:4D:00:00:03


Checking link statusdone
Port0 Link Up. Speed 0 Mbps - full-duplex
Port1 Link Up. Speed 0 Mbps - full-duplex
Port2 Link Up. Speed 0 Mbps - full-duplex
Port3 Link Up. Speed 0 Mbps - full-duplex
L2FWD: entering main loop on lcore 2
L2FWD:  -- lcoreid=2 portid=1
L2FWD: entering main loop on lcore 6
L2FWD:  -- lcoreid=6 portid=3
L2FWD: lcore 8 has nothing to do
L2FWD: lcore 10 has nothing to do
L2FWD: lcore 12 has nothing to do
L2FWD: lcore 14 has nothing to do
L2FWD: entering main loop on lcore 0
L2FWD:  -- lcoreid=0 portid=0
[2J[1;1H
Port statistics ====================================
Statistics for port 0 ------------------------------
Packets sent:                        0
Packets received:                    0
Packets dropped:                     0
TX rate:                             0
RX rate:                             0
Drop rate:                           0
Statistics for port 1 ------------------------------
Packets sent:                        0
Packets received:                 3067
Packets dropped:                     0
TX rate:                             0
RX rate:                           307
Drop rate:                           0
Statistics for port 2 ------------------------------
Packets sent:                        0
Packets received:                    0
Packets dropped:                     0
TX rate:                             0
RX rate:                             0
Drop rate:                           0
Statistics for port 3 ------------------------------
Packets sent:                        0
Packets received:                 2586
Packets dropped:                     0
TX rate:                             0
RX rate:                           259
Drop rate:                           0
Aggregate statistics ===============================
Total packets sent:                  0
Total packets received:           5677
Total packets dropped:               0
Total TX rate:                       0
Total RX rate:                     566
Total drop rate:                     0
====================================================
L2FWD: entering main loop on lcore 4
L2FWD:  -- lcoreid=4 portid=2
[2J[1;1H
Port statistics ====================================
Statistics for port 0 ------------------------------
Packets sent:                        0
Packets received:             68853431
Packets dropped:                     0
TX rate:                             0
RX rate:                       6885343
Drop rate:                           0
Statistics for port 1 ------------------------------
Packets sent:                        0
Packets received:             68866110
Packets dropped:                     0
TX rate:                             0
RX rate:                       6886303
Drop rate:                           0
Statistics for port 2 ------------------------------
Packets sent:                        0
Packets received:             68856780
Packets dropped:                     0
TX rate:                             0
RX rate:                       6885678
Drop rate:                           0
Statistics for port 3 ------------------------------
Packets sent:                        0
Packets received:             68891503
Packets dropped:                     0
TX rate:                             0
RX rate:                       6888891
Drop rate:                           0
Aggregate statistics ===============================
Total packets sent:                  0
Total packets received:      275467838
Total packets dropped:               0
Total TX rate:                       0
Total RX rate:                27546215
Total drop rate:                     0
====================================================
[2J[1;1H
Port statistics ====================================
Statistics for port 0 ------------------------------
Packets sent:                        0
Packets received:            137735016
Packets dropped:                     0
TX rate:                             0
RX rate:                       6888158
Drop rate:                           0
Statistics for port 1 ------------------------------
Packets sent:                        0
Packets received:            137743275
Packets dropped:                     0
TX rate:                             0
RX rate:                       6887718
Drop rate:                           0
Statistics for port 2 ------------------------------
Packets sent:                        0
Packets received:            137715942
Packets dropped:                     0
TX rate:                             0
RX rate:                       6885915
Drop rate:                           0
Statistics for port 3 ------------------------------
Packets sent:                        0
Packets received:            137741214
Packets dropped:                     0
TX rate:                             0
RX rate:                       6884972
Drop rate:                           0
Aggregate statistics ===============================
Total packets sent:                  0
Total packets received:      550935507
Total packets dropped:               0
Total TX rate:                       0
Total RX rate:                27546763
Total drop rate:                     0
====================================================
[2J[1;1H
Port statistics ====================================
Statistics for port 0 ------------------------------
Packets sent:                        0
Packets received:            206619397
Packets dropped:                     0
TX rate:                             0
RX rate:                       6888438
Drop rate:                           0
Statistics for port 1 ------------------------------
Packets sent:                        0
Packets received:            206598642
Packets dropped:                     0
TX rate:                             0
RX rate:                       6885534
Drop rate:                           0
Statistics for port 2 ------------------------------
Packets sent:                        0
Packets received:            206567251
Packets dropped:                     0
TX rate:                             0
RX rate:                       6885130
Drop rate:                           0
Statistics for port 3 ------------------------------
Packets sent:                        0
Packets received:            206619194
Packets dropped:                     0
TX rate:                             0
RX rate:                       6887796
Drop rate:                           0
Aggregate statistics ===============================
Total packets sent:                  0
Total packets received:      826404495
Total packets dropped:               0
Total TX rate:                       0
Total RX rate:                27546898
Total drop rate:                     0
====================================================


Signal 15 received, preparing to exit...
Closing port 0... Done
Closing port 1... Done
Closing port 2... Done
Closing port 3... Done
Bye...
