EAL: Detected 40 lcore(s)
EAL: Detected 2 NUMA nodes
EAL: Multi-process socket /var/run/dpdk/rte/mp_socket
EAL: No free hugepages reported in hugepages-1048576kB
EAL: Probing VFIO support...
EAL: PCI device 0000:05:08.0 on NUMA socket 0
EAL:   probe driver: 19ee:6003 net_nfp_vf
EAL: PCI device 0000:05:08.1 on NUMA socket 0
EAL:   probe driver: 19ee:6003 net_nfp_vf
EAL: PCI device 0000:05:08.2 on NUMA socket 0
EAL:   probe driver: 19ee:6003 net_nfp_vf
EAL: PCI device 0000:05:08.3 on NUMA socket 0
EAL:   probe driver: 19ee:6003 net_nfp_vf
MAC updating enabled
Lcore 0: RX port 0
Lcore 2: RX port 1
Lcore 4: RX port 2
Lcore 6: RX port 3
Initializing port 0... done: 
Port 0, MAC address: 00:15:4D:00:00:00

Initializing port 1... done: 
Port 1, MAC address: 00:15:4D:00:00:01

Initializing port 2... done: 
Port 2, MAC address: 00:15:4D:00:00:02

Initializing port 3... done: 
Port 3, MAC address: 00:15:4D:00:00:03


Checking link statusdone
Port0 Link Up. Speed 0 Mbps - full-duplex
Port1 Link Up. Speed 0 Mbps - full-duplex
Port2 Link Up. Speed 0 Mbps - full-duplex
Port3 Link Up. Speed 0 Mbps - full-duplex
L2FWD: entering main loop on lcore 2
L2FWD:  -- lcoreid=2 portid=1
L2FWD: entering main loop on lcore 6
L2FWD:  -- lcoreid=6 portid=3
L2FWD: lcore 10 has nothing to do
L2FWD: lcore 12 has nothing to do
L2FWD: lcore 8 has nothing to do
L2FWD: lcore 14 has nothing to do
L2FWD: entering main loop on lcore 0
L2FWD:  -- lcoreid=0 portid=0
[2J[1;1H
Port statistics ====================================
Statistics for port 0 ------------------------------
Packets sent:                        0
Packets received:                    0
Packets dropped:                     0
TX rate:                             0
RX rate:                             0
Drop rate:                           0
Statistics for port 1 ------------------------------
Packets sent:                        0
Packets received:                 2937
Packets dropped:                     0
TX rate:                             0
RX rate:                           294
Drop rate:                           0
Statistics for port 2 ------------------------------
Packets sent:                        0
Packets received:                    0
Packets dropped:                     0
TX rate:                             0
RX rate:                             0
Drop rate:                           0
Statistics for port 3 ------------------------------
Packets sent:                        0
Packets received:                 2503
Packets dropped:                     0
TX rate:                             0
RX rate:                           250
Drop rate:                           0
Aggregate statistics ===============================
Total packets sent:                  0
Total packets received:           5453
Total packets dropped:               0
Total TX rate:                       0
Total RX rate:                     544
Total drop rate:                     0
====================================================
L2FWD: entering main loop on lcore 4
L2FWD:  -- lcoreid=4 portid=2
[2J[1;1H
Port statistics ====================================
Statistics for port 0 ------------------------------
Packets sent:                        0
Packets received:             66811349
Packets dropped:                     0
TX rate:                             0
RX rate:                       6681134
Drop rate:                           0
Statistics for port 1 ------------------------------
Packets sent:                        0
Packets received:             66826069
Packets dropped:                     0
TX rate:                             0
RX rate:                       6682312
Drop rate:                           0
Statistics for port 2 ------------------------------
Packets sent:                        0
Packets received:             66807631
Packets dropped:                     0
TX rate:                             0
RX rate:                       6680763
Drop rate:                           0
Statistics for port 3 ------------------------------
Packets sent:                        0
Packets received:             66802990
Packets dropped:                     0
TX rate:                             0
RX rate:                       6680048
Drop rate:                           0
Aggregate statistics ===============================
Total packets sent:                  0
Total packets received:      267248051
Total packets dropped:               0
Total TX rate:                       0
Total RX rate:                26724257
Total drop rate:                     0
====================================================
[2J[1;1H
Port statistics ====================================
Statistics for port 0 ------------------------------
Packets sent:                        0
Packets received:            133612681
Packets dropped:                     0
TX rate:                             0
RX rate:                       6680133
Drop rate:                           0
Statistics for port 1 ------------------------------
Packets sent:                        0
Packets received:            133650554
Packets dropped:                     0
TX rate:                             0
RX rate:                       6682448
Drop rate:                           0
Statistics for port 2 ------------------------------
Packets sent:                        0
Packets received:            133603753
Packets dropped:                     0
TX rate:                             0
RX rate:                       6679612
Drop rate:                           0
Statistics for port 3 ------------------------------
Packets sent:                        0
Packets received:            133630676
Packets dropped:                     0
TX rate:                             0
RX rate:                       6682768
Drop rate:                           0
Aggregate statistics ===============================
Total packets sent:                  0
Total packets received:      534497683
Total packets dropped:               0
Total TX rate:                       0
Total RX rate:                26724961
Total drop rate:                     0
====================================================
[2J[1;1H
Port statistics ====================================
Statistics for port 0 ------------------------------
Packets sent:                        0
Packets received:            200436076
Packets dropped:                     0
TX rate:                             0
RX rate:                       6682339
Drop rate:                           0
Statistics for port 1 ------------------------------
Packets sent:                        0
Packets received:            200454363
Packets dropped:                     0
TX rate:                             0
RX rate:                       6680380
Drop rate:                           0
Statistics for port 2 ------------------------------
Packets sent:                        0
Packets received:            200415172
Packets dropped:                     0
TX rate:                             0
RX rate:                       6681141
Drop rate:                           0
Statistics for port 3 ------------------------------
Packets sent:                        0
Packets received:            200443011
Packets dropped:                     0
TX rate:                             0
RX rate:                       6681233
Drop rate:                           0
Aggregate statistics ===============================
Total packets sent:                  0
Total packets received:      801748622
Total packets dropped:               0
Total TX rate:                       0
Total RX rate:                26725093
Total drop rate:                     0
====================================================


Signal 15 received, preparing to exit...
Closing port 0... Done
Closing port 1... Done
Closing port 2... Done
Closing port 3... Done
Bye...
