EAL: Detected 40 lcore(s)
EAL: Detected 2 NUMA nodes
EAL: Multi-process socket /var/run/dpdk/rte/mp_socket
EAL: No free hugepages reported in hugepages-1048576kB
EAL: Probing VFIO support...
EAL: PCI device 0000:05:08.0 on NUMA socket 0
EAL:   probe driver: 19ee:6003 net_nfp_vf
EAL: PCI device 0000:05:08.1 on NUMA socket 0
EAL:   probe driver: 19ee:6003 net_nfp_vf
EAL: PCI device 0000:05:08.2 on NUMA socket 0
EAL:   probe driver: 19ee:6003 net_nfp_vf
EAL: PCI device 0000:05:08.3 on NUMA socket 0
EAL:   probe driver: 19ee:6003 net_nfp_vf
MAC updating enabled
Lcore 0: RX port 0
Lcore 2: RX port 1
Lcore 4: RX port 2
Lcore 6: RX port 3
Initializing port 0... done: 
Port 0, MAC address: 00:15:4D:00:00:00

Initializing port 1... done: 
Port 1, MAC address: 00:15:4D:00:00:01

Initializing port 2... done: 
Port 2, MAC address: 00:15:4D:00:00:02

Initializing port 3... done: 
Port 3, MAC address: 00:15:4D:00:00:03


Checking link statusdone
Port0 Link Up. Speed 0 Mbps - full-duplex
Port1 Link Up. Speed 0 Mbps - full-duplex
Port2 Link Up. Speed 0 Mbps - full-duplex
Port3 Link Up. Speed 0 Mbps - full-duplex
L2FWD: entering main loop on lcore 2
L2FWD:  -- lcoreid=2 portid=1
L2FWD: entering main loop on lcore 6
L2FWD:  -- lcoreid=6 portid=3
L2FWD: lcore 8 has nothing to do
L2FWD: lcore 10 has nothing to do
L2FWD: entering main loop on lcore 4
L2FWD:  -- lcoreid=4 portid=2
L2FWD: lcore 12 has nothing to do
L2FWD: lcore 14 has nothing to do
L2FWD: entering main loop on lcore 0
L2FWD:  -- lcoreid=0 portid=0
[2J[1;1H
Port statistics ====================================
Statistics for port 0 ------------------------------
Packets sent:                        0
Packets received:                    0
Packets dropped:                     0
TX rate:                             0
RX rate:                             0
Drop rate:                           0
Statistics for port 1 ------------------------------
Packets sent:                        0
Packets received:                10854
Packets dropped:                     0
TX rate:                             0
RX rate:                          1085
Drop rate:                           0
Statistics for port 2 ------------------------------
Packets sent:                        0
Packets received:                 9263
Packets dropped:                     0
TX rate:                             0
RX rate:                           927
Drop rate:                           0
Statistics for port 3 ------------------------------
Packets sent:                        0
Packets received:                10425
Packets dropped:                     0
TX rate:                             0
RX rate:                          1042
Drop rate:                           0
Aggregate statistics ===============================
Total packets sent:                  0
Total packets received:          30576
Total packets dropped:               0
Total TX rate:                       0
Total RX rate:                    3054
Total drop rate:                     0
====================================================
[2J[1;1H
Port statistics ====================================
Statistics for port 0 ------------------------------
Packets sent:                        0
Packets received:             68881938
Packets dropped:                     0
TX rate:                             0
RX rate:                       6888193
Drop rate:                           0
Statistics for port 1 ------------------------------
Packets sent:                        0
Packets received:             68869665
Packets dropped:                     0
TX rate:                             0
RX rate:                       6885882
Drop rate:                           0
Statistics for port 2 ------------------------------
Packets sent:                        0
Packets received:             68900328
Packets dropped:                     0
TX rate:                             0
RX rate:                       6889106
Drop rate:                           0
Statistics for port 3 ------------------------------
Packets sent:                        0
Packets received:             68884037
Packets dropped:                     0
TX rate:                             0
RX rate:                       6887361
Drop rate:                           0
Aggregate statistics ===============================
Total packets sent:                  0
Total packets received:      275535995
Total packets dropped:               0
Total TX rate:                       0
Total RX rate:                27550542
Total drop rate:                     0
====================================================
[2J[1;1H
Port statistics ====================================
Statistics for port 0 ------------------------------
Packets sent:                        0
Packets received:            137752041
Packets dropped:                     0
TX rate:                             0
RX rate:                       6887010
Drop rate:                           0
Statistics for port 1 ------------------------------
Packets sent:                        0
Packets received:            137761991
Packets dropped:                     0
TX rate:                             0
RX rate:                       6889230
Drop rate:                           0
Statistics for port 2 ------------------------------
Packets sent:                        0
Packets received:            137773834
Packets dropped:                     0
TX rate:                             0
RX rate:                       6887349
Drop rate:                           0
Statistics for port 3 ------------------------------
Packets sent:                        0
Packets received:            137756001
Packets dropped:                     0
TX rate:                             0
RX rate:                       6887196
Drop rate:                           0
Aggregate statistics ===============================
Total packets sent:                  0
Total packets received:      551043878
Total packets dropped:               0
Total TX rate:                       0
Total RX rate:                27550785
Total drop rate:                     0
====================================================
[2J[1;1H
Port statistics ====================================
Statistics for port 0 ------------------------------
Packets sent:                        0
Packets received:            206641559
Packets dropped:                     0
TX rate:                             0
RX rate:                       6888951
Drop rate:                           0
Statistics for port 1 ------------------------------
Packets sent:                        0
Packets received:            206645158
Packets dropped:                     0
TX rate:                             0
RX rate:                       6888316
Drop rate:                           0
Statistics for port 2 ------------------------------
Packets sent:                        0
Packets received:            206650688
Packets dropped:                     0
TX rate:                             0
RX rate:                       6887685
Drop rate:                           0
Statistics for port 3 ------------------------------
Packets sent:                        0
Packets received:            206611865
Packets dropped:                     0
TX rate:                             0
RX rate:                       6885586
Drop rate:                           0
Aggregate statistics ===============================
Total packets sent:                  0
Total packets received:      826549270
Total packets dropped:               0
Total TX rate:                       0
Total RX rate:                27550538
Total drop rate:                     0
====================================================


Signal 15 received, preparing to exit...
Closing port 0... Done
Closing port 1... Done
Closing port 2... Done
Closing port 3... Done
Bye...
