EAL: Detected 40 lcore(s)
EAL: Detected 2 NUMA nodes
EAL: Multi-process socket /var/run/dpdk/rte/mp_socket
EAL: No free hugepages reported in hugepages-1048576kB
EAL: Probing VFIO support...
EAL: PCI device 0000:05:08.0 on NUMA socket 0
EAL:   probe driver: 19ee:6003 net_nfp_vf
EAL: PCI device 0000:05:08.1 on NUMA socket 0
EAL:   probe driver: 19ee:6003 net_nfp_vf
EAL: PCI device 0000:05:08.2 on NUMA socket 0
EAL:   probe driver: 19ee:6003 net_nfp_vf
EAL: PCI device 0000:05:08.3 on NUMA socket 0
EAL:   probe driver: 19ee:6003 net_nfp_vf
MAC updating enabled
Lcore 0: RX port 0
Lcore 2: RX port 1
Lcore 4: RX port 2
Lcore 6: RX port 3
Initializing port 0... done: 
Port 0, MAC address: 00:15:4D:00:00:00

Initializing port 1... done: 
Port 1, MAC address: 00:15:4D:00:00:01

Initializing port 2... done: 
Port 2, MAC address: 00:15:4D:00:00:02

Initializing port 3... done: 
Port 3, MAC address: 00:15:4D:00:00:03


Checking link statusdone
Port0 Link Up. Speed 0 Mbps - full-duplex
Port1 Link Up. Speed 0 Mbps - full-duplex
Port2 Link Up. Speed 0 Mbps - full-duplex
Port3 Link Up. Speed 0 Mbps - full-duplex
L2FWD: entering main loop on lcore 2
L2FWD:  -- lcoreid=2 portid=1
L2FWD: entering main loop on lcore 6
L2FWD:  -- lcoreid=6 portid=3
L2FWD: lcore 8 has nothing to do
L2FWD: lcore 10 has nothing to do
L2FWD: entering main loop on lcore 4
L2FWD:  -- lcoreid=4 portid=2
L2FWD: lcore 14 has nothing to do
L2FWD: lcore 12 has nothing to do
L2FWD: entering main loop on lcore 0
L2FWD:  -- lcoreid=0 portid=0
[2J[1;1H
Port statistics ====================================
Statistics for port 0 ------------------------------
Packets sent:                        0
Packets received:                    0
Packets dropped:                     0
TX rate:                             0
RX rate:                             0
Drop rate:                           0
Statistics for port 1 ------------------------------
Packets sent:                        0
Packets received:                13279
Packets dropped:                     0
TX rate:                             0
RX rate:                          1328
Drop rate:                           0
Statistics for port 2 ------------------------------
Packets sent:                        0
Packets received:                10223
Packets dropped:                     0
TX rate:                             0
RX rate:                          1022
Drop rate:                           0
Statistics for port 3 ------------------------------
Packets sent:                        0
Packets received:                13032
Packets dropped:                     0
TX rate:                             0
RX rate:                          1304
Drop rate:                           0
Aggregate statistics ===============================
Total packets sent:                  0
Total packets received:          36561
Total packets dropped:               0
Total TX rate:                       0
Total RX rate:                    3654
Total drop rate:                     0
====================================================
[2J[1;1H
Port statistics ====================================
Statistics for port 0 ------------------------------
Packets sent:                        0
Packets received:             68880093
Packets dropped:                     0
TX rate:                             0
RX rate:                       6888009
Drop rate:                           0
Statistics for port 1 ------------------------------
Packets sent:                        0
Packets received:             68882689
Packets dropped:                     0
TX rate:                             0
RX rate:                       6886940
Drop rate:                           0
Statistics for port 2 ------------------------------
Packets sent:                        0
Packets received:             68885733
Packets dropped:                     0
TX rate:                             0
RX rate:                       6887550
Drop rate:                           0
Statistics for port 3 ------------------------------
Packets sent:                        0
Packets received:             68867192
Packets dropped:                     0
TX rate:                             0
RX rate:                       6885415
Drop rate:                           0
Aggregate statistics ===============================
Total packets sent:                  0
Total packets received:      275515731
Total packets dropped:               0
Total TX rate:                       0
Total RX rate:                27547914
Total drop rate:                     0
====================================================
[2J[1;1H
Port statistics ====================================
Statistics for port 0 ------------------------------
Packets sent:                        0
Packets received:            137765888
Packets dropped:                     0
TX rate:                             0
RX rate:                       6888579
Drop rate:                           0
Statistics for port 1 ------------------------------
Packets sent:                        0
Packets received:            137740573
Packets dropped:                     0
TX rate:                             0
RX rate:                       6885789
Drop rate:                           0
Statistics for port 2 ------------------------------
Packets sent:                        0
Packets received:            137753617
Packets dropped:                     0
TX rate:                             0
RX rate:                       6886788
Drop rate:                           0
Statistics for port 3 ------------------------------
Packets sent:                        0
Packets received:            137727594
Packets dropped:                     0
TX rate:                             0
RX rate:                       6886039
Drop rate:                           0
Aggregate statistics ===============================
Total packets sent:                  0
Total packets received:      550987683
Total packets dropped:               0
Total TX rate:                       0
Total RX rate:                27547195
Total drop rate:                     0
====================================================
[2J[1;1H
Port statistics ====================================
Statistics for port 0 ------------------------------
Packets sent:                        0
Packets received:            206634959
Packets dropped:                     0
TX rate:                             0
RX rate:                       6886907
Drop rate:                           0
Statistics for port 1 ------------------------------
Packets sent:                        0
Packets received:            206607732
Packets dropped:                     0
TX rate:                             0
RX rate:                       6886714
Drop rate:                           0
Statistics for port 2 ------------------------------
Packets sent:                        0
Packets received:            206603456
Packets dropped:                     0
TX rate:                             0
RX rate:                       6884983
Drop rate:                           0
Statistics for port 3 ------------------------------
Packets sent:                        0
Packets received:            206614461
Packets dropped:                     0
TX rate:                             0
RX rate:                       6888686
Drop rate:                           0
Aggregate statistics ===============================
Total packets sent:                  0
Total packets received:      826460626
Total packets dropped:               0
Total TX rate:                       0
Total RX rate:                27547290
Total drop rate:                     0
====================================================


Signal 15 received, preparing to exit...
Closing port 0... Done
Closing port 1... Done
Closing port 2... Done
Closing port 3... Done
Bye...
