EAL: Detected 40 lcore(s)
EAL: Detected 2 NUMA nodes
EAL: Multi-process socket /var/run/dpdk/rte/mp_socket
EAL: No free hugepages reported in hugepages-1048576kB
EAL: Probing VFIO support...
EAL: PCI device 0000:05:08.0 on NUMA socket 0
EAL:   probe driver: 19ee:6003 net_nfp_vf
EAL: PCI device 0000:05:08.1 on NUMA socket 0
EAL:   probe driver: 19ee:6003 net_nfp_vf
EAL: PCI device 0000:05:08.2 on NUMA socket 0
EAL:   probe driver: 19ee:6003 net_nfp_vf
EAL: PCI device 0000:05:08.3 on NUMA socket 0
EAL:   probe driver: 19ee:6003 net_nfp_vf
MAC updating enabled
Lcore 0: RX port 0
Lcore 2: RX port 1
Lcore 4: RX port 2
Lcore 6: RX port 3
Initializing port 0... done: 
Port 0, MAC address: 00:15:4D:00:00:00

Initializing port 1... done: 
Port 1, MAC address: 00:15:4D:00:00:01

Initializing port 2... done: 
Port 2, MAC address: 00:15:4D:00:00:02

Initializing port 3... done: 
Port 3, MAC address: 00:15:4D:00:00:03


Checking link statusdone
Port0 Link Up. Speed 0 Mbps - full-duplex
Port1 Link Up. Speed 0 Mbps - full-duplex
Port2 Link Up. Speed 0 Mbps - full-duplex
Port3 Link Up. Speed 0 Mbps - full-duplex
L2FWD: entering main loop on lcore 2
L2FWD:  -- lcoreid=2 portid=1
L2FWD: entering main loop on lcore 6
L2FWD:  -- lcoreid=6 portid=3
L2FWD: lcore 8 has nothing to do
L2FWD: lcore 10 has nothing to do
L2FWD: entering main loop on lcore 4
L2FWD:  -- lcoreid=4 portid=2
L2FWD: lcore 12 has nothing to do
L2FWD: lcore 14 has nothing to do
L2FWD: entering main loop on lcore 0
L2FWD:  -- lcoreid=0 portid=0
[2J[1;1H
Port statistics ====================================
Statistics for port 0 ------------------------------
Packets sent:                        0
Packets received:                    0
Packets dropped:                     0
TX rate:                             0
RX rate:                             0
Drop rate:                           0
Statistics for port 1 ------------------------------
Packets sent:                        0
Packets received:                11139
Packets dropped:                     0
TX rate:                             0
RX rate:                          1114
Drop rate:                           0
Statistics for port 2 ------------------------------
Packets sent:                        0
Packets received:                 9206
Packets dropped:                     0
TX rate:                             0
RX rate:                           920
Drop rate:                           0
Statistics for port 3 ------------------------------
Packets sent:                        0
Packets received:                10829
Packets dropped:                     0
TX rate:                             0
RX rate:                          1082
Drop rate:                           0
Aggregate statistics ===============================
Total packets sent:                  0
Total packets received:          31205
Total packets dropped:               0
Total TX rate:                       0
Total RX rate:                    3116
Total drop rate:                     0
====================================================
[2J[1;1H
Port statistics ====================================
Statistics for port 0 ------------------------------
Packets sent:                        0
Packets received:             63474106
Packets dropped:                     0
TX rate:                             0
RX rate:                       6347410
Drop rate:                           0
Statistics for port 1 ------------------------------
Packets sent:                        0
Packets received:             63509279
Packets dropped:                     0
TX rate:                             0
RX rate:                       6349813
Drop rate:                           0
Statistics for port 2 ------------------------------
Packets sent:                        0
Packets received:             63480905
Packets dropped:                     0
TX rate:                             0
RX rate:                       6347169
Drop rate:                           0
Statistics for port 3 ------------------------------
Packets sent:                        0
Packets received:             63483121
Packets dropped:                     0
TX rate:                             0
RX rate:                       6347229
Drop rate:                           0
Aggregate statistics ===============================
Total packets sent:                  0
Total packets received:      253947422
Total packets dropped:               0
Total TX rate:                       0
Total RX rate:                25391621
Total drop rate:                     0
====================================================
[2J[1;1H
Port statistics ====================================
Statistics for port 0 ------------------------------
Packets sent:                        0
Packets received:            126963072
Packets dropped:                     0
TX rate:                             0
RX rate:                       6348896
Drop rate:                           0
Statistics for port 1 ------------------------------
Packets sent:                        0
Packets received:            126971925
Packets dropped:                     0
TX rate:                             0
RX rate:                       6346264
Drop rate:                           0
Statistics for port 2 ------------------------------
Packets sent:                        0
Packets received:            126955507
Packets dropped:                     0
TX rate:                             0
RX rate:                       6347460
Drop rate:                           0
Statistics for port 3 ------------------------------
Packets sent:                        0
Packets received:            126969700
Packets dropped:                     0
TX rate:                             0
RX rate:                       6348657
Drop rate:                           0
Aggregate statistics ===============================
Total packets sent:                  0
Total packets received:      507860215
Total packets dropped:               0
Total TX rate:                       0
Total RX rate:                25391277
Total drop rate:                     0
====================================================
[2J[1;1H
Port statistics ====================================
Statistics for port 0 ------------------------------
Packets sent:                        0
Packets received:            190433573
Packets dropped:                     0
TX rate:                             0
RX rate:                       6347050
Drop rate:                           0
Statistics for port 1 ------------------------------
Packets sent:                        0
Packets received:            190452527
Packets dropped:                     0
TX rate:                             0
RX rate:                       6348060
Drop rate:                           0
Statistics for port 2 ------------------------------
Packets sent:                        0
Packets received:            190434966
Packets dropped:                     0
TX rate:                             0
RX rate:                       6347945
Drop rate:                           0
Statistics for port 3 ------------------------------
Packets sent:                        0
Packets received:            190451985
Packets dropped:                     0
TX rate:                             0
RX rate:                       6348228
Drop rate:                           0
Aggregate statistics ===============================
Total packets sent:                  0
Total packets received:      761773051
Total packets dropped:               0
Total TX rate:                       0
Total RX rate:                25391283
Total drop rate:                     0
====================================================


Signal 15 received, preparing to exit...
Closing port 0... Done
Closing port 1... Done
Closing port 2... Done
Closing port 3... Done
Bye...
