EAL: Detected 40 lcore(s)
EAL: Detected 2 NUMA nodes
EAL: Multi-process socket /var/run/dpdk/rte/mp_socket
EAL: No free hugepages reported in hugepages-1048576kB
EAL: Probing VFIO support...
EAL: PCI device 0000:05:08.0 on NUMA socket 0
EAL:   probe driver: 19ee:6003 net_nfp_vf
EAL: PCI device 0000:05:08.1 on NUMA socket 0
EAL:   probe driver: 19ee:6003 net_nfp_vf
EAL: PCI device 0000:05:08.2 on NUMA socket 0
EAL:   probe driver: 19ee:6003 net_nfp_vf
EAL: PCI device 0000:05:08.3 on NUMA socket 0
EAL:   probe driver: 19ee:6003 net_nfp_vf
MAC updating enabled
Lcore 0: RX port 0
Lcore 2: RX port 1
Lcore 4: RX port 2
Lcore 6: RX port 3
Initializing port 0... done: 
Port 0, MAC address: 00:15:4D:00:00:00

Initializing port 1... done: 
Port 1, MAC address: 00:15:4D:00:00:01

Initializing port 2... done: 
Port 2, MAC address: 00:15:4D:00:00:02

Initializing port 3... done: 
Port 3, MAC address: 00:15:4D:00:00:03


Checking link statusdone
Port0 Link Up. Speed 0 Mbps - full-duplex
Port1 Link Up. Speed 0 Mbps - full-duplex
Port2 Link Up. Speed 0 Mbps - full-duplex
Port3 Link Up. Speed 0 Mbps - full-duplex
L2FWD: entering main loop on lcore 2
L2FWD:  -- lcoreid=2 portid=1
L2FWD: entering main loop on lcore 6
L2FWD:  -- lcoreid=6 portid=3
L2FWD: lcore 10 has nothing to do
L2FWD: lcore 12 has nothing to do
L2FWD: entering main loop on lcore 0
L2FWD: lcore 8 has nothing to do
L2FWD:  -- lcoreid=0 portid=0
[2J[1;1H
Port statistics ====================================
Statistics for port 0 ------------------------------
Packets sent:                        0
Packets received:                    0
Packets dropped:                     0
TX rate:                             0
RX rate:                             0
Drop rate:                           0
Statistics for port 1 ------------------------------
Packets sent:                        0
Packets received:                 2816
Packets dropped:                     0
TX rate:                             0
RX rate:                           282
Drop rate:                           0
Statistics for port 2 ------------------------------
Packets sent:                        0
Packets received:                    0
Packets dropped:                     0
TX rate:                             0
RX rate:                             0
Drop rate:                           0
Statistics for port 3 ------------------------------
Packets sent:                        0
Packets received:                 2378
Packets dropped:                     0
TX rate:                             0
RX rate:                           238
Drop rate:                           0
Aggregate statistics ===============================
Total packets sent:                  0
Total packets received:           5213
Total packets dropped:               0
Total TX rate:                       0
Total RX rate:                     520
Total drop rate:                     0
====================================================
L2FWD: lcore 14 has nothing to do
L2FWD: entering main loop on lcore 4
L2FWD:  -- lcoreid=4 portid=2
[2J[1;1H
Port statistics ====================================
Statistics for port 0 ------------------------------
Packets sent:                        0
Packets received:             61616234
Packets dropped:                     0
TX rate:                             0
RX rate:                       6161623
Drop rate:                           0
Statistics for port 1 ------------------------------
Packets sent:                        0
Packets received:             61620439
Packets dropped:                     0
TX rate:                             0
RX rate:                       6161761
Drop rate:                           0
Statistics for port 2 ------------------------------
Packets sent:                        0
Packets received:             61606698
Packets dropped:                     0
TX rate:                             0
RX rate:                       6160670
Drop rate:                           0
Statistics for port 3 ------------------------------
Packets sent:                        0
Packets received:             61626268
Packets dropped:                     0
TX rate:                             0
RX rate:                       6162390
Drop rate:                           0
Aggregate statistics ===============================
Total packets sent:                  0
Total packets received:      246469711
Total packets dropped:               0
Total TX rate:                       0
Total RX rate:                24646444
Total drop rate:                     0
====================================================
[2J[1;1H
Port statistics ====================================
Statistics for port 0 ------------------------------
Packets sent:                        0
Packets received:            123232308
Packets dropped:                     0
TX rate:                             0
RX rate:                       6161607
Drop rate:                           0
Statistics for port 1 ------------------------------
Packets sent:                        0
Packets received:            123244640
Packets dropped:                     0
TX rate:                             0
RX rate:                       6162421
Drop rate:                           0
Statistics for port 2 ------------------------------
Packets sent:                        0
Packets received:            123210077
Packets dropped:                     0
TX rate:                             0
RX rate:                       6160337
Drop rate:                           0
Statistics for port 3 ------------------------------
Packets sent:                        0
Packets received:            123243771
Packets dropped:                     0
TX rate:                             0
RX rate:                       6161748
Drop rate:                           0
Aggregate statistics ===============================
Total packets sent:                  0
Total packets received:      492930808
Total packets dropped:               0
Total TX rate:                       0
Total RX rate:                24646113
Total drop rate:                     0
====================================================
[2J[1;1H
Port statistics ====================================
Statistics for port 0 ------------------------------
Packets sent:                        0
Packets received:            184850591
Packets dropped:                     0
TX rate:                             0
RX rate:                       6161828
Drop rate:                           0
Statistics for port 1 ------------------------------
Packets sent:                        0
Packets received:            184844060
Packets dropped:                     0
TX rate:                             0
RX rate:                       6159940
Drop rate:                           0
Statistics for port 2 ------------------------------
Packets sent:                        0
Packets received:            184829365
Packets dropped:                     0
TX rate:                             0
RX rate:                       6161929
Drop rate:                           0
Statistics for port 3 ------------------------------
Packets sent:                        0
Packets received:            184867893
Packets dropped:                     0
TX rate:                             0
RX rate:                       6162412
Drop rate:                           0
Aggregate statistics ===============================
Total packets sent:                  0
Total packets received:      739391924
Total packets dropped:               0
Total TX rate:                       0
Total RX rate:                24646109
Total drop rate:                     0
====================================================


Signal 15 received, preparing to exit...
Closing port 0... Done
Closing port 1... Done
Closing port 2... Done
Closing port 3... Done
Bye...
