EAL: Detected 40 lcore(s)
EAL: Detected 2 NUMA nodes
EAL: Multi-process socket /var/run/dpdk/rte/mp_socket
EAL: No free hugepages reported in hugepages-1048576kB
EAL: Probing VFIO support...
EAL: PCI device 0000:05:08.0 on NUMA socket 0
EAL:   probe driver: 19ee:6003 net_nfp_vf
EAL: PCI device 0000:05:08.1 on NUMA socket 0
EAL:   probe driver: 19ee:6003 net_nfp_vf
EAL: PCI device 0000:05:08.2 on NUMA socket 0
EAL:   probe driver: 19ee:6003 net_nfp_vf
EAL: PCI device 0000:05:08.3 on NUMA socket 0
EAL:   probe driver: 19ee:6003 net_nfp_vf
MAC updating enabled
Lcore 0: RX port 0
Lcore 2: RX port 1
Lcore 4: RX port 2
Lcore 6: RX port 3
Initializing port 0... done: 
Port 0, MAC address: 00:15:4D:00:00:00

Initializing port 1... done: 
Port 1, MAC address: 00:15:4D:00:00:01

Initializing port 2... done: 
Port 2, MAC address: 00:15:4D:00:00:02

Initializing port 3... done: 
Port 3, MAC address: 00:15:4D:00:00:03


Checking link statusdone
Port0 Link Up. Speed 0 Mbps - full-duplex
Port1 Link Up. Speed 0 Mbps - full-duplex
Port2 Link Up. Speed 0 Mbps - full-duplex
Port3 Link Up. Speed 0 Mbps - full-duplex
L2FWD: entering main loop on lcore 2
L2FWD:  -- lcoreid=2 portid=1
L2FWD: entering main loop on lcore 6
L2FWD:  -- lcoreid=6 portid=3
L2FWD: lcore 8 has nothing to do
L2FWD: lcore 12 has nothing to do
L2FWD: lcore 14 has nothing to do
L2FWD: entering main loop on lcore 4
L2FWD:  -- lcoreid=4 portid=2
L2FWD: lcore 10 has nothing to do
L2FWD: entering main loop on lcore 0
L2FWD:  -- lcoreid=0 portid=0
[2J[1;1H
Port statistics ====================================
Statistics for port 0 ------------------------------
Packets sent:                        0
Packets received:                    0
Packets dropped:                     0
TX rate:                             0
RX rate:                             0
Drop rate:                           0
Statistics for port 1 ------------------------------
Packets sent:                        0
Packets received:                 1986
Packets dropped:                     0
TX rate:                             0
RX rate:                           198
Drop rate:                           0
Statistics for port 2 ------------------------------
Packets sent:                        0
Packets received:                  992
Packets dropped:                     0
TX rate:                             0
RX rate:                            99
Drop rate:                           0
Statistics for port 3 ------------------------------
Packets sent:                        0
Packets received:                 1660
Packets dropped:                     0
TX rate:                             0
RX rate:                           168
Drop rate:                           0
Aggregate statistics ===============================
Total packets sent:                  0
Total packets received:           4662
Total packets dropped:               0
Total TX rate:                       0
Total RX rate:                     465
Total drop rate:                     0
====================================================
[2J[1;1H
Port statistics ====================================
Statistics for port 0 ------------------------------
Packets sent:                        0
Packets received:             23892857
Packets dropped:                     0
TX rate:                             0
RX rate:                       2389285
Drop rate:                           0
Statistics for port 1 ------------------------------
Packets sent:                        0
Packets received:             23896343
Packets dropped:                     0
TX rate:                             0
RX rate:                       2389437
Drop rate:                           0
Statistics for port 2 ------------------------------
Packets sent:                        0
Packets received:             23907746
Packets dropped:                     0
TX rate:                             0
RX rate:                       2390676
Drop rate:                           0
Statistics for port 3 ------------------------------
Packets sent:                        0
Packets received:             23900854
Packets dropped:                     0
TX rate:                             0
RX rate:                       2389917
Drop rate:                           0
Aggregate statistics ===============================
Total packets sent:                  0
Total packets received:       95597838
Total packets dropped:               0
Total TX rate:                       0
Total RX rate:                 9559315
Total drop rate:                     0
====================================================
[2J[1;1H
Port statistics ====================================
Statistics for port 0 ------------------------------
Packets sent:                        0
Packets received:             47427759
Packets dropped:                     0
TX rate:                             0
RX rate:                       2353490
Drop rate:                           0
Statistics for port 1 ------------------------------
Packets sent:                        0
Packets received:             47420369
Packets dropped:                     0
TX rate:                             0
RX rate:                       2352401
Drop rate:                           0
Statistics for port 2 ------------------------------
Packets sent:                        0
Packets received:             47436097
Packets dropped:                     0
TX rate:                             0
RX rate:                       2352833
Drop rate:                           0
Statistics for port 3 ------------------------------
Packets sent:                        0
Packets received:             47430839
Packets dropped:                     0
TX rate:                             0
RX rate:                       2352998
Drop rate:                           0
Aggregate statistics ===============================
Total packets sent:                  0
Total packets received:      189715074
Total packets dropped:               0
Total TX rate:                       0
Total RX rate:                 9411722
Total drop rate:                     0
====================================================
[2J[1;1H
Port statistics ====================================
Statistics for port 0 ------------------------------
Packets sent:                        0
Packets received:             70936032
Packets dropped:                     0
TX rate:                             0
RX rate:                       2350827
Drop rate:                           0
Statistics for port 1 ------------------------------
Packets sent:                        0
Packets received:             70931896
Packets dropped:                     0
TX rate:                             0
RX rate:                       2351152
Drop rate:                           0
Statistics for port 2 ------------------------------
Packets sent:                        0
Packets received:             70944329
Packets dropped:                     0
TX rate:                             0
RX rate:                       2350823
Drop rate:                           0
Statistics for port 3 ------------------------------
Packets sent:                        0
Packets received:             70936674
Packets dropped:                     0
TX rate:                             0
RX rate:                       2350583
Drop rate:                           0
Aggregate statistics ===============================
Total packets sent:                  0
Total packets received:      283748933
Total packets dropped:               0
Total TX rate:                       0
Total RX rate:                 9403385
Total drop rate:                     0
====================================================


Signal 15 received, preparing to exit...
Closing port 0... Done
Closing port 1... Done
Closing port 2... Done
Closing port 3... Done
Bye...
