EAL: Detected 40 lcore(s)
EAL: Detected 2 NUMA nodes
EAL: Multi-process socket /var/run/dpdk/rte/mp_socket
EAL: No free hugepages reported in hugepages-1048576kB
EAL: Probing VFIO support...
EAL: PCI device 0000:05:08.0 on NUMA socket 0
EAL:   probe driver: 19ee:6003 net_nfp_vf
EAL: PCI device 0000:05:08.1 on NUMA socket 0
EAL:   probe driver: 19ee:6003 net_nfp_vf
EAL: PCI device 0000:05:08.2 on NUMA socket 0
EAL:   probe driver: 19ee:6003 net_nfp_vf
EAL: PCI device 0000:05:08.3 on NUMA socket 0
EAL:   probe driver: 19ee:6003 net_nfp_vf
MAC updating enabled
Lcore 0: RX port 0
Lcore 2: RX port 1
Lcore 4: RX port 2
Lcore 6: RX port 3
Initializing port 0... done: 
Port 0, MAC address: 00:15:4D:00:00:00

Initializing port 1... done: 
Port 1, MAC address: 00:15:4D:00:00:01

Initializing port 2... done: 
Port 2, MAC address: 00:15:4D:00:00:02

Initializing port 3... done: 
Port 3, MAC address: 00:15:4D:00:00:03


Checking link statusdone
Port0 Link Up. Speed 0 Mbps - full-duplex
Port1 Link Up. Speed 0 Mbps - full-duplex
Port2 Link Up. Speed 0 Mbps - full-duplex
Port3 Link Up. Speed 0 Mbps - full-duplex
L2FWD: entering main loop on lcore 2
L2FWD:  -- lcoreid=2 portid=1
L2FWD: entering main loop on lcore 6
L2FWD: lcore 8 has nothing to do
L2FWD: lcore 10 has nothing to do
L2FWD:  -- lcoreid=6 portid=3
L2FWD: lcore 12 has nothing to do
L2FWD: lcore 14 has nothing to do
L2FWD: entering main loop on lcore 0
L2FWD:  -- lcoreid=0 portid=0
[2J[1;1H
Port statistics ====================================
Statistics for port 0 ------------------------------
Packets sent:                        0
Packets received:                    0
Packets dropped:                     0
TX rate:                             0
RX rate:                             0
Drop rate:                           0
Statistics for port 1 ------------------------------
Packets sent:                        0
Packets received:                 1923
Packets dropped:                     0
TX rate:                             0
RX rate:                           192
Drop rate:                           0
Statistics for port 2 ------------------------------
Packets sent:                        0
Packets received:                    0
Packets dropped:                     0
TX rate:                             0
RX rate:                             0
Drop rate:                           0
Statistics for port 3 ------------------------------
Packets sent:                        0
Packets received:                 1245
Packets dropped:                     0
TX rate:                             0
RX rate:                           124
Drop rate:                           0
Aggregate statistics ===============================
Total packets sent:                  0
Total packets received:           3171
Total packets dropped:               0
Total TX rate:                       0
Total RX rate:                     316
Total drop rate:                     0
====================================================
L2FWD: entering main loop on lcore 4
L2FWD:  -- lcoreid=4 portid=2
[2J[1;1H
Port statistics ====================================
Statistics for port 0 ------------------------------
Packets sent:                        0
Packets received:             34396763
Packets dropped:                     0
TX rate:                             0
RX rate:                       3439676
Drop rate:                           0
Statistics for port 1 ------------------------------
Packets sent:                        0
Packets received:             34386088
Packets dropped:                     0
TX rate:                             0
RX rate:                       3438416
Drop rate:                           0
Statistics for port 2 ------------------------------
Packets sent:                        0
Packets received:             34382224
Packets dropped:                     0
TX rate:                             0
RX rate:                       3438222
Drop rate:                           0
Statistics for port 3 ------------------------------
Packets sent:                        0
Packets received:             34381971
Packets dropped:                     0
TX rate:                             0
RX rate:                       3438073
Drop rate:                           0
Aggregate statistics ===============================
Total packets sent:                  0
Total packets received:      137547095
Total packets dropped:               0
Total TX rate:                       0
Total RX rate:                13754387
Total drop rate:                     0
====================================================
[2J[1;1H
Port statistics ====================================
Statistics for port 0 ------------------------------
Packets sent:                        0
Packets received:             68240722
Packets dropped:                     0
TX rate:                             0
RX rate:                       3384395
Drop rate:                           0
Statistics for port 1 ------------------------------
Packets sent:                        0
Packets received:             68218447
Packets dropped:                     0
TX rate:                             0
RX rate:                       3383235
Drop rate:                           0
Statistics for port 2 ------------------------------
Packets sent:                        0
Packets received:             68234736
Packets dropped:                     0
TX rate:                             0
RX rate:                       3385251
Drop rate:                           0
Statistics for port 3 ------------------------------
Packets sent:                        0
Packets received:             68220028
Packets dropped:                     0
TX rate:                             0
RX rate:                       3383804
Drop rate:                           0
Aggregate statistics ===============================
Total packets sent:                  0
Total packets received:      272913949
Total packets dropped:               0
Total TX rate:                       0
Total RX rate:                13536685
Total drop rate:                     0
====================================================
[2J[1;1H
Port statistics ====================================
Statistics for port 0 ------------------------------
Packets sent:                        0
Packets received:            102115408
Packets dropped:                     0
TX rate:                             0
RX rate:                       3387468
Drop rate:                           0
Statistics for port 1 ------------------------------
Packets sent:                        0
Packets received:            102097357
Packets dropped:                     0
TX rate:                             0
RX rate:                       3387891
Drop rate:                           0
Statistics for port 2 ------------------------------
Packets sent:                        0
Packets received:            102093685
Packets dropped:                     0
TX rate:                             0
RX rate:                       3385894
Drop rate:                           0
Statistics for port 3 ------------------------------
Packets sent:                        0
Packets received:            102086809
Packets dropped:                     0
TX rate:                             0
RX rate:                       3386678
Drop rate:                           0
Aggregate statistics ===============================
Total packets sent:                  0
Total packets received:      408393259
Total packets dropped:               0
Total TX rate:                       0
Total RX rate:                13547931
Total drop rate:                     0
====================================================


Signal 15 received, preparing to exit...
Closing port 0... Done
Closing port 1... Done
Closing port 2... Done
Closing port 3... Done
Bye...
