EAL: Detected 40 lcore(s)
EAL: Detected 2 NUMA nodes
EAL: Multi-process socket /var/run/dpdk/rte/mp_socket
EAL: No free hugepages reported in hugepages-1048576kB
EAL: Probing VFIO support...
EAL: PCI device 0000:05:08.0 on NUMA socket 0
EAL:   probe driver: 19ee:6003 net_nfp_vf
EAL: PCI device 0000:05:08.1 on NUMA socket 0
EAL:   probe driver: 19ee:6003 net_nfp_vf
EAL: PCI device 0000:05:08.2 on NUMA socket 0
EAL:   probe driver: 19ee:6003 net_nfp_vf
EAL: PCI device 0000:05:08.3 on NUMA socket 0
EAL:   probe driver: 19ee:6003 net_nfp_vf
MAC updating enabled
Lcore 0: RX port 0
Lcore 2: RX port 1
Lcore 4: RX port 2
Lcore 6: RX port 3
Initializing port 0... done: 
Port 0, MAC address: 00:15:4D:00:00:00

Initializing port 1... done: 
Port 1, MAC address: 00:15:4D:00:00:01

Initializing port 2... done: 
Port 2, MAC address: 00:15:4D:00:00:02

Initializing port 3... done: 
Port 3, MAC address: 00:15:4D:00:00:03


Checking link statusdone
Port0 Link Up. Speed 0 Mbps - full-duplex
Port1 Link Up. Speed 0 Mbps - full-duplex
Port2 Link Up. Speed 0 Mbps - full-duplex
Port3 Link Up. Speed 0 Mbps - full-duplex
L2FWD: entering main loop on lcore 2
L2FWD:  -- lcoreid=2 portid=1
L2FWD: entering main loop on lcore 6
L2FWD: entering main loop on lcore 4
L2FWD:  -- lcoreid=4 portid=2
L2FWD: lcore 10 has nothing to do
L2FWD: lcore 12 has nothing to do
L2FWD: lcore 14 has nothing to do
L2FWD:  -- lcoreid=6 portid=3
L2FWD: entering main loop on lcore 0
L2FWD:  -- lcoreid=0 portid=0
[2J[1;1H
Port statistics ====================================
Statistics for port 0 ------------------------------
Packets sent:                        0
Packets received:                    0
Packets dropped:                     0
TX rate:                             0
RX rate:                             0
Drop rate:                           0
Statistics for port 1 ------------------------------
Packets sent:                        0
Packets received:                 2479
Packets dropped:                     0
TX rate:                             0
RX rate:                           249
Drop rate:                           0
Statistics for port 2 ------------------------------
Packets sent:                        0
Packets received:                 2147
Packets dropped:                     0
TX rate:                             0
RX rate:                           214
Drop rate:                           0L2FWD: lcore 8 has nothing to do

Statistics for port 3 ------------------------------
Packets sent:                        0
Packets received:                  832
Packets dropped:                     0
TX rate:                             0
RX rate:                            89
Drop rate:                           0
Aggregate statistics ===============================
Total packets sent:                  0
Total packets received:           5607
Total packets dropped:               0
Total TX rate:                       0
Total RX rate:                     552
Total drop rate:                     0
====================================================
[2J[1;1H
Port statistics ====================================
Statistics for port 0 ------------------------------
Packets sent:                        0
Packets received:             43287218
Packets dropped:                     0
TX rate:                             0
RX rate:                       4328721
Drop rate:                           0
Statistics for port 1 ------------------------------
Packets sent:                        0
Packets received:             43277862
Packets dropped:                     0
TX rate:                             0
RX rate:                       4327536
Drop rate:                           0
Statistics for port 2 ------------------------------
Packets sent:                        0
Packets received:             43255159
Packets dropped:                     0
TX rate:                             0
RX rate:                       4325301
Drop rate:                           0
Statistics for port 3 ------------------------------
Packets sent:                        0
Packets received:             43280825
Packets dropped:                     0
TX rate:                             0
RX rate:                       4327992
Drop rate:                           0
Aggregate statistics ===============================
Total packets sent:                  0
Total packets received:      173101068
Total packets dropped:               0
Total TX rate:                       0
Total RX rate:                17309550
Total drop rate:                     0
====================================================
[2J[1;1H
Port statistics ====================================
Statistics for port 0 ------------------------------
Packets sent:                        0
Packets received:             85761375
Packets dropped:                     0
TX rate:                             0
RX rate:                       4247415
Drop rate:                           0
Statistics for port 1 ------------------------------
Packets sent:                        0
Packets received:             85746494
Packets dropped:                     0
TX rate:                             0
RX rate:                       4246863
Drop rate:                           0
Statistics for port 2 ------------------------------
Packets sent:                        0
Packets received:             85721774
Packets dropped:                     0
TX rate:                             0
RX rate:                       4246661
Drop rate:                           0
Statistics for port 3 ------------------------------
Packets sent:                        0
Packets received:             85742994
Packets dropped:                     0
TX rate:                             0
RX rate:                       4246216
Drop rate:                           0
Aggregate statistics ===============================
Total packets sent:                  0
Total packets received:      342972637
Total packets dropped:               0
Total TX rate:                       0
Total RX rate:                16987155
Total drop rate:                     0
====================================================
[2J[1;1H
Port statistics ====================================
Statistics for port 0 ------------------------------
Packets sent:                        0
Packets received:            128191595
Packets dropped:                     0
TX rate:                             0
RX rate:                       4243022
Drop rate:                           0
Statistics for port 1 ------------------------------
Packets sent:                        0
Packets received:            128199694
Packets dropped:                     0
TX rate:                             0
RX rate:                       4245320
Drop rate:                           0
Statistics for port 2 ------------------------------
Packets sent:                        0
Packets received:            128169513
Packets dropped:                     0
TX rate:                             0
RX rate:                       4244773
Drop rate:                           0
Statistics for port 3 ------------------------------
Packets sent:                        0
Packets received:            128198104
Packets dropped:                     0
TX rate:                             0
RX rate:                       4245511
Drop rate:                           0
Aggregate statistics ===============================
Total packets sent:                  0
Total packets received:      512758911
Total packets dropped:               0
Total TX rate:                       0
Total RX rate:                16978626
Total drop rate:                     0
====================================================


Signal 15 received, preparing to exit...
Closing port 0... Done
Closing port 1... Done
Closing port 2... Done
Closing port 3... Done
Bye...
