EAL: Detected 40 lcore(s)
EAL: Detected 2 NUMA nodes
EAL: Multi-process socket /var/run/dpdk/rte/mp_socket
EAL: No free hugepages reported in hugepages-1048576kB
EAL: Probing VFIO support...
EAL: PCI device 0000:05:08.0 on NUMA socket 0
EAL:   probe driver: 19ee:6003 net_nfp_vf
EAL: PCI device 0000:05:08.1 on NUMA socket 0
EAL:   probe driver: 19ee:6003 net_nfp_vf
EAL: PCI device 0000:05:08.2 on NUMA socket 0
EAL:   probe driver: 19ee:6003 net_nfp_vf
EAL: PCI device 0000:05:08.3 on NUMA socket 0
EAL:   probe driver: 19ee:6003 net_nfp_vf
MAC updating enabled
Lcore 0: RX port 0
Lcore 2: RX port 1
Lcore 4: RX port 2
Lcore 6: RX port 3
Initializing port 0... done: 
Port 0, MAC address: AA:4B:42:54:F6:29

Initializing port 1... done: 
Port 1, MAC address: BA:BF:00:2E:D2:A7

Initializing port 2... done: 
Port 2, MAC address: 5A:CA:47:14:D8:8D

Initializing port 3... done: 
Port 3, MAC address: 56:6E:B5:01:B1:C5


Checking link statusdone
Port0 Link Up. Speed 0 Mbps - full-duplex
Port1 Link Up. Speed 0 Mbps - full-duplex
Port2 Link Up. Speed 0 Mbps - full-duplex
Port3 Link Up. Speed 0 Mbps - full-duplex
L2FWD: entering main loop on lcore 2
L2FWD:  -- lcoreid=2 portid=1
L2FWD: entering main loop on lcore 6
L2FWD:  -- lcoreid=6 portid=3
L2FWD: lcore 10 has nothing to do
L2FWD: lcore 8 has nothing to do
L2FWD: lcore 12 has nothing to do
L2FWD: lcore 14 has nothing to do
L2FWD: entering main loop on lcore 0
L2FWD:  -- lcoreid=0 portid=0
[2J[1;1H
Port statistics ====================================
Statistics for port 0 ------------------------------
Packets sent:                        0
Packets received:                    0
Packets dropped:                     0
TX rate:                             0
RX rate:                             0
Drop rate:                           0
Statistics for port 1 ------------------------------
Packets sent:                        0
Packets received:                 2797
Packets dropped:                     0
TX rate:                             0
RX rate:                           280
Drop rate:                           0
Statistics for port 2 ------------------------------
Packets sent:                        0
Packets received:                    0
Packets dropped:                     0
TX rate:                             0
RX rate:                             0
Drop rate:                           0
Statistics for port 3 ------------------------------
Packets sent:                        0
Packets received:                 2340
Packets dropped:                     0
TX rate:                             0
RX rate:                           234
Drop rate:                           0
Aggregate statistics ===============================
Total packets sent:                  0
Total packets received:           5162
Total packets dropped:               0
Total TX rate:                       0
Total RX rate:                     514
Total drop rate:                     0
====================================================
L2FWD: entering main loop on lcore 4
L2FWD:  -- lcoreid=4 portid=2
[2J[1;1H
Port statistics ====================================
Statistics for port 0 ------------------------------
Packets sent:                        0
Packets received:             69246667
Packets dropped:                     0
TX rate:                             0
RX rate:                       6924666
Drop rate:                           0
Statistics for port 1 ------------------------------
Packets sent:                        0
Packets received:             69248725
Packets dropped:                     0
TX rate:                             0
RX rate:                       6924592
Drop rate:                           0
Statistics for port 2 ------------------------------
Packets sent:                        0
Packets received:             68543066
Packets dropped:                     0
TX rate:                             0
RX rate:                       6854306
Drop rate:                           0
Statistics for port 3 ------------------------------
Packets sent:                        0
Packets received:             68552411
Packets dropped:                     0
TX rate:                             0
RX rate:                       6855006
Drop rate:                           0
Aggregate statistics ===============================
Total packets sent:                  0
Total packets received:      275590930
Total packets dropped:               0
Total TX rate:                       0
Total RX rate:                27558570
Total drop rate:                     0
====================================================
[2J[1;1H
Port statistics ====================================
Statistics for port 0 ------------------------------
Packets sent:                        0
Packets received:            138491129
Packets dropped:                     0
TX rate:                             0
RX rate:                       6924446
Drop rate:                           0
Statistics for port 1 ------------------------------
Packets sent:                        0
Packets received:            138493162
Packets dropped:                     0
TX rate:                             0
RX rate:                       6924444
Drop rate:                           0
Statistics for port 2 ------------------------------
Packets sent:                        0
Packets received:            137091566
Packets dropped:                     0
TX rate:                             0
RX rate:                       6854850
Drop rate:                           0
Statistics for port 3 ------------------------------
Packets sent:                        0
Packets received:            137100901
Packets dropped:                     0
TX rate:                             0
RX rate:                       6854849
Drop rate:                           0
Aggregate statistics ===============================
Total packets sent:                  0
Total packets received:      551176768
Total packets dropped:               0
Total TX rate:                       0
Total RX rate:                27558589
Total drop rate:                     0
====================================================
[2J[1;1H
Port statistics ====================================
Statistics for port 0 ------------------------------
Packets sent:                        0
Packets received:            207738533
Packets dropped:                     0
TX rate:                             0
RX rate:                       6924740
Drop rate:                           0
Statistics for port 1 ------------------------------
Packets sent:                        0
Packets received:            207740563
Packets dropped:                     0
TX rate:                             0
RX rate:                       6924740
Drop rate:                           0
Statistics for port 2 ------------------------------
Packets sent:                        0
Packets received:            205643022
Packets dropped:                     0
TX rate:                             0
RX rate:                       6855146
Drop rate:                           0
Statistics for port 3 ------------------------------
Packets sent:                        0
Packets received:            205652330
Packets dropped:                     0
TX rate:                             0
RX rate:                       6855142
Drop rate:                           0
Aggregate statistics ===============================
Total packets sent:                  0
Total packets received:      826774471
Total packets dropped:               0
Total TX rate:                       0
Total RX rate:                27559768
Total drop rate:                     0
====================================================


Signal 15 received, preparing to exit...
Closing port 0... Done
Closing port 1... Done
Closing port 2... Done
Closing port 3... Done
Bye...
