EAL: Detected 40 lcore(s)
EAL: Detected 2 NUMA nodes
EAL: Multi-process socket /var/run/dpdk/rte/mp_socket
EAL: No free hugepages reported in hugepages-1048576kB
EAL: Probing VFIO support...
EAL: PCI device 0000:05:08.0 on NUMA socket 0
EAL:   probe driver: 19ee:6003 net_nfp_vf
EAL: PCI device 0000:05:08.1 on NUMA socket 0
EAL:   probe driver: 19ee:6003 net_nfp_vf
EAL: PCI device 0000:05:08.2 on NUMA socket 0
EAL:   probe driver: 19ee:6003 net_nfp_vf
EAL: PCI device 0000:05:08.3 on NUMA socket 0
EAL:   probe driver: 19ee:6003 net_nfp_vf
MAC updating enabled
Lcore 0: RX port 0
Lcore 2: RX port 1
Lcore 4: RX port 2
Lcore 6: RX port 3
Initializing port 0... done: 
Port 0, MAC address: B6:8D:8C:2D:7C:43

Initializing port 1... done: 
Port 1, MAC address: 76:63:4A:51:C8:5B

Initializing port 2... done: 
Port 2, MAC address: 4A:5F:21:6D:BE:F9

Initializing port 3... done: 
Port 3, MAC address: F6:CF:04:24:07:03


Checking link statusdone
Port0 Link Up. Speed 0 Mbps - full-duplex
Port1 Link Up. Speed 0 Mbps - full-duplex
Port2 Link Up. Speed 0 Mbps - full-duplex
Port3 Link Up. Speed 0 Mbps - full-duplex
L2FWD: entering main loop on lcore 2
L2FWD:  -- lcoreid=2 portid=1
L2FWD: entering main loop on lcore 6
L2FWD:  -- lcoreid=6 portid=3
L2FWD: lcore 10 has nothing to do
L2FWD: lcore 12 has nothing to do
L2FWD: lcore 8 has nothing to do
L2FWD: lcore 14 has nothing to do
L2FWD: entering main loop on lcore 0
L2FWD:  -- lcoreid=0 portid=0
[2J[1;1H
Port statistics ====================================
Statistics for port 0 ------------------------------
Packets sent:                        0
Packets received:                    0
Packets dropped:                     0
TX rate:                             0
RX rate:                             0
Drop rate:                           0
Statistics for port 1 ------------------------------
Packets sent:                        0
Packets received:                 2925
Packets dropped:                     0
TX rate:                             0
RX rate:                           293
Drop rate:                           0
Statistics for port 2 ------------------------------
Packets sent:                        0
Packets received:                    0
Packets dropped:                     0
TX rate:                             0
RX rate:                             0
Drop rate:                           0
Statistics for port 3 ------------------------------
Packets sent:                        0
Packets received:                 2535
Packets dropped:                     0
TX rate:                             0
RX rate:                           254
Drop rate:                           0
Aggregate statistics ===============================
Total packets sent:                  0
Total packets received:           5484
Total packets dropped:               0
Total TX rate:                       0
Total RX rate:                     547
Total drop rate:                     0
====================================================
L2FWD: entering main loop on lcore 4
L2FWD:  -- lcoreid=4 portid=2
[2J[1;1H
Port statistics ====================================
Statistics for port 0 ------------------------------
Packets sent:                        0
Packets received:             68216184
Packets dropped:                     0
TX rate:                             0
RX rate:                       6821618
Drop rate:                           0
Statistics for port 1 ------------------------------
Packets sent:                        0
Packets received:             68218368
Packets dropped:                     0
TX rate:                             0
RX rate:                       6821543
Drop rate:                           0
Statistics for port 2 ------------------------------
Packets sent:                        0
Packets received:             67522246
Packets dropped:                     0
TX rate:                             0
RX rate:                       6752224
Drop rate:                           0
Statistics for port 3 ------------------------------
Packets sent:                        0
Packets received:             67532379
Packets dropped:                     0
TX rate:                             0
RX rate:                       6752983
Drop rate:                           0
Aggregate statistics ===============================
Total packets sent:                  0
Total packets received:      271489225
Total packets dropped:               0
Total TX rate:                       0
Total RX rate:                27148368
Total drop rate:                     0
====================================================
[2J[1;1H
Port statistics ====================================
Statistics for port 0 ------------------------------
Packets sent:                        0
Packets received:            136431842
Packets dropped:                     0
TX rate:                             0
RX rate:                       6821565
Drop rate:                           0
Statistics for port 1 ------------------------------
Packets sent:                        0
Packets received:            136433915
Packets dropped:                     0
TX rate:                             0
RX rate:                       6821554
Drop rate:                           0
Statistics for port 2 ------------------------------
Packets sent:                        0
Packets received:            135052224
Packets dropped:                     0
TX rate:                             0
RX rate:                       6752999
Drop rate:                           0
Statistics for port 3 ------------------------------
Packets sent:                        0
Packets received:            135062341
Packets dropped:                     0
TX rate:                             0
RX rate:                       6752996
Drop rate:                           0
Aggregate statistics ===============================
Total packets sent:                  0
Total packets received:      542980340
Total packets dropped:               0
Total TX rate:                       0
Total RX rate:                27149114
Total drop rate:                     0
====================================================
[2J[1;1H
Port statistics ====================================
Statistics for port 0 ------------------------------
Packets sent:                        0
Packets received:            204647252
Packets dropped:                     0
TX rate:                             0
RX rate:                       6821541
Drop rate:                           0
Statistics for port 1 ------------------------------
Packets sent:                        0
Packets received:            204649326
Packets dropped:                     0
TX rate:                             0
RX rate:                       6821540
Drop rate:                           0
Statistics for port 2 ------------------------------
Packets sent:                        0
Packets received:            202582096
Packets dropped:                     0
TX rate:                             0
RX rate:                       6752985
Drop rate:                           0
Statistics for port 3 ------------------------------
Packets sent:                        0
Packets received:            202592177
Packets dropped:                     0
TX rate:                             0
RX rate:                       6752984
Drop rate:                           0
Aggregate statistics ===============================
Total packets sent:                  0
Total packets received:      814470874
Total packets dropped:               0
Total TX rate:                       0
Total RX rate:                27149050
Total drop rate:                     0
====================================================


Signal 15 received, preparing to exit...
Closing port 0... Done
Closing port 1... Done
Closing port 2... Done
Closing port 3... Done
Bye...
