EAL: Detected 40 lcore(s)
EAL: Detected 2 NUMA nodes
EAL: Multi-process socket /var/run/dpdk/rte/mp_socket
EAL: No free hugepages reported in hugepages-1048576kB
EAL: Probing VFIO support...
EAL: PCI device 0000:05:08.0 on NUMA socket 0
EAL:   probe driver: 19ee:6003 net_nfp_vf
EAL: PCI device 0000:05:08.1 on NUMA socket 0
EAL:   probe driver: 19ee:6003 net_nfp_vf
EAL: PCI device 0000:05:08.2 on NUMA socket 0
EAL:   probe driver: 19ee:6003 net_nfp_vf
EAL: PCI device 0000:05:08.3 on NUMA socket 0
EAL:   probe driver: 19ee:6003 net_nfp_vf
MAC updating enabled
Lcore 0: RX port 0
Lcore 2: RX port 1
Lcore 4: RX port 2
Lcore 6: RX port 3
Initializing port 0... done: 
Port 0, MAC address: 00:15:4D:00:00:00

Initializing port 1... done: 
Port 1, MAC address: 00:15:4D:00:00:01

Initializing port 2... done: 
Port 2, MAC address: 00:15:4D:00:00:02

Initializing port 3... done: 
Port 3, MAC address: 00:15:4D:00:00:03


Checking link statusdone
Port0 Link Up. Speed 0 Mbps - full-duplex
Port1 Link Up. Speed 0 Mbps - full-duplex
Port2 Link Up. Speed 0 Mbps - full-duplex
Port3 Link Up. Speed 0 Mbps - full-duplex
L2FWD: entering main loop on lcore 2
L2FWD:  -- lcoreid=2 portid=1
L2FWD: entering main loop on lcore 6
L2FWD:  -- lcoreid=6 portid=3
L2FWD: lcore 10 has nothing to do
L2FWD: lcore 12 has nothing to do
L2FWD: lcore 14 has nothing to do
L2FWD: entering main loop on lcore 0
L2FWD:  -- lcoreid=0 portid=0
[2J[1;1H
Port statistics ====================================
Statistics for port 0 ------------------------------
Packets sent:                        0
Packets received:                    0
Packets dropped:                     0
TX rate:                             0
RX rate:                             0
Drop rate:                           0
Statistics for port 1 ------------------------------
Packets sent:                        0
Packets received:                 1718
Packets dropped:                     0
TX rate:                             0
RX rate:                           172
Drop rate:                           0
Statistics for port 2 ------------------------------
Packets sent:                        0
Packets received:                    0
Packets dropped:                     0
TX rate:                             0
RX rate:                             0
Drop rate:                           0
Statistics for port 3 ------------------------------
Packets sent:                        0
Packets received:                 1486
Packets dropped:                     0
TX rate:                             0
RX rate:                           148
Drop rate:                           0
Aggregate statistics ===============================
Total packets sent:                  0
Total packets received:           3209
Total packets dropped:               0
Total TX rate:                       0
Total RX rate:                     320
Total drop rate:                     0
====================================================
L2FWD: entering main loop on lcore 4
L2FWD:  -- lcoreid=4 portid=2
L2FWD: lcore 8 has nothing to do
[2J[1;1H
Port statistics ====================================
Statistics for port 0 ------------------------------
Packets sent:                        0
Packets received:             31865965
Packets dropped:                     0
TX rate:                             0
RX rate:                       3186596
Drop rate:                           0
Statistics for port 1 ------------------------------
Packets sent:                        0
Packets received:             31876660
Packets dropped:                     0
TX rate:                             0
RX rate:                       3187493
Drop rate:                           0
Statistics for port 2 ------------------------------
Packets sent:                        0
Packets received:             31871671
Packets dropped:                     0
TX rate:                             0
RX rate:                       3187167
Drop rate:                           0
Statistics for port 3 ------------------------------
Packets sent:                        0
Packets received:             31869904
Packets dropped:                     0
TX rate:                             0
RX rate:                       3186841
Drop rate:                           0
Aggregate statistics ===============================
Total packets sent:                  0
Total packets received:      127484224
Total packets dropped:               0
Total TX rate:                       0
Total RX rate:                12748097
Total drop rate:                     0
====================================================
[2J[1;1H
Port statistics ====================================
Statistics for port 0 ------------------------------
Packets sent:                        0
Packets received:             63228456
Packets dropped:                     0
TX rate:                             0
RX rate:                       3136249
Drop rate:                           0
Statistics for port 1 ------------------------------
Packets sent:                        0
Packets received:             63239288
Packets dropped:                     0
TX rate:                             0
RX rate:                       3136262
Drop rate:                           0
Statistics for port 2 ------------------------------
Packets sent:                        0
Packets received:             63232623
Packets dropped:                     0
TX rate:                             0
RX rate:                       3136095
Drop rate:                           0
Statistics for port 3 ------------------------------
Packets sent:                        0
Packets received:             63218767
Packets dropped:                     0
TX rate:                             0
RX rate:                       3134886
Drop rate:                           0
Aggregate statistics ===============================
Total packets sent:                  0
Total packets received:      252919150
Total packets dropped:               0
Total TX rate:                       0
Total RX rate:                12543492
Total drop rate:                     0
====================================================
[2J[1;1H
Port statistics ====================================
Statistics for port 0 ------------------------------
Packets sent:                        0
Packets received:             94556529
Packets dropped:                     0
TX rate:                             0
RX rate:                       3132807
Drop rate:                           0
Statistics for port 1 ------------------------------
Packets sent:                        0
Packets received:             94575322
Packets dropped:                     0
TX rate:                             0
RX rate:                       3133604
Drop rate:                           0
Statistics for port 2 ------------------------------
Packets sent:                        0
Packets received:             94568884
Packets dropped:                     0
TX rate:                             0
RX rate:                       3133626
Drop rate:                           0
Statistics for port 3 ------------------------------
Packets sent:                        0
Packets received:             94544467
Packets dropped:                     0
TX rate:                             0
RX rate:                       3132570
Drop rate:                           0
Aggregate statistics ===============================
Total packets sent:                  0
Total packets received:      378245211
Total packets dropped:               0
Total TX rate:                       0
Total RX rate:                12532607
Total drop rate:                     0
====================================================


Signal 15 received, preparing to exit...
Closing port 0... Done
Closing port 1... Done
Closing port 2... Done
Closing port 3... Done
Bye...
