EAL: Detected 40 lcore(s)
EAL: Detected 2 NUMA nodes
EAL: Multi-process socket /var/run/dpdk/rte/mp_socket
EAL: No free hugepages reported in hugepages-1048576kB
EAL: Probing VFIO support...
EAL: PCI device 0000:05:08.0 on NUMA socket 0
EAL:   probe driver: 19ee:6003 net_nfp_vf
EAL: PCI device 0000:05:08.1 on NUMA socket 0
EAL:   probe driver: 19ee:6003 net_nfp_vf
EAL: PCI device 0000:05:08.2 on NUMA socket 0
EAL:   probe driver: 19ee:6003 net_nfp_vf
EAL: PCI device 0000:05:08.3 on NUMA socket 0
EAL:   probe driver: 19ee:6003 net_nfp_vf
MAC updating enabled
Lcore 0: RX port 0
Lcore 2: RX port 1
Lcore 4: RX port 2
Lcore 6: RX port 3
Initializing port 0... done: 
Port 0, MAC address: 00:15:4D:00:00:00

Initializing port 1... done: 
Port 1, MAC address: 00:15:4D:00:00:01

Initializing port 2... done: 
Port 2, MAC address: 00:15:4D:00:00:02

Initializing port 3... done: 
Port 3, MAC address: 00:15:4D:00:00:03


Checking link statusdone
Port0 Link Up. Speed 0 Mbps - full-duplex
Port1 Link Up. Speed 0 Mbps - full-duplex
Port2 Link Up. Speed 0 Mbps - full-duplex
Port3 Link Up. Speed 0 Mbps - full-duplex
L2FWD: entering main loop on lcore 2
L2FWD:  -- lcoreid=2 portid=1
L2FWD: entering main loop on lcore 6
L2FWD:  -- lcoreid=6 portid=3
L2FWD: lcore 8 has nothing to do
L2FWD: lcore 10 has nothing to do
L2FWD: lcore 12 has nothing to do
L2FWD: lcore 14 has nothing to do
L2FWD: entering main loop on lcore 0
L2FWD:  -- lcoreid=0 portid=0
[2J[1;1H
Port statistics ====================================
Statistics for port 0 ------------------------------
Packets sent:                        0
Packets received:                    0
Packets dropped:                     0
TX rate:                             0
RX rate:                             0
Drop rate:                           0
Statistics for port 1 ------------------------------
Packets sent:                        0
Packets received:                 1171
Packets dropped:                     0
TX rate:                             0
RX rate:                           118
Drop rate:                           0L2FWD: entering main loop on lcore 4

Statistics for port 2 ------------------------------
Packets sent:                        0
Packets received:                    0
Packets dropped:                     0
TX rate:                             0
RX rate:                             0
Drop rate:                           0
Statistics for port 3 ------------------------------
Packets sent:                        0
Packets received:                  459
Packets dropped:                     0
TX rate:                             0
RX rate:                            45
Drop rate:                           0
Aggregate statistics ===============================
Total packets sent:                  0
Total packets received:           1654
Total packets dropped:               0
Total TX rate:                       0
Total RX rate:                     163
Total drop rate:                     0
====================================================
L2FWD:  -- lcoreid=4 portid=2
[2J[1;1H
Port statistics ====================================
Statistics for port 0 ------------------------------
Packets sent:                        0
Packets received:             16933582
Packets dropped:                     0
TX rate:                             0
RX rate:                       1693358
Drop rate:                           0
Statistics for port 1 ------------------------------
Packets sent:                        0
Packets received:             16934963
Packets dropped:                     0
TX rate:                             0
RX rate:                       1693377
Drop rate:                           0
Statistics for port 2 ------------------------------
Packets sent:                        0
Packets received:             16936269
Packets dropped:                     0
TX rate:                             0
RX rate:                       1693626
Drop rate:                           0
Statistics for port 3 ------------------------------
Packets sent:                        0
Packets received:             16935677
Packets dropped:                     0
TX rate:                             0
RX rate:                       1693521
Drop rate:                           0
Aggregate statistics ===============================
Total packets sent:                  0
Total packets received:       67740511
Total packets dropped:               0
Total TX rate:                       0
Total RX rate:                 6773882
Total drop rate:                     0
====================================================
[2J[1;1H
Port statistics ====================================
Statistics for port 0 ------------------------------
Packets sent:                        0
Packets received:             33611269
Packets dropped:                     0
TX rate:                             0
RX rate:                       1667768
Drop rate:                           0
Statistics for port 1 ------------------------------
Packets sent:                        0
Packets received:             33621014
Packets dropped:                     0
TX rate:                             0
RX rate:                       1668605
Drop rate:                           0
Statistics for port 2 ------------------------------
Packets sent:                        0
Packets received:             33623933
Packets dropped:                     0
TX rate:                             0
RX rate:                       1668766
Drop rate:                           0
Statistics for port 3 ------------------------------
Packets sent:                        0
Packets received:             33619072
Packets dropped:                     0
TX rate:                             0
RX rate:                       1668339
Drop rate:                           0
Aggregate statistics ===============================
Total packets sent:                  0
Total packets received:      134475288
Total packets dropped:               0
Total TX rate:                       0
Total RX rate:                 6673478
Total drop rate:                     0
====================================================
[2J[1;1H
Port statistics ====================================
Statistics for port 0 ------------------------------
Packets sent:                        0
Packets received:             50274081
Packets dropped:                     0
TX rate:                             0
RX rate:                       1666281
Drop rate:                           0
Statistics for port 1 ------------------------------
Packets sent:                        0
Packets received:             50289600
Packets dropped:                     0
TX rate:                             0
RX rate:                       1666858
Drop rate:                           0
Statistics for port 2 ------------------------------
Packets sent:                        0
Packets received:             50295200
Packets dropped:                     0
TX rate:                             0
RX rate:                       1667126
Drop rate:                           0
Statistics for port 3 ------------------------------
Packets sent:                        0
Packets received:             50292730
Packets dropped:                     0
TX rate:                             0
RX rate:                       1667365
Drop rate:                           0
Aggregate statistics ===============================
Total packets sent:                  0
Total packets received:      201151612
Total packets dropped:               0
Total TX rate:                       0
Total RX rate:                 6667630
Total drop rate:                     0
====================================================


Signal 15 received, preparing to exit...
Closing port 0... Done
Closing port 1... Done
Closing port 2... Done
Closing port 3... Done
Bye...
