EAL: Detected 40 lcore(s)
EAL: Detected 2 NUMA nodes
EAL: Multi-process socket /var/run/dpdk/rte/mp_socket
EAL: No free hugepages reported in hugepages-1048576kB
EAL: Probing VFIO support...
EAL: PCI device 0000:05:08.0 on NUMA socket 0
EAL:   probe driver: 19ee:6003 net_nfp_vf
EAL: PCI device 0000:05:08.1 on NUMA socket 0
EAL:   probe driver: 19ee:6003 net_nfp_vf
EAL: PCI device 0000:05:08.2 on NUMA socket 0
EAL:   probe driver: 19ee:6003 net_nfp_vf
EAL: PCI device 0000:05:08.3 on NUMA socket 0
EAL:   probe driver: 19ee:6003 net_nfp_vf
MAC updating enabled
Lcore 0: RX port 0
Lcore 2: RX port 1
Lcore 4: RX port 2
Lcore 6: RX port 3
Initializing port 0... done: 
Port 0, MAC address: 00:15:4D:00:00:00

Initializing port 1... done: 
Port 1, MAC address: 00:15:4D:00:00:01

Initializing port 2... done: 
Port 2, MAC address: 00:15:4D:00:00:02

Initializing port 3... done: 
Port 3, MAC address: 00:15:4D:00:00:03


Checking link statusdone
Port0 Link Up. Speed 0 Mbps - full-duplex
Port1 Link Up. Speed 0 Mbps - full-duplex
Port2 Link Up. Speed 0 Mbps - full-duplex
Port3 Link Up. Speed 0 Mbps - full-duplex
L2FWD: entering main loop on lcore 2
L2FWD: entering main loop on lcore 6
L2FWD:  -- lcoreid=6 portid=3
L2FWD: lcore 8 has nothing to do
L2FWD:  -- lcoreid=2 portid=1
L2FWD: lcore 10 has nothing to do
L2FWD: lcore 12 has nothing to do
L2FWD: entering main loop on lcore 4
L2FWD:  -- lcoreid=4 portid=2
L2FWD: lcore 14 has nothing to do
L2FWD: entering main loop on lcore 0
L2FWD:  -- lcoreid=0 portid=0
[2J[1;1H
Port statistics ====================================
Statistics for port 0 ------------------------------
Packets sent:                        0
Packets received:                    0
Packets dropped:                     0
TX rate:                             0
RX rate:                             0
Drop rate:                           0
Statistics for port 1 ------------------------------
Packets sent:                        0
Packets received:                 1220
Packets dropped:                     0
TX rate:                             0
RX rate:                           122
Drop rate:                           0
Statistics for port 2 ------------------------------
Packets sent:                        0
Packets received:                  992
Packets dropped:                     0
TX rate:                             0
RX rate:                            99
Drop rate:                           0
Statistics for port 3 ------------------------------
Packets sent:                        0
Packets received:                  718
Packets dropped:                     0
TX rate:                             0
RX rate:                            72
Drop rate:                           0
Aggregate statistics ===============================
Total packets sent:                  0
Total packets received:           2932
Total packets dropped:               0
Total TX rate:                       0
Total RX rate:                     293
Total drop rate:                     0
====================================================
[2J[1;1H
Port statistics ====================================
Statistics for port 0 ------------------------------
Packets sent:                        0
Packets received:             17568624
Packets dropped:                     0
TX rate:                             0
RX rate:                       1756862
Drop rate:                           0
Statistics for port 1 ------------------------------
Packets sent:                        0
Packets received:             17588399
Packets dropped:                     0
TX rate:                             0
RX rate:                       1758717
Drop rate:                           0
Statistics for port 2 ------------------------------
Packets sent:                        0
Packets received:             17573405
Packets dropped:                     0
TX rate:                             0
RX rate:                       1757241
Drop rate:                           0
Statistics for port 3 ------------------------------
Packets sent:                        0
Packets received:             17576975
Packets dropped:                     0
TX rate:                             0
RX rate:                       1757625
Drop rate:                           0
Aggregate statistics ===============================
Total packets sent:                  0
Total packets received:       70307403
Total packets dropped:               0
Total TX rate:                       0
Total RX rate:                 7030445
Total drop rate:                     0
====================================================
[2J[1;1H
Port statistics ====================================
Statistics for port 0 ------------------------------
Packets sent:                        0
Packets received:             34903317
Packets dropped:                     0
TX rate:                             0
RX rate:                       1733469
Drop rate:                           0
Statistics for port 1 ------------------------------
Packets sent:                        0
Packets received:             34922046
Packets dropped:                     0
TX rate:                             0
RX rate:                       1733364
Drop rate:                           0
Statistics for port 2 ------------------------------
Packets sent:                        0
Packets received:             34909171
Packets dropped:                     0
TX rate:                             0
RX rate:                       1733576
Drop rate:                           0
Statistics for port 3 ------------------------------
Packets sent:                        0
Packets received:             34918246
Packets dropped:                     0
TX rate:                             0
RX rate:                       1734127
Drop rate:                           0
Aggregate statistics ===============================
Total packets sent:                  0
Total packets received:      139652787
Total packets dropped:               0
Total TX rate:                       0
Total RX rate:                 6934536
Total drop rate:                     0
====================================================
[2J[1;1H
Port statistics ====================================
Statistics for port 0 ------------------------------
Packets sent:                        0
Packets received:             52223481
Packets dropped:                     0
TX rate:                             0
RX rate:                       1732016
Drop rate:                           0
Statistics for port 1 ------------------------------
Packets sent:                        0
Packets received:             52253836
Packets dropped:                     0
TX rate:                             0
RX rate:                       1733179
Drop rate:                           0
Statistics for port 2 ------------------------------
Packets sent:                        0
Packets received:             52241998
Packets dropped:                     0
TX rate:                             0
RX rate:                       1733282
Drop rate:                           0
Statistics for port 3 ------------------------------
Packets sent:                        0
Packets received:             52250336
Packets dropped:                     0
TX rate:                             0
RX rate:                       1733209
Drop rate:                           0
Aggregate statistics ===============================
Total packets sent:                  0
Total packets received:      208969651
Total packets dropped:               0
Total TX rate:                       0
Total RX rate:                 6931686
Total drop rate:                     0
====================================================


Signal 15 received, preparing to exit...
Closing port 0... Done
Closing port 1... Done
Closing port 2... Done
Closing port 3... Done
Bye...
