EAL: Detected 40 lcore(s)
EAL: Detected 2 NUMA nodes
EAL: Multi-process socket /var/run/dpdk/rte/mp_socket
EAL: No free hugepages reported in hugepages-1048576kB
EAL: Probing VFIO support...
EAL: PCI device 0000:05:08.0 on NUMA socket 0
EAL:   probe driver: 19ee:6003 net_nfp_vf
EAL: PCI device 0000:05:08.1 on NUMA socket 0
EAL:   probe driver: 19ee:6003 net_nfp_vf
EAL: PCI device 0000:05:08.2 on NUMA socket 0
EAL:   probe driver: 19ee:6003 net_nfp_vf
EAL: PCI device 0000:05:08.3 on NUMA socket 0
EAL:   probe driver: 19ee:6003 net_nfp_vf
MAC updating enabled
Lcore 0: RX port 0
Lcore 2: RX port 1
Lcore 4: RX port 2
Lcore 6: RX port 3
Initializing port 0... done: 
Port 0, MAC address: 00:15:4D:00:00:00

Initializing port 1... done: 
Port 1, MAC address: 00:15:4D:00:00:01

Initializing port 2... done: 
Port 2, MAC address: 00:15:4D:00:00:02

Initializing port 3... done: 
Port 3, MAC address: 00:15:4D:00:00:03


Checking link statusdone
Port0 Link Up. Speed 0 Mbps - full-duplex
Port1 Link Up. Speed 0 Mbps - full-duplex
Port2 Link Up. Speed 0 Mbps - full-duplex
Port3 Link Up. Speed 0 Mbps - full-duplex
L2FWD: entering main loop on lcore 2
L2FWD:  -- lcoreid=2 portid=1
L2FWD: entering main loop on lcore 6
L2FWD:  -- lcoreid=6 portid=3
L2FWD: lcore 8 has nothing to do
L2FWD: lcore 10 has nothing to do
L2FWD: lcore 12 has nothing to do
L2FWD: lcore 14 has nothing to do
L2FWD: entering main loop on lcore 0
L2FWD:  -- lcoreid=0 portid=0
[2J[1;1H
Port statistics ====================================
Statistics for port 0 ------------------------------
Packets sent:                        0
Packets received:                    0
Packets dropped:                     0
TX rate:                             0
RX rate:                             0
Drop rate:                           0
Statistics for port 1 ------------------------------
Packets sent:                        0
Packets received:                 2278
Packets dropped:                     0
TX rate:                             0
RX rate:                           227
Drop rate:                           0
Statistics for port 2 ------------------------------
Packets sent:                        0
Packets received:                    0
Packets dropped:                     0
TX rate:                             0
RX rate:                             0
Drop rate:                           0
Statistics for port 3 ------------------------------
Packets sent:                        0
Packets received:                 1958
Packets dropped:                     0
TX rate:                             0
RX rate:                           196
Drop rate:                           0
Aggregate statistics ===============================
Total packets sent:                  0
Total packets received:           4241
Total packets dropped:               0
Total TX rate:                       0
Total RX rate:                     423
Total drop rate:                     0
====================================================
L2FWD: entering main loop on lcore 4
L2FWD:  -- lcoreid=4 portid=2
[2J[1;1H
Port statistics ====================================
Statistics for port 0 ------------------------------
Packets sent:                        0
Packets received:             41996266
Packets dropped:                     0
TX rate:                             0
RX rate:                       4199626
Drop rate:                           0
Statistics for port 1 ------------------------------
Packets sent:                        0
Packets received:             42003968
Packets dropped:                     0
TX rate:                             0
RX rate:                       4200168
Drop rate:                           0
Statistics for port 2 ------------------------------
Packets sent:                        0
Packets received:             41990844
Packets dropped:                     0
TX rate:                             0
RX rate:                       4199084
Drop rate:                           0
Statistics for port 3 ------------------------------
Packets sent:                        0
Packets received:             42019721
Packets dropped:                     0
TX rate:                             0
RX rate:                       4201776
Drop rate:                           0
Aggregate statistics ===============================
Total packets sent:                  0
Total packets received:      168010845
Total packets dropped:               0
Total TX rate:                       0
Total RX rate:                16800654
Total drop rate:                     0
====================================================
[2J[1;1H
Port statistics ====================================
Statistics for port 0 ------------------------------
Packets sent:                        0
Packets received:             82985824
Packets dropped:                     0
TX rate:                             0
RX rate:                       4098955
Drop rate:                           0
Statistics for port 1 ------------------------------
Packets sent:                        0
Packets received:             82984751
Packets dropped:                     0
TX rate:                             0
RX rate:                       4098079
Drop rate:                           0
Statistics for port 2 ------------------------------
Packets sent:                        0
Packets received:             82959768
Packets dropped:                     0
TX rate:                             0
RX rate:                       4096892
Drop rate:                           0
Statistics for port 3 ------------------------------
Packets sent:                        0
Packets received:             82986548
Packets dropped:                     0
TX rate:                             0
RX rate:                       4096682
Drop rate:                           0
Aggregate statistics ===============================
Total packets sent:                  0
Total packets received:      331916900
Total packets dropped:               0
Total TX rate:                       0
Total RX rate:                16390608
Total drop rate:                     0
====================================================
[2J[1;1H
Port statistics ====================================
Statistics for port 0 ------------------------------
Packets sent:                        0
Packets received:            123959009
Packets dropped:                     0
TX rate:                             0
RX rate:                       4097318
Drop rate:                           0
Statistics for port 1 ------------------------------
Packets sent:                        0
Packets received:            123955532
Packets dropped:                     0
TX rate:                             0
RX rate:                       4097077
Drop rate:                           0
Statistics for port 2 ------------------------------
Packets sent:                        0
Packets received:            123926808
Packets dropped:                     0
TX rate:                             0
RX rate:                       4096704
Drop rate:                           0
Statistics for port 3 ------------------------------
Packets sent:                        0
Packets received:            123952689
Packets dropped:                     0
TX rate:                             0
RX rate:                       4096614
Drop rate:                           0
Aggregate statistics ===============================
Total packets sent:                  0
Total packets received:      495794038
Total packets dropped:               0
Total TX rate:                       0
Total RX rate:                16387713
Total drop rate:                     0
====================================================


Signal 15 received, preparing to exit...
Closing port 0... Done
Closing port 1... Done
Closing port 2... Done
Closing port 3... Done
Bye...
