EAL: Detected 40 lcore(s)
EAL: Detected 2 NUMA nodes
EAL: Multi-process socket /var/run/dpdk/rte/mp_socket
EAL: No free hugepages reported in hugepages-1048576kB
EAL: Probing VFIO support...
EAL: PCI device 0000:05:08.0 on NUMA socket 0
EAL:   probe driver: 19ee:6003 net_nfp_vf
EAL: PCI device 0000:05:08.1 on NUMA socket 0
EAL:   probe driver: 19ee:6003 net_nfp_vf
EAL: PCI device 0000:05:08.2 on NUMA socket 0
EAL:   probe driver: 19ee:6003 net_nfp_vf
EAL: PCI device 0000:05:08.3 on NUMA socket 0
EAL:   probe driver: 19ee:6003 net_nfp_vf
MAC updating enabled
Lcore 0: RX port 0
Lcore 2: RX port 1
Lcore 4: RX port 2
Lcore 6: RX port 3
Initializing port 0... done: 
Port 0, MAC address: 00:15:4D:00:00:00

Initializing port 1... done: 
Port 1, MAC address: 00:15:4D:00:00:01

Initializing port 2... done: 
Port 2, MAC address: 00:15:4D:00:00:02

Initializing port 3... done: 
Port 3, MAC address: 00:15:4D:00:00:03


Checking link statusdone
Port0 Link Up. Speed 0 Mbps - full-duplex
Port1 Link Up. Speed 0 Mbps - full-duplex
Port2 Link Up. Speed 0 Mbps - full-duplex
Port3 Link Up. Speed 0 Mbps - full-duplex
L2FWD: entering main loop on lcore 2
L2FWD:  -- lcoreid=2 portid=1
L2FWD: lcore 8 has nothing to do
L2FWD: lcore 12 has nothing to do
L2FWD: entering main loop on lcore 6
L2FWD:  -- lcoreid=6 portid=3
L2FWD: entering main loop on lcore 4
L2FWD: lcore 10 has nothing to do
L2FWD: entering main loop on lcore 0
L2FWD:  -- lcoreid=0 portid=0
[2J[1;1H
Port statistics ====================================
Statistics for port 0 ------------------------------
Packets sent:                        0
Packets received:                    0
Packets dropped:                     0
TX rate:                             0
RX rate:                             0
Drop rate:                           0
Statistics for port 1 ------------------------------
Packets sent:                        0
Packets received:                 1274
Packets dropped:                     0
TX rate:                             0
RX rate:                           127
Drop rate:                           0
Statistics for port 2 ------------------------------
Packets sent:                        0
Packets received:                    0
Packets dropped:                     0
TX rate:                             0
RX rate:                             0
Drop rate:                           0
Statistics for port 3 ------------------------------
Packets sent:                        0
Packets received:                 1117
Packets dropped:                     0
TX rate:                             0
RX rate:                           111
Drop rate:                           0
Aggregate statistics ===============================
Total packets sent:                  0
Total packets received:           2394
Total packets dropped:               0
Total TX rate:                       0
Total RX rate:                     238
Total drop rate:                     0
====================================================
L2FWD: lcore 14 has nothing to do
L2FWD:  -- lcoreid=4 portid=2
[2J[1;1H
Port statistics ====================================
Statistics for port 0 ------------------------------
Packets sent:                        0
Packets received:              8224082
Packets dropped:                     0
TX rate:                             0
RX rate:                        822408
Drop rate:                           0
Statistics for port 1 ------------------------------
Packets sent:                        0
Packets received:              8227676
Packets dropped:                     0
TX rate:                             0
RX rate:                        822640
Drop rate:                           0
Statistics for port 2 ------------------------------
Packets sent:                        0
Packets received:              8222744
Packets dropped:                     0
TX rate:                             0
RX rate:                        822274
Drop rate:                           0
Statistics for port 3 ------------------------------
Packets sent:                        0
Packets received:              8219034
Packets dropped:                     0
TX rate:                             0
RX rate:                        821791
Drop rate:                           0
Aggregate statistics ===============================
Total packets sent:                  0
Total packets received:       32893536
Total packets dropped:               0
Total TX rate:                       0
Total RX rate:                 3289113
Total drop rate:                     0
====================================================
[2J[1;1H
Port statistics ====================================
Statistics for port 0 ------------------------------
Packets sent:                        0
Packets received:             16448741
Packets dropped:                     0
TX rate:                             0
RX rate:                        822465
Drop rate:                           0
Statistics for port 1 ------------------------------
Packets sent:                        0
Packets received:             16448262
Packets dropped:                     0
TX rate:                             0
RX rate:                        822058
Drop rate:                           0
Statistics for port 2 ------------------------------
Packets sent:                        0
Packets received:             16445644
Packets dropped:                     0
TX rate:                             0
RX rate:                        822290
Drop rate:                           0
Statistics for port 3 ------------------------------
Packets sent:                        0
Packets received:             16440075
Packets dropped:                     0
TX rate:                             0
RX rate:                        822104
Drop rate:                           0
Aggregate statistics ===============================
Total packets sent:                  0
Total packets received:       65782727
Total packets dropped:               0
Total TX rate:                       0
Total RX rate:                 3288917
Total drop rate:                     0
====================================================
[2J[1;1H
Port statistics ====================================
Statistics for port 0 ------------------------------
Packets sent:                        0
Packets received:             24669734
Packets dropped:                     0
TX rate:                             0
RX rate:                        822099
Drop rate:                           0
Statistics for port 1 ------------------------------
Packets sent:                        0
Packets received:             24666785
Packets dropped:                     0
TX rate:                             0
RX rate:                        821852
Drop rate:                           0
Statistics for port 2 ------------------------------
Packets sent:                        0
Packets received:             24672275
Packets dropped:                     0
TX rate:                             0
RX rate:                        822662
Drop rate:                           0
Statistics for port 3 ------------------------------
Packets sent:                        0
Packets received:             24662977
Packets dropped:                     0
TX rate:                             0
RX rate:                        822290
Drop rate:                           0
Aggregate statistics ===============================
Total packets sent:                  0
Total packets received:       98671772
Total packets dropped:               0
Total TX rate:                       0
Total RX rate:                 3288903
Total drop rate:                     0
====================================================


Signal 15 received, preparing to exit...
Closing port 0... Done
Closing port 1... Done
Closing port 2... Done
Closing port 3... Done
Bye...
