EAL: Detected 40 lcore(s)
EAL: Detected 2 NUMA nodes
EAL: Multi-process socket /var/run/dpdk/rte/mp_socket
EAL: No free hugepages reported in hugepages-1048576kB
EAL: Probing VFIO support...
EAL: PCI device 0000:05:08.0 on NUMA socket 0
EAL:   probe driver: 19ee:6003 net_nfp_vf
EAL: PCI device 0000:05:08.1 on NUMA socket 0
EAL:   probe driver: 19ee:6003 net_nfp_vf
EAL: PCI device 0000:05:08.2 on NUMA socket 0
EAL:   probe driver: 19ee:6003 net_nfp_vf
EAL: PCI device 0000:05:08.3 on NUMA socket 0
EAL:   probe driver: 19ee:6003 net_nfp_vf
MAC updating enabled
Lcore 0: RX port 0
Lcore 2: RX port 1
Lcore 4: RX port 2
Lcore 6: RX port 3
Initializing port 0... done: 
Port 0, MAC address: 00:15:4D:00:00:00

Initializing port 1... done: 
Port 1, MAC address: 00:15:4D:00:00:01

Initializing port 2... done: 
Port 2, MAC address: 00:15:4D:00:00:02

Initializing port 3... done: 
Port 3, MAC address: 00:15:4D:00:00:03


Checking link statusdone
Port0 Link Up. Speed 0 Mbps - full-duplex
Port1 Link Up. Speed 0 Mbps - full-duplex
Port2 Link Up. Speed 0 Mbps - full-duplex
Port3 Link Up. Speed 0 Mbps - full-duplex
L2FWD: entering main loop on lcore 2
L2FWD:  -- lcoreid=2 portid=1
L2FWD: lcore 8 has nothing to do
L2FWD: lcore 10 has nothing to do
L2FWD: lcore 12 has nothing to do
L2FWD: entering main loop on lcore 0
L2FWD:  -- lcoreid=0 portid=0
[2J[1;1H
Port statistics ====================================
Statistics for port 0 ------------------------------
Packets sent:                        0
Packets received:                    0
Packets dropped:                     0
TX rate:                             0
RX rate:                             0
Drop rate:                           0
Statistics for port 1 ------------------------------
Packets sent:                        0
Packets received:                 1423
Packets dropped:                     0
TX rate:                             0
RX rate:                           142
Drop rate:                           0
Statistics for port 2 ------------------------------
Packets sent:                        0
Packets received:                    0
Packets dropped:                     0
TX rate:                             0
RX rate:                             0
Drop rate:                           0
Statistics for port 3 ------------------------------
Packets sent:                        0
Packets received:                    0
Packets dropped:                     0L2FWD: entering main loop on lcore 6

TX rate:                             0
RX rate:                             0
Drop rate:                           0
Aggregate statistics ===============================
Total packets sent:                  0
Total packets received:           1425
Total packets dropped:               0
Total TX rate:                       0
Total RX rate:                     142
Total drop rate:                     0
====================================================
L2FWD:  -- lcoreid=6 portid=3
L2FWD: entering main loop on lcore 4
L2FWD:  -- lcoreid=4 portid=2
L2FWD: lcore 14 has nothing to do
[2J[1;1H
Port statistics ====================================
Statistics for port 0 ------------------------------
Packets sent:                        0
Packets received:             19959238
Packets dropped:                     0
TX rate:                             0
RX rate:                       1995923
Drop rate:                           0
Statistics for port 1 ------------------------------
Packets sent:                        0
Packets received:             19957447
Packets dropped:                     0
TX rate:                             0
RX rate:                       1995602
Drop rate:                           0
Statistics for port 2 ------------------------------
Packets sent:                        0
Packets received:             19959696
Packets dropped:                     0
TX rate:                             0
RX rate:                       1995969
Drop rate:                           0
Statistics for port 3 ------------------------------
Packets sent:                        0
Packets received:             19951031
Packets dropped:                     0
TX rate:                             0
RX rate:                       1995103
Drop rate:                           0
Aggregate statistics ===============================
Total packets sent:                  0
Total packets received:       79827427
Total packets dropped:               0
Total TX rate:                       0
Total RX rate:                 7982597
Total drop rate:                     0
====================================================
[2J[1;1H
Port statistics ====================================
Statistics for port 0 ------------------------------
Packets sent:                        0
Packets received:             39916374
Packets dropped:                     0
TX rate:                             0
RX rate:                       1995713
Drop rate:                           0
Statistics for port 1 ------------------------------
Packets sent:                        0
Packets received:             39914626
Packets dropped:                     0
TX rate:                             0
RX rate:                       1995717
Drop rate:                           0
Statistics for port 2 ------------------------------
Packets sent:                        0
Packets received:             39917415
Packets dropped:                     0
TX rate:                             0
RX rate:                       1995772
Drop rate:                           0
Statistics for port 3 ------------------------------
Packets sent:                        0
Packets received:             39902199
Packets dropped:                     0
TX rate:                             0
RX rate:                       1995116
Drop rate:                           0
Aggregate statistics ===============================
Total packets sent:                  0
Total packets received:      159650619
Total packets dropped:               0
Total TX rate:                       0
Total RX rate:                 7982318
Total drop rate:                     0
====================================================
[2J[1;1H
Port statistics ====================================
Statistics for port 0 ------------------------------
Packets sent:                        0
Packets received:             59864299
Packets dropped:                     0
TX rate:                             0
RX rate:                       1994792
Drop rate:                           0
Statistics for port 1 ------------------------------
Packets sent:                        0
Packets received:             59871896
Packets dropped:                     0
TX rate:                             0
RX rate:                       1995727
Drop rate:                           0
Statistics for port 2 ------------------------------
Packets sent:                        0
Packets received:             59876067
Packets dropped:                     0
TX rate:                             0
RX rate:                       1995865
Drop rate:                           0
Statistics for port 3 ------------------------------
Packets sent:                        0
Packets received:             59861574
Packets dropped:                     0
TX rate:                             0
RX rate:                       1995937
Drop rate:                           0
Aggregate statistics ===============================
Total packets sent:                  0
Total packets received:      239473836
Total packets dropped:               0
Total TX rate:                       0
Total RX rate:                 7982321
Total drop rate:                     0
====================================================


Signal 15 received, preparing to exit...
Closing port 0... Done
Closing port 1... Done
Closing port 2... Done
Closing port 3... Done
Bye...
