EAL: Detected 40 lcore(s)
EAL: Detected 2 NUMA nodes
EAL: Multi-process socket /var/run/dpdk/rte/mp_socket
EAL: No free hugepages reported in hugepages-1048576kB
EAL: Probing VFIO support...
EAL: PCI device 0000:05:08.0 on NUMA socket 0
EAL:   probe driver: 19ee:6003 net_nfp_vf
EAL: PCI device 0000:05:08.1 on NUMA socket 0
EAL:   probe driver: 19ee:6003 net_nfp_vf
EAL: PCI device 0000:05:08.2 on NUMA socket 0
EAL:   probe driver: 19ee:6003 net_nfp_vf
EAL: PCI device 0000:05:08.3 on NUMA socket 0
EAL:   probe driver: 19ee:6003 net_nfp_vf
MAC updating enabled
Lcore 0: RX port 0
Lcore 2: RX port 1
Lcore 4: RX port 2
Lcore 6: RX port 3
Initializing port 0... done: 
Port 0, MAC address: 00:15:4D:00:00:00

Initializing port 1... done: 
Port 1, MAC address: 00:15:4D:00:00:01

Initializing port 2... done: 
Port 2, MAC address: 00:15:4D:00:00:02

Initializing port 3... done: 
Port 3, MAC address: 00:15:4D:00:00:03


Checking link statusdone
Port0 Link Up. Speed 0 Mbps - full-duplex
Port1 Link Up. Speed 0 Mbps - full-duplex
Port2 Link Up. Speed 0 Mbps - full-duplex
Port3 Link Up. Speed 0 Mbps - full-duplex
L2FWD: entering main loop on lcore 2
L2FWD:  -- lcoreid=2 portid=1
L2FWD: entering main loop on lcore 6
L2FWD:  -- lcoreid=6 portid=3
L2FWD: lcore 8 has nothing to do
L2FWD: lcore 12 has nothing to do
L2FWD: lcore 14 has nothing to do
L2FWD: entering main loop on lcore 0
L2FWD: lcore 10 has nothing to do
L2FWD:  -- lcoreid=0 portid=0
[2J[1;1H
Port statistics ====================================
Statistics for port 0 ------------------------------
Packets sent:                        0
Packets received:                    0
Packets dropped:                     0
TX rate:                             0
RX rate:                             0
Drop rate:                           0
Statistics for port 1 ------------------------------
Packets sent:                        0
Packets received:                 1430
Packets dropped:                     0
TX rate:                             0
RX rate:                           143
Drop rate:                           0
Statistics for port 2 ------------------------------
Packets sent:                        0
Packets received:                    0
Packets dropped:                     0
TX rate:                             0
RX rate:                             0
Drop rate:                           0
Statistics for port 3 ------------------------------
Packets sent:                        0
Packets received:                 1307
Packets dropped:                     0
TX rate:                             0
RX rate:                           130
Drop rate:                           0
Aggregate statistics ===============================
Total packets sent:                  0
Total packets received:           2743
Total packets dropped:               0
Total TX rate:                       0
Total RX rate:                     273
Total drop rate:                     0
====================================================
L2FWD: entering main loop on lcore 4
L2FWD:  -- lcoreid=4 portid=2
[2J[1;1H
Port statistics ====================================
Statistics for port 0 ------------------------------
Packets sent:                        0
Packets received:             19953367
Packets dropped:                     0
TX rate:                             0
RX rate:                       1995336
Drop rate:                           0
Statistics for port 1 ------------------------------
Packets sent:                        0
Packets received:             19963335
Packets dropped:                     0
TX rate:                             0
RX rate:                       1996190
Drop rate:                           0
Statistics for port 2 ------------------------------
Packets sent:                        0
Packets received:             19953329
Packets dropped:                     0
TX rate:                             0
RX rate:                       1995333
Drop rate:                           0
Statistics for port 3 ------------------------------
Packets sent:                        0
Packets received:             19954834
Packets dropped:                     0
TX rate:                             0
RX rate:                       1995352
Drop rate:                           0
Aggregate statistics ===============================
Total packets sent:                  0
Total packets received:       79824872
Total packets dropped:               0
Total TX rate:                       0
Total RX rate:                 7982211
Total drop rate:                     0
====================================================
[2J[1;1H
Port statistics ====================================
Statistics for port 0 ------------------------------
Packets sent:                        0
Packets received:             39908737
Packets dropped:                     0
TX rate:                             0
RX rate:                       1995537
Drop rate:                           0
Statistics for port 1 ------------------------------
Packets sent:                        0
Packets received:             39915166
Packets dropped:                     0
TX rate:                             0
RX rate:                       1995183
Drop rate:                           0
Statistics for port 2 ------------------------------
Packets sent:                        0
Packets received:             39905331
Packets dropped:                     0
TX rate:                             0
RX rate:                       1995199
Drop rate:                           0
Statistics for port 3 ------------------------------
Packets sent:                        0
Packets received:             39918852
Packets dropped:                     0
TX rate:                             0
RX rate:                       1996402
Drop rate:                           0
Aggregate statistics ===============================
Total packets sent:                  0
Total packets received:      159648093
Total packets dropped:               0
Total TX rate:                       0
Total RX rate:                 7982321
Total drop rate:                     0
====================================================
[2J[1;1H
Port statistics ====================================
Statistics for port 0 ------------------------------
Packets sent:                        0
Packets received:             59865936
Packets dropped:                     0
TX rate:                             0
RX rate:                       1995719
Drop rate:                           0
Statistics for port 1 ------------------------------
Packets sent:                        0
Packets received:             59863280
Packets dropped:                     0
TX rate:                             0
RX rate:                       1994811
Drop rate:                           0
Statistics for port 2 ------------------------------
Packets sent:                        0
Packets received:             59865656
Packets dropped:                     0
TX rate:                             0
RX rate:                       1996032
Drop rate:                           0
Statistics for port 3 ------------------------------
Packets sent:                        0
Packets received:             59876611
Packets dropped:                     0
TX rate:                             0
RX rate:                       1995776
Drop rate:                           0
Aggregate statistics ===============================
Total packets sent:                  0
Total packets received:      239471494
Total packets dropped:               0
Total TX rate:                       0
Total RX rate:                 7982338
Total drop rate:                     0
====================================================


Signal 15 received, preparing to exit...
Closing port 0... Done
Closing port 1... Done
Closing port 2... Done
Closing port 3... Done
Bye...
