EAL: Detected 40 lcore(s)
EAL: Detected 2 NUMA nodes
EAL: Multi-process socket /var/run/dpdk/rte/mp_socket
EAL: No free hugepages reported in hugepages-1048576kB
EAL: Probing VFIO support...
EAL: PCI device 0000:05:08.0 on NUMA socket 0
EAL:   probe driver: 19ee:6003 net_nfp_vf
EAL: PCI device 0000:05:08.1 on NUMA socket 0
EAL:   probe driver: 19ee:6003 net_nfp_vf
EAL: PCI device 0000:05:08.2 on NUMA socket 0
EAL:   probe driver: 19ee:6003 net_nfp_vf
EAL: PCI device 0000:05:08.3 on NUMA socket 0
EAL:   probe driver: 19ee:6003 net_nfp_vf
MAC updating enabled
Lcore 0: RX port 0
Lcore 2: RX port 1
Lcore 4: RX port 2
Lcore 6: RX port 3
Initializing port 0... done: 
Port 0, MAC address: 00:15:4D:00:00:00

Initializing port 1... done: 
Port 1, MAC address: 00:15:4D:00:00:01

Initializing port 2... done: 
Port 2, MAC address: 00:15:4D:00:00:02

Initializing port 3... done: 
Port 3, MAC address: 00:15:4D:00:00:03


Checking link statusdone
Port0 Link Up. Speed 0 Mbps - full-duplex
Port1 Link Up. Speed 0 Mbps - full-duplex
Port2 Link Up. Speed 0 Mbps - full-duplex
Port3 Link Up. Speed 0 Mbps - full-duplex
L2FWD: entering main loop on lcore 2
L2FWD:  -- lcoreid=2 portid=1
L2FWD: entering main loop on lcore 4
L2FWD:  -- lcoreid=4 portid=2
L2FWD: entering main loop on lcore 6
L2FWD:  -- lcoreid=6 portid=3
L2FWD: lcore 8 has nothing to do
L2FWD: lcore 14 has nothing to do
L2FWD: lcore 12 has nothing to do
L2FWD: entering main loop on lcore 0
L2FWD:  -- lcoreid=0 portid=0
[2J[1;1H
Port statistics ====================================
Statistics for port 0 ------------------------------
Packets sent:                        0
Packets received:                    0
Packets dropped:                     0
TX rate:                             0
RX rate:                             0
Drop rate:                           0
Statistics for port 1 ------------------------------
Packets sent:                        0
Packets received:                 3834
Packets dropped:                     0
TX rate:                             0
RX rate:                           383
Drop rate:                           0
Statistics for port 2 ------------------------------
Packets sent:                        0
Packets received:                 3876
Packets dropped:                     0
TX rate:                             0
RX rate:                           387
Drop rate:                           0
Statistics for port 3 ------------------------------
Packets sent:                        0
Packets received:                 3746
Packets dropped:                     0
TX rate:                             0
RX rate:                           374
Drop rate:                           0
Aggregate statistics ===============================
Total packets sent:                  0
Total packets received:          11463
Total packets dropped:               0
Total TX rate:                       0
Total RX rate:                    1144
Total drop rate:                     0
====================================================
L2FWD: lcore 10 has nothing to do
[2J[1;1H
Port statistics ====================================
Statistics for port 0 ------------------------------
Packets sent:                        0
Packets received:             24240329
Packets dropped:                     0
TX rate:                             0
RX rate:                       2424032
Drop rate:                           0
Statistics for port 1 ------------------------------
Packets sent:                        0
Packets received:             24251068
Packets dropped:                     0
TX rate:                             0
RX rate:                       2424723
Drop rate:                           0
Statistics for port 2 ------------------------------
Packets sent:                        0
Packets received:             24252929
Packets dropped:                     0
TX rate:                             0
RX rate:                       2424905
Drop rate:                           0
Statistics for port 3 ------------------------------
Packets sent:                        0
Packets received:             24266192
Packets dropped:                     0
TX rate:                             0
RX rate:                       2426245
Drop rate:                           0
Aggregate statistics ===============================
Total packets sent:                  0
Total packets received:       97010541
Total packets dropped:               0
Total TX rate:                       0
Total RX rate:                 9699905
Total drop rate:                     0
====================================================
[2J[1;1H
Port statistics ====================================
Statistics for port 0 ------------------------------
Packets sent:                        0
Packets received:             48496695
Packets dropped:                     0
TX rate:                             0
RX rate:                       2425636
Drop rate:                           0
Statistics for port 1 ------------------------------
Packets sent:                        0
Packets received:             48501853
Packets dropped:                     0
TX rate:                             0
RX rate:                       2425078
Drop rate:                           0
Statistics for port 2 ------------------------------
Packets sent:                        0
Packets received:             48496251
Packets dropped:                     0
TX rate:                             0
RX rate:                       2424332
Drop rate:                           0
Statistics for port 3 ------------------------------
Packets sent:                        0
Packets received:             48513768
Packets dropped:                     0
TX rate:                             0
RX rate:                       2424757
Drop rate:                           0
Aggregate statistics ===============================
Total packets sent:                  0
Total packets received:      194008576
Total packets dropped:               0
Total TX rate:                       0
Total RX rate:                 9699803
Total drop rate:                     0
====================================================
[2J[1;1H
Port statistics ====================================
Statistics for port 0 ------------------------------
Packets sent:                        0
Packets received:             72745730
Packets dropped:                     0
TX rate:                             0
RX rate:                       2424903
Drop rate:                           0
Statistics for port 1 ------------------------------
Packets sent:                        0
Packets received:             72754445
Packets dropped:                     0
TX rate:                             0
RX rate:                       2425259
Drop rate:                           0
Statistics for port 2 ------------------------------
Packets sent:                        0
Packets received:             72743609
Packets dropped:                     0
TX rate:                             0
RX rate:                       2424735
Drop rate:                           0
Statistics for port 3 ------------------------------
Packets sent:                        0
Packets received:             72762956
Packets dropped:                     0
TX rate:                             0
RX rate:                       2424918
Drop rate:                           0
Aggregate statistics ===============================
Total packets sent:                  0
Total packets received:      291006740
Total packets dropped:               0
Total TX rate:                       0
Total RX rate:                 9699815
Total drop rate:                     0
====================================================


Signal 15 received, preparing to exit...
Closing port 0... Done
Closing port 1... Done
Closing port 2... Done
Closing port 3... Done
Bye...
