EAL: Detected 40 lcore(s)
EAL: Detected 2 NUMA nodes
EAL: Multi-process socket /var/run/dpdk/rte/mp_socket
EAL: No free hugepages reported in hugepages-1048576kB
EAL: Probing VFIO support...
EAL: PCI device 0000:05:08.0 on NUMA socket 0
EAL:   probe driver: 19ee:6003 net_nfp_vf
EAL: PCI device 0000:05:08.1 on NUMA socket 0
EAL:   probe driver: 19ee:6003 net_nfp_vf
EAL: PCI device 0000:05:08.2 on NUMA socket 0
EAL:   probe driver: 19ee:6003 net_nfp_vf
EAL: PCI device 0000:05:08.3 on NUMA socket 0
EAL:   probe driver: 19ee:6003 net_nfp_vf
MAC updating enabled
Lcore 0: RX port 0
Lcore 2: RX port 1
Lcore 4: RX port 2
Lcore 6: RX port 3
Initializing port 0... done: 
Port 0, MAC address: 00:15:4D:00:00:00

Initializing port 1... done: 
Port 1, MAC address: 00:15:4D:00:00:01

Initializing port 2... done: 
Port 2, MAC address: 00:15:4D:00:00:02

Initializing port 3... done: 
Port 3, MAC address: 00:15:4D:00:00:03


Checking link statusdone
Port0 Link Up. Speed 0 Mbps - full-duplex
Port1 Link Up. Speed 0 Mbps - full-duplex
Port2 Link Up. Speed 0 Mbps - full-duplex
Port3 Link Up. Speed 0 Mbps - full-duplex
L2FWD: entering main loop on lcore 2
L2FWD:  -- lcoreid=2 portid=1
L2FWD: entering main loop on lcore 6
L2FWD:  -- lcoreid=6 portid=3
L2FWD: lcore 12 has nothing to do
L2FWD: lcore 14 has nothing to do
L2FWD: lcore 8 has nothing to do
L2FWD: entering main loop on lcore 0
L2FWD:  -- lcoreid=0 portid=0
[2J[1;1H
Port statistics ====================================
Statistics for port 0 ------------------------------
Packets sent:                        0
Packets received:                    0
Packets dropped:                     0
TX rate:                             0
RX rate:                             0
Drop rate:                           0
Statistics for port 1 ------------------------------
Packets sent:                        0
Packets received:                 1199
Packets dropped:                     0
TX rate:                             0
RX rate:                           120
Drop rate:                           0
Statistics for port 2 ------------------------------
Packets sent:                        0
Packets received:                    0
Packets dropped:                     0
TX rate:                             0
RX rate:                             0
Drop rate:                           0
Statistics for port 3 ------------------------------
Packets sent:                        0
Packets received:                 1101
Packets dropped:                     0
TX rate:                             0
RX rate:                           110
Drop rate:                           0
Aggregate statistics ===============================
Total packets sent:                  0
Total packets received:           2302
Total packets dropped:               0L2FWD: lcore 10 has nothing to do

Total TX rate:                       0
Total RX rate:                     230
Total drop rate:                     0
====================================================
L2FWD: entering main loop on lcore 4
L2FWD:  -- lcoreid=4 portid=2
[2J[1;1H
Port statistics ====================================
Statistics for port 0 ------------------------------
Packets sent:                        0
Packets received:             18539953
Packets dropped:                     0
TX rate:                             0
RX rate:                       1853995
Drop rate:                           0
Statistics for port 1 ------------------------------
Packets sent:                        0
Packets received:             18550268
Packets dropped:                     0
TX rate:                             0
RX rate:                       1854906
Drop rate:                           0
Statistics for port 2 ------------------------------
Packets sent:                        0
Packets received:             18535985
Packets dropped:                     0
TX rate:                             0
RX rate:                       1853598
Drop rate:                           0
Statistics for port 3 ------------------------------
Packets sent:                        0
Packets received:             18540931
Packets dropped:                     0
TX rate:                             0
RX rate:                       1853983
Drop rate:                           0
Aggregate statistics ===============================
Total packets sent:                  0
Total packets received:       74167141
Total packets dropped:               0
Total TX rate:                       0
Total RX rate:                 7416482
Total drop rate:                     0
====================================================
[2J[1;1H
Port statistics ====================================
Statistics for port 0 ------------------------------
Packets sent:                        0
Packets received:             36798535
Packets dropped:                     0
TX rate:                             0
RX rate:                       1825858
Drop rate:                           0
Statistics for port 1 ------------------------------
Packets sent:                        0
Packets received:             36812531
Packets dropped:                     0
TX rate:                             0
RX rate:                       1826226
Drop rate:                           0
Statistics for port 2 ------------------------------
Packets sent:                        0
Packets received:             36787748
Packets dropped:                     0
TX rate:                             0
RX rate:                       1825176
Drop rate:                           0
Statistics for port 3 ------------------------------
Packets sent:                        0
Packets received:             36795074
Packets dropped:                     0
TX rate:                             0
RX rate:                       1825414
Drop rate:                           0
Aggregate statistics ===============================
Total packets sent:                  0
Total packets received:      147193889
Total packets dropped:               0
Total TX rate:                       0
Total RX rate:                 7302674
Total drop rate:                     0
====================================================
[2J[1;1H
Port statistics ====================================
Statistics for port 0 ------------------------------
Packets sent:                        0
Packets received:             55076756
Packets dropped:                     0
TX rate:                             0
RX rate:                       1827822
Drop rate:                           0
Statistics for port 1 ------------------------------
Packets sent:                        0
Packets received:             55092440
Packets dropped:                     0
TX rate:                             0
RX rate:                       1827990
Drop rate:                           0
Statistics for port 2 ------------------------------
Packets sent:                        0
Packets received:             55059574
Packets dropped:                     0
TX rate:                             0
RX rate:                       1827182
Drop rate:                           0
Statistics for port 3 ------------------------------
Packets sent:                        0
Packets received:             55063657
Packets dropped:                     0
TX rate:                             0
RX rate:                       1826858
Drop rate:                           0
Aggregate statistics ===============================
Total packets sent:                  0
Total packets received:      220292427
Total packets dropped:               0
Total TX rate:                       0
Total RX rate:                 7309852
Total drop rate:                     0
====================================================


Signal 15 received, preparing to exit...
Closing port 0... Done
Closing port 1... Done
Closing port 2... Done
Closing port 3... Done
Bye...
