EAL: Detected 40 lcore(s)
EAL: Detected 2 NUMA nodes
EAL: Multi-process socket /var/run/dpdk/rte/mp_socket
EAL: No free hugepages reported in hugepages-1048576kB
EAL: Probing VFIO support...
EAL: PCI device 0000:05:08.0 on NUMA socket 0
EAL:   probe driver: 19ee:6003 net_nfp_vf
EAL: PCI device 0000:05:08.1 on NUMA socket 0
EAL:   probe driver: 19ee:6003 net_nfp_vf
EAL: PCI device 0000:05:08.2 on NUMA socket 0
EAL:   probe driver: 19ee:6003 net_nfp_vf
EAL: PCI device 0000:05:08.3 on NUMA socket 0
EAL:   probe driver: 19ee:6003 net_nfp_vf
MAC updating enabled
Lcore 0: RX port 0
Lcore 2: RX port 1
Lcore 4: RX port 2
Lcore 6: RX port 3
Initializing port 0... done: 
Port 0, MAC address: 00:15:4D:00:00:00

Initializing port 1... done: 
Port 1, MAC address: 00:15:4D:00:00:01

Initializing port 2... done: 
Port 2, MAC address: 00:15:4D:00:00:02

Initializing port 3... done: 
Port 3, MAC address: 00:15:4D:00:00:03


Checking link statusdone
Port0 Link Up. Speed 0 Mbps - full-duplex
Port1 Link Up. Speed 0 Mbps - full-duplex
Port2 Link Up. Speed 0 Mbps - full-duplex
Port3 Link Up. Speed 0 Mbps - full-duplex
L2FWD: entering main loop on lcore 2
L2FWD:  -- lcoreid=2 portid=1
L2FWD: entering main loop on lcore 6
L2FWD:  -- lcoreid=6 portid=3
L2FWD: lcore 8 has nothing to do
L2FWD: lcore 10 has nothing to do
L2FWD: lcore 12 has nothing to do
L2FWD: lcore 14 has nothing to do
L2FWD: entering main loop on lcore 0
L2FWD:  -- lcoreid=0 portid=0
[2J[1;1H
Port statistics ====================================
Statistics for port 0 ------------------------------
Packets sent:                        0
Packets received:                    0
Packets dropped:                     0
TX rate:                             0
RX rate:                             0
Drop rate:                           0
Statistics for port 1 ------------------------------
Packets sent:                        0
Packets received:                 2386
Packets dropped:                     0
TX rate:                             0
RX rate:                           238
Drop rate:                           0
Statistics for port 2 ------------------------------
Packets sent:                        0
Packets received:                    0
Packets dropped:                     0
TX rate:                             0
RX rate:                             0
Drop rate:                           0
Statistics for port 3 ------------------------------
Packets sent:                        0
Packets received:                 2109
Packets dropped:                     0
TX rate:                             0
RX rate:                           211
Drop rate:                           0
Aggregate statistics ===============================
Total packets sent:                  0
Total packets received:           4501
Total packets dropped:               0
Total TX rate:                       0
Total RX rate:                     449
Total drop rate:                     0
====================================================
L2FWD: entering main loop on lcore 4
L2FWD:  -- lcoreid=4 portid=2
[2J[1;1H
Port statistics ====================================
Statistics for port 0 ------------------------------
Packets sent:                        0
Packets received:             40769602
Packets dropped:                     0
TX rate:                             0
RX rate:                       4076960
Drop rate:                           0
Statistics for port 1 ------------------------------
Packets sent:                        0
Packets received:             40754783
Packets dropped:                     0
TX rate:                             0
RX rate:                       4075240
Drop rate:                           0
Statistics for port 2 ------------------------------
Packets sent:                        0
Packets received:             40766189
Packets dropped:                     0
TX rate:                             0
RX rate:                       4076618
Drop rate:                           0
Statistics for port 3 ------------------------------
Packets sent:                        0
Packets received:             40773258
Packets dropped:                     0
TX rate:                             0
RX rate:                       4077114
Drop rate:                           0
Aggregate statistics ===============================
Total packets sent:                  0
Total packets received:      163063854
Total packets dropped:               0
Total TX rate:                       0
Total RX rate:                16305932
Total drop rate:                     0
====================================================
[2J[1;1H
Port statistics ====================================
Statistics for port 0 ------------------------------
Packets sent:                        0
Packets received:             81531877
Packets dropped:                     0
TX rate:                             0
RX rate:                       4076227
Drop rate:                           0
Statistics for port 1 ------------------------------
Packets sent:                        0
Packets received:             81519845
Packets dropped:                     0
TX rate:                             0
RX rate:                       4076506
Drop rate:                           0
Statistics for port 2 ------------------------------
Packets sent:                        0
Packets received:             81528558
Packets dropped:                     0
TX rate:                             0
RX rate:                       4076236
Drop rate:                           0
Statistics for port 3 ------------------------------
Packets sent:                        0
Packets received:             81543973
Packets dropped:                     0
TX rate:                             0
RX rate:                       4077072
Drop rate:                           0
Aggregate statistics ===============================
Total packets sent:                  0
Total packets received:      326124281
Total packets dropped:               0
Total TX rate:                       0
Total RX rate:                16306041
Total drop rate:                     0
====================================================
[2J[1;1H
Port statistics ====================================
Statistics for port 0 ------------------------------
Packets sent:                        0
Packets received:            122302124
Packets dropped:                     0
TX rate:                             0
RX rate:                       4077024
Drop rate:                           0
Statistics for port 1 ------------------------------
Packets sent:                        0
Packets received:            122283437
Packets dropped:                     0
TX rate:                             0
RX rate:                       4076358
Drop rate:                           0
Statistics for port 2 ------------------------------
Packets sent:                        0
Packets received:            122287927
Packets dropped:                     0
TX rate:                             0
RX rate:                       4075937
Drop rate:                           0
Statistics for port 3 ------------------------------
Packets sent:                        0
Packets received:            122312781
Packets dropped:                     0
TX rate:                             0
RX rate:                       4076880
Drop rate:                           0
Aggregate statistics ===============================
Total packets sent:                  0
Total packets received:      489186284
Total packets dropped:               0
Total TX rate:                       0
Total RX rate:                16306199
Total drop rate:                     0
====================================================


Signal 15 received, preparing to exit...
Closing port 0... Done
Closing port 1... Done
Closing port 2... Done
Closing port 3... Done
Bye...
