EAL: Detected 40 lcore(s)
EAL: Detected 2 NUMA nodes
EAL: Multi-process socket /var/run/dpdk/rte/mp_socket
EAL: No free hugepages reported in hugepages-1048576kB
EAL: Probing VFIO support...
EAL: PCI device 0000:05:08.0 on NUMA socket 0
EAL:   probe driver: 19ee:6003 net_nfp_vf
EAL: PCI device 0000:05:08.1 on NUMA socket 0
EAL:   probe driver: 19ee:6003 net_nfp_vf
EAL: PCI device 0000:05:08.2 on NUMA socket 0
EAL:   probe driver: 19ee:6003 net_nfp_vf
EAL: PCI device 0000:05:08.3 on NUMA socket 0
EAL:   probe driver: 19ee:6003 net_nfp_vf
MAC updating enabled
Lcore 0: RX port 0
Lcore 2: RX port 1
Lcore 4: RX port 2
Lcore 6: RX port 3
Initializing port 0... done: 
Port 0, MAC address: 00:15:4D:00:00:00

Initializing port 1... done: 
Port 1, MAC address: 00:15:4D:00:00:01

Initializing port 2... done: 
Port 2, MAC address: 00:15:4D:00:00:02

Initializing port 3... done: 
Port 3, MAC address: 00:15:4D:00:00:03


Checking link statusdone
Port0 Link Up. Speed 0 Mbps - full-duplex
Port1 Link Up. Speed 0 Mbps - full-duplex
Port2 Link Up. Speed 0 Mbps - full-duplex
Port3 Link Up. Speed 0 Mbps - full-duplex
L2FWD: entering main loop on lcore 2
L2FWD:  -- lcoreid=2 portid=1
L2FWD: entering main loop on lcore 6
L2FWD:  -- lcoreid=6 portid=3
L2FWD: lcore 8 has nothing to do
L2FWD: lcore 10 has nothing to do
L2FWD: entering main loop on lcore 4
L2FWD:  -- lcoreid=4 portid=2
L2FWD: lcore 12 has nothing to do
L2FWD: lcore 14 has nothing to do
L2FWD: entering main loop on lcore 0
L2FWD:  -- lcoreid=0 portid=0
[2J[1;1H
Port statistics ====================================
Statistics for port 0 ------------------------------
Packets sent:                        0
Packets received:                    0
Packets dropped:                     0
TX rate:                             0
RX rate:                             0
Drop rate:                           0
Statistics for port 1 ------------------------------
Packets sent:                        0
Packets received:                 6227
Packets dropped:                     0
TX rate:                             0
RX rate:                           622
Drop rate:                           0
Statistics for port 2 ------------------------------
Packets sent:                        0
Packets received:                 5342
Packets dropped:                     0
TX rate:                             0
RX rate:                           534
Drop rate:                           0
Statistics for port 3 ------------------------------
Packets sent:                        0
Packets received:                 6016
Packets dropped:                     0
TX rate:                             0
RX rate:                           601
Drop rate:                           0
Aggregate statistics ===============================
Total packets sent:                  0
Total packets received:          17594
Total packets dropped:               0
Total TX rate:                       0
Total RX rate:                    1757
Total drop rate:                     0
====================================================
[2J[1;1H
Port statistics ====================================
Statistics for port 0 ------------------------------
Packets sent:                        0
Packets received:             35993304
Packets dropped:                     0
TX rate:                             0
RX rate:                       3599330
Drop rate:                           0
Statistics for port 1 ------------------------------
Packets sent:                        0
Packets received:             36005228
Packets dropped:                     0
TX rate:                             0
RX rate:                       3599900
Drop rate:                           0
Statistics for port 2 ------------------------------
Packets sent:                        0
Packets received:             35983367
Packets dropped:                     0
TX rate:                             0
RX rate:                       3597802
Drop rate:                           0
Statistics for port 3 ------------------------------
Packets sent:                        0
Packets received:             35979135
Packets dropped:                     0
TX rate:                             0
RX rate:                       3597311
Drop rate:                           0
Aggregate statistics ===============================
Total packets sent:                  0
Total packets received:      143961043
Total packets dropped:               0
Total TX rate:                       0
Total RX rate:                14394343
Total drop rate:                     0
====================================================
[2J[1;1H
Port statistics ====================================
Statistics for port 0 ------------------------------
Packets sent:                        0
Packets received:             71980747
Packets dropped:                     0
TX rate:                             0
RX rate:                       3598744
Drop rate:                           0
Statistics for port 1 ------------------------------
Packets sent:                        0
Packets received:             71990419
Packets dropped:                     0
TX rate:                             0
RX rate:                       3598519
Drop rate:                           0
Statistics for port 2 ------------------------------
Packets sent:                        0
Packets received:             71968692
Packets dropped:                     0
TX rate:                             0
RX rate:                       3598532
Drop rate:                           0
Statistics for port 3 ------------------------------
Packets sent:                        0
Packets received:             71962993
Packets dropped:                     0
TX rate:                             0
RX rate:                       3598386
Drop rate:                           0
Aggregate statistics ===============================
Total packets sent:                  0
Total packets received:      287902864
Total packets dropped:               0
Total TX rate:                       0
Total RX rate:                14394181
Total drop rate:                     0
====================================================
[2J[1;1H
Port statistics ====================================
Statistics for port 0 ------------------------------
Packets sent:                        0
Packets received:            107955389
Packets dropped:                     0
TX rate:                             0
RX rate:                       3597464
Drop rate:                           0
Statistics for port 1 ------------------------------
Packets sent:                        0
Packets received:            107980330
Packets dropped:                     0
TX rate:                             0
RX rate:                       3598991
Drop rate:                           0
Statistics for port 2 ------------------------------
Packets sent:                        0
Packets received:            107959037
Packets dropped:                     0
TX rate:                             0
RX rate:                       3599034
Drop rate:                           0
Statistics for port 3 ------------------------------
Packets sent:                        0
Packets received:            107950123
Packets dropped:                     0
TX rate:                             0
RX rate:                       3598712
Drop rate:                           0
Aggregate statistics ===============================
Total packets sent:                  0
Total packets received:      431844883
Total packets dropped:               0
Total TX rate:                       0
Total RX rate:                14394201
Total drop rate:                     0
====================================================


Signal 15 received, preparing to exit...
Closing port 0... Done
Closing port 1... Done
Closing port 2... Done
Closing port 3... Done
Bye...
