EAL: Detected 40 lcore(s)
EAL: Detected 2 NUMA nodes
EAL: Multi-process socket /var/run/dpdk/rte/mp_socket
EAL: No free hugepages reported in hugepages-1048576kB
EAL: Probing VFIO support...
EAL: PCI device 0000:05:08.0 on NUMA socket 0
EAL:   probe driver: 19ee:6003 net_nfp_vf
EAL: PCI device 0000:05:08.1 on NUMA socket 0
EAL:   probe driver: 19ee:6003 net_nfp_vf
EAL: PCI device 0000:05:08.2 on NUMA socket 0
EAL:   probe driver: 19ee:6003 net_nfp_vf
EAL: PCI device 0000:05:08.3 on NUMA socket 0
EAL:   probe driver: 19ee:6003 net_nfp_vf
MAC updating enabled
Lcore 0: RX port 0
Lcore 2: RX port 1
Lcore 4: RX port 2
Lcore 6: RX port 3
Initializing port 0... done: 
Port 0, MAC address: 00:15:4D:00:00:00

Initializing port 1... done: 
Port 1, MAC address: 00:15:4D:00:00:01

Initializing port 2... done: 
Port 2, MAC address: 00:15:4D:00:00:02

Initializing port 3... done: 
Port 3, MAC address: 00:15:4D:00:00:03


Checking link statusdone
Port0 Link Up. Speed 0 Mbps - full-duplex
Port1 Link Up. Speed 0 Mbps - full-duplex
Port2 Link Up. Speed 0 Mbps - full-duplex
Port3 Link Up. Speed 0 Mbps - full-duplex
L2FWD: entering main loop on lcore 2
L2FWD:  -- lcoreid=2 portid=1
L2FWD: entering main loop on lcore 6
L2FWD:  -- lcoreid=6 portid=3
L2FWD: lcore 8 has nothing to do
L2FWD: lcore 10 has nothing to do
L2FWD: lcore 12 has nothing to do
L2FWD: lcore 14 has nothing to do
L2FWD: entering main loop on lcore 0
L2FWD:  -- lcoreid=0 portid=0
[2J[1;1H
Port statistics ====================================
Statistics for port 0 ------------------------------
Packets sent:                        0
Packets received:                    0
Packets dropped:                     0
TX rate:                             0
RX rate:                             0
Drop rate:                           0
Statistics for port 1 ------------------------------
Packets sent:                        0
Packets received:                 2148
Packets dropped:                     0
TX rate:                             0
RX rate:                           215
Drop rate:                           0
Statistics for port 2 ------------------------------
Packets sent:                        0
Packets received:                    0
Packets dropped:                     0
TX rate:                             0
RX rate:                             0
Drop rate:                           0
Statistics for port 3 ------------------------------
Packets sent:                        0
Packets received:                 1882
Packets dropped:                     0
TX rate:                             0
RX rate:                           188
Drop rate:                           0
Aggregate statistics ===============================
Total packets sent:                  0
Total packets received:           4038
Total packets dropped:               0
Total TX rate:                       0
Total RX rate:                     403
Total drop rate:                     0
====================================================
L2FWD: entering main loop on lcore 4
L2FWD:  -- lcoreid=4 portid=2
[2J[1;1H
Port statistics ====================================
Statistics for port 0 ------------------------------
Packets sent:                        0
Packets received:             38236773
Packets dropped:                     0
TX rate:                             0
RX rate:                       3823677
Drop rate:                           0
Statistics for port 1 ------------------------------
Packets sent:                        0
Packets received:             38238734
Packets dropped:                     0
TX rate:                             0
RX rate:                       3823658
Drop rate:                           0
Statistics for port 2 ------------------------------
Packets sent:                        0
Packets received:             38225497
Packets dropped:                     0
TX rate:                             0
RX rate:                       3822549
Drop rate:                           0
Statistics for port 3 ------------------------------
Packets sent:                        0
Packets received:             38243348
Packets dropped:                     0
TX rate:                             0
RX rate:                       3824146
Drop rate:                           0
Aggregate statistics ===============================
Total packets sent:                  0
Total packets received:      152944396
Total packets dropped:               0
Total TX rate:                       0
Total RX rate:                15294030
Total drop rate:                     0
====================================================
[2J[1;1H
Port statistics ====================================
Statistics for port 0 ------------------------------
Packets sent:                        0
Packets received:             76461670
Packets dropped:                     0
TX rate:                             0
RX rate:                       3822489
Drop rate:                           0
Statistics for port 1 ------------------------------
Packets sent:                        0
Packets received:             76482397
Packets dropped:                     0
TX rate:                             0
RX rate:                       3824366
Drop rate:                           0
Statistics for port 2 ------------------------------
Packets sent:                        0
Packets received:             76467354
Packets dropped:                     0
TX rate:                             0
RX rate:                       3824186
Drop rate:                           0
Statistics for port 3 ------------------------------
Packets sent:                        0
Packets received:             76476264
Packets dropped:                     0
TX rate:                             0
RX rate:                       3823291
Drop rate:                           0
Aggregate statistics ===============================
Total packets sent:                  0
Total packets received:      305887701
Total packets dropped:               0
Total TX rate:                       0
Total RX rate:                15294332
Total drop rate:                     0
====================================================
[2J[1;1H
Port statistics ====================================
Statistics for port 0 ------------------------------
Packets sent:                        0
Packets received:            114707124
Packets dropped:                     0
TX rate:                             0
RX rate:                       3824545
Drop rate:                           0
Statistics for port 1 ------------------------------
Packets sent:                        0
Packets received:            114721309
Packets dropped:                     0
TX rate:                             0
RX rate:                       3823890
Drop rate:                           0
Statistics for port 2 ------------------------------
Packets sent:                        0
Packets received:            114696010
Packets dropped:                     0
TX rate:                             0
RX rate:                       3822865
Drop rate:                           0
Statistics for port 3 ------------------------------
Packets sent:                        0
Packets received:            114707015
Packets dropped:                     0
TX rate:                             0
RX rate:                       3823075
Drop rate:                           0
Aggregate statistics ===============================
Total packets sent:                  0
Total packets received:      458831467
Total packets dropped:               0
Total TX rate:                       0
Total RX rate:                15294375
Total drop rate:                     0
====================================================


Signal 15 received, preparing to exit...
Closing port 0... Done
Closing port 1... Done
Closing port 2... Done
Closing port 3... Done
Bye...
