EAL: Detected 40 lcore(s)
EAL: Detected 2 NUMA nodes
EAL: Multi-process socket /var/run/dpdk/rte/mp_socket
EAL: No free hugepages reported in hugepages-1048576kB
EAL: Probing VFIO support...
EAL: PCI device 0000:05:08.0 on NUMA socket 0
EAL:   probe driver: 19ee:6003 net_nfp_vf
EAL: PCI device 0000:05:08.1 on NUMA socket 0
EAL:   probe driver: 19ee:6003 net_nfp_vf
EAL: PCI device 0000:05:08.2 on NUMA socket 0
EAL:   probe driver: 19ee:6003 net_nfp_vf
EAL: PCI device 0000:05:08.3 on NUMA socket 0
EAL:   probe driver: 19ee:6003 net_nfp_vf
MAC updating enabled
Lcore 0: RX port 0
Lcore 2: RX port 1
Lcore 4: RX port 2
Lcore 6: RX port 3
Initializing port 0... done: 
Port 0, MAC address: 00:15:4D:00:00:00

Initializing port 1... done: 
Port 1, MAC address: 00:15:4D:00:00:01

Initializing port 2... done: 
Port 2, MAC address: 00:15:4D:00:00:02

Initializing port 3... done: 
Port 3, MAC address: 00:15:4D:00:00:03


Checking link statusdone
Port0 Link Up. Speed 0 Mbps - full-duplex
Port1 Link Up. Speed 0 Mbps - full-duplex
Port2 Link Up. Speed 0 Mbps - full-duplex
Port3 Link Up. Speed 0 Mbps - full-duplex
L2FWD: entering main loop on lcore 2
L2FWD: entering main loop on lcore 6
L2FWD:  -- lcoreid=6 portid=3
L2FWD: lcore 10 has nothing to do
L2FWD: lcore 12 has nothing to do
L2FWD:  -- lcoreid=2 portid=1
L2FWD: lcore 8 has nothing to do
L2FWD: entering main loop on lcore 0
L2FWD:  -- lcoreid=0 portid=0
[2J[1;1H
Port statistics ====================================
Statistics for port 0 ------------------------------
Packets sent:                        0
Packets received:                    0
Packets dropped:                     0
TX rate:                             0
RX rate:                             0
Drop rate:                           0
Statistics for port 1 ------------------------------
Packets sent:                        0
Packets received:                 1861
Packets dropped:                     0
TX rate:                             0
RX rate:                           186
Drop rate:                           0
Statistics for port 2 ------------------------------
Packets sent:                        0
Packets received:                    0
Packets dropped:                     0
TX rate:                             0
RX rate:                             0
Drop rate:                           0L2FWD: lcore 14 has nothing to do

Statistics for port 3 ------------------------------
Packets sent:                        0
Packets received:                 2729
Packets dropped:                     0
TX rate:                             0
RX rate:                           277
Drop rate:                           0
Aggregate statistics ===============================
Total packets sent:                  0
Total packets received:           4650
Total packets dropped:               0
Total TX rate:                       0
Total RX rate:                     463
Total drop rate:                     0
====================================================
L2FWD: entering main loop on lcore 4
L2FWD:  -- lcoreid=4 portid=2
[2J[1;1H
Port statistics ====================================
Statistics for port 0 ------------------------------
Packets sent:                        0
Packets received:             61621137
Packets dropped:                     0
TX rate:                             0
RX rate:                       6162113
Drop rate:                           0
Statistics for port 1 ------------------------------
Packets sent:                        0
Packets received:             61618151
Packets dropped:                     0
TX rate:                             0
RX rate:                       6161630
Drop rate:                           0
Statistics for port 2 ------------------------------
Packets sent:                        0
Packets received:             61588160
Packets dropped:                     0
TX rate:                             0
RX rate:                       6158817
Drop rate:                           0
Statistics for port 3 ------------------------------
Packets sent:                        0
Packets received:             61617293
Packets dropped:                     0
TX rate:                             0
RX rate:                       6161451
Drop rate:                           0
Aggregate statistics ===============================
Total packets sent:                  0
Total packets received:      246444769
Total packets dropped:               0
Total TX rate:                       0
Total RX rate:                24644011
Total drop rate:                     0
====================================================
[2J[1;1H
Port statistics ====================================
Statistics for port 0 ------------------------------
Packets sent:                        0
Packets received:            123226124
Packets dropped:                     0
TX rate:                             0
RX rate:                       6160498
Drop rate:                           0
Statistics for port 1 ------------------------------
Packets sent:                        0
Packets received:            123239992
Packets dropped:                     0
TX rate:                             0
RX rate:                       6162183
Drop rate:                           0
Statistics for port 2 ------------------------------
Packets sent:                        0
Packets received:            123202273
Packets dropped:                     0
TX rate:                             0
RX rate:                       6161411
Drop rate:                           0
Statistics for port 3 ------------------------------
Packets sent:                        0
Packets received:            123218235
Packets dropped:                     0
TX rate:                             0
RX rate:                       6160094
Drop rate:                           0
Aggregate statistics ===============================
Total packets sent:                  0
Total packets received:      492886649
Total packets dropped:               0
Total TX rate:                       0
Total RX rate:                24644186
Total drop rate:                     0
====================================================
[2J[1;1H
Port statistics ====================================
Statistics for port 0 ------------------------------
Packets sent:                        0
Packets received:            184832588
Packets dropped:                     0
TX rate:                             0
RX rate:                       6160646
Drop rate:                           0
Statistics for port 1 ------------------------------
Packets sent:                        0
Packets received:            184858557
Packets dropped:                     0
TX rate:                             0
RX rate:                       6161855
Drop rate:                           0
Statistics for port 2 ------------------------------
Packets sent:                        0
Packets received:            184798151
Packets dropped:                     0
TX rate:                             0
RX rate:                       6159586
Drop rate:                           0
Statistics for port 3 ------------------------------
Packets sent:                        0
Packets received:            184837322
Packets dropped:                     0
TX rate:                             0
RX rate:                       6161908
Drop rate:                           0
Aggregate statistics ===============================
Total packets sent:                  0
Total packets received:      739326641
Total packets dropped:               0
Total TX rate:                       0
Total RX rate:                24643995
Total drop rate:                     0
====================================================


Signal 15 received, preparing to exit...
Closing port 0... Done
Closing port 1... Done
Closing port 2... Done
Closing port 3... Done
Bye...
