EAL: Detected 40 lcore(s)
EAL: Detected 2 NUMA nodes
EAL: Multi-process socket /var/run/dpdk/rte/mp_socket
EAL: No free hugepages reported in hugepages-1048576kB
EAL: Probing VFIO support...
EAL: PCI device 0000:05:08.0 on NUMA socket 0
EAL:   probe driver: 19ee:6003 net_nfp_vf
EAL: PCI device 0000:05:08.1 on NUMA socket 0
EAL:   probe driver: 19ee:6003 net_nfp_vf
EAL: PCI device 0000:05:08.2 on NUMA socket 0
EAL:   probe driver: 19ee:6003 net_nfp_vf
EAL: PCI device 0000:05:08.3 on NUMA socket 0
EAL:   probe driver: 19ee:6003 net_nfp_vf
MAC updating enabled
Lcore 0: RX port 0
Lcore 2: RX port 1
Lcore 4: RX port 2
Lcore 6: RX port 3
Initializing port 0... done: 
Port 0, MAC address: 00:15:4D:00:00:00

Initializing port 1... done: 
Port 1, MAC address: 00:15:4D:00:00:01

Initializing port 2... done: 
Port 2, MAC address: 00:15:4D:00:00:02

Initializing port 3... done: 
Port 3, MAC address: 00:15:4D:00:00:03


Checking link statusdone
Port0 Link Up. Speed 0 Mbps - full-duplex
Port1 Link Up. Speed 0 Mbps - full-duplex
Port2 Link Up. Speed 0 Mbps - full-duplex
Port3 Link Up. Speed 0 Mbps - full-duplex
L2FWD: entering main loop on lcore 2
L2FWD:  -- lcoreid=2 portid=1
L2FWD: entering main loop on lcore 6
L2FWD:  -- lcoreid=6 portid=3
L2FWD: lcore 8 has nothing to do
L2FWD: lcore 10 has nothing to do
L2FWD: lcore 12 has nothing to do
L2FWD: lcore 14 has nothing to do
L2FWD: entering main loop on lcore 0
L2FWD:  -- lcoreid=0 portid=0
[2J[1;1H
Port statistics ====================================
Statistics for port 0 ------------------------------
Packets sent:                        0
Packets received:                    0
Packets dropped:                     0
TX rate:                             0
RX rate:                             0
Drop rate:                           0
Statistics for port 1 ------------------------------
Packets sent:                        0
Packets received:                 2086
Packets dropped:                     0
TX rate:                             0
RX rate:                           208
Drop rate:                           0
Statistics for port 2 ------------------------------
Packets sent:                        0
Packets received:                    0
Packets dropped:                     0
TX rate:                             0
RX rate:                             0
Drop rate:                           0
Statistics for port 3 ------------------------------
Packets sent:                        0
Packets received:                 1871
Packets dropped:                     0
TX rate:                             0
RX rate:                           187
Drop rate:                           0
Aggregate statistics ===============================
Total packets sent:                  0
Total packets received:           3965
Total packets dropped:               0
Total TX rate:                       0
Total RX rate:                     395
Total drop rate:                     0
====================================================
L2FWD: entering main loop on lcore 4
L2FWD:  -- lcoreid=4 portid=2
[2J[1;1H
Port statistics ====================================
Statistics for port 0 ------------------------------
Packets sent:                        0
Packets received:             37476941
Packets dropped:                     0
TX rate:                             0
RX rate:                       3747694
Drop rate:                           0
Statistics for port 1 ------------------------------
Packets sent:                        0
Packets received:             37489121
Packets dropped:                     0
TX rate:                             0
RX rate:                       3748703
Drop rate:                           0
Statistics for port 2 ------------------------------
Packets sent:                        0
Packets received:             37482690
Packets dropped:                     0
TX rate:                             0
RX rate:                       3748269
Drop rate:                           0
Statistics for port 3 ------------------------------
Packets sent:                        0
Packets received:             37481164
Packets dropped:                     0
TX rate:                             0
RX rate:                       3747929
Drop rate:                           0
Aggregate statistics ===============================
Total packets sent:                  0
Total packets received:      149929926
Total packets dropped:               0
Total TX rate:                       0
Total RX rate:                14992595
Total drop rate:                     0
====================================================
[2J[1;1H
Port statistics ====================================
Statistics for port 0 ------------------------------
Packets sent:                        0
Packets received:             74962969
Packets dropped:                     0
TX rate:                             0
RX rate:                       3748602
Drop rate:                           0
Statistics for port 1 ------------------------------
Packets sent:                        0
Packets received:             74967222
Packets dropped:                     0
TX rate:                             0
RX rate:                       3747810
Drop rate:                           0
Statistics for port 2 ------------------------------
Packets sent:                        0
Packets received:             74968404
Packets dropped:                     0
TX rate:                             0
RX rate:                       3748571
Drop rate:                           0
Statistics for port 3 ------------------------------
Packets sent:                        0
Packets received:             74959935
Packets dropped:                     0
TX rate:                             0
RX rate:                       3747877
Drop rate:                           0
Aggregate statistics ===============================
Total packets sent:                  0
Total packets received:      299858544
Total packets dropped:               0
Total TX rate:                       0
Total RX rate:                14992860
Total drop rate:                     0
====================================================
[2J[1;1H
Port statistics ====================================
Statistics for port 0 ------------------------------
Packets sent:                        0
Packets received:            112436754
Packets dropped:                     0
TX rate:                             0
RX rate:                       3747378
Drop rate:                           0
Statistics for port 1 ------------------------------
Packets sent:                        0
Packets received:            112458661
Packets dropped:                     0
TX rate:                             0
RX rate:                       3749144
Drop rate:                           0
Statistics for port 2 ------------------------------
Packets sent:                        0
Packets received:            112446383
Packets dropped:                     0
TX rate:                             0
RX rate:                       3747797
Drop rate:                           0
Statistics for port 3 ------------------------------
Packets sent:                        0
Packets received:            112444848
Packets dropped:                     0
TX rate:                             0
RX rate:                       3748491
Drop rate:                           0
Aggregate statistics ===============================
Total packets sent:                  0
Total packets received:      449786651
Total packets dropped:               0
Total TX rate:                       0
Total RX rate:                14992810
Total drop rate:                     0
====================================================


Signal 15 received, preparing to exit...
Closing port 0... Done
Closing port 1... Done
Closing port 2... Done
Closing port 3... Done
Bye...
