EAL: Detected 40 lcore(s)
EAL: Detected 2 NUMA nodes
EAL: Multi-process socket /var/run/dpdk/rte/mp_socket
EAL: No free hugepages reported in hugepages-1048576kB
EAL: Probing VFIO support...
EAL: PCI device 0000:05:08.0 on NUMA socket 0
EAL:   probe driver: 19ee:6003 net_nfp_vf
EAL: PCI device 0000:05:08.1 on NUMA socket 0
EAL:   probe driver: 19ee:6003 net_nfp_vf
EAL: PCI device 0000:05:08.2 on NUMA socket 0
EAL:   probe driver: 19ee:6003 net_nfp_vf
EAL: PCI device 0000:05:08.3 on NUMA socket 0
EAL:   probe driver: 19ee:6003 net_nfp_vf
MAC updating enabled
Lcore 0: RX port 0
Lcore 2: RX port 1
Lcore 4: RX port 2
Lcore 6: RX port 3
Initializing port 0... done: 
Port 0, MAC address: 00:15:4D:00:00:00

Initializing port 1... done: 
Port 1, MAC address: 00:15:4D:00:00:01

Initializing port 2... done: 
Port 2, MAC address: 00:15:4D:00:00:02

Initializing port 3... done: 
Port 3, MAC address: 00:15:4D:00:00:03


Checking link statusdone
Port0 Link Up. Speed 0 Mbps - full-duplex
Port1 Link Up. Speed 0 Mbps - full-duplex
Port2 Link Up. Speed 0 Mbps - full-duplex
Port3 Link Up. Speed 0 Mbps - full-duplex
L2FWD: entering main loop on lcore 2
L2FWD:  -- lcoreid=2 portid=1
L2FWD: entering main loop on lcore 6
L2FWD:  -- lcoreid=6 portid=3
L2FWD: lcore 8 has nothing to do
L2FWD: lcore 10 has nothing to do
L2FWD: lcore 12 has nothing to do
L2FWD: lcore 14 has nothing to do
L2FWD: entering main loop on lcore 0
L2FWD:  -- lcoreid=0 portid=0
[2J[1;1H
Port statistics ====================================
Statistics for port 0 ------------------------------
Packets sent:                        0
Packets received:                    0
Packets dropped:                     0
TX rate:                             0
RX rate:                             0
Drop rate:                           0
Statistics for port 1 ------------------------------
Packets sent:                        0
Packets received:                 2016
Packets dropped:                     0
TX rate:                             0
RX rate:                           202
Drop rate:                           0
Statistics for port 2 ------------------------------
Packets sent:                        0
Packets received:                    0
Packets dropped:                     0
TX rate:                             0
RX rate:                             0
Drop rate:                           0
Statistics for port 3 ------------------------------
Packets sent:                        0
Packets received:                 1765
Packets dropped:                     0
TX rate:                             0
RX rate:                           176
Drop rate:                           0
Aggregate statistics ===============================
Total packets sent:                  0
Total packets received:           3789
Total packets dropped:               0
Total TX rate:                       0
Total RX rate:                     378
Total drop rate:                     0
====================================================
L2FWD: entering main loop on lcore 4
L2FWD:  -- lcoreid=4 portid=2
[2J[1;1H
Port statistics ====================================
Statistics for port 0 ------------------------------
Packets sent:                        0
Packets received:             34447680
Packets dropped:                     0
TX rate:                             0
RX rate:                       3444768
Drop rate:                           0
Statistics for port 1 ------------------------------
Packets sent:                        0
Packets received:             34441690
Packets dropped:                     0
TX rate:                             0
RX rate:                       3443966
Drop rate:                           0
Statistics for port 2 ------------------------------
Packets sent:                        0
Packets received:             34442386
Packets dropped:                     0
TX rate:                             0
RX rate:                       3444238
Drop rate:                           0
Statistics for port 3 ------------------------------
Packets sent:                        0
Packets received:             34446989
Packets dropped:                     0
TX rate:                             0
RX rate:                       3444522
Drop rate:                           0
Aggregate statistics ===============================
Total packets sent:                  0
Total packets received:      137778747
Total packets dropped:               0
Total TX rate:                       0
Total RX rate:                13777494
Total drop rate:                     0
====================================================
[2J[1;1H
Port statistics ====================================
Statistics for port 0 ------------------------------
Packets sent:                        0
Packets received:             68228253
Packets dropped:                     0
TX rate:                             0
RX rate:                       3378057
Drop rate:                           0
Statistics for port 1 ------------------------------
Packets sent:                        0
Packets received:             68204129
Packets dropped:                     0
TX rate:                             0
RX rate:                       3376244
Drop rate:                           0
Statistics for port 2 ------------------------------
Packets sent:                        0
Packets received:             68220700
Packets dropped:                     0
TX rate:                             0
RX rate:                       3377831
Drop rate:                           0
Statistics for port 3 ------------------------------
Packets sent:                        0
Packets received:             68227651
Packets dropped:                     0
TX rate:                             0
RX rate:                       3378066
Drop rate:                           0
Aggregate statistics ===============================
Total packets sent:                  0
Total packets received:      272880739
Total packets dropped:               0
Total TX rate:                       0
Total RX rate:                13510198
Total drop rate:                     0
====================================================
[2J[1;1H
Port statistics ====================================
Statistics for port 0 ------------------------------
Packets sent:                        0
Packets received:            102001373
Packets dropped:                     0
TX rate:                             0
RX rate:                       3377312
Drop rate:                           0
Statistics for port 1 ------------------------------
Packets sent:                        0
Packets received:            101975142
Packets dropped:                     0
TX rate:                             0
RX rate:                       3377100
Drop rate:                           0
Statistics for port 2 ------------------------------
Packets sent:                        0
Packets received:            102009581
Packets dropped:                     0
TX rate:                             0
RX rate:                       3378888
Drop rate:                           0
Statistics for port 3 ------------------------------
Packets sent:                        0
Packets received:            102015216
Packets dropped:                     0
TX rate:                             0
RX rate:                       3378756
Drop rate:                           0
Aggregate statistics ===============================
Total packets sent:                  0
Total packets received:      408001359
Total packets dropped:               0
Total TX rate:                       0
Total RX rate:                13512056
Total drop rate:                     0
====================================================


Signal 15 received, preparing to exit...
Closing port 0... Done
Closing port 1... Done
Closing port 2... Done
Closing port 3... Done
Bye...
