EAL: Detected 40 lcore(s)
EAL: Detected 2 NUMA nodes
EAL: Multi-process socket /var/run/dpdk/rte/mp_socket
EAL: No free hugepages reported in hugepages-1048576kB
EAL: Probing VFIO support...
EAL: PCI device 0000:05:08.0 on NUMA socket 0
EAL:   probe driver: 19ee:6003 net_nfp_vf
EAL: PCI device 0000:05:08.1 on NUMA socket 0
EAL:   probe driver: 19ee:6003 net_nfp_vf
EAL: PCI device 0000:05:08.2 on NUMA socket 0
EAL:   probe driver: 19ee:6003 net_nfp_vf
EAL: PCI device 0000:05:08.3 on NUMA socket 0
EAL:   probe driver: 19ee:6003 net_nfp_vf
MAC updating enabled
Lcore 0: RX port 0
Lcore 2: RX port 1
Lcore 4: RX port 2
Lcore 6: RX port 3
Initializing port 0... done: 
Port 0, MAC address: 00:15:4D:00:00:00

Initializing port 1... done: 
Port 1, MAC address: 00:15:4D:00:00:01

Initializing port 2... done: 
Port 2, MAC address: 00:15:4D:00:00:02

Initializing port 3... done: 
Port 3, MAC address: 00:15:4D:00:00:03


Checking link statusdone
Port0 Link Up. Speed 0 Mbps - full-duplex
Port1 Link Up. Speed 0 Mbps - full-duplex
Port2 Link Up. Speed 0 Mbps - full-duplex
Port3 Link Up. Speed 0 Mbps - full-duplex
L2FWD: entering main loop on lcore 2
L2FWD:  -- lcoreid=2 portid=1
L2FWD: entering main loop on lcore 6
L2FWD:  -- lcoreid=6 portid=3
L2FWD: lcore 10 has nothing to do
L2FWD: lcore 8 has nothing to do
L2FWD: lcore 12 has nothing to do
L2FWD: entering main loop on lcore 0
L2FWD:  -- lcoreid=0 portid=0
[2J[1;1H
Port statistics ====================================
Statistics for port 0 ------------------------------
Packets sent:                        0
Packets received:                    0
Packets dropped:                     0
TX rate:                             0
RX rate:                             0
Drop rate:                           0
Statistics for port 1 ------------------------------
Packets sent:                        0
Packets received:                 4549
Packets dropped:                     0
TX rate:                             0
RX rate:                           456
Drop rate:                           0
Statistics for port 2 ------------------------------
Packets sent:                        0
Packets received:                    0
Packets dropped:                     0
TX rate:                             0
RX rate:                             0
Drop rate:                           0
Statistics for port 3 ------------------------------
Packets sent:                        0
Packets received:                 3593
Packets dropped:                     0
TX rate:                             0
RX rate:                           359
Drop rate:                           0L2FWD: lcore 14 has nothing to do

Aggregate statistics ===============================
Total packets sent:                  0
Total packets received:           8181
Total packets dropped:               0
Total TX rate:                       0
Total RX rate:                     815
Total drop rate:                     0
====================================================
L2FWD: entering main loop on lcore 4
L2FWD:  -- lcoreid=4 portid=2
[2J[1;1H
Port statistics ====================================
Statistics for port 0 ------------------------------
Packets sent:                        0
Packets received:             62751113
Packets dropped:                     0
TX rate:                             0
RX rate:                       6275111
Drop rate:                           0
Statistics for port 1 ------------------------------
Packets sent:                        0
Packets received:             62731385
Packets dropped:                     0
TX rate:                             0
RX rate:                       6272683
Drop rate:                           0
Statistics for port 2 ------------------------------
Packets sent:                        0
Packets received:             62720553
Packets dropped:                     0
TX rate:                             0
RX rate:                       6272055
Drop rate:                           0
Statistics for port 3 ------------------------------
Packets sent:                        0
Packets received:             62740014
Packets dropped:                     0
TX rate:                             0
RX rate:                       6273641
Drop rate:                           0
Aggregate statistics ===============================
Total packets sent:                  0
Total packets received:      250943092
Total packets dropped:               0
Total TX rate:                       0
Total RX rate:                25093490
Total drop rate:                     0
====================================================
[2J[1;1H
Port statistics ====================================
Statistics for port 0 ------------------------------
Packets sent:                        0
Packets received:            125481375
Packets dropped:                     0
TX rate:                             0
RX rate:                       6273026
Drop rate:                           0
Statistics for port 1 ------------------------------
Packets sent:                        0
Packets received:            125461932
Packets dropped:                     0
TX rate:                             0
RX rate:                       6273054
Drop rate:                           0
Statistics for port 2 ------------------------------
Packets sent:                        0
Packets received:            125462970
Packets dropped:                     0
TX rate:                             0
RX rate:                       6274243
Drop rate:                           0
Statistics for port 3 ------------------------------
Packets sent:                        0
Packets received:            125484695
Packets dropped:                     0
TX rate:                             0
RX rate:                       6274468
Drop rate:                           0
Aggregate statistics ===============================
Total packets sent:                  0
Total packets received:      501890987
Total packets dropped:               0
Total TX rate:                       0
Total RX rate:                25094791
Total drop rate:                     0
====================================================
[2J[1;1H
Port statistics ====================================
Statistics for port 0 ------------------------------
Packets sent:                        0
Packets received:            188217643
Packets dropped:                     0
TX rate:                             0
RX rate:                       6273626
Drop rate:                           0
Statistics for port 1 ------------------------------
Packets sent:                        0
Packets received:            188196284
Packets dropped:                     0
TX rate:                             0
RX rate:                       6273435
Drop rate:                           0
Statistics for port 2 ------------------------------
Packets sent:                        0
Packets received:            188201830
Packets dropped:                     0
TX rate:                             0
RX rate:                       6273884
Drop rate:                           0
Statistics for port 3 ------------------------------
Packets sent:                        0
Packets received:            188222868
Packets dropped:                     0
TX rate:                             0
RX rate:                       6273817
Drop rate:                           0
Aggregate statistics ===============================
Total packets sent:                  0
Total packets received:      752838642
Total packets dropped:               0
Total TX rate:                       0
Total RX rate:                25094762
Total drop rate:                     0
====================================================


Signal 15 received, preparing to exit...
Closing port 0... Done
Closing port 1... Done
Closing port 2... Done
Closing port 3... Done
Bye...
