EAL: Detected 40 lcore(s)
EAL: Detected 2 NUMA nodes
EAL: Multi-process socket /var/run/dpdk/rte/mp_socket
EAL: No free hugepages reported in hugepages-1048576kB
EAL: Probing VFIO support...
EAL: PCI device 0000:05:08.0 on NUMA socket 0
EAL:   probe driver: 19ee:6003 net_nfp_vf
EAL: PCI device 0000:05:08.1 on NUMA socket 0
EAL:   probe driver: 19ee:6003 net_nfp_vf
EAL: PCI device 0000:05:08.2 on NUMA socket 0
EAL:   probe driver: 19ee:6003 net_nfp_vf
EAL: PCI device 0000:05:08.3 on NUMA socket 0
EAL:   probe driver: 19ee:6003 net_nfp_vf
MAC updating enabled
Lcore 0: RX port 0
Lcore 2: RX port 1
Lcore 4: RX port 2
Lcore 6: RX port 3
Initializing port 0... done: 
Port 0, MAC address: 00:15:4D:00:00:00

Initializing port 1... done: 
Port 1, MAC address: 00:15:4D:00:00:01

Initializing port 2... done: 
Port 2, MAC address: 00:15:4D:00:00:02

Initializing port 3... done: 
Port 3, MAC address: 00:15:4D:00:00:03


Checking link statusdone
Port0 Link Up. Speed 0 Mbps - full-duplex
Port1 Link Up. Speed 0 Mbps - full-duplex
Port2 Link Up. Speed 0 Mbps - full-duplex
Port3 Link Up. Speed 0 Mbps - full-duplex
L2FWD: entering main loop on lcore 2
L2FWD:  -- lcoreid=2 portid=1
L2FWD: entering main loop on lcore 6
L2FWD:  -- lcoreid=6 portid=3
L2FWD: lcore 10 has nothing to do
L2FWD: lcore 8 has nothing to do
L2FWD: lcore 12 has nothing to do
L2FWD: entering main loop on lcore 0
L2FWD:  -- lcoreid=0 portid=0
[2J[1;1H
Port statistics ====================================
Statistics for port 0 ------------------------------
Packets sent:                        0
Packets received:                    0
Packets dropped:                     0
TX rate:                             0
RX rate:                             0
Drop rate:                           0
Statistics for port 1 ------------------------------
Packets sent:                        0
Packets received:                 2733
Packets dropped:                     0
TX rate:                             0
RX rate:                           274
Drop rate:                           0
Statistics for port 2 ------------------------------
Packets sent:                        0
Packets received:                    0
Packets dropped:                     0
TX rate:                             0
RX rate:                             0
Drop rate:                           0L2FWD: lcore 14 has nothing to do

Statistics for port 3 ------------------------------
Packets sent:                        0
Packets received:                 2304
Packets dropped:                     0
TX rate:                             0
RX rate:                           235
Drop rate:                           0
Aggregate statistics ===============================
Total packets sent:                  0
Total packets received:           5101
Total packets dropped:               0
Total TX rate:                       0
Total RX rate:                     509
Total drop rate:                     0
====================================================
L2FWD: entering main loop on lcore 4
L2FWD:  -- lcoreid=4 portid=2
[2J[1;1H
Port statistics ====================================
Statistics for port 0 ------------------------------
Packets sent:                        0
Packets received:             60782830
Packets dropped:                     0
TX rate:                             0
RX rate:                       6078283
Drop rate:                           0
Statistics for port 1 ------------------------------
Packets sent:                        0
Packets received:             60789007
Packets dropped:                     0
TX rate:                             0
RX rate:                       6078626
Drop rate:                           0
Statistics for port 2 ------------------------------
Packets sent:                        0
Packets received:             60752111
Packets dropped:                     0
TX rate:                             0
RX rate:                       6075211
Drop rate:                           0
Statistics for port 3 ------------------------------
Packets sent:                        0
Packets received:             60771362
Packets dropped:                     0
TX rate:                             0
RX rate:                       6076900
Drop rate:                           0
Aggregate statistics ===============================
Total packets sent:                  0
Total packets received:      243095335
Total packets dropped:               0
Total TX rate:                       0
Total RX rate:                24309020
Total drop rate:                     0
====================================================
[2J[1;1H
Port statistics ====================================
Statistics for port 0 ------------------------------
Packets sent:                        0
Packets received:            119371570
Packets dropped:                     0
TX rate:                             0
RX rate:                       5858874
Drop rate:                           0
Statistics for port 1 ------------------------------
Packets sent:                        0
Packets received:            119373764
Packets dropped:                     0
TX rate:                             0
RX rate:                       5858476
Drop rate:                           0
Statistics for port 2 ------------------------------
Packets sent:                        0
Packets received:            119331612
Packets dropped:                     0
TX rate:                             0
RX rate:                       5857951
Drop rate:                           0
Statistics for port 3 ------------------------------
Packets sent:                        0
Packets received:            119361892
Packets dropped:                     0
TX rate:                             0
RX rate:                       5859053
Drop rate:                           0
Aggregate statistics ===============================
Total packets sent:                  0
Total packets received:      477438865
Total packets dropped:               0
Total TX rate:                       0
Total RX rate:                23434354
Total drop rate:                     0
====================================================
[2J[1;1H
Port statistics ====================================
Statistics for port 0 ------------------------------
Packets sent:                        0
Packets received:            177936749
Packets dropped:                     0
TX rate:                             0
RX rate:                       5856517
Drop rate:                           0
Statistics for port 1 ------------------------------
Packets sent:                        0
Packets received:            177919154
Packets dropped:                     0
TX rate:                             0
RX rate:                       5854539
Drop rate:                           0
Statistics for port 2 ------------------------------
Packets sent:                        0
Packets received:            177888896
Packets dropped:                     0
TX rate:                             0
RX rate:                       5855727
Drop rate:                           0
Statistics for port 3 ------------------------------
Packets sent:                        0
Packets received:            177903482
Packets dropped:                     0
TX rate:                             0
RX rate:                       5854159
Drop rate:                           0
Aggregate statistics ===============================
Total packets sent:                  0
Total packets received:      711648297
Total packets dropped:               0
Total TX rate:                       0
Total RX rate:                23420942
Total drop rate:                     0
====================================================


Signal 15 received, preparing to exit...
Closing port 0... Done
Closing port 1... Done
Closing port 2... Done
Closing port 3... Done
Bye...
