EAL: Detected 40 lcore(s)
EAL: Detected 2 NUMA nodes
EAL: Multi-process socket /var/run/dpdk/rte/mp_socket
EAL: No free hugepages reported in hugepages-1048576kB
EAL: Probing VFIO support...
EAL: PCI device 0000:05:08.0 on NUMA socket 0
EAL:   probe driver: 19ee:6003 net_nfp_vf
EAL: PCI device 0000:05:08.1 on NUMA socket 0
EAL:   probe driver: 19ee:6003 net_nfp_vf
EAL: PCI device 0000:05:08.2 on NUMA socket 0
EAL:   probe driver: 19ee:6003 net_nfp_vf
EAL: PCI device 0000:05:08.3 on NUMA socket 0
EAL:   probe driver: 19ee:6003 net_nfp_vf
MAC updating enabled
Lcore 0: RX port 0
Lcore 2: RX port 1
Lcore 4: RX port 2
Lcore 6: RX port 3
Initializing port 0... done: 
Port 0, MAC address: 00:15:4D:00:00:00

Initializing port 1... done: 
Port 1, MAC address: 00:15:4D:00:00:01

Initializing port 2... done: 
Port 2, MAC address: 00:15:4D:00:00:02

Initializing port 3... done: 
Port 3, MAC address: 00:15:4D:00:00:03


Checking link statusdone
Port0 Link Up. Speed 0 Mbps - full-duplex
Port1 Link Up. Speed 0 Mbps - full-duplex
Port2 Link Up. Speed 0 Mbps - full-duplex
Port3 Link Up. Speed 0 Mbps - full-duplex
L2FWD: entering main loop on lcore 2
L2FWD:  -- lcoreid=2 portid=1
L2FWD: entering main loop on lcore 4
L2FWD:  -- lcoreid=4 portid=2
L2FWD: lcore 10 has nothing to do
L2FWD: lcore 8 has nothing to do
L2FWD: entering main loop on lcore 6
L2FWD:  -- lcoreid=6 portid=3
L2FWD: lcore 12 has nothing to do
L2FWD: lcore 14 has nothing to do
L2FWD: entering main loop on lcore 0
L2FWD:  -- lcoreid=0 portid=0
[2J[1;1H
Port statistics ====================================
Statistics for port 0 ------------------------------
Packets sent:                        0
Packets received:                    0
Packets dropped:                     0
TX rate:                             0
RX rate:                             0
Drop rate:                           0
Statistics for port 1 ------------------------------
Packets sent:                        0
Packets received:                 7048
Packets dropped:                     0
TX rate:                             0
RX rate:                           705
Drop rate:                           0
Statistics for port 2 ------------------------------
Packets sent:                        0
Packets received:                 6350
Packets dropped:                     0
TX rate:                             0
RX rate:                           635
Drop rate:                           0
Statistics for port 3 ------------------------------
Packets sent:                        0
Packets received:                 5188
Packets dropped:                     0
TX rate:                             0
RX rate:                           520
Drop rate:                           0
Aggregate statistics ===============================
Total packets sent:                  0
Total packets received:          18617
Total packets dropped:               0
Total TX rate:                       0
Total RX rate:                    1860
Total drop rate:                     0
====================================================
[2J[1;1H
Port statistics ====================================
Statistics for port 0 ------------------------------
Packets sent:                        0
Packets received:             61115987
Packets dropped:                     0
TX rate:                             0
RX rate:                       6111598
Drop rate:                           0
Statistics for port 1 ------------------------------
Packets sent:                        0
Packets received:             61111132
Packets dropped:                     0
TX rate:                             0
RX rate:                       6110407
Drop rate:                           0
Statistics for port 2 ------------------------------
Packets sent:                        0
Packets received:             61117751
Packets dropped:                     0
TX rate:                             0
RX rate:                       6111141
Drop rate:                           0
Statistics for port 3 ------------------------------
Packets sent:                        0
Packets received:             61135709
Packets dropped:                     0
TX rate:                             0
RX rate:                       6113050
Drop rate:                           0
Aggregate statistics ===============================
Total packets sent:                  0
Total packets received:      244480596
Total packets dropped:               0
Total TX rate:                       0
Total RX rate:                24446196
Total drop rate:                     0
====================================================
[2J[1;1H
Port statistics ====================================
Statistics for port 0 ------------------------------
Packets sent:                        0
Packets received:            122197456
Packets dropped:                     0
TX rate:                             0
RX rate:                       6108146
Drop rate:                           0
Statistics for port 1 ------------------------------
Packets sent:                        0
Packets received:            122197915
Packets dropped:                     0
TX rate:                             0
RX rate:                       6108678
Drop rate:                           0
Statistics for port 2 ------------------------------
Packets sent:                        0
Packets received:            122167585
Packets dropped:                     0
TX rate:                             0
RX rate:                       6104981
Drop rate:                           0
Statistics for port 3 ------------------------------
Packets sent:                        0
Packets received:            122178688
Packets dropped:                     0
TX rate:                             0
RX rate:                       6104297
Drop rate:                           0
Aggregate statistics ===============================
Total packets sent:                  0
Total packets received:      488741663
Total packets dropped:               0
Total TX rate:                       0
Total RX rate:                24426102
Total drop rate:                     0
====================================================
[2J[1;1H
Port statistics ====================================
Statistics for port 0 ------------------------------
Packets sent:                        0
Packets received:            183264634
Packets dropped:                     0
TX rate:                             0
RX rate:                       6106717
Drop rate:                           0
Statistics for port 1 ------------------------------
Packets sent:                        0
Packets received:            183256945
Packets dropped:                     0
TX rate:                             0
RX rate:                       6105903
Drop rate:                           0
Statistics for port 2 ------------------------------
Packets sent:                        0
Packets received:            183242535
Packets dropped:                     0
TX rate:                             0
RX rate:                       6107495
Drop rate:                           0
Statistics for port 3 ------------------------------
Packets sent:                        0
Packets received:            183237459
Packets dropped:                     0
TX rate:                             0
RX rate:                       6105877
Drop rate:                           0
Aggregate statistics ===============================
Total packets sent:                  0
Total packets received:      733001573
Total packets dropped:               0
Total TX rate:                       0
Total RX rate:                24425992
Total drop rate:                     0
====================================================


Signal 15 received, preparing to exit...
Closing port 0... Done
Closing port 1... Done
Closing port 2... Done
Closing port 3... Done
Bye...
