EAL: Detected 40 lcore(s)
EAL: Detected 2 NUMA nodes
EAL: Multi-process socket /var/run/dpdk/rte/mp_socket
EAL: No free hugepages reported in hugepages-1048576kB
EAL: Probing VFIO support...
EAL: PCI device 0000:05:08.0 on NUMA socket 0
EAL:   probe driver: 19ee:6003 net_nfp_vf
EAL: PCI device 0000:05:08.1 on NUMA socket 0
EAL:   probe driver: 19ee:6003 net_nfp_vf
EAL: PCI device 0000:05:08.2 on NUMA socket 0
EAL:   probe driver: 19ee:6003 net_nfp_vf
EAL: PCI device 0000:05:08.3 on NUMA socket 0
EAL:   probe driver: 19ee:6003 net_nfp_vf
MAC updating enabled
Lcore 0: RX port 0
Lcore 2: RX port 1
Lcore 4: RX port 2
Lcore 6: RX port 3
Initializing port 0... done: 
Port 0, MAC address: 00:15:4D:00:00:00

Initializing port 1... done: 
Port 1, MAC address: 00:15:4D:00:00:01

Initializing port 2... done: 
Port 2, MAC address: 00:15:4D:00:00:02

Initializing port 3... done: 
Port 3, MAC address: 00:15:4D:00:00:03


Checking link statusdone
Port0 Link Up. Speed 0 Mbps - full-duplex
Port1 Link Up. Speed 0 Mbps - full-duplex
Port2 Link Up. Speed 0 Mbps - full-duplex
Port3 Link Up. Speed 0 Mbps - full-duplex
L2FWD: entering main loop on lcore 2
L2FWD:  -- lcoreid=2 portid=1
L2FWD: entering main loop on lcore 6
L2FWD:  -- lcoreid=6 portid=3
L2FWD: lcore 10 has nothing to do
L2FWD: lcore 8 has nothing to do
L2FWD: lcore 12 has nothing to do
L2FWD: lcore 14 has nothing to do
L2FWD: entering main loop on lcore 0
L2FWD:  -- lcoreid=0 portid=0
[2J[1;1H
Port statistics ====================================
Statistics for port 0 ------------------------------
Packets sent:                        0
Packets received:                    0
Packets dropped:                     0
TX rate:                             0
RX rate:                             0
Drop rate:                           0
Statistics for port 1 ------------------------------
Packets sent:                        0
Packets received:                 3241
Packets dropped:                     0
TX rate:                             0
RX rate:                           324
Drop rate:                           0
Statistics for port 2 ------------------------------
Packets sent:                        0
Packets received:                    0
Packets dropped:                     0
TX rate:                             0
RX rate:                             0
Drop rate:                           0
Statistics for port 3 ------------------------------
Packets sent:                        0
Packets received:                 2680
Packets dropped:                     0
TX rate:                             0
RX rate:                           268
Drop rate:                           0
Aggregate statistics ===============================
Total packets sent:                  0
Total packets received:           5932
Total packets dropped:               0
Total TX rate:                       0
Total RX rate:                     592
Total drop rate:                     0
====================================================
L2FWD: entering main loop on lcore 4
L2FWD:  -- lcoreid=4 portid=2
[2J[1;1H
Port statistics ====================================
Statistics for port 0 ------------------------------
Packets sent:                        0
Packets received:             60927380
Packets dropped:                     0
TX rate:                             0
RX rate:                       6092738
Drop rate:                           0
Statistics for port 1 ------------------------------
Packets sent:                        0
Packets received:             60942227
Packets dropped:                     0
TX rate:                             0
RX rate:                       6093898
Drop rate:                           0
Statistics for port 2 ------------------------------
Packets sent:                        0
Packets received:             60937246
Packets dropped:                     0
TX rate:                             0
RX rate:                       6093725
Drop rate:                           0
Statistics for port 3 ------------------------------
Packets sent:                        0
Packets received:             60944577
Packets dropped:                     0
TX rate:                             0
RX rate:                       6094188
Drop rate:                           0
Aggregate statistics ===============================
Total packets sent:                  0
Total packets received:      243751442
Total packets dropped:               0
Total TX rate:                       0
Total RX rate:                24374549
Total drop rate:                     0
====================================================
[2J[1;1H
Port statistics ====================================
Statistics for port 0 ------------------------------
Packets sent:                        0
Packets received:            121816681
Packets dropped:                     0
TX rate:                             0
RX rate:                       6088930
Drop rate:                           0
Statistics for port 1 ------------------------------
Packets sent:                        0
Packets received:            121846544
Packets dropped:                     0
TX rate:                             0
RX rate:                       6090431
Drop rate:                           0
Statistics for port 2 ------------------------------
Packets sent:                        0
Packets received:            121845217
Packets dropped:                     0
TX rate:                             0
RX rate:                       6090797
Drop rate:                           0
Statistics for port 3 ------------------------------
Packets sent:                        0
Packets received:            121858462
Packets dropped:                     0
TX rate:                             0
RX rate:                       6091388
Drop rate:                           0
Aggregate statistics ===============================
Total packets sent:                  0
Total packets received:      487366934
Total packets dropped:               0
Total TX rate:                       0
Total RX rate:                24361546
Total drop rate:                     0
====================================================
[2J[1;1H
Port statistics ====================================
Statistics for port 0 ------------------------------
Packets sent:                        0
Packets received:            182701508
Packets dropped:                     0
TX rate:                             0
RX rate:                       6088482
Drop rate:                           0
Statistics for port 1 ------------------------------
Packets sent:                        0
Packets received:            182769716
Packets dropped:                     0
TX rate:                             0
RX rate:                       6092317
Drop rate:                           0
Statistics for port 2 ------------------------------
Packets sent:                        0
Packets received:            182756718
Packets dropped:                     0
TX rate:                             0
RX rate:                       6091148
Drop rate:                           0
Statistics for port 3 ------------------------------
Packets sent:                        0
Packets received:            182758187
Packets dropped:                     0
TX rate:                             0
RX rate:                       6089972
Drop rate:                           0
Aggregate statistics ===============================
Total packets sent:                  0
Total packets received:      730986145
Total packets dropped:               0
Total TX rate:                       0
Total RX rate:                24361919
Total drop rate:                     0
====================================================


Signal 15 received, preparing to exit...
Closing port 0... Done
Closing port 1... Done
Closing port 2... Done
Closing port 3... Done
Bye...
