EAL: Detected 40 lcore(s)
EAL: Detected 2 NUMA nodes
EAL: Multi-process socket /var/run/dpdk/rte/mp_socket
EAL: No free hugepages reported in hugepages-1048576kB
EAL: Probing VFIO support...
EAL: PCI device 0000:05:08.0 on NUMA socket 0
EAL:   probe driver: 19ee:6003 net_nfp_vf
EAL: PCI device 0000:05:08.1 on NUMA socket 0
EAL:   probe driver: 19ee:6003 net_nfp_vf
EAL: PCI device 0000:05:08.2 on NUMA socket 0
EAL:   probe driver: 19ee:6003 net_nfp_vf
EAL: PCI device 0000:05:08.3 on NUMA socket 0
EAL:   probe driver: 19ee:6003 net_nfp_vf
MAC updating enabled
Lcore 0: RX port 0
Lcore 2: RX port 1
Lcore 4: RX port 2
Lcore 6: RX port 3
Initializing port 0... done: 
Port 0, MAC address: 00:15:4D:00:00:00

Initializing port 1... done: 
Port 1, MAC address: 00:15:4D:00:00:01

Initializing port 2... done: 
Port 2, MAC address: 00:15:4D:00:00:02

Initializing port 3... done: 
Port 3, MAC address: 00:15:4D:00:00:03


Checking link statusdone
Port0 Link Up. Speed 0 Mbps - full-duplex
Port1 Link Up. Speed 0 Mbps - full-duplex
Port2 Link Up. Speed 0 Mbps - full-duplex
Port3 Link Up. Speed 0 Mbps - full-duplex
L2FWD: entering main loop on lcore 2
L2FWD:  -- lcoreid=2 portid=1
L2FWD: entering main loop on lcore 6
L2FWD:  -- lcoreid=6 portid=3
L2FWD: lcore 10 has nothing to do
L2FWD: lcore 8 has nothing to do
L2FWD: lcore 14 has nothing to do
L2FWD: entering main loop on lcore 0
L2FWD:  -- lcoreid=0 portid=0
[2J[1;1H
Port statistics ====================================
Statistics for port 0 ------------------------------
Packets sent:                        0
Packets received:                    0
Packets dropped:                     0
TX rate:                             0
RX rate:                             0
Drop rate:                           0
Statistics for port 1 ------------------------------
Packets sent:                        0
Packets received:                 2915
Packets dropped:                     0
TX rate:                             0
RX rate:                           292
Drop rate:                           0
Statistics for port 2 ------------------------------
Packets sent:                        0
Packets received:                    0
Packets dropped:                     0
TX rate:                             0
RX rate:                             0
Drop rate:                           0
Statistics for port 3 ------------------------------
Packets sent:                        0
Packets received:                 2304
Packets dropped:                     0
TX rate:                             0
RX rate:                           230
Drop rate:                           0L2FWD: lcore 12 has nothing to do

Aggregate statistics ===============================
Total packets sent:                  0
Total packets received:           5238
Total packets dropped:               0
Total TX rate:                       0
Total RX rate:                     522
Total drop rate:                     0
====================================================
L2FWD: entering main loop on lcore 4
L2FWD:  -- lcoreid=4 portid=2
[2J[1;1H
Port statistics ====================================
Statistics for port 0 ------------------------------
Packets sent:                        0
Packets received:             60970297
Packets dropped:                     0
TX rate:                             0
RX rate:                       6097029
Drop rate:                           0
Statistics for port 1 ------------------------------
Packets sent:                        0
Packets received:             60960231
Packets dropped:                     0
TX rate:                             0
RX rate:                       6095732
Drop rate:                           0
Statistics for port 2 ------------------------------
Packets sent:                        0
Packets received:             60954442
Packets dropped:                     0
TX rate:                             0
RX rate:                       6095445
Drop rate:                           0
Statistics for port 3 ------------------------------
Packets sent:                        0
Packets received:             60953797
Packets dropped:                     0
TX rate:                             0
RX rate:                       6095149
Drop rate:                           0
Aggregate statistics ===============================
Total packets sent:                  0
Total packets received:      243838792
Total packets dropped:               0
Total TX rate:                       0
Total RX rate:                24383355
Total drop rate:                     0
====================================================
[2J[1;1H
Port statistics ====================================
Statistics for port 0 ------------------------------
Packets sent:                        0
Packets received:            121911121
Packets dropped:                     0
TX rate:                             0
RX rate:                       6094082
Drop rate:                           0
Statistics for port 1 ------------------------------
Packets sent:                        0
Packets received:            121886923
Packets dropped:                     0
TX rate:                             0
RX rate:                       6092668
Drop rate:                           0
Statistics for port 2 ------------------------------
Packets sent:                        0
Packets received:            121896340
Packets dropped:                     0
TX rate:                             0
RX rate:                       6094190
Drop rate:                           0
Statistics for port 3 ------------------------------
Packets sent:                        0
Packets received:            121881126
Packets dropped:                     0
TX rate:                             0
RX rate:                       6092734
Drop rate:                           0
Aggregate statistics ===============================
Total packets sent:                  0
Total packets received:      487575547
Total packets dropped:               0
Total TX rate:                       0
Total RX rate:                24373674
Total drop rate:                     0
====================================================
[2J[1;1H
Port statistics ====================================
Statistics for port 0 ------------------------------
Packets sent:                        0
Packets received:            182827417
Packets dropped:                     0
TX rate:                             0
RX rate:                       6091629
Drop rate:                           0
Statistics for port 1 ------------------------------
Packets sent:                        0
Packets received:            182825342
Packets dropped:                     0
TX rate:                             0
RX rate:                       6093841
Drop rate:                           0
Statistics for port 2 ------------------------------
Packets sent:                        0
Packets received:            182826211
Packets dropped:                     0
TX rate:                             0
RX rate:                       6092984
Drop rate:                           0
Statistics for port 3 ------------------------------
Packets sent:                        0
Packets received:            182843643
Packets dropped:                     0
TX rate:                             0
RX rate:                       6096250
Drop rate:                           0
Aggregate statistics ===============================
Total packets sent:                  0
Total packets received:      731322620
Total packets dropped:               0
Total TX rate:                       0
Total RX rate:                24374704
Total drop rate:                     0
====================================================


Signal 15 received, preparing to exit...
Closing port 0... Done
Closing port 1... Done
Closing port 2... Done
Closing port 3... Done
Bye...
