EAL: Detected 40 lcore(s)
EAL: Detected 2 NUMA nodes
EAL: Multi-process socket /var/run/dpdk/rte/mp_socket
EAL: No free hugepages reported in hugepages-1048576kB
EAL: Probing VFIO support...
EAL: PCI device 0000:05:08.0 on NUMA socket 0
EAL:   probe driver: 19ee:6003 net_nfp_vf
EAL: PCI device 0000:05:08.1 on NUMA socket 0
EAL:   probe driver: 19ee:6003 net_nfp_vf
EAL: PCI device 0000:05:08.2 on NUMA socket 0
EAL:   probe driver: 19ee:6003 net_nfp_vf
EAL: PCI device 0000:05:08.3 on NUMA socket 0
EAL:   probe driver: 19ee:6003 net_nfp_vf
MAC updating enabled
Lcore 0: RX port 0
Lcore 2: RX port 1
Lcore 4: RX port 2
Lcore 6: RX port 3
Initializing port 0... done: 
Port 0, MAC address: 00:15:4D:00:00:00

Initializing port 1... done: 
Port 1, MAC address: 00:15:4D:00:00:01

Initializing port 2... done: 
Port 2, MAC address: 00:15:4D:00:00:02

Initializing port 3... done: 
Port 3, MAC address: 00:15:4D:00:00:03


Checking link statusdone
Port0 Link Up. Speed 0 Mbps - full-duplex
Port1 Link Up. Speed 0 Mbps - full-duplex
Port2 Link Up. Speed 0 Mbps - full-duplex
Port3 Link Up. Speed 0 Mbps - full-duplex
L2FWD: entering main loop on lcore 2
L2FWD:  -- lcoreid=2 portid=1
L2FWD: lcore 8 has nothing to do
L2FWD: entering main loop on lcore 6
L2FWD:  -- lcoreid=6 portid=3
L2FWD: lcore 10 has nothing to do
L2FWD: entering main loop on lcore 0
L2FWD:  -- lcoreid=0 portid=0
[2J[1;1H
Port statistics ====================================
Statistics for port 0 ------------------------------
Packets sent:                        0
Packets received:                    0
Packets dropped:                     0
TX rate:                             0
RX rate:                             0
Drop rate:                           0
Statistics for port 1 ------------------------------
Packets sent:                        0
Packets received:                 2823
Packets dropped:                     0
TX rate:                             0
RX rate:                           282
Drop rate:                           0
Statistics for port 2 ------------------------------
Packets sent:                        0
Packets received:                    0
Packets dropped:                     0
TX rate:                             0
RX rate:                             0
Drop rate:                           0
Statistics for port 3 ------------------------------
Packets sent:                        0
Packets received:                 1590
Packets dropped:                     0
TX rate:                             0
RX rate:                           159
Drop rate:                           0
Aggregate statistics ===============================
Total packets sent:                  0
Total packets received:           4424
Total packets dropped:               0
Total TX rate:                       0
Total RX rate:                     441
Total drop rate:                     0L2FWD: lcore 12 has nothing to do

====================================================
L2FWD: lcore 14 has nothing to do
L2FWD: entering main loop on lcore 4
L2FWD:  -- lcoreid=4 portid=2
[2J[1;1H
Port statistics ====================================
Statistics for port 0 ------------------------------
Packets sent:                        0
Packets received:             45187989
Packets dropped:                     0
TX rate:                             0
RX rate:                       4518798
Drop rate:                           0
Statistics for port 1 ------------------------------
Packets sent:                        0
Packets received:             45177344
Packets dropped:                     0
TX rate:                             0
RX rate:                       4517451
Drop rate:                           0
Statistics for port 2 ------------------------------
Packets sent:                        0
Packets received:             45181590
Packets dropped:                     0
TX rate:                             0
RX rate:                       4518159
Drop rate:                           0
Statistics for port 3 ------------------------------
Packets sent:                        0
Packets received:             45177088
Packets dropped:                     0
TX rate:                             0
RX rate:                       4517551
Drop rate:                           0
Aggregate statistics ===============================
Total packets sent:                  0
Total packets received:      180724023
Total packets dropped:               0
Total TX rate:                       0
Total RX rate:                18071959
Total drop rate:                     0
====================================================
[2J[1;1H
Port statistics ====================================
Statistics for port 0 ------------------------------
Packets sent:                        0
Packets received:             89655834
Packets dropped:                     0
TX rate:                             0
RX rate:                       4446784
Drop rate:                           0
Statistics for port 1 ------------------------------
Packets sent:                        0
Packets received:             89660999
Packets dropped:                     0
TX rate:                             0
RX rate:                       4448365
Drop rate:                           0
Statistics for port 2 ------------------------------
Packets sent:                        0
Packets received:             89656522
Packets dropped:                     0
TX rate:                             0
RX rate:                       4447493
Drop rate:                           0
Statistics for port 3 ------------------------------
Packets sent:                        0
Packets received:             89648946
Packets dropped:                     0
TX rate:                             0
RX rate:                       4447184
Drop rate:                           0
Aggregate statistics ===============================
Total packets sent:                  0
Total packets received:      358622314
Total packets dropped:               0
Total TX rate:                       0
Total RX rate:                17789826
Total drop rate:                     0
====================================================
[2J[1;1H
Port statistics ====================================
Statistics for port 0 ------------------------------
Packets sent:                        0
Packets received:            134175396
Packets dropped:                     0
TX rate:                             0
RX rate:                       4451956
Drop rate:                           0
Statistics for port 1 ------------------------------
Packets sent:                        0
Packets received:            134164092
Packets dropped:                     0
TX rate:                             0
RX rate:                       4450309
Drop rate:                           0
Statistics for port 2 ------------------------------
Packets sent:                        0
Packets received:            134169140
Packets dropped:                     0
TX rate:                             0
RX rate:                       4451261
Drop rate:                           0
Statistics for port 3 ------------------------------
Packets sent:                        0
Packets received:            134175999
Packets dropped:                     0
TX rate:                             0
RX rate:                       4452705
Drop rate:                           0
Aggregate statistics ===============================
Total packets sent:                  0
Total packets received:      536684627
Total packets dropped:               0
Total TX rate:                       0
Total RX rate:                17806231
Total drop rate:                     0
====================================================


Signal 15 received, preparing to exit...
Closing port 0... Done
Closing port 1... Done
Closing port 2... Done
Closing port 3... Done
Bye...
