EAL: Detected 40 lcore(s)
EAL: Detected 2 NUMA nodes
EAL: Multi-process socket /var/run/dpdk/rte/mp_socket
EAL: No free hugepages reported in hugepages-1048576kB
EAL: Probing VFIO support...
EAL: PCI device 0000:05:08.0 on NUMA socket 0
EAL:   probe driver: 19ee:6003 net_nfp_vf
EAL: PCI device 0000:05:08.1 on NUMA socket 0
EAL:   probe driver: 19ee:6003 net_nfp_vf
EAL: PCI device 0000:05:08.2 on NUMA socket 0
EAL:   probe driver: 19ee:6003 net_nfp_vf
EAL: PCI device 0000:05:08.3 on NUMA socket 0
EAL:   probe driver: 19ee:6003 net_nfp_vf
MAC updating enabled
Lcore 0: RX port 0
Lcore 2: RX port 1
Lcore 4: RX port 2
Lcore 6: RX port 3
Initializing port 0... done: 
Port 0, MAC address: 00:15:4D:00:00:00

Initializing port 1... done: 
Port 1, MAC address: 00:15:4D:00:00:01

Initializing port 2... done: 
Port 2, MAC address: 00:15:4D:00:00:02

Initializing port 3... done: 
Port 3, MAC address: 00:15:4D:00:00:03


Checking link statusdone
Port0 Link Up. Speed 0 Mbps - full-duplex
Port1 Link Up. Speed 0 Mbps - full-duplex
Port2 Link Up. Speed 0 Mbps - full-duplex
Port3 Link Up. Speed 0 Mbps - full-duplex
L2FWD: entering main loop on lcore 2
L2FWD:  -- lcoreid=2 portid=1
L2FWD: entering main loop on lcore 6
L2FWD:  -- lcoreid=6 portid=3
L2FWD: entering main loop on lcore 4
L2FWD:  -- lcoreid=4 portid=2
L2FWD: lcore 10 has nothing to do
L2FWD: lcore 14 has nothing to do
L2FWD: lcore 8 has nothing to do
L2FWD: entering main loop on lcore 0
L2FWD:  -- lcoreid=0 portid=0
[2J[1;1H
Port statistics ====================================
Statistics for port 0 ------------------------------
Packets sent:                        0
Packets received:                    0
Packets dropped:                     0
TX rate:                             0
RX rate:                             0
Drop rate:                           0
Statistics for port 1 ------------------------------
Packets sent:                        0
Packets received:                 3355
Packets dropped:                     0
TX rate:                             0
RX rate:                           336
Drop rate:                           0
Statistics for port 2 ------------------------------
Packets sent:                        0
Packets received:                 2437
Packets dropped:                     0
TX rate:                             0
RX rate:                           243
Drop rate:                           0
Statistics for port 3 ------------------------------
Packets sent:                        0
Packets received:                 2951
Packets dropped:                     0L2FWD: lcore 12 has nothing to do

TX rate:                             0
RX rate:                           295
Drop rate:                           0
Aggregate statistics ===============================
Total packets sent:                  0
Total packets received:           8774
Total packets dropped:               0
Total TX rate:                       0
Total RX rate:                     874
Total drop rate:                     0
====================================================
[2J[1;1H
Port statistics ====================================
Statistics for port 0 ------------------------------
Packets sent:                        0
Packets received:             30750998
Packets dropped:                     0
TX rate:                             0
RX rate:                       3075099
Drop rate:                           0
Statistics for port 1 ------------------------------
Packets sent:                        0
Packets received:             30760413
Packets dropped:                     0
TX rate:                             0
RX rate:                       3075705
Drop rate:                           0
Statistics for port 2 ------------------------------
Packets sent:                        0
Packets received:             30764756
Packets dropped:                     0
TX rate:                             0
RX rate:                       3076231
Drop rate:                           0
Statistics for port 3 ------------------------------
Packets sent:                        0
Packets received:             30757342
Packets dropped:                     0
TX rate:                             0
RX rate:                       3075439
Drop rate:                           0
Aggregate statistics ===============================
Total packets sent:                  0
Total packets received:      123033510
Total packets dropped:               0
Total TX rate:                       0
Total RX rate:                12302474
Total drop rate:                     0
====================================================
[2J[1;1H
Port statistics ====================================
Statistics for port 0 ------------------------------
Packets sent:                        0
Packets received:             60954048
Packets dropped:                     0
TX rate:                             0
RX rate:                       3020305
Drop rate:                           0
Statistics for port 1 ------------------------------
Packets sent:                        0
Packets received:             60966409
Packets dropped:                     0
TX rate:                             0
RX rate:                       3020599
Drop rate:                           0
Statistics for port 2 ------------------------------
Packets sent:                        0
Packets received:             60976229
Packets dropped:                     0
TX rate:                             0
RX rate:                       3021150
Drop rate:                           0
Statistics for port 3 ------------------------------
Packets sent:                        0
Packets received:             60963786
Packets dropped:                     0
TX rate:                             0
RX rate:                       3020644
Drop rate:                           0
Aggregate statistics ===============================
Total packets sent:                  0
Total packets received:      243860519
Total packets dropped:               0
Total TX rate:                       0
Total RX rate:                12082698
Total drop rate:                     0
====================================================
[2J[1;1H
Port statistics ====================================
Statistics for port 0 ------------------------------
Packets sent:                        0
Packets received:             91187139
Packets dropped:                     0
TX rate:                             0
RX rate:                       3023309
Drop rate:                           0
Statistics for port 1 ------------------------------
Packets sent:                        0
Packets received:             91216675
Packets dropped:                     0
TX rate:                             0
RX rate:                       3025026
Drop rate:                           0
Statistics for port 2 ------------------------------
Packets sent:                        0
Packets received:             91211362
Packets dropped:                     0
TX rate:                             0
RX rate:                       3023510
Drop rate:                           0
Statistics for port 3 ------------------------------
Packets sent:                        0
Packets received:             91204234
Packets dropped:                     0
TX rate:                             0
RX rate:                       3024045
Drop rate:                           0
Aggregate statistics ===============================
Total packets sent:                  0
Total packets received:      364819418
Total packets dropped:               0
Total TX rate:                       0
Total RX rate:                12095890
Total drop rate:                     0
====================================================


Signal 15 received, preparing to exit...
Closing port 0... Done
Closing port 1... Done
Closing port 2... Done
Closing port 3... Done
Bye...
