EAL: Detected 40 lcore(s)
EAL: Detected 2 NUMA nodes
EAL: Multi-process socket /var/run/dpdk/rte/mp_socket
EAL: No free hugepages reported in hugepages-1048576kB
EAL: Probing VFIO support...
EAL: PCI device 0000:05:08.0 on NUMA socket 0
EAL:   probe driver: 19ee:6003 net_nfp_vf
EAL: PCI device 0000:05:08.1 on NUMA socket 0
EAL:   probe driver: 19ee:6003 net_nfp_vf
EAL: PCI device 0000:05:08.2 on NUMA socket 0
EAL:   probe driver: 19ee:6003 net_nfp_vf
EAL: PCI device 0000:05:08.3 on NUMA socket 0
EAL:   probe driver: 19ee:6003 net_nfp_vf
MAC updating enabled
Lcore 0: RX port 0
Lcore 2: RX port 1
Lcore 4: RX port 2
Lcore 6: RX port 3
Initializing port 0... done: 
Port 0, MAC address: 86:8E:42:67:8C:05

Initializing port 1... done: 
Port 1, MAC address: C6:D8:F8:26:58:94

Initializing port 2... done: 
Port 2, MAC address: 1A:9D:44:20:CE:CC

Initializing port 3... done: 
Port 3, MAC address: 46:4A:E3:6B:97:34


Checking link statusdone
Port0 Link Up. Speed 0 Mbps - full-duplex
Port1 Link Up. Speed 0 Mbps - full-duplex
Port2 Link Up. Speed 0 Mbps - full-duplex
Port3 Link Up. Speed 0 Mbps - full-duplex
L2FWD: entering main loop on lcore 2
L2FWD:  -- lcoreid=2 portid=1
L2FWD: lcore 8 has nothing to do
L2FWD: lcore 12 has nothing to do
L2FWD: lcore 14 has nothing to do
L2FWD: entering main loop on lcore 6
L2FWD:  -- lcoreid=6 portid=3
L2FWD: entering main loop on lcore 0
L2FWD:  -- lcoreid=0 portid=0
[2J[1;1H
Port statistics ====================================
Statistics for port 0 ------------------------------
Packets sent:                        0
Packets received:                    0
Packets dropped:                     0
TX rate:                             0
RX rate:                             0
Drop rate:                           0
Statistics for port 1 ------------------------------
Packets sent:                        0
Packets received:                 3328
Packets dropped:                     0
TX rate:                             0
RX rate:                           333
Drop rate:                           0
Statistics for port 2 ------------------------------
Packets sent:                        0
Packets received:                    0
Packets dropped:                     0L2FWD: lcore 10 has nothing to do

TX rate:                             0
RX rate:                             0
Drop rate:                           0
Statistics for port 3 ------------------------------
Packets sent:                        0
Packets received:                 1184
Packets dropped:                     0
TX rate:                             0
RX rate:                           121
Drop rate:                           0
Aggregate statistics ===============================
Total packets sent:                  0
Total packets received:           4565
Total packets dropped:               0
Total TX rate:                       0
Total RX rate:                     454
Total drop rate:                     0
====================================================
L2FWD: entering main loop on lcore 4
L2FWD:  -- lcoreid=4 portid=2
[2J[1;1H
Port statistics ====================================
Statistics for port 0 ------------------------------
Packets sent:                        0
Packets received:             69274230
Packets dropped:                     0
TX rate:                             0
RX rate:                       6927423
Drop rate:                           0
Statistics for port 1 ------------------------------
Packets sent:                        0
Packets received:             69276915
Packets dropped:                     0
TX rate:                             0
RX rate:                       6927359
Drop rate:                           0
Statistics for port 2 ------------------------------
Packets sent:                        0
Packets received:             68569885
Packets dropped:                     0
TX rate:                             0
RX rate:                       6856988
Drop rate:                           0
Statistics for port 3 ------------------------------
Packets sent:                        0
Packets received:             68578587
Packets dropped:                     0
TX rate:                             0
RX rate:                       6857737
Drop rate:                           0
Aggregate statistics ===============================
Total packets sent:                  0
Total packets received:      275699660
Total packets dropped:               0
Total TX rate:                       0
Total RX rate:                27569507
Total drop rate:                     0
====================================================
[2J[1;1H
Port statistics ====================================
Statistics for port 0 ------------------------------
Packets sent:                        0
Packets received:            138548599
Packets dropped:                     0
TX rate:                             0
RX rate:                       6927436
Drop rate:                           0
Statistics for port 1 ------------------------------
Packets sent:                        0
Packets received:            138551254
Packets dropped:                     0
TX rate:                             0
RX rate:                       6927432
Drop rate:                           0
Statistics for port 2 ------------------------------
Packets sent:                        0
Packets received:            137147908
Packets dropped:                     0
TX rate:                             0
RX rate:                       6857803
Drop rate:                           0
Statistics for port 3 ------------------------------
Packets sent:                        0
Packets received:            137156628
Packets dropped:                     0
TX rate:                             0
RX rate:                       6857804
Drop rate:                           0
Aggregate statistics ===============================
Total packets sent:                  0
Total packets received:      551404425
Total packets dropped:               0
Total TX rate:                       0
Total RX rate:                27570475
Total drop rate:                     0
====================================================
[2J[1;1H
Port statistics ====================================
Statistics for port 0 ------------------------------
Packets sent:                        0
Packets received:            207822334
Packets dropped:                     0
TX rate:                             0
RX rate:                       6927373
Drop rate:                           0
Statistics for port 1 ------------------------------
Packets sent:                        0
Packets received:            207824985
Packets dropped:                     0
TX rate:                             0
RX rate:                       6927373
Drop rate:                           0
Statistics for port 2 ------------------------------
Packets sent:                        0
Packets received:            205725452
Packets dropped:                     0
TX rate:                             0
RX rate:                       6857753
Drop rate:                           0
Statistics for port 3 ------------------------------
Packets sent:                        0
Packets received:            205734185
Packets dropped:                     0
TX rate:                             0
RX rate:                       6857757
Drop rate:                           0
Aggregate statistics ===============================
Total packets sent:                  0
Total packets received:      827106983
Total packets dropped:               0
Total TX rate:                       0
Total RX rate:                27570256
Total drop rate:                     0
====================================================


Signal 15 received, preparing to exit...
Closing port 0... Done
Closing port 1... Done
Closing port 2... Done
Closing port 3... Done
Bye...
