EAL: Detected 40 lcore(s)
EAL: Detected 2 NUMA nodes
EAL: Multi-process socket /var/run/dpdk/rte/mp_socket
EAL: No free hugepages reported in hugepages-1048576kB
EAL: Probing VFIO support...
EAL: PCI device 0000:05:08.0 on NUMA socket 0
EAL:   probe driver: 19ee:6003 net_nfp_vf
EAL: PCI device 0000:05:08.1 on NUMA socket 0
EAL:   probe driver: 19ee:6003 net_nfp_vf
EAL: PCI device 0000:05:08.2 on NUMA socket 0
EAL:   probe driver: 19ee:6003 net_nfp_vf
EAL: PCI device 0000:05:08.3 on NUMA socket 0
EAL:   probe driver: 19ee:6003 net_nfp_vf
MAC updating enabled
Lcore 0: RX port 0
Lcore 2: RX port 1
Lcore 4: RX port 2
Lcore 6: RX port 3
Initializing port 0... done: 
Port 0, MAC address: 32:C1:C3:0F:68:C7

Initializing port 1... done: 
Port 1, MAC address: 52:59:71:40:94:AF

Initializing port 2... done: 
Port 2, MAC address: 86:CE:36:6C:6A:50

Initializing port 3... done: 
Port 3, MAC address: 92:C7:A7:00:93:47


Checking link statusdone
Port0 Link Up. Speed 0 Mbps - full-duplex
Port1 Link Up. Speed 0 Mbps - full-duplex
Port2 Link Up. Speed 0 Mbps - full-duplex
Port3 Link Up. Speed 0 Mbps - full-duplex
L2FWD: entering main loop on lcore 2
L2FWD:  -- lcoreid=2 portid=1
L2FWD: entering main loop on lcore 6
L2FWD:  -- lcoreid=6 portid=3
L2FWD: lcore 8 has nothing to do
L2FWD: lcore 10 has nothing to do
L2FWD: lcore 12 has nothing to do
L2FWD: lcore 14 has nothing to do
L2FWD: entering main loop on lcore 0
L2FWD:  -- lcoreid=0 portid=0
[2J[1;1H
Port statistics ====================================
Statistics for port 0 ------------------------------
Packets sent:                        0
Packets received:                    0
Packets dropped:                     0
TX rate:                             0
RX rate:                             0
Drop rate:                           0
Statistics for port 1 ------------------------------
Packets sent:                        0
Packets received:                 1097
Packets dropped:                     0
TX rate:                             0
RX rate:                           109
Drop rate:                           0
Statistics for port 2 ------------------------------
Packets sent:                        0
Packets received:                    0
Packets dropped:                     0
TX rate:                             0
RX rate:                             0
Drop rate:                           0
Statistics for port 3 ------------------------------
Packets sent:                        0
Packets received:                  551
Packets dropped:                     0
TX rate:                             0
RX rate:                            55
Drop rate:                           0
Aggregate statistics ===============================
Total packets sent:                  0
Total packets received:           1650
Total packets dropped:               0
Total TX rate:                       0
Total RX rate:                     164
Total drop rate:                     0
====================================================
L2FWD: entering main loop on lcore 4
L2FWD:  -- lcoreid=4 portid=2
[2J[1;1H
Port statistics ====================================
Statistics for port 0 ------------------------------
Packets sent:                        0
Packets received:              3579244
Packets dropped:                     0
TX rate:                             0
RX rate:                        357924
Drop rate:                           0
Statistics for port 1 ------------------------------
Packets sent:                        0
Packets received:              3581176
Packets dropped:                     0
TX rate:                             0
RX rate:                        358007
Drop rate:                           0
Statistics for port 2 ------------------------------
Packets sent:                        0
Packets received:              3542951
Packets dropped:                     0
TX rate:                             0
RX rate:                        354295
Drop rate:                           0
Statistics for port 3 ------------------------------
Packets sent:                        0
Packets received:              3541403
Packets dropped:                     0
TX rate:                             0
RX rate:                        354085
Drop rate:                           0
Aggregate statistics ===============================
Total packets sent:                  0
Total packets received:       14244776
Total packets dropped:               0
Total TX rate:                       0
Total RX rate:                 1424311
Total drop rate:                     0
====================================================
[2J[1;1H
Port statistics ====================================
Statistics for port 0 ------------------------------
Packets sent:                        0
Packets received:              7138654
Packets dropped:                     0
TX rate:                             0
RX rate:                        355941
Drop rate:                           0
Statistics for port 1 ------------------------------
Packets sent:                        0
Packets received:              7144018
Packets dropped:                     0
TX rate:                             0
RX rate:                        356284
Drop rate:                           0
Statistics for port 2 ------------------------------
Packets sent:                        0
Packets received:              7073623
Packets dropped:                     0
TX rate:                             0
RX rate:                        353067
Drop rate:                           0
Statistics for port 3 ------------------------------
Packets sent:                        0
Packets received:              7067550
Packets dropped:                     0
TX rate:                             0
RX rate:                        352614
Drop rate:                           0
Aggregate statistics ===============================
Total packets sent:                  0
Total packets received:       28423847
Total packets dropped:               0
Total TX rate:                       0
Total RX rate:                 1417906
Total drop rate:                     0
====================================================
[2J[1;1H
Port statistics ====================================
Statistics for port 0 ------------------------------
Packets sent:                        0
Packets received:             10700034
Packets dropped:                     0
TX rate:                             0
RX rate:                        356138
Drop rate:                           0
Statistics for port 1 ------------------------------
Packets sent:                        0
Packets received:             10707185
Packets dropped:                     0
TX rate:                             0
RX rate:                        356316
Drop rate:                           0
Statistics for port 2 ------------------------------
Packets sent:                        0
Packets received:             10601860
Packets dropped:                     0
TX rate:                             0
RX rate:                        352823
Drop rate:                           0
Statistics for port 3 ------------------------------
Packets sent:                        0
Packets received:             10593792
Packets dropped:                     0
TX rate:                             0
RX rate:                        352624
Drop rate:                           0
Aggregate statistics ===============================
Total packets sent:                  0
Total packets received:       42602872
Total packets dropped:               0
Total TX rate:                       0
Total RX rate:                 1417901
Total drop rate:                     0
====================================================


Signal 15 received, preparing to exit...
Closing port 0... Done
Closing port 1... Done
Closing port 2... Done
Closing port 3... Done
Bye...
