EAL: Detected 40 lcore(s)
EAL: Detected 2 NUMA nodes
EAL: Multi-process socket /var/run/dpdk/rte/mp_socket
EAL: No free hugepages reported in hugepages-1048576kB
EAL: Probing VFIO support...
EAL: PCI device 0000:05:08.0 on NUMA socket 0
EAL:   probe driver: 19ee:6003 net_nfp_vf
EAL: PCI device 0000:05:08.1 on NUMA socket 0
EAL:   probe driver: 19ee:6003 net_nfp_vf
EAL: PCI device 0000:05:08.2 on NUMA socket 0
EAL:   probe driver: 19ee:6003 net_nfp_vf
EAL: PCI device 0000:05:08.3 on NUMA socket 0
EAL:   probe driver: 19ee:6003 net_nfp_vf
MAC updating enabled
Lcore 0: RX port 0
Lcore 2: RX port 1
Lcore 4: RX port 2
Lcore 6: RX port 3
Initializing port 0... done: 
Port 0, MAC address: 0A:D1:DE:56:D6:E8

Initializing port 1... done: 
Port 1, MAC address: 1A:34:69:61:B2:B1

Initializing port 2... done: 
Port 2, MAC address: BA:45:AB:62:B8:5A

Initializing port 3... done: 
Port 3, MAC address: B6:C8:54:4F:91:8D


Checking link statusdone
Port0 Link Up. Speed 0 Mbps - full-duplex
Port1 Link Up. Speed 0 Mbps - full-duplex
Port2 Link Up. Speed 0 Mbps - full-duplex
Port3 Link Up. Speed 0 Mbps - full-duplex
L2FWD: entering main loop on lcore 2
L2FWD:  -- lcoreid=2 portid=1
L2FWD: entering main loop on lcore 4
L2FWD:  -- lcoreid=4 portid=2
L2FWD: lcore 8 has nothing to do
L2FWD: entering main loop on lcore 6
L2FWD:  -- lcoreid=6 portid=3
L2FWD: lcore 10 has nothing to do
L2FWD: lcore 12 has nothing to do
L2FWD: lcore 14 has nothing to do
L2FWD: entering main loop on lcore 0
L2FWD:  -- lcoreid=0 portid=0
[2J[1;1H
Port statistics ====================================
Statistics for port 0 ------------------------------
Packets sent:                        0
Packets received:                    0
Packets dropped:                     0
TX rate:                             0
RX rate:                             0
Drop rate:                           0
Statistics for port 1 ------------------------------
Packets sent:                        0
Packets received:                 1778
Packets dropped:                     0
TX rate:                             0
RX rate:                           177
Drop rate:                           0
Statistics for port 2 ------------------------------
Packets sent:                        0
Packets received:                 1755
Packets dropped:                     0
TX rate:                             0
RX rate:                           175
Drop rate:                           0
Statistics for port 3 ------------------------------
Packets sent:                        0
Packets received:                 1153
Packets dropped:                     0
TX rate:                             0
RX rate:                           115
Drop rate:                           0
Aggregate statistics ===============================
Total packets sent:                  0
Total packets received:           4688
Total packets dropped:               0
Total TX rate:                       0
Total RX rate:                     467
Total drop rate:                     0
====================================================
[2J[1;1H
Port statistics ====================================
Statistics for port 0 ------------------------------
Packets sent:                        0
Packets received:              2791205
Packets dropped:                     0
TX rate:                             0
RX rate:                        279120
Drop rate:                           0
Statistics for port 1 ------------------------------
Packets sent:                        0
Packets received:              2792862
Packets dropped:                     0
TX rate:                             0
RX rate:                        279108
Drop rate:                           0
Statistics for port 2 ------------------------------
Packets sent:                        0
Packets received:              2763361
Packets dropped:                     0
TX rate:                             0
RX rate:                        276160
Drop rate:                           0
Statistics for port 3 ------------------------------
Packets sent:                        0
Packets received:              2761849
Packets dropped:                     0
TX rate:                             0
RX rate:                        276069
Drop rate:                           0
Aggregate statistics ===============================
Total packets sent:                  0
Total packets received:       11109277
Total packets dropped:               0
Total TX rate:                       0
Total RX rate:                 1110457
Total drop rate:                     0
====================================================
[2J[1;1H
Port statistics ====================================
Statistics for port 0 ------------------------------
Packets sent:                        0
Packets received:              5579674
Packets dropped:                     0
TX rate:                             0
RX rate:                        278846
Drop rate:                           0
Statistics for port 1 ------------------------------
Packets sent:                        0
Packets received:              5584227
Packets dropped:                     0
TX rate:                             0
RX rate:                        279136
Drop rate:                           0
Statistics for port 2 ------------------------------
Packets sent:                        0
Packets received:              5525735
Packets dropped:                     0
TX rate:                             0
RX rate:                        276237
Drop rate:                           0
Statistics for port 3 ------------------------------
Packets sent:                        0
Packets received:              5522905
Packets dropped:                     0
TX rate:                             0
RX rate:                        276105
Drop rate:                           0
Aggregate statistics ===============================
Total packets sent:                  0
Total packets received:       22212542
Total packets dropped:               0
Total TX rate:                       0
Total RX rate:                 1110324
Total drop rate:                     0
====================================================
[2J[1;1H
Port statistics ====================================
Statistics for port 0 ------------------------------
Packets sent:                        0
Packets received:              8370103
Packets dropped:                     0
TX rate:                             0
RX rate:                        279042
Drop rate:                           0
Statistics for port 1 ------------------------------
Packets sent:                        0
Packets received:              8374892
Packets dropped:                     0
TX rate:                             0
RX rate:                        279066
Drop rate:                           0
Statistics for port 2 ------------------------------
Packets sent:                        0
Packets received:              8287257
Packets dropped:                     0
TX rate:                             0
RX rate:                        276152
Drop rate:                           0
Statistics for port 3 ------------------------------
Packets sent:                        0
Packets received:              8283993
Packets dropped:                     0
TX rate:                             0
RX rate:                        276108
Drop rate:                           0
Aggregate statistics ===============================
Total packets sent:                  0
Total packets received:       33316245
Total packets dropped:               0
Total TX rate:                       0
Total RX rate:                 1110368
Total drop rate:                     0
====================================================


Signal 15 received, preparing to exit...
Closing port 0... Done
Closing port 1... Done
Closing port 2... Done
Closing port 3... Done
Bye...
