EAL: Detected 40 lcore(s)
EAL: Detected 2 NUMA nodes
EAL: Multi-process socket /var/run/dpdk/rte/mp_socket
EAL: No free hugepages reported in hugepages-1048576kB
EAL: Probing VFIO support...
EAL: PCI device 0000:05:08.0 on NUMA socket 0
EAL:   probe driver: 19ee:6003 net_nfp_vf
EAL: PCI device 0000:05:08.1 on NUMA socket 0
EAL:   probe driver: 19ee:6003 net_nfp_vf
EAL: PCI device 0000:05:08.2 on NUMA socket 0
EAL:   probe driver: 19ee:6003 net_nfp_vf
EAL: PCI device 0000:05:08.3 on NUMA socket 0
EAL:   probe driver: 19ee:6003 net_nfp_vf
MAC updating enabled
Lcore 0: RX port 0
Lcore 2: RX port 1
Lcore 4: RX port 2
Lcore 6: RX port 3
Initializing port 0... done: 
Port 0, MAC address: 36:0B:C5:40:FC:46

Initializing port 1... done: 
Port 1, MAC address: F6:DC:5C:78:48:CB

Initializing port 2... done: 
Port 2, MAC address: CA:34:74:3C:3E:B5

Initializing port 3... done: 
Port 3, MAC address: 76:61:55:79:87:EA


Checking link statusdone
Port0 Link Up. Speed 0 Mbps - full-duplex
Port1 Link Up. Speed 0 Mbps - full-duplex
Port2 Link Up. Speed 0 Mbps - full-duplex
Port3 Link Up. Speed 0 Mbps - full-duplex
L2FWD: entering main loop on lcore 2
L2FWD:  -- lcoreid=2 portid=1
L2FWD: entering main loop on lcore 4
L2FWD:  -- lcoreid=4 portid=2
L2FWD: lcore 8 has nothing to do
L2FWD: entering main loop on lcore 6
L2FWD:  -- lcoreid=6 portid=3
L2FWD: lcore 10 has nothing to do
L2FWD: lcore 12 has nothing to do
L2FWD: lcore 14 has nothing to do
L2FWD: entering main loop on lcore 0
L2FWD:  -- lcoreid=0 portid=0
[2J[1;1H
Port statistics ====================================
Statistics for port 0 ------------------------------
Packets sent:                        0
Packets received:                    0
Packets dropped:                     0
TX rate:                             0
RX rate:                             0
Drop rate:                           0
Statistics for port 1 ------------------------------
Packets sent:                        0
Packets received:                 4945
Packets dropped:                     0
TX rate:                             0
RX rate:                           494
Drop rate:                           0
Statistics for port 2 ------------------------------
Packets sent:                        0
Packets received:                 4760
Packets dropped:                     0
TX rate:                             0
RX rate:                           476
Drop rate:                           0
Statistics for port 3 ------------------------------
Packets sent:                        0
Packets received:                 4497
Packets dropped:                     0
TX rate:                             0
RX rate:                           449
Drop rate:                           0
Aggregate statistics ===============================
Total packets sent:                  0
Total packets received:          14209
Total packets dropped:               0
Total TX rate:                       0
Total RX rate:                    1419
Total drop rate:                     0
====================================================
[2J[1;1H
Port statistics ====================================
Statistics for port 0 ------------------------------
Packets sent:                        0
Packets received:             24027712
Packets dropped:                     0
TX rate:                             0
RX rate:                       2402771
Drop rate:                           0
Statistics for port 1 ------------------------------
Packets sent:                        0
Packets received:             24031520
Packets dropped:                     0
TX rate:                             0
RX rate:                       2402657
Drop rate:                           0
Statistics for port 2 ------------------------------
Packets sent:                        0
Packets received:             23789921
Packets dropped:                     0
TX rate:                             0
RX rate:                       2378516
Drop rate:                           0
Statistics for port 3 ------------------------------
Packets sent:                        0
Packets received:             23789983
Packets dropped:                     0
TX rate:                             0
RX rate:                       2378548
Drop rate:                           0
Aggregate statistics ===============================
Total packets sent:                  0
Total packets received:       95639141
Total packets dropped:               0
Total TX rate:                       0
Total RX rate:                 9562492
Total drop rate:                     0
====================================================
[2J[1;1H
Port statistics ====================================
Statistics for port 0 ------------------------------
Packets sent:                        0
Packets received:             47864405
Packets dropped:                     0
TX rate:                             0
RX rate:                       2383669
Drop rate:                           0
Statistics for port 1 ------------------------------
Packets sent:                        0
Packets received:             47868636
Packets dropped:                     0
TX rate:                             0
RX rate:                       2383711
Drop rate:                           0
Statistics for port 2 ------------------------------
Packets sent:                        0
Packets received:             47386439
Packets dropped:                     0
TX rate:                             0
RX rate:                       2359651
Drop rate:                           0
Statistics for port 3 ------------------------------
Packets sent:                        0
Packets received:             47386775
Packets dropped:                     0
TX rate:                             0
RX rate:                       2359679
Drop rate:                           0
Aggregate statistics ===============================
Total packets sent:                  0
Total packets received:      190506260
Total packets dropped:               0
Total TX rate:                       0
Total RX rate:                 9486710
Total drop rate:                     0
====================================================
[2J[1;1H
Port statistics ====================================
Statistics for port 0 ------------------------------
Packets sent:                        0
Packets received:             71703132
Packets dropped:                     0
TX rate:                             0
RX rate:                       2383872
Drop rate:                           0
Statistics for port 1 ------------------------------
Packets sent:                        0
Packets received:             71706234
Packets dropped:                     0
TX rate:                             0
RX rate:                       2383759
Drop rate:                           0
Statistics for port 2 ------------------------------
Packets sent:                        0
Packets received:             70984576
Packets dropped:                     0
TX rate:                             0
RX rate:                       2359813
Drop rate:                           0
Statistics for port 3 ------------------------------
Packets sent:                        0
Packets received:             70985299
Packets dropped:                     0
TX rate:                             0
RX rate:                       2359852
Drop rate:                           0
Aggregate statistics ===============================
Total packets sent:                  0
Total packets received:      285379243
Total packets dropped:               0
Total TX rate:                       0
Total RX rate:                 9487296
Total drop rate:                     0
====================================================


Signal 15 received, preparing to exit...
Closing port 0... Done
Closing port 1... Done
Closing port 2... Done
Closing port 3... Done
Bye...
