EAL: Detected 40 lcore(s)
EAL: Detected 2 NUMA nodes
EAL: Multi-process socket /var/run/dpdk/rte/mp_socket
EAL: No free hugepages reported in hugepages-1048576kB
EAL: Probing VFIO support...
EAL: PCI device 0000:05:08.0 on NUMA socket 0
EAL:   probe driver: 19ee:6003 net_nfp_vf
EAL: PCI device 0000:05:08.1 on NUMA socket 0
EAL:   probe driver: 19ee:6003 net_nfp_vf
EAL: PCI device 0000:05:08.2 on NUMA socket 0
EAL:   probe driver: 19ee:6003 net_nfp_vf
EAL: PCI device 0000:05:08.3 on NUMA socket 0
EAL:   probe driver: 19ee:6003 net_nfp_vf
MAC updating enabled
Lcore 0: RX port 0
Lcore 2: RX port 1
Lcore 4: RX port 2
Lcore 6: RX port 3
Initializing port 0... done: 
Port 0, MAC address: 66:34:AD:06:9E:A0

Initializing port 1... done: 
Port 1, MAC address: DA:A6:61:42:EF:E7

Initializing port 2... done: 
Port 2, MAC address: 82:F0:FD:27:89:F6

Initializing port 3... done: 
Port 3, MAC address: 22:95:58:15:16:9B


Checking link statusdone
Port0 Link Up. Speed 0 Mbps - full-duplex
Port1 Link Up. Speed 0 Mbps - full-duplex
Port2 Link Up. Speed 0 Mbps - full-duplex
Port3 Link Up. Speed 0 Mbps - full-duplex
L2FWD: entering main loop on lcore 2
L2FWD:  -- lcoreid=2 portid=1
L2FWD: entering main loop on lcore 4
L2FWD: entering main loop on lcore 6
L2FWD: lcore 8 has nothing to do
L2FWD: lcore 10 has nothing to do
L2FWD:  -- lcoreid=4 portid=2
L2FWD:  -- lcoreid=6 portid=3
L2FWD: lcore 12 has nothing to do
L2FWD: lcore 14 has nothing to do
L2FWD: entering main loop on lcore 0
L2FWD:  -- lcoreid=0 portid=0
[2J[1;1H
Port statistics ====================================
Statistics for port 0 ------------------------------
Packets sent:                        0
Packets received:                    0
Packets dropped:                     0
TX rate:                             0
RX rate:                             0
Drop rate:                           0
Statistics for port 1 ------------------------------
Packets sent:                        0
Packets received:                 1206
Packets dropped:                     0
TX rate:                             0
RX rate:                           120
Drop rate:                           0
Statistics for port 2 ------------------------------
Packets sent:                        0
Packets received:                 1099
Packets dropped:                     0
TX rate:                             0
RX rate:                           109
Drop rate:                           0
Statistics for port 3 ------------------------------
Packets sent:                        0
Packets received:                 1075
Packets dropped:                     0
TX rate:                             0
RX rate:                           107
Drop rate:                           0
Aggregate statistics ===============================
Total packets sent:                  0
Total packets received:           3382
Total packets dropped:               0
Total TX rate:                       0
Total RX rate:                     336
Total drop rate:                     0
====================================================
[2J[1;1H
Port statistics ====================================
Statistics for port 0 ------------------------------
Packets sent:                        0
Packets received:             10241941
Packets dropped:                     0
TX rate:                             0
RX rate:                       1024194
Drop rate:                           0
Statistics for port 1 ------------------------------
Packets sent:                        0
Packets received:             10243182
Packets dropped:                     0
TX rate:                             0
RX rate:                       1024197
Drop rate:                           0
Statistics for port 2 ------------------------------
Packets sent:                        0
Packets received:             10140266
Packets dropped:                     0
TX rate:                             0
RX rate:                       1013916
Drop rate:                           0
Statistics for port 3 ------------------------------
Packets sent:                        0
Packets received:             10138897
Packets dropped:                     0
TX rate:                             0
RX rate:                       1013782
Drop rate:                           0
Aggregate statistics ===============================
Total packets sent:                  0
Total packets received:       40764287
Total packets dropped:               0
Total TX rate:                       0
Total RX rate:                 4076089
Total drop rate:                     0
====================================================
[2J[1;1H
Port statistics ====================================
Statistics for port 0 ------------------------------
Packets sent:                        0
Packets received:             20432031
Packets dropped:                     0
TX rate:                             0
RX rate:                       1019009
Drop rate:                           0
Statistics for port 1 ------------------------------
Packets sent:                        0
Packets received:             20433740
Packets dropped:                     0
TX rate:                             0
RX rate:                       1019055
Drop rate:                           0
Statistics for port 2 ------------------------------
Packets sent:                        0
Packets received:             20227852
Packets dropped:                     0
TX rate:                             0
RX rate:                       1008758
Drop rate:                           0
Statistics for port 3 ------------------------------
Packets sent:                        0
Packets received:             20226395
Packets dropped:                     0
TX rate:                             0
RX rate:                       1008749
Drop rate:                           0
Aggregate statistics ===============================
Total packets sent:                  0
Total packets received:       81320020
Total packets dropped:               0
Total TX rate:                       0
Total RX rate:                 4055571
Total drop rate:                     0
====================================================
[2J[1;1H
Port statistics ====================================
Statistics for port 0 ------------------------------
Packets sent:                        0
Packets received:             30621863
Packets dropped:                     0
TX rate:                             0
RX rate:                       1018983
Drop rate:                           0
Statistics for port 1 ------------------------------
Packets sent:                        0
Packets received:             30624829
Packets dropped:                     0
TX rate:                             0
RX rate:                       1019108
Drop rate:                           0
Statistics for port 2 ------------------------------
Packets sent:                        0
Packets received:             30315061
Packets dropped:                     0
TX rate:                             0
RX rate:                       1008720
Drop rate:                           0
Statistics for port 3 ------------------------------
Packets sent:                        0
Packets received:             30314543
Packets dropped:                     0
TX rate:                             0
RX rate:                       1008814
Drop rate:                           0
Aggregate statistics ===============================
Total packets sent:                  0
Total packets received:      121876296
Total packets dropped:               0
Total TX rate:                       0
Total RX rate:                 4055625
Total drop rate:                     0
====================================================


Signal 15 received, preparing to exit...
Closing port 0... Done
Closing port 1... Done
Closing port 2... Done
Closing port 3... Done
Bye...
