EAL: Detected 40 lcore(s)
EAL: Detected 2 NUMA nodes
EAL: Multi-process socket /var/run/dpdk/rte/mp_socket
EAL: No free hugepages reported in hugepages-1048576kB
EAL: Probing VFIO support...
EAL: PCI device 0000:05:08.0 on NUMA socket 0
EAL:   probe driver: 19ee:6003 net_nfp_vf
EAL: PCI device 0000:05:08.1 on NUMA socket 0
EAL:   probe driver: 19ee:6003 net_nfp_vf
EAL: PCI device 0000:05:08.2 on NUMA socket 0
EAL:   probe driver: 19ee:6003 net_nfp_vf
EAL: PCI device 0000:05:08.3 on NUMA socket 0
EAL:   probe driver: 19ee:6003 net_nfp_vf
MAC updating enabled
Lcore 0: RX port 0
Lcore 2: RX port 1
Lcore 4: RX port 2
Lcore 6: RX port 3
Initializing port 0... done: 
Port 0, MAC address: FA:5C:85:1D:50:15

Initializing port 1... done: 
Port 1, MAC address: 5A:0E:F0:7F:BC:B3

Initializing port 2... done: 
Port 2, MAC address: CE:5E:41:6D:D2:94

Initializing port 3... done: 
Port 3, MAC address: 1A:C5:9F:12:3B:66


Checking link statusdone
Port0 Link Up. Speed 0 Mbps - full-duplex
Port1 Link Up. Speed 0 Mbps - full-duplex
Port2 Link Up. Speed 0 Mbps - full-duplex
Port3 Link Up. Speed 0 Mbps - full-duplex
L2FWD: entering main loop on lcore 2
L2FWD:  -- lcoreid=2 portid=1
L2FWD: entering main loop on lcore 6
L2FWD:  -- lcoreid=6 portid=3
L2FWD: lcore 8 has nothing to do
L2FWD: lcore 10 has nothing to do
L2FWD: lcore 12 has nothing to do
L2FWD: lcore 14 has nothing to do
L2FWD: entering main loop on lcore 0
L2FWD:  -- lcoreid=0 portid=0
[2J[1;1H
Port statistics ====================================
Statistics for port 0 ------------------------------
Packets sent:                        0
Packets received:                    0
Packets dropped:                     0
TX rate:                             0
RX rate:                             0
Drop rate:                           0
Statistics for port 1 ------------------------------
Packets sent:                        0
Packets received:                 3532
Packets dropped:                     0
TX rate:                             0
RX rate:                           354
Drop rate:                           0
Statistics for port 2 ------------------------------
Packets sent:                        0
Packets received:                    0
Packets dropped:                     0
TX rate:                             0
RX rate:                             0
Drop rate:                           0
Statistics for port 3 ------------------------------
Packets sent:                        0
Packets received:                 3091
Packets dropped:                     0
TX rate:                             0
RX rate:                           309
Drop rate:                           0
Aggregate statistics ===============================
Total packets sent:                  0
Total packets received:           6640
Total packets dropped:               0
Total TX rate:                       0
Total RX rate:                     663
Total drop rate:                     0
====================================================
L2FWD: entering main loop on lcore 4
L2FWD:  -- lcoreid=4 portid=2
[2J[1;1H
Port statistics ====================================
Statistics for port 0 ------------------------------
Packets sent:                        0
Packets received:             69231800
Packets dropped:                     0
TX rate:                             0
RX rate:                       6923180
Drop rate:                           0
Statistics for port 1 ------------------------------
Packets sent:                        0
Packets received:             69234650
Packets dropped:                     0
TX rate:                             0
RX rate:                       6923112
Drop rate:                           0
Statistics for port 2 ------------------------------
Packets sent:                        0
Packets received:             68528204
Packets dropped:                     0
TX rate:                             0
RX rate:                       6852822
Drop rate:                           0
Statistics for port 3 ------------------------------
Packets sent:                        0
Packets received:             68538427
Packets dropped:                     0
TX rate:                             0
RX rate:                       6853533
Drop rate:                           0
Aggregate statistics ===============================
Total packets sent:                  0
Total packets received:      275533162
Total packets dropped:               0
Total TX rate:                       0
Total RX rate:                27552647
Total drop rate:                     0
====================================================
[2J[1;1H
Port statistics ====================================
Statistics for port 0 ------------------------------
Packets sent:                        0
Packets received:            138466856
Packets dropped:                     0
TX rate:                             0
RX rate:                       6923505
Drop rate:                           0
Statistics for port 1 ------------------------------
Packets sent:                        0
Packets received:            138469652
Packets dropped:                     0
TX rate:                             0
RX rate:                       6923498
Drop rate:                           0
Statistics for port 2 ------------------------------
Packets sent:                        0
Packets received:            137067392
Packets dropped:                     0
TX rate:                             0
RX rate:                       6853917
Drop rate:                           0
Statistics for port 3 ------------------------------
Packets sent:                        0
Packets received:            137077615
Packets dropped:                     0
TX rate:                             0
RX rate:                       6853920
Drop rate:                           0
Aggregate statistics ===============================
Total packets sent:                  0
Total packets received:      551081551
Total packets dropped:               0
Total TX rate:                       0
Total RX rate:                27554840
Total drop rate:                     0
====================================================
[2J[1;1H
Port statistics ====================================
Statistics for port 0 ------------------------------
Packets sent:                        0
Packets received:            207700217
Packets dropped:                     0
TX rate:                             0
RX rate:                       6923336
Drop rate:                           0
Statistics for port 1 ------------------------------
Packets sent:                        0
Packets received:            207702912
Packets dropped:                     0
TX rate:                             0
RX rate:                       6923328
Drop rate:                           0
Statistics for port 2 ------------------------------
Packets sent:                        0
Packets received:            205604924
Packets dropped:                     0
TX rate:                             0
RX rate:                       6853753
Drop rate:                           0
Statistics for port 3 ------------------------------
Packets sent:                        0
Packets received:            205615222
Packets dropped:                     0
TX rate:                             0
RX rate:                       6853759
Drop rate:                           0
Aggregate statistics ===============================
Total packets sent:                  0
Total packets received:      826623312
Total packets dropped:               0
Total TX rate:                       0
Total RX rate:                27554176
Total drop rate:                     0
====================================================


Signal 15 received, preparing to exit...
Closing port 0... Done
Closing port 1... Done
Closing port 2... Done
Closing port 3... Done
Bye...
