EAL: Detected 40 lcore(s)
EAL: Detected 2 NUMA nodes
EAL: Multi-process socket /var/run/dpdk/rte/mp_socket
EAL: No free hugepages reported in hugepages-1048576kB
EAL: Probing VFIO support...
EAL: PCI device 0000:05:08.0 on NUMA socket 0
EAL:   probe driver: 19ee:6003 net_nfp_vf
EAL: PCI device 0000:05:08.1 on NUMA socket 0
EAL:   probe driver: 19ee:6003 net_nfp_vf
EAL: PCI device 0000:05:08.2 on NUMA socket 0
EAL:   probe driver: 19ee:6003 net_nfp_vf
EAL: PCI device 0000:05:08.3 on NUMA socket 0
EAL:   probe driver: 19ee:6003 net_nfp_vf
MAC updating enabled
Lcore 0: RX port 0
Lcore 2: RX port 1
Lcore 4: RX port 2
Lcore 6: RX port 3
Initializing port 0... done: 
Port 0, MAC address: D2:53:EE:1D:BE:59

Initializing port 1... done: 
Port 1, MAC address: 22:A8:E1:4C:DA:10

Initializing port 2... done: 
Port 2, MAC address: 02:2D:9B:4E:20:F2

Initializing port 3... done: 
Port 3, MAC address: 3E:75:C3:4E:39:B7


Checking link statusdone
Port0 Link Up. Speed 0 Mbps - full-duplex
Port1 Link Up. Speed 0 Mbps - full-duplex
Port2 Link Up. Speed 0 Mbps - full-duplex
Port3 Link Up. Speed 0 Mbps - full-duplex
L2FWD: entering main loop on lcore 2
L2FWD:  -- lcoreid=2 portid=1
L2FWD: entering main loop on lcore 6
L2FWD:  -- lcoreid=6 portid=3
L2FWD: lcore 8 has nothing to do
L2FWD: lcore 10 has nothing to do
L2FWD: lcore 12 has nothing to do
L2FWD: lcore 14 has nothing to do
L2FWD: entering main loop on lcore 0
L2FWD:  -- lcoreid=0 portid=0
[2J[1;1H
Port statistics ====================================
Statistics for port 0 ------------------------------
Packets sent:                        0
Packets received:                    0
Packets dropped:                     0
TX rate:                             0
RX rate:                             0
Drop rate:                           0
Statistics for port 1 ------------------------------
Packets sent:                        0
Packets received:                 1724
Packets dropped:                     0
TX rate:                             0
RX rate:                           173
Drop rate:                           0
Statistics for port 2 ------------------------------
Packets sent:                        0
Packets received:                    0
Packets dropped:                     0
TX rate:                             0
RX rate:                             0
Drop rate:                           0
Statistics for port 3 ------------------------------
Packets sent:                        0
Packets received:                 1561
Packets dropped:                     0
TX rate:                             0
RX rate:                           157
Drop rate:                           0
Aggregate statistics ===============================
Total packets sent:                  0
Total packets received:           3310
Total packets dropped:               0
Total TX rate:                       0
Total RX rate:                     330
Total drop rate:                     0
====================================================
L2FWD: entering main loop on lcore 4
L2FWD:  -- lcoreid=4 portid=2
[2J[1;1H
Port statistics ====================================
Statistics for port 0 ------------------------------
Packets sent:                        0
Packets received:             28468646
Packets dropped:                     0
TX rate:                             0
RX rate:                       2846864
Drop rate:                           0
Statistics for port 1 ------------------------------
Packets sent:                        0
Packets received:             28469600
Packets dropped:                     0
TX rate:                             0
RX rate:                       2846786
Drop rate:                           0
Statistics for port 2 ------------------------------
Packets sent:                        0
Packets received:             28179033
Packets dropped:                     0
TX rate:                             0
RX rate:                       2817903
Drop rate:                           0
Statistics for port 3 ------------------------------
Packets sent:                        0
Packets received:             28183218
Packets dropped:                     0
TX rate:                             0
RX rate:                       2818164
Drop rate:                           0
Aggregate statistics ===============================
Total packets sent:                  0
Total packets received:      113300504
Total packets dropped:               0
Total TX rate:                       0
Total RX rate:                11329717
Total drop rate:                     0
====================================================
[2J[1;1H
Port statistics ====================================
Statistics for port 0 ------------------------------
Packets sent:                        0
Packets received:             56655274
Packets dropped:                     0
TX rate:                             0
RX rate:                       2818662
Drop rate:                           0
Statistics for port 1 ------------------------------
Packets sent:                        0
Packets received:             56656300
Packets dropped:                     0
TX rate:                             0
RX rate:                       2818671
Drop rate:                           0
Statistics for port 2 ------------------------------
Packets sent:                        0
Packets received:             56082709
Packets dropped:                     0
TX rate:                             0
RX rate:                       2790367
Drop rate:                           0
Statistics for port 3 ------------------------------
Packets sent:                        0
Packets received:             56085821
Packets dropped:                     0
TX rate:                             0
RX rate:                       2790261
Drop rate:                           0
Aggregate statistics ===============================
Total packets sent:                  0
Total packets received:      225480130
Total packets dropped:               0
Total TX rate:                       0
Total RX rate:                11217961
Total drop rate:                     0
====================================================
[2J[1;1H
Port statistics ====================================
Statistics for port 0 ------------------------------
Packets sent:                        0
Packets received:             84845084
Packets dropped:                     0
TX rate:                             0
RX rate:                       2818981
Drop rate:                           0
Statistics for port 1 ------------------------------
Packets sent:                        0
Packets received:             84846265
Packets dropped:                     0
TX rate:                             0
RX rate:                       2818994
Drop rate:                           0
Statistics for port 2 ------------------------------
Packets sent:                        0
Packets received:             83989127
Packets dropped:                     0
TX rate:                             0
RX rate:                       2790642
Drop rate:                           0
Statistics for port 3 ------------------------------
Packets sent:                        0
Packets received:             83992299
Packets dropped:                     0
TX rate:                             0
RX rate:                       2790647
Drop rate:                           0
Aggregate statistics ===============================
Total packets sent:                  0
Total packets received:      337672787
Total packets dropped:               0
Total TX rate:                       0
Total RX rate:                11219264
Total drop rate:                     0
====================================================


Signal 15 received, preparing to exit...
Closing port 0... Done
Closing port 1... Done
Closing port 2... Done
Closing port 3... Done
Bye...
