EAL: Detected 40 lcore(s)
EAL: Detected 2 NUMA nodes
EAL: Multi-process socket /var/run/dpdk/rte/mp_socket
EAL: No free hugepages reported in hugepages-1048576kB
EAL: Probing VFIO support...
EAL: PCI device 0000:05:08.0 on NUMA socket 0
EAL:   probe driver: 19ee:6003 net_nfp_vf
EAL: PCI device 0000:05:08.1 on NUMA socket 0
EAL:   probe driver: 19ee:6003 net_nfp_vf
EAL: PCI device 0000:05:08.2 on NUMA socket 0
EAL:   probe driver: 19ee:6003 net_nfp_vf
EAL: PCI device 0000:05:08.3 on NUMA socket 0
EAL:   probe driver: 19ee:6003 net_nfp_vf
MAC updating enabled
Lcore 0: RX port 0
Lcore 2: RX port 1
Lcore 4: RX port 2
Lcore 6: RX port 3
Initializing port 0... done: 
Port 0, MAC address: 62:2C:E4:6C:58:A1

Initializing port 1... done: 
Port 1, MAC address: 02:30:ED:28:04:73

Initializing port 2... done: 
Port 2, MAC address: B6:BC:64:5F:5A:D9

Initializing port 3... done: 
Port 3, MAC address: 42:59:CC:1B:03:D2


Checking link statusdone
Port0 Link Up. Speed 0 Mbps - full-duplex
Port1 Link Up. Speed 0 Mbps - full-duplex
Port2 Link Up. Speed 0 Mbps - full-duplex
Port3 Link Up. Speed 0 Mbps - full-duplex
L2FWD: entering main loop on lcore 2
L2FWD: entering main loop on lcore 6
L2FWD:  -- lcoreid=6 portid=3
L2FWD: entering main loop on lcore 4
L2FWD:  -- lcoreid=4 portid=2
L2FWD: lcore 12 has nothing to do
L2FWD: lcore 14 has nothing to do
L2FWD: lcore 10 has nothing to do
L2FWD:  -- lcoreid=2 portid=1
L2FWD: entering main loop on lcore 0
L2FWD:  -- lcoreid=0 portid=0
[2J[1;1H
Port statistics ====================================
Statistics for port 0 ------------------------------
Packets sent:                        0
Packets received:                    0
Packets dropped:                     0
TX rate:                             0
RX rate:                             0
Drop rate:                           0
Statistics for port 1 ------------------------------
Packets sent:                        0
Packets received:                  832
Packets dropped:                     0
TX rate:                             0
RX rate:                            86
Drop rate:                           0
Statistics for port 2 ------------------------------
Packets sent:                        0
Packets received:                 2496
Packets dropped:                     0
TX rate:                             0
RX rate:                           249
Drop rate:                           0
Statistics for port 3 ------------------------------
Packets sent:                        0
Packets received:                 2896
Packets dropped:                     0
TX rate:                             0
RX rate:                           289
Drop rate:                           0
Aggregate statistics ===============================
Total packets sent:                  0
Total packets received:           6270
Total packets dropped:               0
Total TX rate:                       0
Total RX rate:                     624
Total drop rate:                     0
====================================================
L2FWD: lcore 8 has nothing to do
[2J[1;1H
Port statistics ====================================
Statistics for port 0 ------------------------------
Packets sent:                        0
Packets received:             69242434
Packets dropped:                     0
TX rate:                             0
RX rate:                       6924243
Drop rate:                           0
Statistics for port 1 ------------------------------
Packets sent:                        0
Packets received:             69242734
Packets dropped:                     0
TX rate:                             0
RX rate:                       6924187
Drop rate:                           0
Statistics for port 2 ------------------------------
Packets sent:                        0
Packets received:             68548274
Packets dropped:                     0
TX rate:                             0
RX rate:                       6854579
Drop rate:                           0
Statistics for port 3 ------------------------------
Packets sent:                        0
Packets received:             68548608
Packets dropped:                     0
TX rate:                             0
RX rate:                       6854571
Drop rate:                           0
Aggregate statistics ===============================
Total packets sent:                  0
Total packets received:      275582075
Total packets dropped:               0
Total TX rate:                       0
Total RX rate:                27557580
Total drop rate:                     0
====================================================
[2J[1;1H
Port statistics ====================================
Statistics for port 0 ------------------------------
Packets sent:                        0
Packets received:            138488480
Packets dropped:                     0
TX rate:                             0
RX rate:                       6924604
Drop rate:                           0
Statistics for port 1 ------------------------------
Packets sent:                        0
Packets received:            138488752
Packets dropped:                     0
TX rate:                             0
RX rate:                       6924601
Drop rate:                           0
Statistics for port 2 ------------------------------
Packets sent:                        0
Packets received:            137098376
Packets dropped:                     0
TX rate:                             0
RX rate:                       6855009
Drop rate:                           0
Statistics for port 3 ------------------------------
Packets sent:                        0
Packets received:            137098694
Packets dropped:                     0
TX rate:                             0
RX rate:                       6855008
Drop rate:                           0
Aggregate statistics ===============================
Total packets sent:                  0
Total packets received:      551174328
Total packets dropped:               0
Total TX rate:                       0
Total RX rate:                27559222
Total drop rate:                     0
====================================================
[2J[1;1H
Port statistics ====================================
Statistics for port 0 ------------------------------
Packets sent:                        0
Packets received:            207735155
Packets dropped:                     0
TX rate:                             0
RX rate:                       6924667
Drop rate:                           0
Statistics for port 1 ------------------------------
Packets sent:                        0
Packets received:            207735392
Packets dropped:                     0
TX rate:                             0
RX rate:                       6924664
Drop rate:                           0
Statistics for port 2 ------------------------------
Packets sent:                        0
Packets received:            205649101
Packets dropped:                     0
TX rate:                             0
RX rate:                       6855071
Drop rate:                           0
Statistics for port 3 ------------------------------
Packets sent:                        0
Packets received:            205649387
Packets dropped:                     0
TX rate:                             0
RX rate:                       6855069
Drop rate:                           0
Aggregate statistics ===============================
Total packets sent:                  0
Total packets received:      826769057
Total packets dropped:               0
Total TX rate:                       0
Total RX rate:                27559471
Total drop rate:                     0
====================================================


Signal 15 received, preparing to exit...
Closing port 0... Done
Closing port 1... Done
Closing port 2... Done
Closing port 3... Done
Bye...
