EAL: Detected 40 lcore(s)
EAL: Detected 2 NUMA nodes
EAL: Multi-process socket /var/run/dpdk/rte/mp_socket
EAL: No free hugepages reported in hugepages-1048576kB
EAL: Probing VFIO support...
EAL: PCI device 0000:05:08.0 on NUMA socket 0
EAL:   probe driver: 19ee:6003 net_nfp_vf
EAL: PCI device 0000:05:08.1 on NUMA socket 0
EAL:   probe driver: 19ee:6003 net_nfp_vf
EAL: PCI device 0000:05:08.2 on NUMA socket 0
EAL:   probe driver: 19ee:6003 net_nfp_vf
EAL: PCI device 0000:05:08.3 on NUMA socket 0
EAL:   probe driver: 19ee:6003 net_nfp_vf
MAC updating enabled
Lcore 0: RX port 0
Lcore 2: RX port 1
Lcore 4: RX port 2
Lcore 6: RX port 3
Initializing port 0... done: 
Port 0, MAC address: 72:2A:95:65:A8:0D

Initializing port 1... done: 
Port 1, MAC address: 92:04:72:19:D4:FF

Initializing port 2... done: 
Port 2, MAC address: C6:8B:2D:2C:AA:BA

Initializing port 3... done: 
Port 3, MAC address: D2:E6:3F:58:D3:5B


Checking link statusdone
Port0 Link Up. Speed 0 Mbps - full-duplex
Port1 Link Up. Speed 0 Mbps - full-duplex
Port2 Link Up. Speed 0 Mbps - full-duplex
Port3 Link Up. Speed 0 Mbps - full-duplex
L2FWD: entering main loop on lcore 2
L2FWD:  -- lcoreid=2 portid=1
L2FWD: entering main loop on lcore 6
L2FWD:  -- lcoreid=6 portid=3
L2FWD: lcore 8 has nothing to do
L2FWD: lcore 10 has nothing to do
L2FWD: lcore 12 has nothing to do
L2FWD: lcore 14 has nothing to do
L2FWD: entering main loop on lcore 0
L2FWD:  -- lcoreid=0 portid=0
[2J[1;1H
Port statistics ====================================
Statistics for port 0 ------------------------------
Packets sent:                        0
Packets received:                    0
Packets dropped:                     0
TX rate:                             0
RX rate:                             0
Drop rate:                           0
Statistics for port 1 ------------------------------
Packets sent:                        0
Packets received:                 1321
Packets dropped:                     0
TX rate:                             0
RX rate:                           132
Drop rate:                           0
Statistics for port 2 ------------------------------
Packets sent:                        0
Packets received:                    0
Packets dropped:                     0
TX rate:                             0
RX rate:                             0
Drop rate:                           0
Statistics for port 3 ------------------------------
Packets sent:                        0
Packets received:                 1249
Packets dropped:                     0
TX rate:                             0
RX rate:                           125
Drop rate:                           0
Aggregate statistics ===============================
Total packets sent:                  0
Total packets received:           2572
Total packets dropped:               0
Total TX rate:                       0
Total RX rate:                     257
Total drop rate:                     0
====================================================
L2FWD: entering main loop on lcore 4
L2FWD:  -- lcoreid=4 portid=2
[2J[1;1H
Port statistics ====================================
Statistics for port 0 ------------------------------
Packets sent:                        0
Packets received:             13335106
Packets dropped:                     0
TX rate:                             0
RX rate:                       1333510
Drop rate:                           0
Statistics for port 1 ------------------------------
Packets sent:                        0
Packets received:             13334677
Packets dropped:                     0
TX rate:                             0
RX rate:                       1333335
Drop rate:                           0
Statistics for port 2 ------------------------------
Packets sent:                        0
Packets received:             13198660
Packets dropped:                     0
TX rate:                             0
RX rate:                       1319866
Drop rate:                           0
Statistics for port 3 ------------------------------
Packets sent:                        0
Packets received:             13200801
Packets dropped:                     0
TX rate:                             0
RX rate:                       1319955
Drop rate:                           0
Aggregate statistics ===============================
Total packets sent:                  0
Total packets received:       53069248
Total packets dropped:               0
Total TX rate:                       0
Total RX rate:                 5306666
Total drop rate:                     0
====================================================
[2J[1;1H
Port statistics ====================================
Statistics for port 0 ------------------------------
Packets sent:                        0
Packets received:             26590534
Packets dropped:                     0
TX rate:                             0
RX rate:                       1325542
Drop rate:                           0
Statistics for port 1 ------------------------------
Packets sent:                        0
Packets received:             26591387
Packets dropped:                     0
TX rate:                             0
RX rate:                       1325670
Drop rate:                           0
Statistics for port 2 ------------------------------
Packets sent:                        0
Packets received:             26321863
Packets dropped:                     0
TX rate:                             0
RX rate:                       1312320
Drop rate:                           0
Statistics for port 3 ------------------------------
Packets sent:                        0
Packets received:             26324570
Packets dropped:                     0
TX rate:                             0
RX rate:                       1312376
Drop rate:                           0
Aggregate statistics ===============================
Total packets sent:                  0
Total packets received:      105828355
Total packets dropped:               0
Total TX rate:                       0
Total RX rate:                 5275908
Total drop rate:                     0
====================================================
[2J[1;1H
Port statistics ====================================
Statistics for port 0 ------------------------------
Packets sent:                        0
Packets received:             39847452
Packets dropped:                     0
TX rate:                             0
RX rate:                       1325691
Drop rate:                           0
Statistics for port 1 ------------------------------
Packets sent:                        0
Packets received:             39848103
Packets dropped:                     0
TX rate:                             0
RX rate:                       1325671
Drop rate:                           0
Statistics for port 2 ------------------------------
Packets sent:                        0
Packets received:             39446674
Packets dropped:                     0
TX rate:                             0
RX rate:                       1312481
Drop rate:                           0
Statistics for port 3 ------------------------------
Packets sent:                        0
Packets received:             39448819
Packets dropped:                     0
TX rate:                             0
RX rate:                       1312425
Drop rate:                           0
Aggregate statistics ===============================
Total packets sent:                  0
Total packets received:      158591049
Total packets dropped:               0
Total TX rate:                       0
Total RX rate:                 5276268
Total drop rate:                     0
====================================================


Signal 15 received, preparing to exit...
Closing port 0... Done
Closing port 1... Done
Closing port 2... Done
Closing port 3... Done
Bye...
