EAL: Detected 40 lcore(s)
EAL: Detected 2 NUMA nodes
EAL: Multi-process socket /var/run/dpdk/rte/mp_socket
EAL: No free hugepages reported in hugepages-1048576kB
EAL: Probing VFIO support...
EAL: PCI device 0000:05:08.0 on NUMA socket 0
EAL:   probe driver: 19ee:6003 net_nfp_vf
EAL: PCI device 0000:05:08.1 on NUMA socket 0
EAL:   probe driver: 19ee:6003 net_nfp_vf
EAL: PCI device 0000:05:08.2 on NUMA socket 0
EAL:   probe driver: 19ee:6003 net_nfp_vf
EAL: PCI device 0000:05:08.3 on NUMA socket 0
EAL:   probe driver: 19ee:6003 net_nfp_vf
MAC updating enabled
Lcore 0: RX port 0
Lcore 2: RX port 1
Lcore 4: RX port 2
Lcore 6: RX port 3
Initializing port 0... done: 
Port 0, MAC address: C6:9D:44:39:02:A3

Initializing port 1... done: 
Port 1, MAC address: 36:85:A9:2D:BE:C5

Initializing port 2... done: 
Port 2, MAC address: 36:A2:B7:46:A4:0B

Initializing port 3... done: 
Port 3, MAC address: 92:8F:83:32:5D:56


Checking link statusdone
Port0 Link Up. Speed 0 Mbps - full-duplex
Port1 Link Up. Speed 0 Mbps - full-duplex
Port2 Link Up. Speed 0 Mbps - full-duplex
Port3 Link Up. Speed 0 Mbps - full-duplex
L2FWD: entering main loop on lcore 2
L2FWD:  -- lcoreid=2 portid=1
L2FWD: entering main loop on lcore 4
L2FWD:  -- lcoreid=4 portid=2
L2FWD: lcore 8 has nothing to do
L2FWD: entering main loop on lcore 6
L2FWD:  -- lcoreid=6 portid=3
L2FWD: lcore 10 has nothing to do
L2FWD: lcore 12 has nothing to do
L2FWD: lcore 14 has nothing to do
L2FWD: entering main loop on lcore 0
L2FWD:  -- lcoreid=0 portid=0
[2J[1;1H
Port statistics ====================================
Statistics for port 0 ------------------------------
Packets sent:                        0
Packets received:                    0
Packets dropped:                     0
TX rate:                             0
RX rate:                             0
Drop rate:                           0
Statistics for port 1 ------------------------------
Packets sent:                        0
Packets received:                 1953
Packets dropped:                     0
TX rate:                             0
RX rate:                           195
Drop rate:                           0
Statistics for port 2 ------------------------------
Packets sent:                        0
Packets received:                 1767
Packets dropped:                     0
TX rate:                             0
RX rate:                           176
Drop rate:                           0
Statistics for port 3 ------------------------------
Packets sent:                        0
Packets received:                 1473
Packets dropped:                     0
TX rate:                             0
RX rate:                           147
Drop rate:                           0
Aggregate statistics ===============================
Total packets sent:                  0
Total packets received:           5201
Total packets dropped:               0
Total TX rate:                       0
Total RX rate:                     518
Total drop rate:                     0
====================================================
[2J[1;1H
Port statistics ====================================
Statistics for port 0 ------------------------------
Packets sent:                        0
Packets received:             28588889
Packets dropped:                     0
TX rate:                             0
RX rate:                       2858888
Drop rate:                           0
Statistics for port 1 ------------------------------
Packets sent:                        0
Packets received:             28589917
Packets dropped:                     0
TX rate:                             0
RX rate:                       2858796
Drop rate:                           0
Statistics for port 2 ------------------------------
Packets sent:                        0
Packets received:             28302400
Packets dropped:                     0
TX rate:                             0
RX rate:                       2830063
Drop rate:                           0
Statistics for port 3 ------------------------------
Packets sent:                        0
Packets received:             28302163
Packets dropped:                     0
TX rate:                             0
RX rate:                       2830069
Drop rate:                           0
Aggregate statistics ===============================
Total packets sent:                  0
Total packets received:      113783371
Total packets dropped:               0
Total TX rate:                       0
Total RX rate:                11377816
Total drop rate:                     0
====================================================
[2J[1;1H
Port statistics ====================================
Statistics for port 0 ------------------------------
Packets sent:                        0
Packets received:             57176674
Packets dropped:                     0
TX rate:                             0
RX rate:                       2858778
Drop rate:                           0
Statistics for port 1 ------------------------------
Packets sent:                        0
Packets received:             57177624
Packets dropped:                     0
TX rate:                             0
RX rate:                       2858770
Drop rate:                           0
Statistics for port 2 ------------------------------
Packets sent:                        0
Packets received:             56602800
Packets dropped:                     0
TX rate:                             0
RX rate:                       2830040
Drop rate:                           0
Statistics for port 3 ------------------------------
Packets sent:                        0
Packets received:             56602639
Packets dropped:                     0
TX rate:                             0
RX rate:                       2830047
Drop rate:                           0
Aggregate statistics ===============================
Total packets sent:                  0
Total packets received:      227559739
Total packets dropped:               0
Total TX rate:                       0
Total RX rate:                11377635
Total drop rate:                     0
====================================================
[2J[1;1H
Port statistics ====================================
Statistics for port 0 ------------------------------
Packets sent:                        0
Packets received:             85764650
Packets dropped:                     0
TX rate:                             0
RX rate:                       2858797
Drop rate:                           0
Statistics for port 1 ------------------------------
Packets sent:                        0
Packets received:             85765567
Packets dropped:                     0
TX rate:                             0
RX rate:                       2858794
Drop rate:                           0
Statistics for port 2 ------------------------------
Packets sent:                        0
Packets received:             84903398
Packets dropped:                     0
TX rate:                             0
RX rate:                       2830059
Drop rate:                           0
Statistics for port 3 ------------------------------
Packets sent:                        0
Packets received:             84903236
Packets dropped:                     0
TX rate:                             0
RX rate:                       2830059
Drop rate:                           0
Aggregate statistics ===============================
Total packets sent:                  0
Total packets received:      341336853
Total packets dropped:               0
Total TX rate:                       0
Total RX rate:                11377709
Total drop rate:                     0
====================================================


Signal 15 received, preparing to exit...
Closing port 0... Done
Closing port 1... Done
Closing port 2... Done
Closing port 3... Done
Bye...
