EAL: Detected 40 lcore(s)
EAL: Detected 2 NUMA nodes
EAL: Multi-process socket /var/run/dpdk/rte/mp_socket
EAL: No free hugepages reported in hugepages-1048576kB
EAL: Probing VFIO support...
EAL: PCI device 0000:05:08.0 on NUMA socket 0
EAL:   probe driver: 19ee:6003 net_nfp_vf
EAL: PCI device 0000:05:08.1 on NUMA socket 0
EAL:   probe driver: 19ee:6003 net_nfp_vf
EAL: PCI device 0000:05:08.2 on NUMA socket 0
EAL:   probe driver: 19ee:6003 net_nfp_vf
EAL: PCI device 0000:05:08.3 on NUMA socket 0
EAL:   probe driver: 19ee:6003 net_nfp_vf
MAC updating enabled
Lcore 0: RX port 0
Lcore 2: RX port 1
Lcore 4: RX port 2
Lcore 6: RX port 3
Initializing port 0... done: 
Port 0, MAC address: 00:15:4D:00:00:00

Initializing port 1... done: 
Port 1, MAC address: 00:15:4D:00:00:01

Initializing port 2... done: 
Port 2, MAC address: 00:15:4D:00:00:02

Initializing port 3... done: 
Port 3, MAC address: 00:15:4D:00:00:03


Checking link statusdone
Port0 Link Up. Speed 0 Mbps - full-duplex
Port1 Link Up. Speed 0 Mbps - full-duplex
Port2 Link Up. Speed 0 Mbps - full-duplex
Port3 Link Up. Speed 0 Mbps - full-duplex
L2FWD: entering main loop on lcore 2
L2FWD:  -- lcoreid=2 portid=1
L2FWD: entering main loop on lcore 4
L2FWD:  -- lcoreid=4 portid=2
L2FWD: lcore 10 has nothing to do
L2FWD: lcore 12 has nothing to do
L2FWD: lcore 14 has nothing to do
L2FWD: entering main loop on lcore 6
L2FWD:  -- lcoreid=6 portid=3
L2FWD: lcore 8 has nothing to do
L2FWD: entering main loop on lcore 0
L2FWD:  -- lcoreid=0 portid=0
[2J[1;1H
Port statistics ====================================
Statistics for port 0 ------------------------------
Packets sent:                        0
Packets received:                    0
Packets dropped:                     0
TX rate:                             0
RX rate:                             0
Drop rate:                           0
Statistics for port 1 ------------------------------
Packets sent:                        0
Packets received:                 3817
Packets dropped:                     0
TX rate:                             0
RX rate:                           381
Drop rate:                           0
Statistics for port 2 ------------------------------
Packets sent:                        0
Packets received:                 3475
Packets dropped:                     0
TX rate:                             0
RX rate:                           347
Drop rate:                           0
Statistics for port 3 ------------------------------
Packets sent:                        0
Packets received:                 1570
Packets dropped:                     0
TX rate:                             0
RX rate:                           158
Drop rate:                           0
Aggregate statistics ===============================
Total packets sent:                  0
Total packets received:           8892
Total packets dropped:               0
Total TX rate:                       0
Total RX rate:                     886
Total drop rate:                     0
====================================================
[2J[1;1H
Port statistics ====================================
Statistics for port 0 ------------------------------
Packets sent:                        0
Packets received:             65491452
Packets dropped:                     0
TX rate:                             0
RX rate:                       6549145
Drop rate:                           0
Statistics for port 1 ------------------------------
Packets sent:                        0
Packets received:             65466968
Packets dropped:                     0
TX rate:                             0
RX rate:                       6546315
Drop rate:                           0
Statistics for port 2 ------------------------------
Packets sent:                        0
Packets received:             65466958
Packets dropped:                     0
TX rate:                             0
RX rate:                       6546348
Drop rate:                           0
Statistics for port 3 ------------------------------
Packets sent:                        0
Packets received:             65455165
Packets dropped:                     0
TX rate:                             0
RX rate:                       6545358
Drop rate:                           0
Aggregate statistics ===============================
Total packets sent:                  0
Total packets received:      261880571
Total packets dropped:               0
Total TX rate:                       0
Total RX rate:                26187166
Total drop rate:                     0
====================================================
[2J[1;1H
Port statistics ====================================
Statistics for port 0 ------------------------------
Packets sent:                        0
Packets received:            130969223
Packets dropped:                     0
TX rate:                             0
RX rate:                       6547777
Drop rate:                           0
Statistics for port 1 ------------------------------
Packets sent:                        0
Packets received:            130920869
Packets dropped:                     0
TX rate:                             0
RX rate:                       6545390
Drop rate:                           0
Statistics for port 2 ------------------------------
Packets sent:                        0
Packets received:            130935466
Packets dropped:                     0
TX rate:                             0
RX rate:                       6546851
Drop rate:                           0
Statistics for port 3 ------------------------------
Packets sent:                        0
Packets received:            130925810
Packets dropped:                     0
TX rate:                             0
RX rate:                       6547065
Drop rate:                           0
Aggregate statistics ===============================
Total packets sent:                  0
Total packets received:      523751398
Total packets dropped:               0
Total TX rate:                       0
Total RX rate:                26187083
Total drop rate:                     0
====================================================
[2J[1;1H
Port statistics ====================================
Statistics for port 0 ------------------------------
Packets sent:                        0
Packets received:            196433604
Packets dropped:                     0
TX rate:                             0
RX rate:                       6546438
Drop rate:                           0
Statistics for port 1 ------------------------------
Packets sent:                        0
Packets received:            196386488
Packets dropped:                     0
TX rate:                             0
RX rate:                       6546561
Drop rate:                           0
Statistics for port 2 ------------------------------
Packets sent:                        0
Packets received:            196416409
Packets dropped:                     0
TX rate:                             0
RX rate:                       6548093
Drop rate:                           0
Statistics for port 3 ------------------------------
Packets sent:                        0
Packets received:            196385019
Packets dropped:                     0
TX rate:                             0
RX rate:                       6545919
Drop rate:                           0
Aggregate statistics ===============================
Total packets sent:                  0
Total packets received:      785621520
Total packets dropped:               0
Total TX rate:                       0
Total RX rate:                26187011
Total drop rate:                     0
====================================================


Signal 15 received, preparing to exit...
Closing port 0... Done
Closing port 1... Done
Closing port 2... Done
Closing port 3... Done
Bye...
