EAL: Detected 40 lcore(s)
EAL: Detected 2 NUMA nodes
EAL: Multi-process socket /var/run/dpdk/rte/mp_socket
EAL: No free hugepages reported in hugepages-1048576kB
EAL: Probing VFIO support...
EAL: PCI device 0000:05:08.0 on NUMA socket 0
EAL:   probe driver: 19ee:6003 net_nfp_vf
EAL: PCI device 0000:05:08.1 on NUMA socket 0
EAL:   probe driver: 19ee:6003 net_nfp_vf
EAL: PCI device 0000:05:08.2 on NUMA socket 0
EAL:   probe driver: 19ee:6003 net_nfp_vf
EAL: PCI device 0000:05:08.3 on NUMA socket 0
EAL:   probe driver: 19ee:6003 net_nfp_vf
MAC updating enabled
Lcore 0: RX port 0
Lcore 2: RX port 1
Lcore 4: RX port 2
Lcore 6: RX port 3
Initializing port 0... done: 
Port 0, MAC address: 00:15:4D:00:00:00

Initializing port 1... done: 
Port 1, MAC address: 00:15:4D:00:00:01

Initializing port 2... done: 
Port 2, MAC address: 00:15:4D:00:00:02

Initializing port 3... done: 
Port 3, MAC address: 00:15:4D:00:00:03


Checking link statusdone
Port0 Link Up. Speed 0 Mbps - full-duplex
Port1 Link Up. Speed 0 Mbps - full-duplex
Port2 Link Up. Speed 0 Mbps - full-duplex
Port3 Link Up. Speed 0 Mbps - full-duplex
L2FWD: entering main loop on lcore 2
L2FWD:  -- lcoreid=2 portid=1
L2FWD: entering main loop on lcore 6
L2FWD:  -- lcoreid=6 portid=3
L2FWD: entering main loop on lcore 4
L2FWD:  -- lcoreid=4 portid=2
L2FWD: lcore 8 has nothing to do
L2FWD: lcore 12 has nothing to do
L2FWD: lcore 14 has nothing to do
L2FWD: entering main loop on lcore 0
L2FWD:  -- lcoreid=0 portid=0
[2J[1;1H
Port statistics ====================================
Statistics for port 0 ------------------------------
Packets sent:                        0
Packets received:                    0
Packets dropped:                     0
TX rate:                             0
RX rate:                             0
Drop rate:                           0
Statistics for port 1 ------------------------------
Packets sent:                        0
Packets received:                12217
Packets dropped:                     0
TX rate:                             0
RX rate:                          1222
Drop rate:                           0
Statistics for port 2 ------------------------------
Packets sent:                        0
Packets received:                11555
Packets dropped:                     0
TX rate:                             0
RX rate:                          1155
Drop rate:                           0
Statistics for port 3 ------------------------------
Packets sent:                        0
Packets received:                11627
Packets dropped:                     0
TX rate:                             0
RX rate:                          1163
Drop rate:                           0
Aggregate statistics ===============================
Total packets sent:                  0
Total packets received:          35420
Total packets dropped:               0
Total TX rate:                       0
Total RX rate:                    3540
Total drop rate:                     0
====================================================
L2FWD: lcore 10 has nothing to do
[2J[1;1H
Port statistics ====================================
Statistics for port 0 ------------------------------
Packets sent:                        0
Packets received:             53882159
Packets dropped:                     0
TX rate:                             0
RX rate:                       5388215
Drop rate:                           0
Statistics for port 1 ------------------------------
Packets sent:                        0
Packets received:             53886732
Packets dropped:                     0
TX rate:                             0
RX rate:                       5387450
Drop rate:                           0
Statistics for port 2 ------------------------------
Packets sent:                        0
Packets received:             53900591
Packets dropped:                     0
TX rate:                             0
RX rate:                       5388903
Drop rate:                           0
Statistics for port 3 ------------------------------
Packets sent:                        0
Packets received:             53893536
Packets dropped:                     0
TX rate:                             0
RX rate:                       5388190
Drop rate:                           0
Aggregate statistics ===============================
Total packets sent:                  0
Total packets received:      215563030
Total packets dropped:               0
Total TX rate:                       0
Total RX rate:                21552758
Total drop rate:                     0
====================================================
[2J[1;1H
Port statistics ====================================
Statistics for port 0 ------------------------------
Packets sent:                        0
Packets received:            107758301
Packets dropped:                     0
TX rate:                             0
RX rate:                       5387614
Drop rate:                           0
Statistics for port 1 ------------------------------
Packets sent:                        0
Packets received:            107768452
Packets dropped:                     0
TX rate:                             0
RX rate:                       5388172
Drop rate:                           0
Statistics for port 2 ------------------------------
Packets sent:                        0
Packets received:            107788458
Packets dropped:                     0
TX rate:                             0
RX rate:                       5388786
Drop rate:                           0
Statistics for port 3 ------------------------------
Packets sent:                        0
Packets received:            107774027
Packets dropped:                     0
TX rate:                             0
RX rate:                       5388049
Drop rate:                           0
Aggregate statistics ===============================
Total packets sent:                  0
Total packets received:      431089253
Total packets dropped:               0
Total TX rate:                       0
Total RX rate:                21552621
Total drop rate:                     0
====================================================
[2J[1;1H
Port statistics ====================================
Statistics for port 0 ------------------------------
Packets sent:                        0
Packets received:            161638087
Packets dropped:                     0
TX rate:                             0
RX rate:                       5387978
Drop rate:                           0
Statistics for port 1 ------------------------------
Packets sent:                        0
Packets received:            161652502
Packets dropped:                     0
TX rate:                             0
RX rate:                       5388404
Drop rate:                           0
Statistics for port 2 ------------------------------
Packets sent:                        0
Packets received:            161663829
Packets dropped:                     0
TX rate:                             0
RX rate:                       5387537
Drop rate:                           0
Statistics for port 3 ------------------------------
Packets sent:                        0
Packets received:            161659222
Packets dropped:                     0
TX rate:                             0
RX rate:                       5388520
Drop rate:                           0
Aggregate statistics ===============================
Total packets sent:                  0
Total packets received:      646613654
Total packets dropped:               0
Total TX rate:                       0
Total RX rate:                21552439
Total drop rate:                     0
====================================================


Signal 15 received, preparing to exit...
Closing port 0... Done
Closing port 1... Done
Closing port 2... Done
Closing port 3... Done
Bye...
