EAL: Detected 40 lcore(s)
EAL: Detected 2 NUMA nodes
EAL: Multi-process socket /var/run/dpdk/rte/mp_socket
EAL: No free hugepages reported in hugepages-1048576kB
EAL: Probing VFIO support...
EAL: PCI device 0000:05:08.0 on NUMA socket 0
EAL:   probe driver: 19ee:6003 net_nfp_vf
EAL: PCI device 0000:05:08.1 on NUMA socket 0
EAL:   probe driver: 19ee:6003 net_nfp_vf
EAL: PCI device 0000:05:08.2 on NUMA socket 0
EAL:   probe driver: 19ee:6003 net_nfp_vf
EAL: PCI device 0000:05:08.3 on NUMA socket 0
EAL:   probe driver: 19ee:6003 net_nfp_vf
MAC updating enabled
Lcore 0: RX port 0
Lcore 2: RX port 1
Lcore 4: RX port 2
Lcore 6: RX port 3
Initializing port 0... done: 
Port 0, MAC address: 00:15:4D:00:00:00

Initializing port 1... done: 
Port 1, MAC address: 00:15:4D:00:00:01

Initializing port 2... done: 
Port 2, MAC address: 00:15:4D:00:00:02

Initializing port 3... done: 
Port 3, MAC address: 00:15:4D:00:00:03


Checking link statusdone
Port0 Link Up. Speed 0 Mbps - full-duplex
Port1 Link Up. Speed 0 Mbps - full-duplex
Port2 Link Up. Speed 0 Mbps - full-duplex
Port3 Link Up. Speed 0 Mbps - full-duplex
L2FWD: entering main loop on lcore 2
L2FWD:  -- lcoreid=2 portid=1
L2FWD: entering main loop on lcore 6
L2FWD:  -- lcoreid=6 portid=3
L2FWD: lcore 8 has nothing to do
L2FWD: lcore 10 has nothing to do
L2FWD: lcore 12 has nothing to do
L2FWD: lcore 14 has nothing to do
L2FWD: entering main loop on lcore 0
L2FWD:  -- lcoreid=0 portid=0
[2J[1;1H
Port statistics ====================================
Statistics for port 0 ------------------------------
Packets sent:                        0
Packets received:                    0
Packets dropped:                     0
TX rate:                             0
RX rate:                             0
Drop rate:                           0
Statistics for port 1 ------------------------------
Packets sent:                        0
Packets received:                 2783
Packets dropped:                     0
TX rate:                             0
RX rate:                           278
Drop rate:                           0
Statistics for port 2 ------------------------------
Packets sent:                        0
Packets received:                    0
Packets dropped:                     0
TX rate:                             0
RX rate:                             0
Drop rate:                           0
Statistics for port 3 ------------------------------
Packets sent:                        0
Packets received:                 2360
Packets dropped:                     0
TX rate:                             0
RX rate:                           236
Drop rate:                           0
Aggregate statistics ===============================
Total packets sent:                  0
Total packets received:           5156
Total packets dropped:               0
Total TX rate:                       0
Total RX rate:                     514
Total drop rate:                     0
====================================================
L2FWD: entering main loop on lcore 4
L2FWD:  -- lcoreid=4 portid=2
[2J[1;1H
Port statistics ====================================
Statistics for port 0 ------------------------------
Packets sent:                        0
Packets received:             43407828
Packets dropped:                     0
TX rate:                             0
RX rate:                       4340782
Drop rate:                           0
Statistics for port 1 ------------------------------
Packets sent:                        0
Packets received:             43394702
Packets dropped:                     0
TX rate:                             0
RX rate:                       4339192
Drop rate:                           0
Statistics for port 2 ------------------------------
Packets sent:                        0
Packets received:             43389089
Packets dropped:                     0
TX rate:                             0
RX rate:                       4338908
Drop rate:                           0
Statistics for port 3 ------------------------------
Packets sent:                        0
Packets received:             43395186
Packets dropped:                     0
TX rate:                             0
RX rate:                       4339282
Drop rate:                           0
Aggregate statistics ===============================
Total packets sent:                  0
Total packets received:      173586835
Total packets dropped:               0
Total TX rate:                       0
Total RX rate:                17358164
Total drop rate:                     0
====================================================
[2J[1;1H
Port statistics ====================================
Statistics for port 0 ------------------------------
Packets sent:                        0
Packets received:             86802477
Packets dropped:                     0
TX rate:                             0
RX rate:                       4339464
Drop rate:                           0
Statistics for port 1 ------------------------------
Packets sent:                        0
Packets received:             86800465
Packets dropped:                     0
TX rate:                             0
RX rate:                       4340575
Drop rate:                           0
Statistics for port 2 ------------------------------
Packets sent:                        0
Packets received:             86781550
Packets dropped:                     0
TX rate:                             0
RX rate:                       4339246
Drop rate:                           0
Statistics for port 3 ------------------------------
Packets sent:                        0
Packets received:             86786424
Packets dropped:                     0
TX rate:                             0
RX rate:                       4339123
Drop rate:                           0
Aggregate statistics ===============================
Total packets sent:                  0
Total packets received:      347170925
Total packets dropped:               0
Total TX rate:                       0
Total RX rate:                17358408
Total drop rate:                     0
====================================================
[2J[1;1H
Port statistics ====================================
Statistics for port 0 ------------------------------
Packets sent:                        0
Packets received:            130199091
Packets dropped:                     0
TX rate:                             0
RX rate:                       4339661
Drop rate:                           0
Statistics for port 1 ------------------------------
Packets sent:                        0
Packets received:            130207349
Packets dropped:                     0
TX rate:                             0
RX rate:                       4340688
Drop rate:                           0
Statistics for port 2 ------------------------------
Packets sent:                        0
Packets received:            130169872
Packets dropped:                     0
TX rate:                             0
RX rate:                       4338832
Drop rate:                           0
Statistics for port 3 ------------------------------
Packets sent:                        0
Packets received:            130179902
Packets dropped:                     0
TX rate:                             0
RX rate:                       4339347
Drop rate:                           0
Aggregate statistics ===============================
Total packets sent:                  0
Total packets received:      520756230
Total packets dropped:               0
Total TX rate:                       0
Total RX rate:                17358528
Total drop rate:                     0
====================================================


Signal 15 received, preparing to exit...
Closing port 0... Done
Closing port 1... Done
Closing port 2... Done
Closing port 3... Done
Bye...
