EAL: Detected 40 lcore(s)
EAL: Detected 2 NUMA nodes
EAL: Multi-process socket /var/run/dpdk/rte/mp_socket
EAL: No free hugepages reported in hugepages-1048576kB
EAL: Probing VFIO support...
EAL: PCI device 0000:05:08.0 on NUMA socket 0
EAL:   probe driver: 19ee:6003 net_nfp_vf
EAL: PCI device 0000:05:08.1 on NUMA socket 0
EAL:   probe driver: 19ee:6003 net_nfp_vf
EAL: PCI device 0000:05:08.2 on NUMA socket 0
EAL:   probe driver: 19ee:6003 net_nfp_vf
EAL: PCI device 0000:05:08.3 on NUMA socket 0
EAL:   probe driver: 19ee:6003 net_nfp_vf
MAC updating enabled
Lcore 0: RX port 0
Lcore 2: RX port 1
Lcore 4: RX port 2
Lcore 6: RX port 3
Initializing port 0... done: 
Port 0, MAC address: 00:15:4D:00:00:00

Initializing port 1... done: 
Port 1, MAC address: 00:15:4D:00:00:01

Initializing port 2... done: 
Port 2, MAC address: 00:15:4D:00:00:02

Initializing port 3... done: 
Port 3, MAC address: 00:15:4D:00:00:03


Checking link statusdone
Port0 Link Up. Speed 0 Mbps - full-duplex
Port1 Link Up. Speed 0 Mbps - full-duplex
Port2 Link Up. Speed 0 Mbps - full-duplex
Port3 Link Up. Speed 0 Mbps - full-duplex
L2FWD: entering main loop on lcore 2
L2FWD:  -- lcoreid=2 portid=1
L2FWD: entering main loop on lcore 6
L2FWD:  -- lcoreid=6 portid=3
L2FWD: lcore 8 has nothing to do
L2FWD: lcore 10 has nothing to do
L2FWD: entering main loop on lcore 4
L2FWD:  -- lcoreid=4 portid=2
L2FWD: lcore 12 has nothing to do
L2FWD: lcore 14 has nothing to do
L2FWD: entering main loop on lcore 0
L2FWD:  -- lcoreid=0 portid=0
[2J[1;1H
Port statistics ====================================
Statistics for port 0 ------------------------------
Packets sent:                        0
Packets received:                    0
Packets dropped:                     0
TX rate:                             0
RX rate:                             0
Drop rate:                           0
Statistics for port 1 ------------------------------
Packets sent:                        0
Packets received:                 8166
Packets dropped:                     0
TX rate:                             0
RX rate:                           817
Drop rate:                           0
Statistics for port 2 ------------------------------
Packets sent:                        0
Packets received:                 6866
Packets dropped:                     0
TX rate:                             0
RX rate:                           686
Drop rate:                           0
Statistics for port 3 ------------------------------
Packets sent:                        0
Packets received:                 7930
Packets dropped:                     0
TX rate:                             0
RX rate:                           793
Drop rate:                           0
Aggregate statistics ===============================
Total packets sent:                  0
Total packets received:          22984
Total packets dropped:               0
Total TX rate:                       0
Total RX rate:                    2296
Total drop rate:                     0
====================================================
[2J[1;1H
Port statistics ====================================
Statistics for port 0 ------------------------------
Packets sent:                        0
Packets received:             42424449
Packets dropped:                     0
TX rate:                             0
RX rate:                       4242444
Drop rate:                           0
Statistics for port 1 ------------------------------
Packets sent:                        0
Packets received:             42434344
Packets dropped:                     0
TX rate:                             0
RX rate:                       4242617
Drop rate:                           0
Statistics for port 2 ------------------------------
Packets sent:                        0
Packets received:             42442828
Packets dropped:                     0
TX rate:                             0
RX rate:                       4243596
Drop rate:                           0
Statistics for port 3 ------------------------------
Packets sent:                        0
Packets received:             42443855
Packets dropped:                     0
TX rate:                             0
RX rate:                       4243592
Drop rate:                           0
Aggregate statistics ===============================
Total packets sent:                  0
Total packets received:      169745500
Total packets dropped:               0
Total TX rate:                       0
Total RX rate:                16972249
Total drop rate:                     0
====================================================
[2J[1;1H
Port statistics ====================================
Statistics for port 0 ------------------------------
Packets sent:                        0
Packets received:             84854778
Packets dropped:                     0
TX rate:                             0
RX rate:                       4243032
Drop rate:                           0
Statistics for port 1 ------------------------------
Packets sent:                        0
Packets received:             84863544
Packets dropped:                     0
TX rate:                             0
RX rate:                       4242919
Drop rate:                           0
Statistics for port 2 ------------------------------
Packets sent:                        0
Packets received:             84879079
Packets dropped:                     0
TX rate:                             0
RX rate:                       4243626
Drop rate:                           0
Statistics for port 3 ------------------------------
Packets sent:                        0
Packets received:             84869582
Packets dropped:                     0
TX rate:                             0
RX rate:                       4242572
Drop rate:                           0
Aggregate statistics ===============================
Total packets sent:                  0
Total packets received:      339466999
Total packets dropped:               0
Total TX rate:                       0
Total RX rate:                16972149
Total drop rate:                     0
====================================================
[2J[1;1H
Port statistics ====================================
Statistics for port 0 ------------------------------
Packets sent:                        0
Packets received:            127289222
Packets dropped:                     0
TX rate:                             0
RX rate:                       4243444
Drop rate:                           0
Statistics for port 1 ------------------------------
Packets sent:                        0
Packets received:            127284921
Packets dropped:                     0
TX rate:                             0
RX rate:                       4242138
Drop rate:                           0
Statistics for port 2 ------------------------------
Packets sent:                        0
Packets received:            127313554
Packets dropped:                     0
TX rate:                             0
RX rate:                       4243446
Drop rate:                           0
Statistics for port 3 ------------------------------
Packets sent:                        0
Packets received:            127301299
Packets dropped:                     0
TX rate:                             0
RX rate:                       4243171
Drop rate:                           0
Aggregate statistics ===============================
Total packets sent:                  0
Total packets received:      509189004
Total packets dropped:               0
Total TX rate:                       0
Total RX rate:                16972199
Total drop rate:                     0
====================================================


Signal 15 received, preparing to exit...
Closing port 0... Done
Closing port 1... Done
Closing port 2... Done
Closing port 3... Done
Bye...
