EAL: Detected 40 lcore(s)
EAL: Detected 2 NUMA nodes
EAL: Multi-process socket /var/run/dpdk/rte/mp_socket
EAL: No free hugepages reported in hugepages-1048576kB
EAL: Probing VFIO support...
EAL: PCI device 0000:05:08.0 on NUMA socket 0
EAL:   probe driver: 19ee:6003 net_nfp_vf
EAL: PCI device 0000:05:08.1 on NUMA socket 0
EAL:   probe driver: 19ee:6003 net_nfp_vf
EAL: PCI device 0000:05:08.2 on NUMA socket 0
EAL:   probe driver: 19ee:6003 net_nfp_vf
EAL: PCI device 0000:05:08.3 on NUMA socket 0
EAL:   probe driver: 19ee:6003 net_nfp_vf
MAC updating enabled
Lcore 0: RX port 0
Lcore 2: RX port 1
Lcore 4: RX port 2
Lcore 6: RX port 3
Initializing port 0... done: 
Port 0, MAC address: 00:15:4D:00:00:00

Initializing port 1... done: 
Port 1, MAC address: 00:15:4D:00:00:01

Initializing port 2... done: 
Port 2, MAC address: 00:15:4D:00:00:02

Initializing port 3... done: 
Port 3, MAC address: 00:15:4D:00:00:03


Checking link statusdone
Port0 Link Up. Speed 0 Mbps - full-duplex
Port1 Link Up. Speed 0 Mbps - full-duplex
Port2 Link Up. Speed 0 Mbps - full-duplex
Port3 Link Up. Speed 0 Mbps - full-duplex
L2FWD: entering main loop on lcore 2
L2FWD: entering main loop on lcore 6
L2FWD:  -- lcoreid=2 portid=1
L2FWD:  -- lcoreid=6 portid=3
L2FWD: entering main loop on lcore 4
L2FWD:  -- lcoreid=4 portid=2
L2FWD: lcore 8 has nothing to do
L2FWD: lcore 10 has nothing to do
L2FWD: lcore 12 has nothing to do
L2FWD: lcore 14 has nothing to do
L2FWD: entering main loop on lcore 0
L2FWD:  -- lcoreid=0 portid=0
[2J[1;1H
Port statistics ====================================
Statistics for port 0 ------------------------------
Packets sent:                        0
Packets received:                    0
Packets dropped:                     0
TX rate:                             0
RX rate:                             0
Drop rate:                           0
Statistics for port 1 ------------------------------
Packets sent:                        0
Packets received:                 1600
Packets dropped:                     0
TX rate:                             0
RX rate:                           160
Drop rate:                           0
Statistics for port 2 ------------------------------
Packets sent:                        0
Packets received:                 1655
Packets dropped:                     0
TX rate:                             0
RX rate:                           165
Drop rate:                           0
Statistics for port 3 ------------------------------
Packets sent:                        0
Packets received:                 1684
Packets dropped:                     0
TX rate:                             0
RX rate:                           168
Drop rate:                           0
Aggregate statistics ===============================
Total packets sent:                  0
Total packets received:           4939
Total packets dropped:               0
Total TX rate:                       0
Total RX rate:                     493
Total drop rate:                     0
====================================================
[2J[1;1H
Port statistics ====================================
Statistics for port 0 ------------------------------
Packets sent:                        0
Packets received:              8319571
Packets dropped:                     0
TX rate:                             0
RX rate:                        831957
Drop rate:                           0
Statistics for port 1 ------------------------------
Packets sent:                        0
Packets received:              8322427
Packets dropped:                     0
TX rate:                             0
RX rate:                        832082
Drop rate:                           0
Statistics for port 2 ------------------------------
Packets sent:                        0
Packets received:              8323904
Packets dropped:                     0
TX rate:                             0
RX rate:                        832225
Drop rate:                           0
Statistics for port 3 ------------------------------
Packets sent:                        0
Packets received:              8324624
Packets dropped:                     0
TX rate:                             0
RX rate:                        832294
Drop rate:                           0
Aggregate statistics ===============================
Total packets sent:                  0
Total packets received:       33290531
Total packets dropped:               0
Total TX rate:                       0
Total RX rate:                 3328558
Total drop rate:                     0
====================================================
[2J[1;1H
Port statistics ====================================
Statistics for port 0 ------------------------------
Packets sent:                        0
Packets received:             16633803
Packets dropped:                     0
TX rate:                             0
RX rate:                        831423
Drop rate:                           0
Statistics for port 1 ------------------------------
Packets sent:                        0
Packets received:             16649731
Packets dropped:                     0
TX rate:                             0
RX rate:                        832730
Drop rate:                           0
Statistics for port 2 ------------------------------
Packets sent:                        0
Packets received:             16645575
Packets dropped:                     0
TX rate:                             0
RX rate:                        832166
Drop rate:                           0
Statistics for port 3 ------------------------------
Packets sent:                        0
Packets received:             16645874
Packets dropped:                     0
TX rate:                             0
RX rate:                        832125
Drop rate:                           0
Aggregate statistics ===============================
Total packets sent:                  0
Total packets received:       66574983
Total packets dropped:               0
Total TX rate:                       0
Total RX rate:                 3328444
Total drop rate:                     0
====================================================
[2J[1;1H
Port statistics ====================================
Statistics for port 0 ------------------------------
Packets sent:                        0
Packets received:             24959388
Packets dropped:                     0
TX rate:                             0
RX rate:                        832558
Drop rate:                           0
Statistics for port 1 ------------------------------
Packets sent:                        0
Packets received:             24971147
Packets dropped:                     0
TX rate:                             0
RX rate:                        832141
Drop rate:                           0
Statistics for port 2 ------------------------------
Packets sent:                        0
Packets received:             24963693
Packets dropped:                     0
TX rate:                             0
RX rate:                        831811
Drop rate:                           0
Statistics for port 3 ------------------------------
Packets sent:                        0
Packets received:             24965202
Packets dropped:                     0
TX rate:                             0
RX rate:                        831932
Drop rate:                           0
Aggregate statistics ===============================
Total packets sent:                  0
Total packets received:       99859431
Total packets dropped:               0
Total TX rate:                       0
Total RX rate:                 3328442
Total drop rate:                     0
====================================================


Signal 15 received, preparing to exit...
Closing port 0... Done
Closing port 1... Done
Closing port 2... Done
Closing port 3... Done
Bye...
