EAL: Detected 40 lcore(s)
EAL: Detected 2 NUMA nodes
EAL: Multi-process socket /var/run/dpdk/rte/mp_socket
EAL: No free hugepages reported in hugepages-1048576kB
EAL: Probing VFIO support...
EAL: PCI device 0000:05:08.0 on NUMA socket 0
EAL:   probe driver: 19ee:6003 net_nfp_vf
EAL: PCI device 0000:05:08.1 on NUMA socket 0
EAL:   probe driver: 19ee:6003 net_nfp_vf
EAL: PCI device 0000:05:08.2 on NUMA socket 0
EAL:   probe driver: 19ee:6003 net_nfp_vf
EAL: PCI device 0000:05:08.3 on NUMA socket 0
EAL:   probe driver: 19ee:6003 net_nfp_vf
MAC updating enabled
Lcore 0: RX port 0
Lcore 2: RX port 1
Lcore 4: RX port 2
Lcore 6: RX port 3
Initializing port 0... done: 
Port 0, MAC address: 00:15:4D:00:00:00

Initializing port 1... done: 
Port 1, MAC address: 00:15:4D:00:00:01

Initializing port 2... done: 
Port 2, MAC address: 00:15:4D:00:00:02

Initializing port 3... done: 
Port 3, MAC address: 00:15:4D:00:00:03


Checking link statusdone
Port0 Link Up. Speed 0 Mbps - full-duplex
Port1 Link Up. Speed 0 Mbps - full-duplex
Port2 Link Up. Speed 0 Mbps - full-duplex
Port3 Link Up. Speed 0 Mbps - full-duplex
L2FWD: entering main loop on lcore 2
L2FWD:  -- lcoreid=2 portid=1
L2FWD: entering main loop on lcore 6
L2FWD:  -- lcoreid=6 portid=3
L2FWD: lcore 8 has nothing to do
L2FWD: lcore 10 has nothing to do
L2FWD: lcore 12 has nothing to do
L2FWD: lcore 14 has nothing to do
L2FWD: entering main loop on lcore 0
L2FWD:  -- lcoreid=0 portid=0
[2J[1;1H
Port statistics ====================================
Statistics for port 0 ------------------------------
Packets sent:                        0
Packets received:                    0
Packets dropped:                     0
TX rate:                             0
RX rate:                             0
Drop rate:                           0
Statistics for port 1 ------------------------------
Packets sent:                        0
Packets received:                 1324
Packets dropped:                     0
TX rate:                             0
RX rate:                           132
Drop rate:                           0
Statistics for port 2 ------------------------------
Packets sent:                        0
Packets received:                    0
Packets dropped:                     0
TX rate:                             0
RX rate:                             0
Drop rate:                           0
Statistics for port 3 ------------------------------
Packets sent:                        0
Packets received:                 1252
Packets dropped:                     0
TX rate:                             0
RX rate:                           125
Drop rate:                           0
Aggregate statistics ===============================
Total packets sent:                  0
Total packets received:           2579
Total packets dropped:               0
Total TX rate:                       0
Total RX rate:                     257
Total drop rate:                     0
====================================================
L2FWD: entering main loop on lcore 4
L2FWD:  -- lcoreid=4 portid=2
[2J[1;1H
Port statistics ====================================
Statistics for port 0 ------------------------------
Packets sent:                        0
Packets received:              9717419
Packets dropped:                     0
TX rate:                             0
RX rate:                        971741
Drop rate:                           0
Statistics for port 1 ------------------------------
Packets sent:                        0
Packets received:              9714150
Packets dropped:                     0
TX rate:                             0
RX rate:                        971282
Drop rate:                           0
Statistics for port 2 ------------------------------
Packets sent:                        0
Packets received:              9712656
Packets dropped:                     0
TX rate:                             0
RX rate:                        971265
Drop rate:                           0
Statistics for port 3 ------------------------------
Packets sent:                        0
Packets received:              9717724
Packets dropped:                     0
TX rate:                             0
RX rate:                        971647
Drop rate:                           0
Aggregate statistics ===============================
Total packets sent:                  0
Total packets received:       38861949
Total packets dropped:               0
Total TX rate:                       0
Total RX rate:                 3885935
Total drop rate:                     0
====================================================
[2J[1;1H
Port statistics ====================================
Statistics for port 0 ------------------------------
Packets sent:                        0
Packets received:             19432841
Packets dropped:                     0
TX rate:                             0
RX rate:                        971542
Drop rate:                           0
Statistics for port 1 ------------------------------
Packets sent:                        0
Packets received:             19433665
Packets dropped:                     0
TX rate:                             0
RX rate:                        971951
Drop rate:                           0
Statistics for port 2 ------------------------------
Packets sent:                        0
Packets received:             19428835
Packets dropped:                     0
TX rate:                             0
RX rate:                        971618
Drop rate:                           0
Statistics for port 3 ------------------------------
Packets sent:                        0
Packets received:             19424176
Packets dropped:                     0
TX rate:                             0
RX rate:                        970645
Drop rate:                           0
Aggregate statistics ===============================
Total packets sent:                  0
Total packets received:       77719520
Total packets dropped:               0
Total TX rate:                       0
Total RX rate:                 3885756
Total drop rate:                     0
====================================================
[2J[1;1H
Port statistics ====================================
Statistics for port 0 ------------------------------
Packets sent:                        0
Packets received:             29144623
Packets dropped:                     0
TX rate:                             0
RX rate:                        971178
Drop rate:                           0
Statistics for port 1 ------------------------------
Packets sent:                        0
Packets received:             29151311
Packets dropped:                     0
TX rate:                             0
RX rate:                        971764
Drop rate:                           0
Statistics for port 2 ------------------------------
Packets sent:                        0
Packets received:             29144844
Packets dropped:                     0
TX rate:                             0
RX rate:                        971600
Drop rate:                           0
Statistics for port 3 ------------------------------
Packets sent:                        0
Packets received:             29136349
Packets dropped:                     0
TX rate:                             0
RX rate:                        971217
Drop rate:                           0
Aggregate statistics ===============================
Total packets sent:                  0
Total packets received:      116577129
Total packets dropped:               0
Total TX rate:                       0
Total RX rate:                 3885759
Total drop rate:                     0
====================================================


Signal 15 received, preparing to exit...
Closing port 0... Done
Closing port 1... Done
Closing port 2... Done
Closing port 3... Done
Bye...
