EAL: Detected 40 lcore(s)
EAL: Detected 2 NUMA nodes
EAL: Multi-process socket /var/run/dpdk/rte/mp_socket
EAL: No free hugepages reported in hugepages-1048576kB
EAL: Probing VFIO support...
EAL: PCI device 0000:05:08.0 on NUMA socket 0
EAL:   probe driver: 19ee:6003 net_nfp_vf
EAL: PCI device 0000:05:08.1 on NUMA socket 0
EAL:   probe driver: 19ee:6003 net_nfp_vf
EAL: PCI device 0000:05:08.2 on NUMA socket 0
EAL:   probe driver: 19ee:6003 net_nfp_vf
EAL: PCI device 0000:05:08.3 on NUMA socket 0
EAL:   probe driver: 19ee:6003 net_nfp_vf
MAC updating enabled
Lcore 0: RX port 0
Lcore 2: RX port 1
Lcore 4: RX port 2
Lcore 6: RX port 3
Initializing port 0... done: 
Port 0, MAC address: 00:15:4D:00:00:00

Initializing port 1... done: 
Port 1, MAC address: 00:15:4D:00:00:01

Initializing port 2... done: 
Port 2, MAC address: 00:15:4D:00:00:02

Initializing port 3... done: 
Port 3, MAC address: 00:15:4D:00:00:03


Checking link statusdone
Port0 Link Up. Speed 0 Mbps - full-duplex
Port1 Link Up. Speed 0 Mbps - full-duplex
Port2 Link Up. Speed 0 Mbps - full-duplex
Port3 Link Up. Speed 0 Mbps - full-duplex
L2FWD: entering main loop on lcore 2
L2FWD:  -- lcoreid=2 portid=1
L2FWD: entering main loop on lcore 4
L2FWD:  -- lcoreid=4 portid=2
L2FWD: lcore 10 has nothing to do
L2FWD: lcore 12 has nothing to do
L2FWD: lcore 14 has nothing to do
L2FWD: entering main loop on lcore 6
L2FWD:  -- lcoreid=6 portid=3
L2FWD: entering main loop on lcore 0
L2FWD:  -- lcoreid=0 portid=0
[2J[1;1H
Port statistics ====================================
Statistics for port 0 ------------------------------
Packets sent:                        0
Packets received:                    0
Packets dropped:                     0
TX rate:                             0
RX rate:                             0
Drop rate:                           0
Statistics for port 1 ------------------------------
Packets sent:                        0
Packets received:                 2619
Packets dropped:                     0
TX rate:                             0
RX rate:                           261
Drop rate:                           0
Statistics for port 2 ------------------------------
Packets sent:                        0
Packets received:                 2251
Packets dropped:                     0
TX rate:                             0
RX rate:                           226
Drop rate:                           0
Statistics for port 3 ------------------------------
Packets sent:                        0
Packets received:                  896
Packets dropped:                     0
TX rate:                             0
RX rate:                            92
Drop rate:                           0
Aggregate statistics ===============================
Total packets sent:                  0
Total packets received:           5825
Total packets dropped:               0
Total TX rate:                       0
Total RX rate:                     579
Total drop rate:                     0
====================================================
L2FWD: lcore 8 has nothing to do
[2J[1;1H
Port statistics ====================================
Statistics for port 0 ------------------------------
Packets sent:                        0
Packets received:             47789906
Packets dropped:                     0
TX rate:                             0
RX rate:                       4778990
Drop rate:                           0
Statistics for port 1 ------------------------------
Packets sent:                        0
Packets received:             47809373
Packets dropped:                     0
TX rate:                             0
RX rate:                       4780676
Drop rate:                           0
Statistics for port 2 ------------------------------
Packets sent:                        0
Packets received:             47806373
Packets dropped:                     0
TX rate:                             0
RX rate:                       4780410
Drop rate:                           0
Statistics for port 3 ------------------------------
Packets sent:                        0
Packets received:             47786997
Packets dropped:                     0
TX rate:                             0
RX rate:                       4778607
Drop rate:                           0
Aggregate statistics ===============================
Total packets sent:                  0
Total packets received:      191192658
Total packets dropped:               0
Total TX rate:                       0
Total RX rate:                19118683
Total drop rate:                     0
====================================================
[2J[1;1H
Port statistics ====================================
Statistics for port 0 ------------------------------
Packets sent:                        0
Packets received:             94475477
Packets dropped:                     0
TX rate:                             0
RX rate:                       4668557
Drop rate:                           0
Statistics for port 1 ------------------------------
Packets sent:                        0
Packets received:             94496067
Packets dropped:                     0
TX rate:                             0
RX rate:                       4668669
Drop rate:                           0
Statistics for port 2 ------------------------------
Packets sent:                        0
Packets received:             94488782
Packets dropped:                     0
TX rate:                             0
RX rate:                       4668240
Drop rate:                           0
Statistics for port 3 ------------------------------
Packets sent:                        0
Packets received:             94461319
Packets dropped:                     0
TX rate:                             0
RX rate:                       4667431
Drop rate:                           0
Aggregate statistics ===============================
Total packets sent:                  0
Total packets received:      377921667
Total packets dropped:               0
Total TX rate:                       0
Total RX rate:                18672897
Total drop rate:                     0
====================================================
[2J[1;1H
Port statistics ====================================
Statistics for port 0 ------------------------------
Packets sent:                        0
Packets received:            141191994
Packets dropped:                     0
TX rate:                             0
RX rate:                       4671651
Drop rate:                           0
Statistics for port 1 ------------------------------
Packets sent:                        0
Packets received:            141223210
Packets dropped:                     0
TX rate:                             0
RX rate:                       4672713
Drop rate:                           0
Statistics for port 2 ------------------------------
Packets sent:                        0
Packets received:            141201285
Packets dropped:                     0
TX rate:                             0
RX rate:                       4671250
Drop rate:                           0
Statistics for port 3 ------------------------------
Packets sent:                        0
Packets received:            141165440
Packets dropped:                     0
TX rate:                             0
RX rate:                       4670412
Drop rate:                           0
Aggregate statistics ===============================
Total packets sent:                  0
Total packets received:      564781937
Total packets dropped:               0
Total TX rate:                       0
Total RX rate:                18686026
Total drop rate:                     0
====================================================


Signal 15 received, preparing to exit...
Closing port 0... Done
Closing port 1... Done
Closing port 2... Done
Closing port 3... Done
Bye...
