EAL: Detected 40 lcore(s)
EAL: Detected 2 NUMA nodes
EAL: Multi-process socket /var/run/dpdk/rte/mp_socket
EAL: No free hugepages reported in hugepages-1048576kB
EAL: Probing VFIO support...
EAL: PCI device 0000:05:08.0 on NUMA socket 0
EAL:   probe driver: 19ee:6003 net_nfp_vf
EAL: PCI device 0000:05:08.1 on NUMA socket 0
EAL:   probe driver: 19ee:6003 net_nfp_vf
EAL: PCI device 0000:05:08.2 on NUMA socket 0
EAL:   probe driver: 19ee:6003 net_nfp_vf
EAL: PCI device 0000:05:08.3 on NUMA socket 0
EAL:   probe driver: 19ee:6003 net_nfp_vf
MAC updating enabled
Lcore 0: RX port 0
Lcore 2: RX port 1
Lcore 4: RX port 2
Lcore 6: RX port 3
Initializing port 0... done: 
Port 0, MAC address: 3E:3C:B0:4D:5A:10

Initializing port 1... done: 
Port 1, MAC address: 6E:34:FE:0E:D6:0E

Initializing port 2... done: 
Port 2, MAC address: 2E:B0:4B:16:7C:F6

Initializing port 3... done: 
Port 3, MAC address: 4A:FA:C8:3B:F5:18


Checking link statusdone
Port0 Link Up. Speed 0 Mbps - full-duplex
Port1 Link Up. Speed 0 Mbps - full-duplex
Port2 Link Up. Speed 0 Mbps - full-duplex
Port3 Link Up. Speed 0 Mbps - full-duplex
L2FWD: entering main loop on lcore 2
L2FWD:  -- lcoreid=2 portid=1
L2FWD: entering main loop on lcore 6
L2FWD:  -- lcoreid=6 portid=3
L2FWD: entering main loop on lcore 4
L2FWD:  -- lcoreid=4 portid=2
L2FWD: lcore 8 has nothing to do
L2FWD: lcore 10 has nothing to do
L2FWD: lcore 12 has nothing to do
L2FWD: lcore 14 has nothing to do
L2FWD: entering main loop on lcore 0
L2FWD:  -- lcoreid=0 portid=0
[2J[1;1H
Port statistics ====================================
Statistics for port 0 ------------------------------
Packets sent:                        0
Packets received:                    0
Packets dropped:                     0
TX rate:                             0
RX rate:                             0
Drop rate:                           0
Statistics for port 1 ------------------------------
Packets sent:                        0
Packets received:                18901
Packets dropped:                     0
TX rate:                             0
RX rate:                          1890
Drop rate:                           0
Statistics for port 2 ------------------------------
Packets sent:                        0
Packets received:                17722
Packets dropped:                     0
TX rate:                             0
RX rate:                          1772
Drop rate:                           0
Statistics for port 3 ------------------------------
Packets sent:                        0
Packets received:                18393
Packets dropped:                     0
TX rate:                             0
RX rate:                          1839
Drop rate:                           0
Aggregate statistics ===============================
Total packets sent:                  0
Total packets received:          55045
Total packets dropped:               0
Total TX rate:                       0
Total RX rate:                    5501
Total drop rate:                     0
====================================================
[2J[1;1H
Port statistics ====================================
Statistics for port 0 ------------------------------
Packets sent:                        0
Packets received:             57533372
Packets dropped:                     0
TX rate:                             0
RX rate:                       5753337
Drop rate:                           0
Statistics for port 1 ------------------------------
Packets sent:                        0
Packets received:             57551488
Packets dropped:                     0
TX rate:                             0
RX rate:                       5753258
Drop rate:                           0
Statistics for port 2 ------------------------------
Packets sent:                        0
Packets received:             56972068
Packets dropped:                     0
TX rate:                             0
RX rate:                       5695433
Drop rate:                           0
Statistics for port 3 ------------------------------
Packets sent:                        0
Packets received:             56972741
Packets dropped:                     0
TX rate:                             0
RX rate:                       5695434
Drop rate:                           0
Aggregate statistics ===============================
Total packets sent:                  0
Total packets received:      229029677
Total packets dropped:               0
Total TX rate:                       0
Total RX rate:                22897462
Total drop rate:                     0
====================================================
[2J[1;1H
Port statistics ====================================
Statistics for port 0 ------------------------------
Packets sent:                        0
Packets received:            115065987
Packets dropped:                     0
TX rate:                             0
RX rate:                       5753261
Drop rate:                           0
Statistics for port 1 ------------------------------
Packets sent:                        0
Packets received:            115084032
Packets dropped:                     0
TX rate:                             0
RX rate:                       5753254
Drop rate:                           0
Statistics for port 2 ------------------------------
Packets sent:                        0
Packets received:            113926416
Packets dropped:                     0
TX rate:                             0
RX rate:                       5695434
Drop rate:                           0
Statistics for port 3 ------------------------------
Packets sent:                        0
Packets received:            113927086
Packets dropped:                     0
TX rate:                             0
RX rate:                       5695435
Drop rate:                           0
Aggregate statistics ===============================
Total packets sent:                  0
Total packets received:      458003559
Total packets dropped:               0
Total TX rate:                       0
Total RX rate:                22897384
Total drop rate:                     0
====================================================
[2J[1;1H
Port statistics ====================================
Statistics for port 0 ------------------------------
Packets sent:                        0
Packets received:            172598297
Packets dropped:                     0
TX rate:                             0
RX rate:                       5753231
Drop rate:                           0
Statistics for port 1 ------------------------------
Packets sent:                        0
Packets received:            172616373
Packets dropped:                     0
TX rate:                             0
RX rate:                       5753233
Drop rate:                           0
Statistics for port 2 ------------------------------
Packets sent:                        0
Packets received:            170880544
Packets dropped:                     0
TX rate:                             0
RX rate:                       5695412
Drop rate:                           0
Statistics for port 3 ------------------------------
Packets sent:                        0
Packets received:            170881208
Packets dropped:                     0
TX rate:                             0
RX rate:                       5695411
Drop rate:                           0
Aggregate statistics ===============================
Total packets sent:                  0
Total packets received:      686976433
Total packets dropped:               0
Total TX rate:                       0
Total RX rate:                22897287
Total drop rate:                     0
====================================================


Signal 15 received, preparing to exit...
Closing port 0... Done
Closing port 1... Done
Closing port 2... Done
Closing port 3... Done
Bye...
