EAL: Detected 40 lcore(s)
EAL: Detected 2 NUMA nodes
EAL: Multi-process socket /var/run/dpdk/rte/mp_socket
EAL: No free hugepages reported in hugepages-1048576kB
EAL: Probing VFIO support...
EAL: PCI device 0000:05:08.0 on NUMA socket 0
EAL:   probe driver: 19ee:6003 net_nfp_vf
EAL: PCI device 0000:05:08.1 on NUMA socket 0
EAL:   probe driver: 19ee:6003 net_nfp_vf
EAL: PCI device 0000:05:08.2 on NUMA socket 0
EAL:   probe driver: 19ee:6003 net_nfp_vf
EAL: PCI device 0000:05:08.3 on NUMA socket 0
EAL:   probe driver: 19ee:6003 net_nfp_vf
MAC updating enabled
Lcore 0: RX port 0
Lcore 2: RX port 1
Lcore 4: RX port 2
Lcore 6: RX port 3
Initializing port 0... done: 
Port 0, MAC address: 00:15:4D:00:00:00

Initializing port 1... done: 
Port 1, MAC address: 00:15:4D:00:00:01

Initializing port 2... done: 
Port 2, MAC address: 00:15:4D:00:00:02

Initializing port 3... done: 
Port 3, MAC address: 00:15:4D:00:00:03


Checking link statusdone
Port0 Link Up. Speed 0 Mbps - full-duplex
Port1 Link Up. Speed 0 Mbps - full-duplex
Port2 Link Up. Speed 0 Mbps - full-duplex
Port3 Link Up. Speed 0 Mbps - full-duplex
L2FWD: entering main loop on lcore 2
L2FWD:  -- lcoreid=2 portid=1
L2FWD: entering main loop on lcore 6
L2FWD:  -- lcoreid=6 portid=3
L2FWD: lcore 8 has nothing to do
L2FWD: lcore 10 has nothing to do
L2FWD: lcore 12 has nothing to do
L2FWD: lcore 14 has nothing to do
L2FWD: entering main loop on lcore 0
L2FWD:  -- lcoreid=0 portid=0
[2J[1;1H
Port statistics ====================================
Statistics for port 0 ------------------------------
Packets sent:                        0
Packets received:                    0
Packets dropped:                     0
TX rate:                             0
RX rate:                             0
Drop rate:                           0
Statistics for port 1 ------------------------------
Packets sent:                        0
Packets received:                 1527
Packets dropped:                     0
TX rate:                             0
RX rate:                           153
Drop rate:                           0
Statistics for port 2 ------------------------------
Packets sent:                        0
Packets received:                    0
Packets dropped:                     0L2FWD: entering main loop on lcore 4

TX rate:                             0
RX rate:                             0
Drop rate:                           0
Statistics for port 3 ------------------------------
Packets sent:                        0
Packets received:                 1429
Packets dropped:                     0
TX rate:                             0
RX rate:                           142
Drop rate:                           0
Aggregate statistics ===============================
Total packets sent:                  0
Total packets received:           2967
Total packets dropped:               0
Total TX rate:                       0
Total RX rate:                     295
Total drop rate:                     0
====================================================
L2FWD:  -- lcoreid=4 portid=2
[2J[1;1H
Port statistics ====================================
Statistics for port 0 ------------------------------
Packets sent:                        0
Packets received:             17408177
Packets dropped:                     0
TX rate:                             0
RX rate:                       1740817
Drop rate:                           0
Statistics for port 1 ------------------------------
Packets sent:                        0
Packets received:             17409964
Packets dropped:                     0
TX rate:                             0
RX rate:                       1740843
Drop rate:                           0
Statistics for port 2 ------------------------------
Packets sent:                        0
Packets received:             17405896
Packets dropped:                     0
TX rate:                             0
RX rate:                       1740589
Drop rate:                           0
Statistics for port 3 ------------------------------
Packets sent:                        0
Packets received:             17404854
Packets dropped:                     0
TX rate:                             0
RX rate:                       1740342
Drop rate:                           0
Aggregate statistics ===============================
Total packets sent:                  0
Total packets received:       69628895
Total packets dropped:               0
Total TX rate:                       0
Total RX rate:                 6962591
Total drop rate:                     0
====================================================
[2J[1;1H
Port statistics ====================================
Statistics for port 0 ------------------------------
Packets sent:                        0
Packets received:             34621295
Packets dropped:                     0
TX rate:                             0
RX rate:                       1721311
Drop rate:                           0
Statistics for port 1 ------------------------------
Packets sent:                        0
Packets received:             34622981
Packets dropped:                     0
TX rate:                             0
RX rate:                       1721301
Drop rate:                           0
Statistics for port 2 ------------------------------
Packets sent:                        0
Packets received:             34625945
Packets dropped:                     0
TX rate:                             0
RX rate:                       1722005
Drop rate:                           0
Statistics for port 3 ------------------------------
Packets sent:                        0
Packets received:             34628111
Packets dropped:                     0
TX rate:                             0
RX rate:                       1722325
Drop rate:                           0
Aggregate statistics ===============================
Total packets sent:                  0
Total packets received:      138498342
Total packets dropped:               0
Total TX rate:                       0
Total RX rate:                 6886942
Total drop rate:                     0
====================================================
[2J[1;1H
Port statistics ====================================
Statistics for port 0 ------------------------------
Packets sent:                        0
Packets received:             51790787
Packets dropped:                     0
TX rate:                             0
RX rate:                       1716949
Drop rate:                           0
Statistics for port 1 ------------------------------
Packets sent:                        0
Packets received:             51797077
Packets dropped:                     0
TX rate:                             0
RX rate:                       1717409
Drop rate:                           0
Statistics for port 2 ------------------------------
Packets sent:                        0
Packets received:             51792660
Packets dropped:                     0
TX rate:                             0
RX rate:                       1716671
Drop rate:                           0
Statistics for port 3 ------------------------------
Packets sent:                        0
Packets received:             51806740
Packets dropped:                     0
TX rate:                             0
RX rate:                       1717862
Drop rate:                           0
Aggregate statistics ===============================
Total packets sent:                  0
Total packets received:      207187266
Total packets dropped:               0
Total TX rate:                       0
Total RX rate:                 6868891
Total drop rate:                     0
====================================================


Signal 15 received, preparing to exit...
Closing port 0... Done
Closing port 1... Done
Closing port 2... Done
Closing port 3... Done
Bye...
