EAL: Detected 40 lcore(s)
EAL: Detected 2 NUMA nodes
EAL: Multi-process socket /var/run/dpdk/rte/mp_socket
EAL: No free hugepages reported in hugepages-1048576kB
EAL: Probing VFIO support...
EAL: PCI device 0000:05:08.0 on NUMA socket 0
EAL:   probe driver: 19ee:6003 net_nfp_vf
EAL: PCI device 0000:05:08.1 on NUMA socket 0
EAL:   probe driver: 19ee:6003 net_nfp_vf
EAL: PCI device 0000:05:08.2 on NUMA socket 0
EAL:   probe driver: 19ee:6003 net_nfp_vf
EAL: PCI device 0000:05:08.3 on NUMA socket 0
EAL:   probe driver: 19ee:6003 net_nfp_vf
MAC updating enabled
Lcore 0: RX port 0
Lcore 2: RX port 1
Lcore 4: RX port 2
Lcore 6: RX port 3
Initializing port 0... done: 
Port 0, MAC address: 00:15:4D:00:00:00

Initializing port 1... done: 
Port 1, MAC address: 00:15:4D:00:00:01

Initializing port 2... done: 
Port 2, MAC address: 00:15:4D:00:00:02

Initializing port 3... done: 
Port 3, MAC address: 00:15:4D:00:00:03


Checking link statusdone
Port0 Link Up. Speed 0 Mbps - full-duplex
Port1 Link Up. Speed 0 Mbps - full-duplex
Port2 Link Up. Speed 0 Mbps - full-duplex
Port3 Link Up. Speed 0 Mbps - full-duplex
L2FWD: entering main loop on lcore 2
L2FWD:  -- lcoreid=2 portid=1
L2FWD: entering main loop on lcore 6
L2FWD: entering main loop on lcore 4
L2FWD:  -- lcoreid=4 portid=2
L2FWD: lcore 8 has nothing to do
L2FWD:  -- lcoreid=6 portid=3
L2FWD: lcore 10 has nothing to do
L2FWD: lcore 12 has nothing to do
L2FWD: lcore 14 has nothing to do
L2FWD: entering main loop on lcore 0
L2FWD:  -- lcoreid=0 portid=0
[2J[1;1H
Port statistics ====================================
Statistics for port 0 ------------------------------
Packets sent:                        0
Packets received:                    0
Packets dropped:                     0
TX rate:                             0
RX rate:                             0
Drop rate:                           0
Statistics for port 1 ------------------------------
Packets sent:                        0
Packets received:                 4372
Packets dropped:                     0
TX rate:                             0
RX rate:                           437
Drop rate:                           0
Statistics for port 2 ------------------------------
Packets sent:                        0
Packets received:                 4337
Packets dropped:                     0
TX rate:                             0
RX rate:                           433
Drop rate:                           0
Statistics for port 3 ------------------------------
Packets sent:                        0
Packets received:                 4107
Packets dropped:                     0
TX rate:                             0
RX rate:                           411
Drop rate:                           0
Aggregate statistics ===============================
Total packets sent:                  0
Total packets received:          12824
Total packets dropped:               0
Total TX rate:                       0
Total RX rate:                    1281
Total drop rate:                     0
====================================================
[2J[1;1H
Port statistics ====================================
Statistics for port 0 ------------------------------
Packets sent:                        0
Packets received:             20326008
Packets dropped:                     0
TX rate:                             0
RX rate:                       2032600
Drop rate:                           0
Statistics for port 1 ------------------------------
Packets sent:                        0
Packets received:             20325795
Packets dropped:                     0
TX rate:                             0
RX rate:                       2032142
Drop rate:                           0
Statistics for port 2 ------------------------------
Packets sent:                        0
Packets received:             20330097
Packets dropped:                     0
TX rate:                             0
RX rate:                       2032576
Drop rate:                           0
Statistics for port 3 ------------------------------
Packets sent:                        0
Packets received:             20333228
Packets dropped:                     0
TX rate:                             0
RX rate:                       2032912
Drop rate:                           0
Aggregate statistics ===============================
Total packets sent:                  0
Total packets received:       81315141
Total packets dropped:               0
Total TX rate:                       0
Total RX rate:                 8130230
Total drop rate:                     0
====================================================
[2J[1;1H
Port statistics ====================================
Statistics for port 0 ------------------------------
Packets sent:                        0
Packets received:             40651674
Packets dropped:                     0
TX rate:                             0
RX rate:                       2032566
Drop rate:                           0
Statistics for port 1 ------------------------------
Packets sent:                        0
Packets received:             40649488
Packets dropped:                     0
TX rate:                             0
RX rate:                       2032369
Drop rate:                           0
Statistics for port 2 ------------------------------
Packets sent:                        0
Packets received:             40657438
Packets dropped:                     0
TX rate:                             0
RX rate:                       2032733
Drop rate:                           0
Statistics for port 3 ------------------------------
Packets sent:                        0
Packets received:             40657964
Packets dropped:                     0
TX rate:                             0
RX rate:                       2032473
Drop rate:                           0
Aggregate statistics ===============================
Total packets sent:                  0
Total packets received:      162616568
Total packets dropped:               0
Total TX rate:                       0
Total RX rate:                 8130141
Total drop rate:                     0
====================================================
[2J[1;1H
Port statistics ====================================
Statistics for port 0 ------------------------------
Packets sent:                        0
Packets received:             60976316
Packets dropped:                     0
TX rate:                             0
RX rate:                       2032464
Drop rate:                           0
Statistics for port 1 ------------------------------
Packets sent:                        0
Packets received:             60976019
Packets dropped:                     0
TX rate:                             0
RX rate:                       2032652
Drop rate:                           0
Statistics for port 2 ------------------------------
Packets sent:                        0
Packets received:             60981948
Packets dropped:                     0
TX rate:                             0
RX rate:                       2032451
Drop rate:                           0
Statistics for port 3 ------------------------------
Packets sent:                        0
Packets received:             60983463
Packets dropped:                     0
TX rate:                             0
RX rate:                       2032549
Drop rate:                           0
Aggregate statistics ===============================
Total packets sent:                  0
Total packets received:      243917746
Total packets dropped:               0
Total TX rate:                       0
Total RX rate:                 8130116
Total drop rate:                     0
====================================================


Signal 15 received, preparing to exit...
Closing port 0... Done
Closing port 1... Done
Closing port 2... Done
Closing port 3... Done
Bye...
