EAL: Detected 40 lcore(s)
EAL: Detected 2 NUMA nodes
EAL: Multi-process socket /var/run/dpdk/rte/mp_socket
EAL: No free hugepages reported in hugepages-1048576kB
EAL: Probing VFIO support...
EAL: PCI device 0000:05:08.0 on NUMA socket 0
EAL:   probe driver: 19ee:6003 net_nfp_vf
EAL: PCI device 0000:05:08.1 on NUMA socket 0
EAL:   probe driver: 19ee:6003 net_nfp_vf
EAL: PCI device 0000:05:08.2 on NUMA socket 0
EAL:   probe driver: 19ee:6003 net_nfp_vf
EAL: PCI device 0000:05:08.3 on NUMA socket 0
EAL:   probe driver: 19ee:6003 net_nfp_vf
MAC updating enabled
Lcore 0: RX port 0
Lcore 2: RX port 1
Lcore 4: RX port 2
Lcore 6: RX port 3
Initializing port 0... done: 
Port 0, MAC address: 00:15:4D:00:00:00

Initializing port 1... done: 
Port 1, MAC address: 00:15:4D:00:00:01

Initializing port 2... done: 
Port 2, MAC address: 00:15:4D:00:00:02

Initializing port 3... done: 
Port 3, MAC address: 00:15:4D:00:00:03


Checking link statusdone
Port0 Link Up. Speed 0 Mbps - full-duplex
Port1 Link Up. Speed 0 Mbps - full-duplex
Port2 Link Up. Speed 0 Mbps - full-duplex
Port3 Link Up. Speed 0 Mbps - full-duplex
L2FWD: entering main loop on lcore 2
L2FWD:  -- lcoreid=2 portid=1
L2FWD: entering main loop on lcore 6
L2FWD:  -- lcoreid=6 portid=3
L2FWD: lcore 10 has nothing to do
L2FWD: lcore 12 has nothing to do
L2FWD: lcore 8 has nothing to do
L2FWD: lcore 14 has nothing to do
L2FWD: entering main loop on lcore 4
L2FWD:  -- lcoreid=4 portid=2
L2FWD: entering main loop on lcore 0
L2FWD:  -- lcoreid=0 portid=0
[2J[1;1H
Port statistics ====================================
Statistics for port 0 ------------------------------
Packets sent:                        0
Packets received:                    0
Packets dropped:                     0
TX rate:                             0
RX rate:                             0
Drop rate:                           0
Statistics for port 1 ------------------------------
Packets sent:                        0
Packets received:                 1859
Packets dropped:                     0
TX rate:                             0
RX rate:                           185
Drop rate:                           0
Statistics for port 2 ------------------------------
Packets sent:                        0
Packets received:                  992
Packets dropped:                     0
TX rate:                             0
RX rate:                           102
Drop rate:                           0
Statistics for port 3 ------------------------------
Packets sent:                        0
Packets received:                 1649
Packets dropped:                     0
TX rate:                             0
RX rate:                           165
Drop rate:                           0
Aggregate statistics ===============================
Total packets sent:                  0
Total packets received:           4565
Total packets dropped:               0
Total TX rate:                       0
Total RX rate:                     452
Total drop rate:                     0
====================================================
[2J[1;1H
Port statistics ====================================
Statistics for port 0 ------------------------------
Packets sent:                        0
Packets received:             24838171
Packets dropped:                     0
TX rate:                             0
RX rate:                       2483817
Drop rate:                           0
Statistics for port 1 ------------------------------
Packets sent:                        0
Packets received:             24842849
Packets dropped:                     0
TX rate:                             0
RX rate:                       2484099
Drop rate:                           0
Statistics for port 2 ------------------------------
Packets sent:                        0
Packets received:             24840604
Packets dropped:                     0
TX rate:                             0
RX rate:                       2483958
Drop rate:                           0
Statistics for port 3 ------------------------------
Packets sent:                        0
Packets received:             24836933
Packets dropped:                     0
TX rate:                             0
RX rate:                       2483528
Drop rate:                           0
Aggregate statistics ===============================
Total packets sent:                  0
Total packets received:       99358560
Total packets dropped:               0
Total TX rate:                       0
Total RX rate:                 9935402
Total drop rate:                     0
====================================================
[2J[1;1H
Port statistics ====================================
Statistics for port 0 ------------------------------
Packets sent:                        0
Packets received:             49671532
Packets dropped:                     0
TX rate:                             0
RX rate:                       2483336
Drop rate:                           0
Statistics for port 1 ------------------------------
Packets sent:                        0
Packets received:             49682249
Packets dropped:                     0
TX rate:                             0
RX rate:                       2483940
Drop rate:                           0
Statistics for port 2 ------------------------------
Packets sent:                        0
Packets received:             49688143
Packets dropped:                     0
TX rate:                             0
RX rate:                       2484753
Drop rate:                           0
Statistics for port 3 ------------------------------
Packets sent:                        0
Packets received:             49669285
Packets dropped:                     0
TX rate:                             0
RX rate:                       2483235
Drop rate:                           0
Aggregate statistics ===============================
Total packets sent:                  0
Total packets received:      198711210
Total packets dropped:               0
Total TX rate:                       0
Total RX rate:                 9935264
Total drop rate:                     0
====================================================
[2J[1;1H
Port statistics ====================================
Statistics for port 0 ------------------------------
Packets sent:                        0
Packets received:             74510336
Packets dropped:                     0
TX rate:                             0
RX rate:                       2483880
Drop rate:                           0
Statistics for port 1 ------------------------------
Packets sent:                        0
Packets received:             74521121
Packets dropped:                     0
TX rate:                             0
RX rate:                       2483887
Drop rate:                           0
Statistics for port 2 ------------------------------
Packets sent:                        0
Packets received:             74525300
Packets dropped:                     0
TX rate:                             0
RX rate:                       2483715
Drop rate:                           0
Statistics for port 3 ------------------------------
Packets sent:                        0
Packets received:             74507661
Packets dropped:                     0
TX rate:                             0
RX rate:                       2483837
Drop rate:                           0
Aggregate statistics ===============================
Total packets sent:                  0
Total packets received:      298064425
Total packets dropped:               0
Total TX rate:                       0
Total RX rate:                 9935319
Total drop rate:                     0
====================================================


Signal 15 received, preparing to exit...
Closing port 0... Done
Closing port 1... Done
Closing port 2... Done
Closing port 3... Done
Bye...
