EAL: Detected 40 lcore(s)
EAL: Detected 2 NUMA nodes
EAL: Multi-process socket /var/run/dpdk/rte/mp_socket
EAL: No free hugepages reported in hugepages-1048576kB
EAL: Probing VFIO support...
EAL: PCI device 0000:05:08.0 on NUMA socket 0
EAL:   probe driver: 19ee:6003 net_nfp_vf
EAL: PCI device 0000:05:08.1 on NUMA socket 0
EAL:   probe driver: 19ee:6003 net_nfp_vf
EAL: PCI device 0000:05:08.2 on NUMA socket 0
EAL:   probe driver: 19ee:6003 net_nfp_vf
EAL: PCI device 0000:05:08.3 on NUMA socket 0
EAL:   probe driver: 19ee:6003 net_nfp_vf
MAC updating enabled
Lcore 0: RX port 0
Lcore 2: RX port 1
Lcore 4: RX port 2
Lcore 6: RX port 3
Initializing port 0... done: 
Port 0, MAC address: 00:15:4D:00:00:00

Initializing port 1... done: 
Port 1, MAC address: 00:15:4D:00:00:01

Initializing port 2... done: 
Port 2, MAC address: 00:15:4D:00:00:02

Initializing port 3... done: 
Port 3, MAC address: 00:15:4D:00:00:03


Checking link statusdone
Port0 Link Up. Speed 0 Mbps - full-duplex
Port1 Link Up. Speed 0 Mbps - full-duplex
Port2 Link Up. Speed 0 Mbps - full-duplex
Port3 Link Up. Speed 0 Mbps - full-duplex
L2FWD: entering main loop on lcore 2
L2FWD:  -- lcoreid=2 portid=1
L2FWD: entering main loop on lcore 6
L2FWD:  -- lcoreid=6 portid=3
L2FWD: lcore 10 has nothing to do
L2FWD: lcore 12 has nothing to do
L2FWD: lcore 8 has nothing to do
L2FWD: lcore 14 has nothing to do
L2FWD: entering main loop on lcore 0
L2FWD:  -- lcoreid=0 portid=0
[2J[1;1H
Port statistics ====================================
Statistics for port 0 ------------------------------
Packets sent:                        0
Packets received:                    0
Packets dropped:                     0
TX rate:                             0
RX rate:                             0
Drop rate:                           0
Statistics for port 1 ------------------------------
Packets sent:                        0
Packets received:                 1512
Packets dropped:                     0
TX rate:                             0
RX rate:                           151
Drop rate:                           0
Statistics for port 2 ------------------------------
Packets sent:                        0
Packets received:                    0
Packets dropped:                     0
TX rate:                             0
RX rate:                             0
Drop rate:                           0
Statistics for port 3 ------------------------------
Packets sent:                        0
Packets received:                  915
Packets dropped:                     0
TX rate:                             0
RX rate:                            91
Drop rate:                           0
Aggregate statistics ===============================
Total packets sent:                  0
Total packets received:           2434
Total packets dropped:               0
Total TX rate:                       0
Total RX rate:                     242
Total drop rate:                     0
====================================================
L2FWD: entering main loop on lcore 4
L2FWD:  -- lcoreid=4 portid=2
[2J[1;1H
Port statistics ====================================
Statistics for port 0 ------------------------------
Packets sent:                        0
Packets received:             19748351
Packets dropped:                     0
TX rate:                             0
RX rate:                       1974835
Drop rate:                           0
Statistics for port 1 ------------------------------
Packets sent:                        0
Packets received:             19750818
Packets dropped:                     0
TX rate:                             0
RX rate:                       1974930
Drop rate:                           0
Statistics for port 2 ------------------------------
Packets sent:                        0
Packets received:             19743539
Packets dropped:                     0
TX rate:                             0
RX rate:                       1974353
Drop rate:                           0
Statistics for port 3 ------------------------------
Packets sent:                        0
Packets received:             19744417
Packets dropped:                     0
TX rate:                             0
RX rate:                       1974350
Drop rate:                           0
Aggregate statistics ===============================
Total packets sent:                  0
Total packets received:       78987137
Total packets dropped:               0
Total TX rate:                       0
Total RX rate:                 7898468
Total drop rate:                     0
====================================================
[2J[1;1H
Port statistics ====================================
Statistics for port 0 ------------------------------
Packets sent:                        0
Packets received:             39311641
Packets dropped:                     0
TX rate:                             0
RX rate:                       1956329
Drop rate:                           0
Statistics for port 1 ------------------------------
Packets sent:                        0
Packets received:             39319778
Packets dropped:                     0
TX rate:                             0
RX rate:                       1956896
Drop rate:                           0
Statistics for port 2 ------------------------------
Packets sent:                        0
Packets received:             39299744
Packets dropped:                     0
TX rate:                             0
RX rate:                       1955620
Drop rate:                           0
Statistics for port 3 ------------------------------
Packets sent:                        0
Packets received:             39309183
Packets dropped:                     0
TX rate:                             0
RX rate:                       1956476
Drop rate:                           0
Aggregate statistics ===============================
Total packets sent:                  0
Total packets received:      157240349
Total packets dropped:               0
Total TX rate:                       0
Total RX rate:                 7825321
Total drop rate:                     0
====================================================
[2J[1;1H
Port statistics ====================================
Statistics for port 0 ------------------------------
Packets sent:                        0
Packets received:             58859978
Packets dropped:                     0
TX rate:                             0
RX rate:                       1954833
Drop rate:                           0
Statistics for port 1 ------------------------------
Packets sent:                        0
Packets received:             58872970
Packets dropped:                     0
TX rate:                             0
RX rate:                       1955318
Drop rate:                           0
Statistics for port 2 ------------------------------
Packets sent:                        0
Packets received:             58854681
Packets dropped:                     0
TX rate:                             0
RX rate:                       1955493
Drop rate:                           0
Statistics for port 3 ------------------------------
Packets sent:                        0
Packets received:             58849703
Packets dropped:                     0
TX rate:                             0
RX rate:                       1954052
Drop rate:                           0
Aggregate statistics ===============================
Total packets sent:                  0
Total packets received:      235437337
Total packets dropped:               0
Total TX rate:                       0
Total RX rate:                 7819696
Total drop rate:                     0
====================================================


Signal 15 received, preparing to exit...
Closing port 0... Done
Closing port 1... Done
Closing port 2... Done
Closing port 3... Done
Bye...
