EAL: Detected 40 lcore(s)
EAL: Detected 2 NUMA nodes
EAL: Multi-process socket /var/run/dpdk/rte/mp_socket
EAL: No free hugepages reported in hugepages-1048576kB
EAL: Probing VFIO support...
EAL: PCI device 0000:05:08.0 on NUMA socket 0
EAL:   probe driver: 19ee:6003 net_nfp_vf
EAL: PCI device 0000:05:08.1 on NUMA socket 0
EAL:   probe driver: 19ee:6003 net_nfp_vf
EAL: PCI device 0000:05:08.2 on NUMA socket 0
EAL:   probe driver: 19ee:6003 net_nfp_vf
EAL: PCI device 0000:05:08.3 on NUMA socket 0
EAL:   probe driver: 19ee:6003 net_nfp_vf
MAC updating enabled
Lcore 0: RX port 0
Lcore 2: RX port 1
Lcore 4: RX port 2
Lcore 6: RX port 3
Initializing port 0... done: 
Port 0, MAC address: DA:9B:56:45:B0:83

Initializing port 1... done: 
Port 1, MAC address: 3A:98:37:15:1C:B9

Initializing port 2... done: 
Port 2, MAC address: AE:AB:FB:26:32:89

Initializing port 3... done: 
Port 3, MAC address: FA:0C:0A:5B:9B:61


Checking link statusdone
Port0 Link Up. Speed 0 Mbps - full-duplex
Port1 Link Up. Speed 0 Mbps - full-duplex
Port2 Link Up. Speed 0 Mbps - full-duplex
Port3 Link Up. Speed 0 Mbps - full-duplex
L2FWD: entering main loop on lcore 2
L2FWD:  -- lcoreid=2 portid=1
L2FWD: entering main loop on lcore 6
L2FWD:  -- lcoreid=6 portid=3
L2FWD: lcore 8 has nothing to do
L2FWD: lcore 10 has nothing to do
L2FWD: lcore 12 has nothing to do
L2FWD: lcore 14 has nothing to do
L2FWD: entering main loop on lcore 0
L2FWD:  -- lcoreid=0 portid=0
[2J[1;1H
Port statistics ====================================
Statistics for port 0 ------------------------------
Packets sent:                        0
Packets received:                    0
Packets dropped:                     0
TX rate:                             0
RX rate:                             0
Drop rate:                           0
Statistics for port 1 ------------------------------
Packets sent:                        0
Packets received:                 3140
Packets dropped:                     0
TX rate:                             0
RX rate:                           315
Drop rate:                           0
Statistics for port 2 ------------------------------
Packets sent:                        0
Packets received:                    0
Packets dropped:                     0
TX rate:                             0
RX rate:                             0
Drop rate:                           0
Statistics for port 3 ------------------------------
Packets sent:                        0
Packets received:                 2763
Packets dropped:                     0
TX rate:                             0
RX rate:                           277
Drop rate:                           0
Aggregate statistics ===============================
Total packets sent:                  0
Total packets received:           5928
Total packets dropped:               0
Total TX rate:                       0
Total RX rate:                     592
Total drop rate:                     0
====================================================
L2FWD: entering main loop on lcore 4
L2FWD:  -- lcoreid=4 portid=2
[2J[1;1H
Port statistics ====================================
Statistics for port 0 ------------------------------
Packets sent:                        0
Packets received:             69247733
Packets dropped:                     0
TX rate:                             0
RX rate:                       6924773
Drop rate:                           0
Statistics for port 1 ------------------------------
Packets sent:                        0
Packets received:             69250079
Packets dropped:                     0
TX rate:                             0
RX rate:                       6924693
Drop rate:                           0
Statistics for port 2 ------------------------------
Packets sent:                        0
Packets received:             68543551
Packets dropped:                     0
TX rate:                             0
RX rate:                       6854356
Drop rate:                           0
Statistics for port 3 ------------------------------
Packets sent:                        0
Packets received:             68553925
Packets dropped:                     0
TX rate:                             0
RX rate:                       6855115
Drop rate:                           0
Aggregate statistics ===============================
Total packets sent:                  0
Total packets received:      275595347
Total packets dropped:               0
Total TX rate:                       0
Total RX rate:                27558937
Total drop rate:                     0
====================================================
[2J[1;1H
Port statistics ====================================
Statistics for port 0 ------------------------------
Packets sent:                        0
Packets received:            138486144
Packets dropped:                     0
TX rate:                             0
RX rate:                       6923841
Drop rate:                           0
Statistics for port 1 ------------------------------
Packets sent:                        0
Packets received:            138488320
Packets dropped:                     0
TX rate:                             0
RX rate:                       6923825
Drop rate:                           0
Statistics for port 2 ------------------------------
Packets sent:                        0
Packets received:            137086039
Packets dropped:                     0
TX rate:                             0
RX rate:                       6854247
Drop rate:                           0
Statistics for port 3 ------------------------------
Packets sent:                        0
Packets received:            137096318
Packets dropped:                     0
TX rate:                             0
RX rate:                       6854239
Drop rate:                           0
Aggregate statistics ===============================
Total packets sent:                  0
Total packets received:      551156839
Total packets dropped:               0
Total TX rate:                       0
Total RX rate:                27556152
Total drop rate:                     0
====================================================
[2J[1;1H
Port statistics ====================================
Statistics for port 0 ------------------------------
Packets sent:                        0
Packets received:            207724992
Packets dropped:                     0
TX rate:                             0
RX rate:                       6923884
Drop rate:                           0
Statistics for port 1 ------------------------------
Packets sent:                        0
Packets received:            207727210
Packets dropped:                     0
TX rate:                             0
RX rate:                       6923887
Drop rate:                           0
Statistics for port 2 ------------------------------
Packets sent:                        0
Packets received:            205629064
Packets dropped:                     0
TX rate:                             0
RX rate:                       6854302
Drop rate:                           0
Statistics for port 3 ------------------------------
Packets sent:                        0
Packets received:            205639332
Packets dropped:                     0
TX rate:                             0
RX rate:                       6854301
Drop rate:                           0
Aggregate statistics ===============================
Total packets sent:                  0
Total packets received:      826720608
Total packets dropped:               0
Total TX rate:                       0
Total RX rate:                27556374
Total drop rate:                     0
====================================================


Signal 15 received, preparing to exit...
Closing port 0... Done
Closing port 1... Done
Closing port 2... Done
Closing port 3... Done
Bye...
