EAL: Detected 40 lcore(s)
EAL: Detected 2 NUMA nodes
EAL: Multi-process socket /var/run/dpdk/rte/mp_socket
EAL: No free hugepages reported in hugepages-1048576kB
EAL: Probing VFIO support...
EAL: PCI device 0000:05:08.0 on NUMA socket 0
EAL:   probe driver: 19ee:6003 net_nfp_vf
EAL: PCI device 0000:05:08.1 on NUMA socket 0
EAL:   probe driver: 19ee:6003 net_nfp_vf
EAL: PCI device 0000:05:08.2 on NUMA socket 0
EAL:   probe driver: 19ee:6003 net_nfp_vf
EAL: PCI device 0000:05:08.3 on NUMA socket 0
EAL:   probe driver: 19ee:6003 net_nfp_vf
MAC updating enabled
Lcore 0: RX port 0
Lcore 2: RX port 1
Lcore 4: RX port 2
Lcore 6: RX port 3
Initializing port 0... done: 
Port 0, MAC address: 02:B1:29:01:78:D4

Initializing port 1... done: 
Port 1, MAC address: A2:D5:9E:6C:24:AB

Initializing port 2... done: 
Port 2, MAC address: 56:EB:B9:2F:7A:1E

Initializing port 3... done: 
Port 3, MAC address: E2:B8:8E:5E:23:6C


Checking link statusdone
Port0 Link Up. Speed 0 Mbps - full-duplex
Port1 Link Up. Speed 0 Mbps - full-duplex
Port2 Link Up. Speed 0 Mbps - full-duplex
Port3 Link Up. Speed 0 Mbps - full-duplex
L2FWD: entering main loop on lcore 2
L2FWD: entering main loop on lcore 6
L2FWD: lcore 8 has nothing to do
L2FWD:  -- lcoreid=6 portid=3
L2FWD:  -- lcoreid=2 portid=1
L2FWD: lcore 10 has nothing to do
L2FWD: entering main loop on lcore 4
L2FWD:  -- lcoreid=4 portid=2
L2FWD: lcore 12 has nothing to do
L2FWD: lcore 14 has nothing to do
L2FWD: entering main loop on lcore 0
L2FWD:  -- lcoreid=0 portid=0
[2J[1;1H
Port statistics ====================================
Statistics for port 0 ------------------------------
Packets sent:                        0
Packets received:                    0
Packets dropped:                     0
TX rate:                             0
RX rate:                             0
Drop rate:                           0
Statistics for port 1 ------------------------------
Packets sent:                        0
Packets received:                 3463
Packets dropped:                     0
TX rate:                             0
RX rate:                           346
Drop rate:                           0
Statistics for port 2 ------------------------------
Packets sent:                        0
Packets received:                 3091
Packets dropped:                     0
TX rate:                             0
RX rate:                           309
Drop rate:                           0
Statistics for port 3 ------------------------------
Packets sent:                        0
Packets received:                 3456
Packets dropped:                     0
TX rate:                             0
RX rate:                           345
Drop rate:                           0
Aggregate statistics ===============================
Total packets sent:                  0
Total packets received:          10019
Total packets dropped:               0
Total TX rate:                       0
Total RX rate:                    1000
Total drop rate:                     0
====================================================
[2J[1;1H
Port statistics ====================================
Statistics for port 0 ------------------------------
Packets sent:                        0
Packets received:             17335960
Packets dropped:                     0
TX rate:                             0
RX rate:                       1733596
Drop rate:                           0
Statistics for port 1 ------------------------------
Packets sent:                        0
Packets received:             17339293
Packets dropped:                     0
TX rate:                             0
RX rate:                       1733582
Drop rate:                           0
Statistics for port 2 ------------------------------
Packets sent:                        0
Packets received:             17164513
Packets dropped:                     0
TX rate:                             0
RX rate:                       1716142
Drop rate:                           0
Statistics for port 3 ------------------------------
Packets sent:                        0
Packets received:             17165330
Packets dropped:                     0
TX rate:                             0
RX rate:                       1716187
Drop rate:                           0
Aggregate statistics ===============================
Total packets sent:                  0
Total packets received:       69005096
Total packets dropped:               0
Total TX rate:                       0
Total RX rate:                 6899507
Total drop rate:                     0
====================================================
[2J[1;1H
Port statistics ====================================
Statistics for port 0 ------------------------------
Packets sent:                        0
Packets received:             34485531
Packets dropped:                     0
TX rate:                             0
RX rate:                       1714957
Drop rate:                           0
Statistics for port 1 ------------------------------
Packets sent:                        0
Packets received:             34489559
Packets dropped:                     0
TX rate:                             0
RX rate:                       1715027
Drop rate:                           0
Statistics for port 2 ------------------------------
Packets sent:                        0
Packets received:             34142313
Packets dropped:                     0
TX rate:                             0
RX rate:                       1697780
Drop rate:                           0
Statistics for port 3 ------------------------------
Packets sent:                        0
Packets received:             34142674
Packets dropped:                     0
TX rate:                             0
RX rate:                       1697734
Drop rate:                           0
Aggregate statistics ===============================
Total packets sent:                  0
Total packets received:      137260086
Total packets dropped:               0
Total TX rate:                       0
Total RX rate:                 6825498
Total drop rate:                     0
====================================================
[2J[1;1H
Port statistics ====================================
Statistics for port 0 ------------------------------
Packets sent:                        0
Packets received:             51635654
Packets dropped:                     0
TX rate:                             0
RX rate:                       1715012
Drop rate:                           0
Statistics for port 1 ------------------------------
Packets sent:                        0
Packets received:             51639311
Packets dropped:                     0
TX rate:                             0
RX rate:                       1714974
Drop rate:                           0
Statistics for port 2 ------------------------------
Packets sent:                        0
Packets received:             51119663
Packets dropped:                     0
TX rate:                             0
RX rate:                       1697735
Drop rate:                           0
Statistics for port 3 ------------------------------
Packets sent:                        0
Packets received:             51120408
Packets dropped:                     0
TX rate:                             0
RX rate:                       1697773
Drop rate:                           0
Aggregate statistics ===============================
Total packets sent:                  0
Total packets received:      205515043
Total packets dropped:               0
Total TX rate:                       0
Total RX rate:                 6825494
Total drop rate:                     0
====================================================


Signal 15 received, preparing to exit...
Closing port 0... Done
Closing port 1... Done
Closing port 2... Done
Closing port 3... Done
Bye...
