EAL: Detected 40 lcore(s)
EAL: Detected 2 NUMA nodes
EAL: Multi-process socket /var/run/dpdk/rte/mp_socket
EAL: No free hugepages reported in hugepages-1048576kB
EAL: Probing VFIO support...
EAL: PCI device 0000:05:08.0 on NUMA socket 0
EAL:   probe driver: 19ee:6003 net_nfp_vf
EAL: PCI device 0000:05:08.1 on NUMA socket 0
EAL:   probe driver: 19ee:6003 net_nfp_vf
EAL: PCI device 0000:05:08.2 on NUMA socket 0
EAL:   probe driver: 19ee:6003 net_nfp_vf
EAL: PCI device 0000:05:08.3 on NUMA socket 0
EAL:   probe driver: 19ee:6003 net_nfp_vf
MAC updating enabled
Lcore 0: RX port 0
Lcore 2: RX port 1
Lcore 4: RX port 2
Lcore 6: RX port 3
Initializing port 0... done: 
Port 0, MAC address: 8A:1D:B2:34:56:97

Initializing port 1... done: 
Port 1, MAC address: 9A:94:10:4E:32:44

Initializing port 2... done: 
Port 2, MAC address: 3A:DA:16:2D:38:71

Initializing port 3... done: 
Port 3, MAC address: 36:B1:41:39:11:C8


Checking link statusdone
Port0 Link Up. Speed 0 Mbps - full-duplex
Port1 Link Up. Speed 0 Mbps - full-duplex
Port2 Link Up. Speed 0 Mbps - full-duplex
Port3 Link Up. Speed 0 Mbps - full-duplex
L2FWD: entering main loop on lcore 2
L2FWD:  -- lcoreid=2 portid=1
L2FWD: entering main loop on lcore 6
L2FWD:  -- lcoreid=6 portid=3
L2FWD: lcore 8 has nothing to do
L2FWD: lcore 10 has nothing to do
L2FWD: entering main loop on lcore 4
L2FWD:  -- lcoreid=4 portid=2
L2FWD: lcore 12 has nothing to do
L2FWD: lcore 14 has nothing to do
L2FWD: entering main loop on lcore 0
L2FWD:  -- lcoreid=0 portid=0
[2J[1;1H
Port statistics ====================================
Statistics for port 0 ------------------------------
Packets sent:                        0
Packets received:                    0
Packets dropped:                     0
TX rate:                             0
RX rate:                             0
Drop rate:                           0
Statistics for port 1 ------------------------------
Packets sent:                        0
Packets received:                 1844
Packets dropped:                     0
TX rate:                             0
RX rate:                           184
Drop rate:                           0
Statistics for port 2 ------------------------------
Packets sent:                        0
Packets received:                 1715
Packets dropped:                     0
TX rate:                             0
RX rate:                           171
Drop rate:                           0
Statistics for port 3 ------------------------------
Packets sent:                        0
Packets received:                 1424
Packets dropped:                     0
TX rate:                             0
RX rate:                           142
Drop rate:                           0
Aggregate statistics ===============================
Total packets sent:                  0
Total packets received:           4984
Total packets dropped:               0
Total TX rate:                       0
Total RX rate:                     497
Total drop rate:                     0
====================================================
[2J[1;1H
Port statistics ====================================
Statistics for port 0 ------------------------------
Packets sent:                        0
Packets received:              5112002
Packets dropped:                     0
TX rate:                             0
RX rate:                        511200
Drop rate:                           0
Statistics for port 1 ------------------------------
Packets sent:                        0
Packets received:              5109352
Packets dropped:                     0
TX rate:                             0
RX rate:                        510750
Drop rate:                           0
Statistics for port 2 ------------------------------
Packets sent:                        0
Packets received:              5057441
Packets dropped:                     0
TX rate:                             0
RX rate:                        505572
Drop rate:                           0
Statistics for port 3 ------------------------------
Packets sent:                        0
Packets received:              5059254
Packets dropped:                     0
TX rate:                             0
RX rate:                        505783
Drop rate:                           0
Aggregate statistics ===============================
Total packets sent:                  0
Total packets received:       20338051
Total packets dropped:               0
Total TX rate:                       0
Total RX rate:                 2033305
Total drop rate:                     0
====================================================
[2J[1;1H
Port statistics ====================================
Statistics for port 0 ------------------------------
Packets sent:                        0
Packets received:             10223181
Packets dropped:                     0
TX rate:                             0
RX rate:                        511117
Drop rate:                           0
Statistics for port 1 ------------------------------
Packets sent:                        0
Packets received:             10216798
Packets dropped:                     0
TX rate:                             0
RX rate:                        510744
Drop rate:                           0
Statistics for port 2 ------------------------------
Packets sent:                        0
Packets received:             10112915
Packets dropped:                     0
TX rate:                             0
RX rate:                        505547
Drop rate:                           0
Statistics for port 3 ------------------------------
Packets sent:                        0
Packets received:             10118007
Packets dropped:                     0
TX rate:                             0
RX rate:                        505875
Drop rate:                           0
Aggregate statistics ===============================
Total packets sent:                  0
Total packets received:       40670902
Total packets dropped:               0
Total TX rate:                       0
Total RX rate:                 2033283
Total drop rate:                     0
====================================================
[2J[1;1H
Port statistics ====================================
Statistics for port 0 ------------------------------
Packets sent:                        0
Packets received:             15332657
Packets dropped:                     0
TX rate:                             0
RX rate:                        510947
Drop rate:                           0
Statistics for port 1 ------------------------------
Packets sent:                        0
Packets received:             15324875
Packets dropped:                     0
TX rate:                             0
RX rate:                        510807
Drop rate:                           0
Statistics for port 2 ------------------------------
Packets sent:                        0
Packets received:             15168892
Packets dropped:                     0
TX rate:                             0
RX rate:                        505597
Drop rate:                           0
Statistics for port 3 ------------------------------
Packets sent:                        0
Packets received:             15177129
Packets dropped:                     0
TX rate:                             0
RX rate:                        505912
Drop rate:                           0
Aggregate statistics ===============================
Total packets sent:                  0
Total packets received:       61003554
Total packets dropped:               0
Total TX rate:                       0
Total RX rate:                 2033263
Total drop rate:                     0
====================================================


Signal 15 received, preparing to exit...
Closing port 0... Done
Closing port 1... Done
Closing port 2... Done
Closing port 3... Done
Bye...
