EAL: Detected 40 lcore(s)
EAL: Detected 2 NUMA nodes
EAL: Multi-process socket /var/run/dpdk/rte/mp_socket
EAL: No free hugepages reported in hugepages-1048576kB
EAL: Probing VFIO support...
EAL: PCI device 0000:05:08.0 on NUMA socket 0
EAL:   probe driver: 19ee:6003 net_nfp_vf
EAL: PCI device 0000:05:08.1 on NUMA socket 0
EAL:   probe driver: 19ee:6003 net_nfp_vf
EAL: PCI device 0000:05:08.2 on NUMA socket 0
EAL:   probe driver: 19ee:6003 net_nfp_vf
EAL: PCI device 0000:05:08.3 on NUMA socket 0
EAL:   probe driver: 19ee:6003 net_nfp_vf
MAC updating enabled
Lcore 0: RX port 0
Lcore 2: RX port 1
Lcore 4: RX port 2
Lcore 6: RX port 3
Initializing port 0... done: 
Port 0, MAC address: 36:75:CF:5F:FC:18

Initializing port 1... done: 
Port 1, MAC address: F6:56:C6:5B:48:ED

Initializing port 2... done: 
Port 2, MAC address: CA:3E:7B:61:3E:A7

Initializing port 3... done: 
Port 3, MAC address: 76:7B:9C:2F:87:2C


Checking link statusdone
Port0 Link Up. Speed 0 Mbps - full-duplex
Port1 Link Up. Speed 0 Mbps - full-duplex
Port2 Link Up. Speed 0 Mbps - full-duplex
Port3 Link Up. Speed 0 Mbps - full-duplex
L2FWD: entering main loop on lcore 2
L2FWD:  -- lcoreid=2 portid=1
L2FWD: entering main loop on lcore 6
L2FWD:  -- lcoreid=6 portid=3
L2FWD: lcore 8 has nothing to do
L2FWD: lcore 10 has nothing to do
L2FWD: lcore 12 has nothing to do
L2FWD: lcore 14 has nothing to do
L2FWD: entering main loop on lcore 0
L2FWD:  -- lcoreid=0 portid=0
[2J[1;1H
Port statistics ====================================
Statistics for port 0 ------------------------------
Packets sent:                        0
Packets received:                    0
Packets dropped:                     0
TX rate:                             0
RX rate:                             0
Drop rate:                           0
Statistics for port 1 ------------------------------
Packets sent:                        0
Packets received:                 2200
Packets dropped:                     0
TX rate:                             0
RX rate:                           220
Drop rate:                           0
Statistics for port 2 ------------------------------
Packets sent:                        0
Packets received:                    0
Packets dropped:                     0
TX rate:                             0
RX rate:                             0
Drop rate:                           0
Statistics for port 3 ------------------------------
Packets sent:                        0
Packets received:                 1880
Packets dropped:                     0
TX rate:                             0
RX rate:                           188
Drop rate:                           0
Aggregate statistics ===============================
Total packets sent:                  0
Total packets received:           4088
Total packets dropped:               0
Total TX rate:                       0
Total RX rate:                     408
Total drop rate:                     0
====================================================
L2FWD: entering main loop on lcore 4
L2FWD:  -- lcoreid=4 portid=2
[2J[1;1H
Port statistics ====================================
Statistics for port 0 ------------------------------
Packets sent:                        0
Packets received:             47248209
Packets dropped:                     0
TX rate:                             0
RX rate:                       4724820
Drop rate:                           0
Statistics for port 1 ------------------------------
Packets sent:                        0
Packets received:             47249546
Packets dropped:                     0
TX rate:                             0
RX rate:                       4724734
Drop rate:                           0
Statistics for port 2 ------------------------------
Packets sent:                        0
Packets received:             47005071
Packets dropped:                     0
TX rate:                             0
RX rate:                       4700507
Drop rate:                           0
Statistics for port 3 ------------------------------
Packets sent:                        0
Packets received:             47011216
Packets dropped:                     0
TX rate:                             0
RX rate:                       4700933
Drop rate:                           0
Aggregate statistics ===============================
Total packets sent:                  0
Total packets received:      188514073
Total packets dropped:               0
Total TX rate:                       0
Total RX rate:                18850994
Total drop rate:                     0
====================================================
[2J[1;1H
Port statistics ====================================
Statistics for port 0 ------------------------------
Packets sent:                        0
Packets received:             94494884
Packets dropped:                     0
TX rate:                             0
RX rate:                       4724667
Drop rate:                           0
Statistics for port 1 ------------------------------
Packets sent:                        0
Packets received:             94496166
Packets dropped:                     0
TX rate:                             0
RX rate:                       4724662
Drop rate:                           0
Statistics for port 2 ------------------------------
Packets sent:                        0
Packets received:             94013686
Packets dropped:                     0
TX rate:                             0
RX rate:                       4700861
Drop rate:                           0
Statistics for port 3 ------------------------------
Packets sent:                        0
Packets received:             94019802
Packets dropped:                     0
TX rate:                             0
RX rate:                       4700858
Drop rate:                           0
Aggregate statistics ===============================
Total packets sent:                  0
Total packets received:      377024546
Total packets dropped:               0
Total TX rate:                       0
Total RX rate:                18851048
Total drop rate:                     0
====================================================
[2J[1;1H
Port statistics ====================================
Statistics for port 0 ------------------------------
Packets sent:                        0
Packets received:            141739824
Packets dropped:                     0
TX rate:                             0
RX rate:                       4724494
Drop rate:                           0
Statistics for port 1 ------------------------------
Packets sent:                        0
Packets received:            141741122
Packets dropped:                     0
TX rate:                             0
RX rate:                       4724496
Drop rate:                           0
Statistics for port 2 ------------------------------
Packets sent:                        0
Packets received:            141020621
Packets dropped:                     0
TX rate:                             0
RX rate:                       4700693
Drop rate:                           0
Statistics for port 3 ------------------------------
Packets sent:                        0
Packets received:            141026747
Packets dropped:                     0
TX rate:                             0
RX rate:                       4700694
Drop rate:                           0
Aggregate statistics ===============================
Total packets sent:                  0
Total packets received:      565528329
Total packets dropped:               0
Total TX rate:                       0
Total RX rate:                18850377
Total drop rate:                     0
====================================================


Signal 15 received, preparing to exit...
Closing port 0... Done
Closing port 1... Done
Closing port 2... Done
Closing port 3... Done
Bye...
