EAL: Detected 40 lcore(s)
EAL: Detected 2 NUMA nodes
EAL: Multi-process socket /var/run/dpdk/rte/mp_socket
EAL: No free hugepages reported in hugepages-1048576kB
EAL: Probing VFIO support...
EAL: PCI device 0000:05:08.0 on NUMA socket 0
EAL:   probe driver: 19ee:6003 net_nfp_vf
EAL: PCI device 0000:05:08.1 on NUMA socket 0
EAL:   probe driver: 19ee:6003 net_nfp_vf
EAL: PCI device 0000:05:08.2 on NUMA socket 0
EAL:   probe driver: 19ee:6003 net_nfp_vf
EAL: PCI device 0000:05:08.3 on NUMA socket 0
EAL:   probe driver: 19ee:6003 net_nfp_vf
MAC updating enabled
Lcore 0: RX port 0
Lcore 2: RX port 1
Lcore 4: RX port 2
Lcore 6: RX port 3
Initializing port 0... done: 
Port 0, MAC address: 66:A8:43:21:22:B4

Initializing port 1... done: 
Port 1, MAC address: D6:20:AF:47:DE:0B

Initializing port 2... done: 
Port 2, MAC address: D6:B6:18:07:C4:0E

Initializing port 3... done: 
Port 3, MAC address: 32:45:23:21:7D:DE


Checking link statusdone
Port0 Link Up. Speed 0 Mbps - full-duplex
Port1 Link Up. Speed 0 Mbps - full-duplex
Port2 Link Up. Speed 0 Mbps - full-duplex
Port3 Link Up. Speed 0 Mbps - full-duplex
L2FWD: entering main loop on lcore 2
L2FWD:  -- lcoreid=2 portid=1
L2FWD: lcore 8 has nothing to do
L2FWD: lcore 10 has nothing to do
L2FWD: lcore 12 has nothing to do
L2FWD: entering main loop on lcore 0
L2FWD:  -- lcoreid=0 portid=0
[2J[1;1H
Port statistics ====================================
Statistics for port 0 ------------------------------
Packets sent:                        0
Packets received:                    0
Packets dropped:                     0
TX rate:                             0
RX rate:                             0
Drop rate:                           0
Statistics for port 1 ------------------------------
Packets sent:                        0
Packets received:                 2231
Packets dropped:                     0
TX rate:                             0
RX rate:                           223
Drop rate:                           0
Statistics for port 2 ------------------------------
Packets sent:                        0
Packets received:                    0
Packets dropped:                     0
TX rate:                             0
RX rate:                             0
Drop rate:                           0
Statistics for port 3 ------------------------------
Packets sent:                        0
Packets received:                    0
Packets dropped:                     0
TX rate:                             0
RX rate:                             0
Drop rate:                           0
Aggregate statistics ===============================
Total packets sent:                  0
Total packets received:           2241
Total packets dropped:               0L2FWD: entering main loop on lcore 6

Total TX rate:                       0
Total RX rate:                     223
Total drop rate:                     0
====================================================
L2FWD:  -- lcoreid=6 portid=3
L2FWD: lcore 14 has nothing to do
L2FWD: entering main loop on lcore 4
L2FWD:  -- lcoreid=4 portid=2
[2J[1;1H
Port statistics ====================================
Statistics for port 0 ------------------------------
Packets sent:                        0
Packets received:             69240177
Packets dropped:                     0
TX rate:                             0
RX rate:                       6924017
Drop rate:                           0
Statistics for port 1 ------------------------------
Packets sent:                        0
Packets received:             69241761
Packets dropped:                     0
TX rate:                             0
RX rate:                       6923952
Drop rate:                           0
Statistics for port 2 ------------------------------
Packets sent:                        0
Packets received:             68535541
Packets dropped:                     0
TX rate:                             0
RX rate:                       6853555
Drop rate:                           0
Statistics for port 3 ------------------------------
Packets sent:                        0
Packets received:             68544289
Packets dropped:                     0
TX rate:                             0
RX rate:                       6854429
Drop rate:                           0
Aggregate statistics ===============================
Total packets sent:                  0
Total packets received:      275561840
Total packets dropped:               0
Total TX rate:                       0
Total RX rate:                27555953
Total drop rate:                     0
====================================================
[2J[1;1H
Port statistics ====================================
Statistics for port 0 ------------------------------
Packets sent:                        0
Packets received:            138480509
Packets dropped:                     0
TX rate:                             0
RX rate:                       6924033
Drop rate:                           0
Statistics for port 1 ------------------------------
Packets sent:                        0
Packets received:            138481935
Packets dropped:                     0
TX rate:                             0
RX rate:                       6924017
Drop rate:                           0
Statistics for port 2 ------------------------------
Packets sent:                        0
Packets received:            137079911
Packets dropped:                     0
TX rate:                             0
RX rate:                       6854436
Drop rate:                           0
Statistics for port 3 ------------------------------
Packets sent:                        0
Packets received:            137088622
Packets dropped:                     0
TX rate:                             0
RX rate:                       6854432
Drop rate:                           0
Aggregate statistics ===============================
Total packets sent:                  0
Total packets received:      551130977
Total packets dropped:               0
Total TX rate:                       0
Total RX rate:                27556918
Total drop rate:                     0
====================================================
[2J[1;1H
Port statistics ====================================
Statistics for port 0 ------------------------------
Packets sent:                        0
Packets received:            207716728
Packets dropped:                     0
TX rate:                             0
RX rate:                       6923621
Drop rate:                           0
Statistics for port 1 ------------------------------
Packets sent:                        0
Packets received:            207718137
Packets dropped:                     0
TX rate:                             0
RX rate:                       6923620
Drop rate:                           0
Statistics for port 2 ------------------------------
Packets sent:                        0
Packets received:            205620238
Packets dropped:                     0
TX rate:                             0
RX rate:                       6854032
Drop rate:                           0
Statistics for port 3 ------------------------------
Packets sent:                        0
Packets received:            205628979
Packets dropped:                     0
TX rate:                             0
RX rate:                       6854035
Drop rate:                           0
Aggregate statistics ===============================
Total packets sent:                  0
Total packets received:      826684092
Total packets dropped:               0
Total TX rate:                       0
Total RX rate:                27555308
Total drop rate:                     0
====================================================


Signal 15 received, preparing to exit...
Closing port 0... Done
Closing port 1... Done
Closing port 2... Done
Closing port 3... Done
Bye...
