EAL: Detected 40 lcore(s)
EAL: Detected 2 NUMA nodes
EAL: Multi-process socket /var/run/dpdk/rte/mp_socket
EAL: No free hugepages reported in hugepages-1048576kB
EAL: Probing VFIO support...
EAL: PCI device 0000:05:08.0 on NUMA socket 0
EAL:   probe driver: 19ee:6003 net_nfp_vf
EAL: PCI device 0000:05:08.1 on NUMA socket 0
EAL:   probe driver: 19ee:6003 net_nfp_vf
EAL: PCI device 0000:05:08.2 on NUMA socket 0
EAL:   probe driver: 19ee:6003 net_nfp_vf
EAL: PCI device 0000:05:08.3 on NUMA socket 0
EAL:   probe driver: 19ee:6003 net_nfp_vf
MAC updating enabled
Lcore 0: RX port 0
Lcore 2: RX port 1
Lcore 4: RX port 2
Lcore 6: RX port 3
Initializing port 0... done: 
Port 0, MAC address: E2:7C:11:6D:D8:E3

Initializing port 1... done: 
Port 1, MAC address: 82:34:A8:30:84:B9

Initializing port 2... done: 
Port 2, MAC address: 36:95:46:09:DA:C3

Initializing port 3... done: 
Port 3, MAC address: C2:25:E3:4B:83:00


Checking link statusdone
Port0 Link Up. Speed 0 Mbps - full-duplex
Port1 Link Up. Speed 0 Mbps - full-duplex
Port2 Link Up. Speed 0 Mbps - full-duplex
Port3 Link Up. Speed 0 Mbps - full-duplex
L2FWD: entering main loop on lcore 2
L2FWD:  -- lcoreid=2 portid=1
L2FWD: entering main loop on lcore 6
L2FWD:  -- lcoreid=6 portid=3
L2FWD: lcore 10 has nothing to do
L2FWD: lcore 12 has nothing to do
L2FWD: lcore 8 has nothing to do
L2FWD: entering main loop on lcore 0
L2FWD:  -- lcoreid=0 portid=0
[2J[1;1H
Port statistics ====================================
Statistics for port 0 ------------------------------
Packets sent:                        0
Packets received:                    0
Packets dropped:                     0
TX rate:                             0
RX rate:                             0
Drop rate:                           0
Statistics for port 1 ------------------------------
Packets sent:                        0
Packets received:                 2094
Packets dropped:                     0
TX rate:                             0
RX rate:                           209
Drop rate:                           0
Statistics for port 2 ------------------------------
Packets sent:                        0
Packets received:                    0
Packets dropped:                     0
TX rate:                             0
RX rate:                             0
Drop rate:                           0L2FWD: lcore 14 has nothing to do

Statistics for port 3 ------------------------------
Packets sent:                        0
Packets received:                 1780
Packets dropped:                     0
TX rate:                             0
RX rate:                           180
Drop rate:                           0
Aggregate statistics ===============================
Total packets sent:                  0
Total packets received:           3916
Total packets dropped:               0
Total TX rate:                       0
Total RX rate:                     389
Total drop rate:                     0
====================================================
L2FWD: entering main loop on lcore 4
L2FWD:  -- lcoreid=4 portid=2
[2J[1;1H
Port statistics ====================================
Statistics for port 0 ------------------------------
Packets sent:                        0
Packets received:             47395294
Packets dropped:                     0
TX rate:                             0
RX rate:                       4739529
Drop rate:                           0
Statistics for port 1 ------------------------------
Packets sent:                        0
Packets received:             47396571
Packets dropped:                     0
TX rate:                             0
RX rate:                       4739447
Drop rate:                           0
Statistics for port 2 ------------------------------
Packets sent:                        0
Packets received:             46913056
Packets dropped:                     0
TX rate:                             0
RX rate:                       4691305
Drop rate:                           0
Statistics for port 3 ------------------------------
Packets sent:                        0
Packets received:             46919945
Packets dropped:                     0
TX rate:                             0
RX rate:                       4691813
Drop rate:                           0
Aggregate statistics ===============================
Total packets sent:                  0
Total packets received:      188624874
Total packets dropped:               0
Total TX rate:                       0
Total RX rate:                18862094
Total drop rate:                     0
====================================================
[2J[1;1H
Port statistics ====================================
Statistics for port 0 ------------------------------
Packets sent:                        0
Packets received:             94789373
Packets dropped:                     0
TX rate:                             0
RX rate:                       4739407
Drop rate:                           0
Statistics for port 1 ------------------------------
Packets sent:                        0
Packets received:             94790641
Packets dropped:                     0
TX rate:                             0
RX rate:                       4739407
Drop rate:                           0
Statistics for port 2 ------------------------------
Packets sent:                        0
Packets received:             93830802
Packets dropped:                     0
TX rate:                             0
RX rate:                       4691774
Drop rate:                           0
Statistics for port 3 ------------------------------
Packets sent:                        0
Packets received:             93837679
Packets dropped:                     0
TX rate:                             0
RX rate:                       4691773
Drop rate:                           0
Aggregate statistics ===============================
Total packets sent:                  0
Total packets received:      377248500
Total packets dropped:               0
Total TX rate:                       0
Total RX rate:                18862361
Total drop rate:                     0
====================================================
[2J[1;1H
Port statistics ====================================
Statistics for port 0 ------------------------------
Packets sent:                        0
Packets received:            142183313
Packets dropped:                     0
TX rate:                             0
RX rate:                       4739394
Drop rate:                           0
Statistics for port 1 ------------------------------
Packets sent:                        0
Packets received:            142184573
Packets dropped:                     0
TX rate:                             0
RX rate:                       4739392
Drop rate:                           0
Statistics for port 2 ------------------------------
Packets sent:                        0
Packets received:            140748406
Packets dropped:                     0
TX rate:                             0
RX rate:                       4691760
Drop rate:                           0
Statistics for port 3 ------------------------------
Packets sent:                        0
Packets received:            140755285
Packets dropped:                     0
TX rate:                             0
RX rate:                       4691760
Drop rate:                           0
Aggregate statistics ===============================
Total packets sent:                  0
Total packets received:      565871580
Total packets dropped:               0
Total TX rate:                       0
Total RX rate:                18862306
Total drop rate:                     0
====================================================


Signal 15 received, preparing to exit...
Closing port 0... Done
Closing port 1... Done
Closing port 2... Done
Closing port 3... Done
Bye...
