EAL: Detected 40 lcore(s)
EAL: Detected 2 NUMA nodes
EAL: Multi-process socket /var/run/dpdk/rte/mp_socket
EAL: No free hugepages reported in hugepages-1048576kB
EAL: Probing VFIO support...
EAL: PCI device 0000:05:08.0 on NUMA socket 0
EAL:   probe driver: 19ee:6003 net_nfp_vf
EAL: PCI device 0000:05:08.1 on NUMA socket 0
EAL:   probe driver: 19ee:6003 net_nfp_vf
EAL: PCI device 0000:05:08.2 on NUMA socket 0
EAL:   probe driver: 19ee:6003 net_nfp_vf
EAL: PCI device 0000:05:08.3 on NUMA socket 0
EAL:   probe driver: 19ee:6003 net_nfp_vf
MAC updating enabled
Lcore 0: RX port 0
Lcore 2: RX port 1
Lcore 4: RX port 2
Lcore 6: RX port 3
Initializing port 0... done: 
Port 0, MAC address: 7E:92:8F:5C:64:FE

Initializing port 1... done: 
Port 1, MAC address: 7E:29:B7:22:F0:14

Initializing port 2... done: 
Port 2, MAC address: 92:E8:7A:75:26:7B

Initializing port 3... done: 
Port 3, MAC address: 7E:EE:1A:2B:AF:26


Checking link statusdone
Port0 Link Up. Speed 0 Mbps - full-duplex
Port1 Link Up. Speed 0 Mbps - full-duplex
Port2 Link Up. Speed 0 Mbps - full-duplex
Port3 Link Up. Speed 0 Mbps - full-duplex
L2FWD: entering main loop on lcore 2
L2FWD:  -- lcoreid=2 portid=1
L2FWD: entering main loop on lcore 6
L2FWD:  -- lcoreid=6 portid=3
L2FWD: lcore 8 has nothing to do
L2FWD: lcore 10 has nothing to do
L2FWD: lcore 12 has nothing to do
L2FWD: lcore 14 has nothing to do
L2FWD: entering main loop on lcore 4
L2FWD:  -- lcoreid=4 portid=2
L2FWD: entering main loop on lcore 0
L2FWD:  -- lcoreid=0 portid=0
[2J[1;1H
Port statistics ====================================
Statistics for port 0 ------------------------------
Packets sent:                        0
Packets received:                    0
Packets dropped:                     0
TX rate:                             0
RX rate:                             0
Drop rate:                           0
Statistics for port 1 ------------------------------
Packets sent:                        0
Packets received:                 9920
Packets dropped:                     0
TX rate:                             0
RX rate:                           992
Drop rate:                           0
Statistics for port 2 ------------------------------
Packets sent:                        0
Packets received:                  896
Packets dropped:                     0
TX rate:                             0
RX rate:                            92
Drop rate:                           0
Statistics for port 3 ------------------------------
Packets sent:                        0
Packets received:                 9533
Packets dropped:                     0
TX rate:                             0
RX rate:                           953
Drop rate:                           0
Aggregate statistics ===============================
Total packets sent:                  0
Total packets received:          20432
Total packets dropped:               0
Total TX rate:                       0
Total RX rate:                    2037
Total drop rate:                     0
====================================================
[2J[1;1H
Port statistics ====================================
Statistics for port 0 ------------------------------
Packets sent:                        0
Packets received:             68975333
Packets dropped:                     0
TX rate:                             0
RX rate:                       6897533
Drop rate:                           0
Statistics for port 1 ------------------------------
Packets sent:                        0
Packets received:             68984463
Packets dropped:                     0
TX rate:                             0
RX rate:                       6897453
Drop rate:                           0
Statistics for port 2 ------------------------------
Packets sent:                        0
Packets received:             68628196
Packets dropped:                     0
TX rate:                             0
RX rate:                       6862726
Drop rate:                           0
Statistics for port 3 ------------------------------
Packets sent:                        0
Packets received:             68636560
Packets dropped:                     0
TX rate:                             0
RX rate:                       6862703
Drop rate:                           0
Aggregate statistics ===============================
Total packets sent:                  0
Total packets received:      275224569
Total packets dropped:               0
Total TX rate:                       0
Total RX rate:                27520415
Total drop rate:                     0
====================================================
[2J[1;1H
Port statistics ====================================
Statistics for port 0 ------------------------------
Packets sent:                        0
Packets received:            134487312
Packets dropped:                     0
TX rate:                             0
RX rate:                       6551197
Drop rate:                           0
Statistics for port 1 ------------------------------
Packets sent:                        0
Packets received:            134496343
Packets dropped:                     0
TX rate:                             0
RX rate:                       6551188
Drop rate:                           0
Statistics for port 2 ------------------------------
Packets sent:                        0
Packets received:            133809970
Packets dropped:                     0
TX rate:                             0
RX rate:                       6518177
Drop rate:                           0
Statistics for port 3 ------------------------------
Packets sent:                        0
Packets received:            133818420
Packets dropped:                     0
TX rate:                             0
RX rate:                       6518186
Drop rate:                           0
Aggregate statistics ===============================
Total packets sent:                  0
Total packets received:      536612055
Total packets dropped:               0
Total TX rate:                       0
Total RX rate:                26138748
Total drop rate:                     0
====================================================
[2J[1;1H
Port statistics ====================================
Statistics for port 0 ------------------------------
Packets sent:                        0
Packets received:            200033215
Packets dropped:                     0
TX rate:                             0
RX rate:                       6554590
Drop rate:                           0
Statistics for port 1 ------------------------------
Packets sent:                        0
Packets received:            200042274
Packets dropped:                     0
TX rate:                             0
RX rate:                       6554594
Drop rate:                           0
Statistics for port 2 ------------------------------
Packets sent:                        0
Packets received:            199025737
Packets dropped:                     0
TX rate:                             0
RX rate:                       6521576
Drop rate:                           0
Statistics for port 3 ------------------------------
Packets sent:                        0
Packets received:            199034168
Packets dropped:                     0
TX rate:                             0
RX rate:                       6521573
Drop rate:                           0
Aggregate statistics ===============================
Total packets sent:                  0
Total packets received:      798135408
Total packets dropped:               0
Total TX rate:                       0
Total RX rate:                26152333
Total drop rate:                     0
====================================================


Signal 15 received, preparing to exit...
Closing port 0... Done
Closing port 1... Done
Closing port 2... Done
Closing port 3... Done
Bye...
