EAL: Detected 40 lcore(s)
EAL: Detected 2 NUMA nodes
EAL: Multi-process socket /var/run/dpdk/rte/mp_socket
EAL: No free hugepages reported in hugepages-1048576kB
EAL: Probing VFIO support...
EAL: PCI device 0000:05:08.0 on NUMA socket 0
EAL:   probe driver: 19ee:6003 net_nfp_vf
EAL: PCI device 0000:05:08.1 on NUMA socket 0
EAL:   probe driver: 19ee:6003 net_nfp_vf
EAL: PCI device 0000:05:08.2 on NUMA socket 0
EAL:   probe driver: 19ee:6003 net_nfp_vf
EAL: PCI device 0000:05:08.3 on NUMA socket 0
EAL:   probe driver: 19ee:6003 net_nfp_vf
MAC updating enabled
Lcore 0: RX port 0
Lcore 2: RX port 1
Lcore 4: RX port 2
Lcore 6: RX port 3
Initializing port 0... done: 
Port 0, MAC address: 2A:5C:17:0D:76:2C

Initializing port 1... done: 
Port 1, MAC address: 3A:84:09:00:52:AE

Initializing port 2... done: 
Port 2, MAC address: DA:62:8D:41:58:38

Initializing port 3... done: 
Port 3, MAC address: D6:FA:35:7B:31:B4


Checking link statusdone
Port0 Link Up. Speed 0 Mbps - full-duplex
Port1 Link Up. Speed 0 Mbps - full-duplex
Port2 Link Up. Speed 0 Mbps - full-duplex
Port3 Link Up. Speed 0 Mbps - full-duplex
L2FWD: entering main loop on lcore 2
L2FWD:  -- lcoreid=2 portid=1
L2FWD: entering main loop on lcore 4
L2FWD:  -- lcoreid=4 portid=2
L2FWD: lcore 8 has nothing to do
L2FWD: entering main loop on lcore 6
L2FWD:  -- lcoreid=6 portid=3
L2FWD: lcore 12 has nothing to do
L2FWD: lcore 14 has nothing to do
L2FWD: entering main loop on lcore 0
L2FWD:  -- lcoreid=0 portid=0
[2J[1;1H
Port statistics ====================================
Statistics for port 0 ------------------------------
Packets sent:                        0
Packets received:                    0
Packets dropped:                     0
TX rate:                             0
RX rate:                             0
Drop rate:                           0
Statistics for port 1 ------------------------------
Packets sent:                        0
Packets received:                 1299
Packets dropped:                     0
TX rate:                             0
RX rate:                           129
Drop rate:                           0
Statistics for port 2 ------------------------------
Packets sent:                        0
Packets received:                 1234
Packets dropped:                     0
TX rate:                             0
RX rate:                           123
Drop rate:                           0
Statistics for port 3 ------------------------------
Packets sent:                        0
Packets received:                 1133
Packets dropped:                     0L2FWD: lcore 10 has nothing to do

TX rate:                             0
RX rate:                           113
Drop rate:                           0
Aggregate statistics ===============================
Total packets sent:                  0
Total packets received:           3673
Total packets dropped:               0
Total TX rate:                       0
Total RX rate:                     365
Total drop rate:                     0
====================================================
[2J[1;1H
Port statistics ====================================
Statistics for port 0 ------------------------------
Packets sent:                        0
Packets received:              9924746
Packets dropped:                     0
TX rate:                             0
RX rate:                        992474
Drop rate:                           0
Statistics for port 1 ------------------------------
Packets sent:                        0
Packets received:              9923393
Packets dropped:                     0
TX rate:                             0
RX rate:                        992209
Drop rate:                           0
Statistics for port 2 ------------------------------
Packets sent:                        0
Packets received:              9824436
Packets dropped:                     0
TX rate:                             0
RX rate:                        982319
Drop rate:                           0
Statistics for port 3 ------------------------------
Packets sent:                        0
Packets received:              9825301
Packets dropped:                     0
TX rate:                             0
RX rate:                        982416
Drop rate:                           0
Aggregate statistics ===============================
Total packets sent:                  0
Total packets received:       39497881
Total packets dropped:               0
Total TX rate:                       0
Total RX rate:                 3949418
Total drop rate:                     0
====================================================
[2J[1;1H
Port statistics ====================================
Statistics for port 0 ------------------------------
Packets sent:                        0
Packets received:             19721790
Packets dropped:                     0
TX rate:                             0
RX rate:                        979704
Drop rate:                           0
Statistics for port 1 ------------------------------
Packets sent:                        0
Packets received:             19719802
Packets dropped:                     0
TX rate:                             0
RX rate:                        979640
Drop rate:                           0
Statistics for port 2 ------------------------------
Packets sent:                        0
Packets received:             19520418
Packets dropped:                     0
TX rate:                             0
RX rate:                        969598
Drop rate:                           0
Statistics for port 3 ------------------------------
Packets sent:                        0
Packets received:             19522543
Packets dropped:                     0
TX rate:                             0
RX rate:                        969724
Drop rate:                           0
Aggregate statistics ===============================
Total packets sent:                  0
Total packets received:       78484557
Total packets dropped:               0
Total TX rate:                       0
Total RX rate:                 3898666
Total drop rate:                     0
====================================================
[2J[1;1H
Port statistics ====================================
Statistics for port 0 ------------------------------
Packets sent:                        0
Packets received:             29518262
Packets dropped:                     0
TX rate:                             0
RX rate:                        979647
Drop rate:                           0
Statistics for port 1 ------------------------------
Packets sent:                        0
Packets received:             29515651
Packets dropped:                     0
TX rate:                             0
RX rate:                        979584
Drop rate:                           0
Statistics for port 2 ------------------------------
Packets sent:                        0
Packets received:             29216870
Packets dropped:                     0
TX rate:                             0
RX rate:                        969645
Drop rate:                           0
Statistics for port 3 ------------------------------
Packets sent:                        0
Packets received:             29220983
Packets dropped:                     0
TX rate:                             0
RX rate:                        969843
Drop rate:                           0
Aggregate statistics ===============================
Total packets sent:                  0
Total packets received:      117471770
Total packets dropped:               0
Total TX rate:                       0
Total RX rate:                 3898719
Total drop rate:                     0
====================================================


Signal 15 received, preparing to exit...
Closing port 0... Done
Closing port 1... Done
Closing port 2... Done
Closing port 3... Done
Bye...
