EAL: Detected 40 lcore(s)
EAL: Detected 2 NUMA nodes
EAL: Multi-process socket /var/run/dpdk/rte/mp_socket
EAL: No free hugepages reported in hugepages-1048576kB
EAL: Probing VFIO support...
EAL: PCI device 0000:05:08.0 on NUMA socket 0
EAL:   probe driver: 19ee:6003 net_nfp_vf
EAL: PCI device 0000:05:08.1 on NUMA socket 0
EAL:   probe driver: 19ee:6003 net_nfp_vf
EAL: PCI device 0000:05:08.2 on NUMA socket 0
EAL:   probe driver: 19ee:6003 net_nfp_vf
EAL: PCI device 0000:05:08.3 on NUMA socket 0
EAL:   probe driver: 19ee:6003 net_nfp_vf
MAC updating enabled
Lcore 0: RX port 0
Lcore 2: RX port 1
Lcore 4: RX port 2
Lcore 6: RX port 3
Initializing port 0... done: 
Port 0, MAC address: 9E:6B:84:1C:04:08

Initializing port 1... done: 
Port 1, MAC address: 9E:77:9F:5A:90:47

Initializing port 2... done: 
Port 2, MAC address: B2:33:D0:42:C6:7E

Initializing port 3... done: 
Port 3, MAC address: 9E:FE:05:64:4F:E3


Checking link statusdone
Port0 Link Up. Speed 0 Mbps - full-duplex
Port1 Link Up. Speed 0 Mbps - full-duplex
Port2 Link Up. Speed 0 Mbps - full-duplex
Port3 Link Up. Speed 0 Mbps - full-duplex
L2FWD: entering main loop on lcore 2
L2FWD:  -- lcoreid=2 portid=1
L2FWD: entering main loop on lcore 6
L2FWD:  -- lcoreid=6 portid=3
L2FWD: lcore 8 has nothing to do
L2FWD: entering main loop on lcore 4
L2FWD:  -- lcoreid=4 portid=2
L2FWD: lcore 10 has nothing to do
L2FWD: lcore 12 has nothing to do
L2FWD: lcore 14 has nothing to do
L2FWD: entering main loop on lcore 0
L2FWD:  -- lcoreid=0 portid=0
[2J[1;1H
Port statistics ====================================
Statistics for port 0 ------------------------------
Packets sent:                        0
Packets received:                    0
Packets dropped:                     0
TX rate:                             0
RX rate:                             0
Drop rate:                           0
Statistics for port 1 ------------------------------
Packets sent:                        0
Packets received:                10385
Packets dropped:                     0
TX rate:                             0
RX rate:                          1038
Drop rate:                           0
Statistics for port 2 ------------------------------
Packets sent:                        0
Packets received:                 9274
Packets dropped:                     0
TX rate:                             0
RX rate:                           927
Drop rate:                           0
Statistics for port 3 ------------------------------
Packets sent:                        0
Packets received:                 9953
Packets dropped:                     0
TX rate:                             0
RX rate:                           995
Drop rate:                           0
Aggregate statistics ===============================
Total packets sent:                  0
Total packets received:          29628
Total packets dropped:               0
Total TX rate:                       0
Total RX rate:                    2960
Total drop rate:                     0
====================================================
[2J[1;1H
Port statistics ====================================
Statistics for port 0 ------------------------------
Packets sent:                        0
Packets received:             59996784
Packets dropped:                     0
TX rate:                             0
RX rate:                       5999678
Drop rate:                           0
Statistics for port 1 ------------------------------
Packets sent:                        0
Packets received:             60006307
Packets dropped:                     0
TX rate:                             0
RX rate:                       5999592
Drop rate:                           0
Statistics for port 2 ------------------------------
Packets sent:                        0
Packets received:             59402240
Packets dropped:                     0
TX rate:                             0
RX rate:                       5939296
Drop rate:                           0
Statistics for port 3 ------------------------------
Packets sent:                        0
Packets received:             59403008
Packets dropped:                     0
TX rate:                             0
RX rate:                       5939306
Drop rate:                           0
Aggregate statistics ===============================
Total packets sent:                  0
Total packets received:      238808374
Total packets dropped:               0
Total TX rate:                       0
Total RX rate:                23877872
Total drop rate:                     0
====================================================
[2J[1;1H
Port statistics ====================================
Statistics for port 0 ------------------------------
Packets sent:                        0
Packets received:            119425965
Packets dropped:                     0
TX rate:                             0
RX rate:                       5942918
Drop rate:                           0
Statistics for port 1 ------------------------------
Packets sent:                        0
Packets received:            119435489
Packets dropped:                     0
TX rate:                             0
RX rate:                       5942918
Drop rate:                           0
Statistics for port 2 ------------------------------
Packets sent:                        0
Packets received:            118234152
Packets dropped:                     0
TX rate:                             0
RX rate:                       5883192
Drop rate:                           0
Statistics for port 3 ------------------------------
Packets sent:                        0
Packets received:            118234919
Packets dropped:                     0
TX rate:                             0
RX rate:                       5883190
Drop rate:                           0
Aggregate statistics ===============================
Total packets sent:                  0
Total packets received:      475330546
Total packets dropped:               0
Total TX rate:                       0
Total RX rate:                23652218
Total drop rate:                     0
====================================================
[2J[1;1H
Port statistics ====================================
Statistics for port 0 ------------------------------
Packets sent:                        0
Packets received:            178863886
Packets dropped:                     0
TX rate:                             0
RX rate:                       5943792
Drop rate:                           0
Statistics for port 1 ------------------------------
Packets sent:                        0
Packets received:            178873412
Packets dropped:                     0
TX rate:                             0
RX rate:                       5943793
Drop rate:                           0
Statistics for port 2 ------------------------------
Packets sent:                        0
Packets received:            177074740
Packets dropped:                     0
TX rate:                             0
RX rate:                       5884057
Drop rate:                           0
Statistics for port 3 ------------------------------
Packets sent:                        0
Packets received:            177075506
Packets dropped:                     0
TX rate:                             0
RX rate:                       5884057
Drop rate:                           0
Aggregate statistics ===============================
Total packets sent:                  0
Total packets received:      711887553
Total packets dropped:               0
Total TX rate:                       0
Total RX rate:                23655699
Total drop rate:                     0
====================================================


Signal 15 received, preparing to exit...
Closing port 0... Done
Closing port 1... Done
Closing port 2... Done
Closing port 3... Done
Bye...
