EAL: Detected 40 lcore(s)
EAL: Detected 2 NUMA nodes
EAL: Multi-process socket /var/run/dpdk/rte/mp_socket
EAL: No free hugepages reported in hugepages-1048576kB
EAL: Probing VFIO support...
EAL: PCI device 0000:05:08.0 on NUMA socket 0
EAL:   probe driver: 19ee:6003 net_nfp_vf
EAL: PCI device 0000:05:08.1 on NUMA socket 0
EAL:   probe driver: 19ee:6003 net_nfp_vf
EAL: PCI device 0000:05:08.2 on NUMA socket 0
EAL:   probe driver: 19ee:6003 net_nfp_vf
EAL: PCI device 0000:05:08.3 on NUMA socket 0
EAL:   probe driver: 19ee:6003 net_nfp_vf
MAC updating enabled
Lcore 0: RX port 0
Lcore 2: RX port 1
Lcore 4: RX port 2
Lcore 6: RX port 3
Initializing port 0... done: 
Port 0, MAC address: 62:28:3D:75:DB:5C

Initializing port 1... done: 
Port 1, MAC address: FE:71:54:4C:F4:7E

Initializing port 2... done: 
Port 2, MAC address: 0A:8B:E2:18:96:19

Initializing port 3... done: 
Port 3, MAC address: 52:51:85:18:6B:7D


Checking link statusdone
Port0 Link Up. Speed 0 Mbps - full-duplex
Port1 Link Up. Speed 0 Mbps - full-duplex
Port2 Link Up. Speed 0 Mbps - full-duplex
Port3 Link Up. Speed 0 Mbps - full-duplex
L2FWD: entering main loop on lcore 2
L2FWD:  -- lcoreid=2 portid=1
L2FWD: entering main loop on lcore 6
L2FWD:  -- lcoreid=6 portid=3
L2FWD: lcore 8 has nothing to do
L2FWD: lcore 10 has nothing to do
L2FWD: lcore 12 has nothing to do
L2FWD: lcore 14 has nothing to do
L2FWD: entering main loop on lcore 0
L2FWD:  -- lcoreid=0 portid=0
[2J[1;1H
Port statistics ====================================
Statistics for port 0 ------------------------------
Packets sent:                        0
Packets received:                    0
Packets dropped:                     0
TX rate:                             0
RX rate:                             0
Drop rate:                           0
Statistics for port 1 ------------------------------
Packets sent:                        0
Packets received:                 2701
Packets dropped:                     0
TX rate:                             0
RX rate:                           270
Drop rate:                           0
Statistics for port 2 ------------------------------
Packets sent:                        0
Packets received:                    0
Packets dropped:                     0
TX rate:                             0
RX rate:                             0
Drop rate:                           0
Statistics for port 3 ------------------------------
Packets sent:                        0
Packets received:                 2350
Packets dropped:                     0
TX rate:                             0
RX rate:                           236
Drop rate:                           0
Aggregate statistics ===============================
Total packets sent:                  0
Total packets received:           5067
Total packets dropped:               0
Total TX rate:                       0
Total RX rate:                     506
Total drop rate:                     0
====================================================
L2FWD: entering main loop on lcore 4
L2FWD:  -- lcoreid=4 portid=2
[2J[1;1H
Port statistics ====================================
Statistics for port 0 ------------------------------
Packets sent:                        0
Packets received:             54507761
Packets dropped:                     0
TX rate:                             0
RX rate:                       5450776
Drop rate:                           0
Statistics for port 1 ------------------------------
Packets sent:                        0
Packets received:             54509608
Packets dropped:                     0
TX rate:                             0
RX rate:                       5450690
Drop rate:                           0
Statistics for port 2 ------------------------------
Packets sent:                        0
Packets received:             53952340
Packets dropped:                     0
TX rate:                             0
RX rate:                       5395234
Drop rate:                           0
Statistics for port 3 ------------------------------
Packets sent:                        0
Packets received:             53961453
Packets dropped:                     0
TX rate:                             0
RX rate:                       5395909
Drop rate:                           0
Aggregate statistics ===============================
Total packets sent:                  0
Total packets received:      216931174
Total packets dropped:               0
Total TX rate:                       0
Total RX rate:                21692609
Total drop rate:                     0
====================================================
[2J[1;1H
Port statistics ====================================
Statistics for port 0 ------------------------------
Packets sent:                        0
Packets received:            108009368
Packets dropped:                     0
TX rate:                             0
RX rate:                       5350160
Drop rate:                           0
Statistics for port 1 ------------------------------
Packets sent:                        0
Packets received:            108011218
Packets dropped:                     0
TX rate:                             0
RX rate:                       5350162
Drop rate:                           0
Statistics for port 2 ------------------------------
Packets sent:                        0
Packets received:            106916258
Packets dropped:                     0
TX rate:                             0
RX rate:                       5296393
Drop rate:                           0
Statistics for port 3 ------------------------------
Packets sent:                        0
Packets received:            106925397
Packets dropped:                     0
TX rate:                             0
RX rate:                       5296393
Drop rate:                           0
Aggregate statistics ===============================
Total packets sent:                  0
Total packets received:      429862281
Total packets dropped:               0
Total TX rate:                       0
Total RX rate:                21293108
Total drop rate:                     0
====================================================
[2J[1;1H
Port statistics ====================================
Statistics for port 0 ------------------------------
Packets sent:                        0
Packets received:            161538121
Packets dropped:                     0
TX rate:                             0
RX rate:                       5352875
Drop rate:                           0
Statistics for port 1 ------------------------------
Packets sent:                        0
Packets received:            161539968
Packets dropped:                     0
TX rate:                             0
RX rate:                       5352874
Drop rate:                           0
Statistics for port 2 ------------------------------
Packets sent:                        0
Packets received:            159907018
Packets dropped:                     0
TX rate:                             0
RX rate:                       5299074
Drop rate:                           0
Statistics for port 3 ------------------------------
Packets sent:                        0
Packets received:            159916150
Packets dropped:                     0
TX rate:                             0
RX rate:                       5299075
Drop rate:                           0
Aggregate statistics ===============================
Total packets sent:                  0
Total packets received:      642901276
Total packets dropped:               0
Total TX rate:                       0
Total RX rate:                21303898
Total drop rate:                     0
====================================================


Signal 15 received, preparing to exit...
Closing port 0... Done
Closing port 1... Done
Closing port 2... Done
Closing port 3... Done
Bye...
