EAL: Detected 40 lcore(s)
EAL: Detected 2 NUMA nodes
EAL: Multi-process socket /var/run/dpdk/rte/mp_socket
EAL: No free hugepages reported in hugepages-1048576kB
EAL: Probing VFIO support...
EAL: PCI device 0000:05:08.0 on NUMA socket 0
EAL:   probe driver: 19ee:6003 net_nfp_vf
EAL: PCI device 0000:05:08.1 on NUMA socket 0
EAL:   probe driver: 19ee:6003 net_nfp_vf
EAL: PCI device 0000:05:08.2 on NUMA socket 0
EAL:   probe driver: 19ee:6003 net_nfp_vf
EAL: PCI device 0000:05:08.3 on NUMA socket 0
EAL:   probe driver: 19ee:6003 net_nfp_vf
MAC updating enabled
Lcore 0: RX port 0
Lcore 2: RX port 1
Lcore 4: RX port 2
Lcore 6: RX port 3
Initializing port 0... done: 
Port 0, MAC address: 00:15:4D:00:00:00

Initializing port 1... done: 
Port 1, MAC address: 00:15:4D:00:00:01

Initializing port 2... done: 
Port 2, MAC address: 00:15:4D:00:00:02

Initializing port 3... done: 
Port 3, MAC address: 00:15:4D:00:00:03


Checking link statusdone
Port0 Link Up. Speed 0 Mbps - full-duplex
Port1 Link Up. Speed 0 Mbps - full-duplex
Port2 Link Up. Speed 0 Mbps - full-duplex
Port3 Link Up. Speed 0 Mbps - full-duplex
L2FWD: entering main loop on lcore 2
L2FWD:  -- lcoreid=2 portid=1
L2FWD: entering main loop on lcore 6
L2FWD:  -- lcoreid=6 portid=3
L2FWD: lcore 8 has nothing to do
L2FWD: lcore 10 has nothing to do
L2FWD: lcore 12 has nothing to do
L2FWD: lcore 14 has nothing to do
L2FWD: entering main loop on lcore 0
L2FWD:  -- lcoreid=0 portid=0
[2J[1;1H
Port statistics ====================================
Statistics for port 0 ------------------------------
Packets sent:                        0
Packets received:                    0
Packets dropped:                     0
TX rate:                             0
RX rate:                             0
Drop rate:                           0
Statistics for port 1 ------------------------------
Packets sent:                        0
Packets received:                 2918
Packets dropped:                     0
TX rate:                             0
RX rate:                           292
Drop rate:                           0
Statistics for port 2 ------------------------------
Packets sent:                        0
Packets received:                    0
Packets dropped:                     0
TX rate:                             0
RX rate:                             0
Drop rate:                           0
Statistics for port 3 ------------------------------
Packets sent:                        0
Packets received:                 2651
Packets dropped:                     0
TX rate:                             0
RX rate:                           265
Drop rate:                           0
Aggregate statistics ===============================
Total packets sent:                  0
Total packets received:           5589
Total packets dropped:               0
Total TX rate:                       0
Total RX rate:                     557
Total drop rate:                     0
====================================================
L2FWD: entering main loop on lcore 4
L2FWD:  -- lcoreid=4 portid=2
[2J[1;1H
Port statistics ====================================
Statistics for port 0 ------------------------------
Packets sent:                        0
Packets received:             53842968
Packets dropped:                     0
TX rate:                             0
RX rate:                       5384296
Drop rate:                           0
Statistics for port 1 ------------------------------
Packets sent:                        0
Packets received:             53829846
Packets dropped:                     0
TX rate:                             0
RX rate:                       5382691
Drop rate:                           0
Statistics for port 2 ------------------------------
Packets sent:                        0
Packets received:             53836686
Packets dropped:                     0
TX rate:                             0
RX rate:                       5383668
Drop rate:                           0
Statistics for port 3 ------------------------------
Packets sent:                        0
Packets received:             53835525
Packets dropped:                     0
TX rate:                             0
RX rate:                       5383287
Drop rate:                           0
Aggregate statistics ===============================
Total packets sent:                  0
Total packets received:      215345062
Total packets dropped:               0
Total TX rate:                       0
Total RX rate:                21533942
Total drop rate:                     0
====================================================
[2J[1;1H
Port statistics ====================================
Statistics for port 0 ------------------------------
Packets sent:                        0
Packets received:            106169746
Packets dropped:                     0
TX rate:                             0
RX rate:                       5232677
Drop rate:                           0
Statistics for port 1 ------------------------------
Packets sent:                        0
Packets received:            106153608
Packets dropped:                     0
TX rate:                             0
RX rate:                       5232377
Drop rate:                           0
Statistics for port 2 ------------------------------
Packets sent:                        0
Packets received:            106172918
Packets dropped:                     0
TX rate:                             0
RX rate:                       5233624
Drop rate:                           0
Statistics for port 3 ------------------------------
Packets sent:                        0
Packets received:            106169397
Packets dropped:                     0
TX rate:                             0
RX rate:                       5233387
Drop rate:                           0
Aggregate statistics ===============================
Total packets sent:                  0
Total packets received:      424665689
Total packets dropped:               0
Total TX rate:                       0
Total RX rate:                20932065
Total drop rate:                     0
====================================================
[2J[1;1H
Port statistics ====================================
Statistics for port 0 ------------------------------
Packets sent:                        0
Packets received:            158528892
Packets dropped:                     0
TX rate:                             0
RX rate:                       5235914
Drop rate:                           0
Statistics for port 1 ------------------------------
Packets sent:                        0
Packets received:            158521888
Packets dropped:                     0
TX rate:                             0
RX rate:                       5236827
Drop rate:                           0
Statistics for port 2 ------------------------------
Packets sent:                        0
Packets received:            158538180
Packets dropped:                     0
TX rate:                             0
RX rate:                       5236525
Drop rate:                           0
Statistics for port 3 ------------------------------
Packets sent:                        0
Packets received:            158543547
Packets dropped:                     0
TX rate:                             0
RX rate:                       5237415
Drop rate:                           0
Aggregate statistics ===============================
Total packets sent:                  0
Total packets received:      634132511
Total packets dropped:               0
Total TX rate:                       0
Total RX rate:                20946681
Total drop rate:                     0
====================================================


Signal 15 received, preparing to exit...
Closing port 0... Done
Closing port 1... Done
Closing port 2... Done
Closing port 3... Done
Bye...
