EAL: Detected 40 lcore(s)
EAL: Detected 2 NUMA nodes
EAL: Multi-process socket /var/run/dpdk/rte/mp_socket
EAL: No free hugepages reported in hugepages-1048576kB
EAL: Probing VFIO support...
EAL: PCI device 0000:05:08.0 on NUMA socket 0
EAL:   probe driver: 19ee:6003 net_nfp_vf
EAL: PCI device 0000:05:08.1 on NUMA socket 0
EAL:   probe driver: 19ee:6003 net_nfp_vf
EAL: PCI device 0000:05:08.2 on NUMA socket 0
EAL:   probe driver: 19ee:6003 net_nfp_vf
EAL: PCI device 0000:05:08.3 on NUMA socket 0
EAL:   probe driver: 19ee:6003 net_nfp_vf
MAC updating enabled
Lcore 0: RX port 0
Lcore 2: RX port 1
Lcore 4: RX port 2
Lcore 6: RX port 3
Initializing port 0... done: 
Port 0, MAC address: 00:15:4D:00:00:00

Initializing port 1... done: 
Port 1, MAC address: 00:15:4D:00:00:01

Initializing port 2... done: 
Port 2, MAC address: 00:15:4D:00:00:02

Initializing port 3... done: 
Port 3, MAC address: 00:15:4D:00:00:03


Checking link statusdone
Port0 Link Up. Speed 0 Mbps - full-duplex
Port1 Link Up. Speed 0 Mbps - full-duplex
Port2 Link Up. Speed 0 Mbps - full-duplex
Port3 Link Up. Speed 0 Mbps - full-duplex
L2FWD: entering main loop on lcore 2
L2FWD:  -- lcoreid=2 portid=1
L2FWD: entering main loop on lcore 6
L2FWD:  -- lcoreid=6 portid=3
L2FWD: lcore 8 has nothing to do
L2FWD: lcore 10 has nothing to do
L2FWD: lcore 12 has nothing to do
L2FWD: lcore 14 has nothing to do
L2FWD: entering main loop on lcore 0
L2FWD:  -- lcoreid=0 portid=0
[2J[1;1H
Port statistics ====================================
Statistics for port 0 ------------------------------
Packets sent:                        0
Packets received:                    0
Packets dropped:                     0
TX rate:                             0
RX rate:                             0
Drop rate:                           0
Statistics for port 1 ------------------------------
Packets sent:                        0
Packets received:                 2567
Packets dropped:                     0
TX rate:                             0
RX rate:                           256
Drop rate:                           0
Statistics for port 2 ------------------------------
Packets sent:                        0
Packets received:                    0
Packets dropped:                     0
TX rate:                             0
RX rate:                             0
Drop rate:                           0
Statistics for port 3 ------------------------------
Packets sent:                        0
Packets received:                 2151
Packets dropped:                     0
TX rate:                             0
RX rate:                           215
Drop rate:                           0
Aggregate statistics ===============================
Total packets sent:                  0
Total packets received:           4732
Total packets dropped:               0
Total TX rate:                       0
Total RX rate:                     471
Total drop rate:                     0
====================================================
L2FWD: entering main loop on lcore 4
L2FWD:  -- lcoreid=4 portid=2
[2J[1;1H
Port statistics ====================================
Statistics for port 0 ------------------------------
Packets sent:                        0
Packets received:             49297120
Packets dropped:                     0
TX rate:                             0
RX rate:                       4929712
Drop rate:                           0
Statistics for port 1 ------------------------------
Packets sent:                        0
Packets received:             49310420
Packets dropped:                     0
TX rate:                             0
RX rate:                       4930786
Drop rate:                           0
Statistics for port 2 ------------------------------
Packets sent:                        0
Packets received:             49296359
Packets dropped:                     0
TX rate:                             0
RX rate:                       4929635
Drop rate:                           0
Statistics for port 3 ------------------------------
Packets sent:                        0
Packets received:             49323368
Packets dropped:                     0
TX rate:                             0
RX rate:                       4932122
Drop rate:                           0
Aggregate statistics ===============================
Total packets sent:                  0
Total packets received:      197227308
Total packets dropped:               0
Total TX rate:                       0
Total RX rate:                19722255
Total drop rate:                     0
====================================================
[2J[1;1H
Port statistics ====================================
Statistics for port 0 ------------------------------
Packets sent:                        0
Packets received:             97344599
Packets dropped:                     0
TX rate:                             0
RX rate:                       4804747
Drop rate:                           0
Statistics for port 1 ------------------------------
Packets sent:                        0
Packets received:             97355212
Packets dropped:                     0
TX rate:                             0
RX rate:                       4804478
Drop rate:                           0
Statistics for port 2 ------------------------------
Packets sent:                        0
Packets received:             97342428
Packets dropped:                     0
TX rate:                             0
RX rate:                       4804606
Drop rate:                           0
Statistics for port 3 ------------------------------
Packets sent:                        0
Packets received:             97352074
Packets dropped:                     0
TX rate:                             0
RX rate:                       4802869
Drop rate:                           0
Aggregate statistics ===============================
Total packets sent:                  0
Total packets received:      389394324
Total packets dropped:               0
Total TX rate:                       0
Total RX rate:                19216700
Total drop rate:                     0
====================================================
[2J[1;1H
Port statistics ====================================
Statistics for port 0 ------------------------------
Packets sent:                        0
Packets received:            145390056
Packets dropped:                     0
TX rate:                             0
RX rate:                       4804545
Drop rate:                           0
Statistics for port 1 ------------------------------
Packets sent:                        0
Packets received:            145408993
Packets dropped:                     0
TX rate:                             0
RX rate:                       4805378
Drop rate:                           0
Statistics for port 2 ------------------------------
Packets sent:                        0
Packets received:            145402861
Packets dropped:                     0
TX rate:                             0
RX rate:                       4806043
Drop rate:                           0
Statistics for port 3 ------------------------------
Packets sent:                        0
Packets received:            145404793
Packets dropped:                     0
TX rate:                             0
RX rate:                       4805271
Drop rate:                           0
Aggregate statistics ===============================
Total packets sent:                  0
Total packets received:      581606722
Total packets dropped:               0
Total TX rate:                       0
Total RX rate:                19221237
Total drop rate:                     0
====================================================


Signal 15 received, preparing to exit...
Closing port 0... Done
Closing port 1... Done
Closing port 2... Done
Closing port 3... Done
Bye...
