EAL: Detected 40 lcore(s)
EAL: Detected 2 NUMA nodes
EAL: Multi-process socket /var/run/dpdk/rte/mp_socket
EAL: No free hugepages reported in hugepages-1048576kB
EAL: Probing VFIO support...
EAL: PCI device 0000:05:08.0 on NUMA socket 0
EAL:   probe driver: 19ee:6003 net_nfp_vf
EAL: PCI device 0000:05:08.1 on NUMA socket 0
EAL:   probe driver: 19ee:6003 net_nfp_vf
EAL: PCI device 0000:05:08.2 on NUMA socket 0
EAL:   probe driver: 19ee:6003 net_nfp_vf
EAL: PCI device 0000:05:08.3 on NUMA socket 0
EAL:   probe driver: 19ee:6003 net_nfp_vf
MAC updating enabled
Lcore 0: RX port 0
Lcore 2: RX port 1
Lcore 4: RX port 2
Lcore 6: RX port 3
Initializing port 0... done: 
Port 0, MAC address: 00:15:4D:00:00:00

Initializing port 1... done: 
Port 1, MAC address: 00:15:4D:00:00:01

Initializing port 2... done: 
Port 2, MAC address: 00:15:4D:00:00:02

Initializing port 3... done: 
Port 3, MAC address: 00:15:4D:00:00:03


Checking link statusdone
Port0 Link Up. Speed 0 Mbps - full-duplex
Port1 Link Up. Speed 0 Mbps - full-duplex
Port2 Link Up. Speed 0 Mbps - full-duplex
Port3 Link Up. Speed 0 Mbps - full-duplex
L2FWD: entering main loop on lcore 2
L2FWD:  -- lcoreid=2 portid=1
L2FWD: entering main loop on lcore 6
L2FWD:  -- lcoreid=6 portid=3
L2FWD: lcore 8 has nothing to do
L2FWD: lcore 10 has nothing to do
L2FWD: lcore 12 has nothing to do
L2FWD: lcore 14 has nothing to do
L2FWD: entering main loop on lcore 0
L2FWD:  -- lcoreid=0 portid=0
[2J[1;1H
Port statistics ====================================
Statistics for port 0 ------------------------------
Packets sent:                        0
Packets received:                    0
Packets dropped:                     0
TX rate:                             0
RX rate:                             0
Drop rate:                           0
Statistics for port 1 ------------------------------
Packets sent:                        0
Packets received:                 2880
Packets dropped:                     0
TX rate:                             0
RX rate:                           288
Drop rate:                           0
Statistics for port 2 ------------------------------
Packets sent:                        0
Packets received:                    0
Packets dropped:                     0
TX rate:                             0
RX rate:                             0
Drop rate:                           0
Statistics for port 3 ------------------------------
Packets sent:                        0
Packets received:                 2531
Packets dropped:                     0
TX rate:                             0
RX rate:                           253
Drop rate:                           0
Aggregate statistics ===============================
Total packets sent:                  0
Total packets received:           5427
Total packets dropped:               0
Total TX rate:                       0
Total RX rate:                     541
Total drop rate:                     0
====================================================
L2FWD: entering main loop on lcore 4
L2FWD:  -- lcoreid=4 portid=2
[2J[1;1H
Port statistics ====================================
Statistics for port 0 ------------------------------
Packets sent:                        0
Packets received:             55079680
Packets dropped:                     0
TX rate:                             0
RX rate:                       5507968
Drop rate:                           0
Statistics for port 1 ------------------------------
Packets sent:                        0
Packets received:             55084350
Packets dropped:                     0
TX rate:                             0
RX rate:                       5508146
Drop rate:                           0
Statistics for port 2 ------------------------------
Packets sent:                        0
Packets received:             55060151
Packets dropped:                     0
TX rate:                             0
RX rate:                       5506015
Drop rate:                           0
Statistics for port 3 ------------------------------
Packets sent:                        0
Packets received:             55066972
Packets dropped:                     0
TX rate:                             0
RX rate:                       5506443
Drop rate:                           0
Aggregate statistics ===============================
Total packets sent:                  0
Total packets received:      220291175
Total packets dropped:               0
Total TX rate:                       0
Total RX rate:                22028572
Total drop rate:                     0
====================================================
[2J[1;1H
Port statistics ====================================
Statistics for port 0 ------------------------------
Packets sent:                        0
Packets received:            110146469
Packets dropped:                     0
TX rate:                             0
RX rate:                       5506678
Drop rate:                           0
Statistics for port 1 ------------------------------
Packets sent:                        0
Packets received:            110160896
Packets dropped:                     0
TX rate:                             0
RX rate:                       5507655
Drop rate:                           0
Statistics for port 2 ------------------------------
Packets sent:                        0
Packets received:            110141573
Packets dropped:                     0
TX rate:                             0
RX rate:                       5508142
Drop rate:                           0
Statistics for port 3 ------------------------------
Packets sent:                        0
Packets received:            110133028
Packets dropped:                     0
TX rate:                             0
RX rate:                       5506606
Drop rate:                           0
Aggregate statistics ===============================
Total packets sent:                  0
Total packets received:      440581998
Total packets dropped:               0
Total TX rate:                       0
Total RX rate:                22029081
Total drop rate:                     0
====================================================
[2J[1;1H
Port statistics ====================================
Statistics for port 0 ------------------------------
Packets sent:                        0
Packets received:            165219055
Packets dropped:                     0
TX rate:                             0
RX rate:                       5507258
Drop rate:                           0
Statistics for port 1 ------------------------------
Packets sent:                        0
Packets received:            165239692
Packets dropped:                     0
TX rate:                             0
RX rate:                       5507879
Drop rate:                           0
Statistics for port 2 ------------------------------
Packets sent:                        0
Packets received:            165214701
Packets dropped:                     0
TX rate:                             0
RX rate:                       5507312
Drop rate:                           0
Statistics for port 3 ------------------------------
Packets sent:                        0
Packets received:            165199706
Packets dropped:                     0
TX rate:                             0
RX rate:                       5506666
Drop rate:                           0
Aggregate statistics ===============================
Total packets sent:                  0
Total packets received:      660873161
Total packets dropped:               0
Total TX rate:                       0
Total RX rate:                22029115
Total drop rate:                     0
====================================================


Signal 15 received, preparing to exit...
Closing port 0... Done
Closing port 1... Done
Closing port 2... Done
Closing port 3... Done
Bye...
