EAL: Detected 40 lcore(s)
EAL: Detected 2 NUMA nodes
EAL: Multi-process socket /var/run/dpdk/rte/mp_socket
EAL: No free hugepages reported in hugepages-1048576kB
EAL: Probing VFIO support...
EAL: PCI device 0000:05:08.0 on NUMA socket 0
EAL:   probe driver: 19ee:6003 net_nfp_vf
EAL: PCI device 0000:05:08.1 on NUMA socket 0
EAL:   probe driver: 19ee:6003 net_nfp_vf
EAL: PCI device 0000:05:08.2 on NUMA socket 0
EAL:   probe driver: 19ee:6003 net_nfp_vf
EAL: PCI device 0000:05:08.3 on NUMA socket 0
EAL:   probe driver: 19ee:6003 net_nfp_vf
MAC updating enabled
Lcore 0: RX port 0
Lcore 2: RX port 1
Lcore 4: RX port 2
Lcore 6: RX port 3
Initializing port 0... done: 
Port 0, MAC address: 00:15:4D:00:00:00

Initializing port 1... done: 
Port 1, MAC address: 00:15:4D:00:00:01

Initializing port 2... done: 
Port 2, MAC address: 00:15:4D:00:00:02

Initializing port 3... done: 
Port 3, MAC address: 00:15:4D:00:00:03


Checking link statusdone
Port0 Link Up. Speed 0 Mbps - full-duplex
Port1 Link Up. Speed 0 Mbps - full-duplex
Port2 Link Up. Speed 0 Mbps - full-duplex
Port3 Link Up. Speed 0 Mbps - full-duplex
L2FWD: entering main loop on lcore 2
L2FWD:  -- lcoreid=2 portid=1
L2FWD: entering main loop on lcore 6
L2FWD:  -- lcoreid=6 portid=3
L2FWD: lcore 8 has nothing to do
L2FWD: lcore 10 has nothing to do
L2FWD: entering main loop on lcore 4
L2FWD:  -- lcoreid=4 portid=2
L2FWD: lcore 12 has nothing to do
L2FWD: lcore 14 has nothing to do
L2FWD: entering main loop on lcore 0
L2FWD:  -- lcoreid=0 portid=0
[2J[1;1H
Port statistics ====================================
Statistics for port 0 ------------------------------
Packets sent:                        0
Packets received:                    0
Packets dropped:                     0
TX rate:                             0
RX rate:                             0
Drop rate:                           0
Statistics for port 1 ------------------------------
Packets sent:                        0
Packets received:                10962
Packets dropped:                     0
TX rate:                             0
RX rate:                          1096
Drop rate:                           0
Statistics for port 2 ------------------------------
Packets sent:                        0
Packets received:                 9159
Packets dropped:                     0
TX rate:                             0
RX rate:                           915
Drop rate:                           0
Statistics for port 3 ------------------------------
Packets sent:                        0
Packets received:                10470
Packets dropped:                     0
TX rate:                             0
RX rate:                          1048
Drop rate:                           0
Aggregate statistics ===============================
Total packets sent:                  0
Total packets received:          30616
Total packets dropped:               0
Total TX rate:                       0
Total RX rate:                    3059
Total drop rate:                     0
====================================================
[2J[1;1H
Port statistics ====================================
Statistics for port 0 ------------------------------
Packets sent:                        0
Packets received:             68902977
Packets dropped:                     0
TX rate:                             0
RX rate:                       6890297
Drop rate:                           0
Statistics for port 1 ------------------------------
Packets sent:                        0
Packets received:             68913788
Packets dropped:                     0
TX rate:                             0
RX rate:                       6890282
Drop rate:                           0
Statistics for port 2 ------------------------------
Packets sent:                        0
Packets received:             68908251
Packets dropped:                     0
TX rate:                             0
RX rate:                       6889910
Drop rate:                           0
Statistics for port 3 ------------------------------
Packets sent:                        0
Packets received:             68890561
Packets dropped:                     0
TX rate:                             0
RX rate:                       6888008
Drop rate:                           0
Aggregate statistics ===============================
Total packets sent:                  0
Total packets received:      275615599
Total packets dropped:               0
Total TX rate:                       0
Total RX rate:                27558497
Total drop rate:                     0
====================================================
[2J[1;1H
Port statistics ====================================
Statistics for port 0 ------------------------------
Packets sent:                        0
Packets received:            137785481
Packets dropped:                     0
TX rate:                             0
RX rate:                       6888250
Drop rate:                           0
Statistics for port 1 ------------------------------
Packets sent:                        0
Packets received:            137795358
Packets dropped:                     0
TX rate:                             0
RX rate:                       6888157
Drop rate:                           0
Statistics for port 2 ------------------------------
Packets sent:                        0
Packets received:            137837198
Packets dropped:                     0
TX rate:                             0
RX rate:                       6892895
Drop rate:                           0
Statistics for port 3 ------------------------------
Packets sent:                        0
Packets received:            137786823
Packets dropped:                     0
TX rate:                             0
RX rate:                       6889626
Drop rate:                           0
Aggregate statistics ===============================
Total packets sent:                  0
Total packets received:      551204896
Total packets dropped:               0
Total TX rate:                       0
Total RX rate:                27558928
Total drop rate:                     0
====================================================
[2J[1;1H
Port statistics ====================================
Statistics for port 0 ------------------------------
Packets sent:                        0
Packets received:            206678687
Packets dropped:                     0
TX rate:                             0
RX rate:                       6889320
Drop rate:                           0
Statistics for port 1 ------------------------------
Packets sent:                        0
Packets received:            206692736
Packets dropped:                     0
TX rate:                             0
RX rate:                       6889736
Drop rate:                           0
Statistics for port 2 ------------------------------
Packets sent:                        0
Packets received:            206735030
Packets dropped:                     0
TX rate:                             0
RX rate:                       6889781
Drop rate:                           0
Statistics for port 3 ------------------------------
Packets sent:                        0
Packets received:            206687812
Packets dropped:                     0
TX rate:                             0
RX rate:                       6890098
Drop rate:                           0
Aggregate statistics ===============================
Total packets sent:                  0
Total packets received:      826794265
Total packets dropped:               0
Total TX rate:                       0
Total RX rate:                27558935
Total drop rate:                     0
====================================================


Signal 15 received, preparing to exit...
Closing port 0... Done
Closing port 1... Done
Closing port 2... Done
Closing port 3... Done
Bye...
