EAL: Detected 40 lcore(s)
EAL: Detected 2 NUMA nodes
EAL: Multi-process socket /var/run/dpdk/rte/mp_socket
EAL: No free hugepages reported in hugepages-1048576kB
EAL: Probing VFIO support...
EAL: PCI device 0000:05:08.0 on NUMA socket 0
EAL:   probe driver: 19ee:6003 net_nfp_vf
EAL: PCI device 0000:05:08.1 on NUMA socket 0
EAL:   probe driver: 19ee:6003 net_nfp_vf
EAL: PCI device 0000:05:08.2 on NUMA socket 0
EAL:   probe driver: 19ee:6003 net_nfp_vf
EAL: PCI device 0000:05:08.3 on NUMA socket 0
EAL:   probe driver: 19ee:6003 net_nfp_vf
MAC updating enabled
Lcore 0: RX port 0
Lcore 2: RX port 1
Lcore 4: RX port 2
Lcore 6: RX port 3
Initializing port 0... done: 
Port 0, MAC address: 00:15:4D:00:00:00

Initializing port 1... done: 
Port 1, MAC address: 00:15:4D:00:00:01

Initializing port 2... done: 
Port 2, MAC address: 00:15:4D:00:00:02

Initializing port 3... done: 
Port 3, MAC address: 00:15:4D:00:00:03


Checking link statusdone
Port0 Link Up. Speed 0 Mbps - full-duplex
Port1 Link Up. Speed 0 Mbps - full-duplex
Port2 Link Up. Speed 0 Mbps - full-duplex
Port3 Link Up. Speed 0 Mbps - full-duplex
L2FWD: entering main loop on lcore 2
L2FWD:  -- lcoreid=2 portid=1
L2FWD: entering main loop on lcore 6
L2FWD:  -- lcoreid=6 portid=3
L2FWD: lcore 8 has nothing to do
L2FWD: lcore 10 has nothing to do
L2FWD: lcore 12 has nothing to do
L2FWD: entering main loop on lcore 4
L2FWD:  -- lcoreid=4 portid=2
L2FWD: lcore 14 has nothing to do
L2FWD: entering main loop on lcore 0
L2FWD:  -- lcoreid=0 portid=0
[2J[1;1H
Port statistics ====================================
Statistics for port 0 ------------------------------
Packets sent:                        0
Packets received:                    0
Packets dropped:                     0
TX rate:                             0
RX rate:                             0
Drop rate:                           0
Statistics for port 1 ------------------------------
Packets sent:                        0
Packets received:                10859
Packets dropped:                     0
TX rate:                             0
RX rate:                          1086
Drop rate:                           0
Statistics for port 2 ------------------------------
Packets sent:                        0
Packets received:                 8576
Packets dropped:                     0
TX rate:                             0
RX rate:                           857
Drop rate:                           0
Statistics for port 3 ------------------------------
Packets sent:                        0
Packets received:                10381
Packets dropped:                     0
TX rate:                             0
RX rate:                          1038
Drop rate:                           0
Aggregate statistics ===============================
Total packets sent:                  0
Total packets received:          29839
Total packets dropped:               0
Total TX rate:                       0
Total RX rate:                    2981
Total drop rate:                     0
====================================================
[2J[1;1H
Port statistics ====================================
Statistics for port 0 ------------------------------
Packets sent:                        0
Packets received:             67062837
Packets dropped:                     0
TX rate:                             0
RX rate:                       6706283
Drop rate:                           0
Statistics for port 1 ------------------------------
Packets sent:                        0
Packets received:             67054785
Packets dropped:                     0
TX rate:                             0
RX rate:                       6704391
Drop rate:                           0
Statistics for port 2 ------------------------------
Packets sent:                        0
Packets received:             67074943
Packets dropped:                     0
TX rate:                             0
RX rate:                       6706636
Drop rate:                           0
Statistics for port 3 ------------------------------
Packets sent:                        0
Packets received:             67075646
Packets dropped:                     0
TX rate:                             0
RX rate:                       6706525
Drop rate:                           0
Aggregate statistics ===============================
Total packets sent:                  0
Total packets received:      268268223
Total packets dropped:               0
Total TX rate:                       0
Total RX rate:                26823835
Total drop rate:                     0
====================================================
[2J[1;1H
Port statistics ====================================
Statistics for port 0 ------------------------------
Packets sent:                        0
Packets received:            134115433
Packets dropped:                     0
TX rate:                             0
RX rate:                       6705259
Drop rate:                           0
Statistics for port 1 ------------------------------
Packets sent:                        0
Packets received:            134108667
Packets dropped:                     0
TX rate:                             0
RX rate:                       6705388
Drop rate:                           0
Statistics for port 2 ------------------------------
Packets sent:                        0
Packets received:            134145674
Packets dropped:                     0
TX rate:                             0
RX rate:                       6707074
Drop rate:                           0
Statistics for port 3 ------------------------------
Packets sent:                        0
Packets received:            134133851
Packets dropped:                     0
TX rate:                             0
RX rate:                       6705821
Drop rate:                           0
Aggregate statistics ===============================
Total packets sent:                  0
Total packets received:      536503656
Total packets dropped:               0
Total TX rate:                       0
Total RX rate:                26823542
Total drop rate:                     0
====================================================
[2J[1;1H
Port statistics ====================================
Statistics for port 0 ------------------------------
Packets sent:                        0
Packets received:            201171342
Packets dropped:                     0
TX rate:                             0
RX rate:                       6705590
Drop rate:                           0
Statistics for port 1 ------------------------------
Packets sent:                        0
Packets received:            201157308
Packets dropped:                     0
TX rate:                             0
RX rate:                       6704864
Drop rate:                           0
Statistics for port 2 ------------------------------
Packets sent:                        0
Packets received:            201222912
Packets dropped:                     0
TX rate:                             0
RX rate:                       6707722
Drop rate:                           0
Statistics for port 3 ------------------------------
Packets sent:                        0
Packets received:            201188302
Packets dropped:                     0
TX rate:                             0
RX rate:                       6705445
Drop rate:                           0
Aggregate statistics ===============================
Total packets sent:                  0
Total packets received:      804739888
Total packets dropped:               0
Total TX rate:                       0
Total RX rate:                26823621
Total drop rate:                     0
====================================================


Signal 15 received, preparing to exit...
Closing port 0... Done
Closing port 1... Done
Closing port 2... Done
Closing port 3... Done
Bye...
