EAL: Detected 40 lcore(s)
EAL: Detected 2 NUMA nodes
EAL: Multi-process socket /var/run/dpdk/rte/mp_socket
EAL: No free hugepages reported in hugepages-1048576kB
EAL: Probing VFIO support...
EAL: PCI device 0000:05:08.0 on NUMA socket 0
EAL:   probe driver: 19ee:6003 net_nfp_vf
EAL: PCI device 0000:05:08.1 on NUMA socket 0
EAL:   probe driver: 19ee:6003 net_nfp_vf
EAL: PCI device 0000:05:08.2 on NUMA socket 0
EAL:   probe driver: 19ee:6003 net_nfp_vf
EAL: PCI device 0000:05:08.3 on NUMA socket 0
EAL:   probe driver: 19ee:6003 net_nfp_vf
MAC updating enabled
Lcore 0: RX port 0
Lcore 2: RX port 1
Lcore 4: RX port 2
Lcore 6: RX port 3
Initializing port 0... done: 
Port 0, MAC address: 00:15:4D:00:00:00

Initializing port 1... done: 
Port 1, MAC address: 00:15:4D:00:00:01

Initializing port 2... done: 
Port 2, MAC address: 00:15:4D:00:00:02

Initializing port 3... done: 
Port 3, MAC address: 00:15:4D:00:00:03


Checking link statusdone
Port0 Link Up. Speed 0 Mbps - full-duplex
Port1 Link Up. Speed 0 Mbps - full-duplex
Port2 Link Up. Speed 0 Mbps - full-duplex
Port3 Link Up. Speed 0 Mbps - full-duplex
L2FWD: entering main loop on lcore 2
L2FWD:  -- lcoreid=2 portid=1
L2FWD: entering main loop on lcore 6
L2FWD:  -- lcoreid=6 portid=3
L2FWD: lcore 8 has nothing to do
L2FWD: lcore 10 has nothing to do
L2FWD: lcore 12 has nothing to do
L2FWD: lcore 14 has nothing to do
L2FWD: entering main loop on lcore 0
L2FWD:  -- lcoreid=0 portid=0
[2J[1;1H
Port statistics ====================================
Statistics for port 0 ------------------------------
Packets sent:                        0
Packets received:                    0
Packets dropped:                     0
TX rate:                             0
RX rate:                             0
Drop rate:                           0
Statistics for port 1 ------------------------------
Packets sent:                        0
Packets received:                 2665
Packets dropped:                     0
TX rate:                             0
RX rate:                           266
Drop rate:                           0
Statistics for port 2 ------------------------------
Packets sent:                        0
Packets received:                    0
Packets dropped:                     0
TX rate:                             0
RX rate:                             0
Drop rate:                           0
Statistics for port 3 ------------------------------
Packets sent:                        0
Packets received:                 2335
Packets dropped:                     0
TX rate:                             0
RX rate:                           233
Drop rate:                           0
Aggregate statistics ===============================
Total packets sent:                  0
Total packets received:           5013
Total packets dropped:               0
Total TX rate:                       0
Total RX rate:                     499
Total drop rate:                     0
====================================================
L2FWD: entering main loop on lcore 4
L2FWD:  -- lcoreid=4 portid=2
[2J[1;1H
Port statistics ====================================
Statistics for port 0 ------------------------------
Packets sent:                        0
Packets received:             61613214
Packets dropped:                     0
TX rate:                             0
RX rate:                       6161321
Drop rate:                           0
Statistics for port 1 ------------------------------
Packets sent:                        0
Packets received:             61618110
Packets dropped:                     0
TX rate:                             0
RX rate:                       6161544
Drop rate:                           0
Statistics for port 2 ------------------------------
Packets sent:                        0
Packets received:             61602708
Packets dropped:                     0
TX rate:                             0
RX rate:                       6160270
Drop rate:                           0
Statistics for port 3 ------------------------------
Packets sent:                        0
Packets received:             61612117
Packets dropped:                     0
TX rate:                             0
RX rate:                       6160977
Drop rate:                           0
Aggregate statistics ===============================
Total packets sent:                  0
Total packets received:      246446161
Total packets dropped:               0
Total TX rate:                       0
Total RX rate:                24644112
Total drop rate:                     0
====================================================
[2J[1;1H
Port statistics ====================================
Statistics for port 0 ------------------------------
Packets sent:                        0
Packets received:            123238957
Packets dropped:                     0
TX rate:                             0
RX rate:                       6162574
Drop rate:                           0
Statistics for port 1 ------------------------------
Packets sent:                        0
Packets received:            123235383
Packets dropped:                     0
TX rate:                             0
RX rate:                       6161727
Drop rate:                           0
Statistics for port 2 ------------------------------
Packets sent:                        0
Packets received:            123200137
Packets dropped:                     0
TX rate:                             0
RX rate:                       6159742
Drop rate:                           0
Statistics for port 3 ------------------------------
Packets sent:                        0
Packets received:            123214172
Packets dropped:                     0
TX rate:                             0
RX rate:                       6160206
Drop rate:                           0
Aggregate statistics ===============================
Total packets sent:                  0
Total packets received:      492888694
Total packets dropped:               0
Total TX rate:                       0
Total RX rate:                24644249
Total drop rate:                     0
====================================================
[2J[1;1H
Port statistics ====================================
Statistics for port 0 ------------------------------
Packets sent:                        0
Packets received:            184840176
Packets dropped:                     0
TX rate:                             0
RX rate:                       6160121
Drop rate:                           0
Statistics for port 1 ------------------------------
Packets sent:                        0
Packets received:            184848930
Packets dropped:                     0
TX rate:                             0
RX rate:                       6161354
Drop rate:                           0
Statistics for port 2 ------------------------------
Packets sent:                        0
Packets received:            184823762
Packets dropped:                     0
TX rate:                             0
RX rate:                       6162362
Drop rate:                           0
Statistics for port 3 ------------------------------
Packets sent:                        0
Packets received:            184818779
Packets dropped:                     0
TX rate:                             0
RX rate:                       6160459
Drop rate:                           0
Aggregate statistics ===============================
Total packets sent:                  0
Total packets received:      739331661
Total packets dropped:               0
Total TX rate:                       0
Total RX rate:                24644296
Total drop rate:                     0
====================================================


Signal 15 received, preparing to exit...
Closing port 0... Done
Closing port 1... Done
Closing port 2... Done
Closing port 3... Done
Bye...
