EAL: Detected 40 lcore(s)
EAL: Detected 2 NUMA nodes
EAL: Multi-process socket /var/run/dpdk/rte/mp_socket
EAL: No free hugepages reported in hugepages-1048576kB
EAL: Probing VFIO support...
EAL: PCI device 0000:05:08.0 on NUMA socket 0
EAL:   probe driver: 19ee:6003 net_nfp_vf
EAL: PCI device 0000:05:08.1 on NUMA socket 0
EAL:   probe driver: 19ee:6003 net_nfp_vf
EAL: PCI device 0000:05:08.2 on NUMA socket 0
EAL:   probe driver: 19ee:6003 net_nfp_vf
EAL: PCI device 0000:05:08.3 on NUMA socket 0
EAL:   probe driver: 19ee:6003 net_nfp_vf
MAC updating enabled
Lcore 0: RX port 0
Lcore 2: RX port 1
Lcore 4: RX port 2
Lcore 6: RX port 3
Initializing port 0... done: 
Port 0, MAC address: 00:15:4D:00:00:00

Initializing port 1... done: 
Port 1, MAC address: 00:15:4D:00:00:01

Initializing port 2... done: 
Port 2, MAC address: 00:15:4D:00:00:02

Initializing port 3... done: 
Port 3, MAC address: 00:15:4D:00:00:03


Checking link statusdone
Port0 Link Up. Speed 0 Mbps - full-duplex
Port1 Link Up. Speed 0 Mbps - full-duplex
Port2 Link Up. Speed 0 Mbps - full-duplex
Port3 Link Up. Speed 0 Mbps - full-duplex
L2FWD: entering main loop on lcore 2
L2FWD:  -- lcoreid=2 portid=1
L2FWD: entering main loop on lcore 6
L2FWD:  -- lcoreid=6 portid=3
L2FWD: lcore 8 has nothing to do
L2FWD: lcore 10 has nothing to do
L2FWD: entering main loop on lcore 4
L2FWD:  -- lcoreid=4 portid=2
L2FWD: lcore 12 has nothing to do
L2FWD: lcore 14 has nothing to do
L2FWD: entering main loop on lcore 0
L2FWD:  -- lcoreid=0 portid=0
[2J[1;1H
Port statistics ====================================
Statistics for port 0 ------------------------------
Packets sent:                        0
Packets received:                    0
Packets dropped:                     0
TX rate:                             0
RX rate:                             0
Drop rate:                           0
Statistics for port 1 ------------------------------
Packets sent:                        0
Packets received:                12482
Packets dropped:                     0
TX rate:                             0
RX rate:                          1249
Drop rate:                           0
Statistics for port 2 ------------------------------
Packets sent:                        0
Packets received:                10147
Packets dropped:                     0
TX rate:                             0
RX rate:                          1014
Drop rate:                           0
Statistics for port 3 ------------------------------
Packets sent:                        0
Packets received:                11879
Packets dropped:                     0
TX rate:                             0
RX rate:                          1189
Drop rate:                           0
Aggregate statistics ===============================
Total packets sent:                  0
Total packets received:          34536
Total packets dropped:               0
Total TX rate:                       0
Total RX rate:                    3452
Total drop rate:                     0
====================================================
[2J[1;1H
Port statistics ====================================
Statistics for port 0 ------------------------------
Packets sent:                        0
Packets received:             61614550
Packets dropped:                     0
TX rate:                             0
RX rate:                       6161455
Drop rate:                           0
Statistics for port 1 ------------------------------
Packets sent:                        0
Packets received:             61627921
Packets dropped:                     0
TX rate:                             0
RX rate:                       6161543
Drop rate:                           0
Statistics for port 2 ------------------------------
Packets sent:                        0
Packets received:             61632772
Packets dropped:                     0
TX rate:                             0
RX rate:                       6162262
Drop rate:                           0
Statistics for port 3 ------------------------------
Packets sent:                        0
Packets received:             61623063
Packets dropped:                     0
TX rate:                             0
RX rate:                       6161117
Drop rate:                           0
Aggregate statistics ===============================
Total packets sent:                  0
Total packets received:      246498317
Total packets dropped:               0
Total TX rate:                       0
Total RX rate:                24646377
Total drop rate:                     0
====================================================
[2J[1;1H
Port statistics ====================================
Statistics for port 0 ------------------------------
Packets sent:                        0
Packets received:            123228860
Packets dropped:                     0
TX rate:                             0
RX rate:                       6161431
Drop rate:                           0
Statistics for port 1 ------------------------------
Packets sent:                        0
Packets received:            123253149
Packets dropped:                     0
TX rate:                             0
RX rate:                       6162522
Drop rate:                           0
Statistics for port 2 ------------------------------
Packets sent:                        0
Packets received:            123244035
Packets dropped:                     0
TX rate:                             0
RX rate:                       6161127
Drop rate:                           0
Statistics for port 3 ------------------------------
Packets sent:                        0
Packets received:            123234669
Packets dropped:                     0
TX rate:                             0
RX rate:                       6161161
Drop rate:                           0
Aggregate statistics ===============================
Total packets sent:                  0
Total packets received:      492960744
Total packets dropped:               0
Total TX rate:                       0
Total RX rate:                24646241
Total drop rate:                     0
====================================================
[2J[1;1H
Port statistics ====================================
Statistics for port 0 ------------------------------
Packets sent:                        0
Packets received:            184844800
Packets dropped:                     0
TX rate:                             0
RX rate:                       6161594
Drop rate:                           0
Statistics for port 1 ------------------------------
Packets sent:                        0
Packets received:            184887623
Packets dropped:                     0
TX rate:                             0
RX rate:                       6163446
Drop rate:                           0
Statistics for port 2 ------------------------------
Packets sent:                        0
Packets received:            184841066
Packets dropped:                     0
TX rate:                             0
RX rate:                       6159702
Drop rate:                           0
Statistics for port 3 ------------------------------
Packets sent:                        0
Packets received:            184848296
Packets dropped:                     0
TX rate:                             0
RX rate:                       6161362
Drop rate:                           0
Aggregate statistics ===============================
Total packets sent:                  0
Total packets received:      739421810
Total packets dropped:               0
Total TX rate:                       0
Total RX rate:                24646104
Total drop rate:                     0
====================================================


Signal 15 received, preparing to exit...
Closing port 0... Done
Closing port 1... Done
Closing port 2... Done
Closing port 3... Done
Bye...
