EAL: Detected 40 lcore(s)
EAL: Detected 2 NUMA nodes
EAL: Multi-process socket /var/run/dpdk/rte/mp_socket
EAL: No free hugepages reported in hugepages-1048576kB
EAL: Probing VFIO support...
EAL: PCI device 0000:05:08.0 on NUMA socket 0
EAL:   probe driver: 19ee:6003 net_nfp_vf
EAL: PCI device 0000:05:08.1 on NUMA socket 0
EAL:   probe driver: 19ee:6003 net_nfp_vf
EAL: PCI device 0000:05:08.2 on NUMA socket 0
EAL:   probe driver: 19ee:6003 net_nfp_vf
EAL: PCI device 0000:05:08.3 on NUMA socket 0
EAL:   probe driver: 19ee:6003 net_nfp_vf
MAC updating enabled
Lcore 0: RX port 0
Lcore 2: RX port 1
Lcore 4: RX port 2
Lcore 6: RX port 3
Initializing port 0... done: 
Port 0, MAC address: 00:15:4D:00:00:00

Initializing port 1... done: 
Port 1, MAC address: 00:15:4D:00:00:01

Initializing port 2... done: 
Port 2, MAC address: 00:15:4D:00:00:02

Initializing port 3... done: 
Port 3, MAC address: 00:15:4D:00:00:03


Checking link statusdone
Port0 Link Up. Speed 0 Mbps - full-duplex
Port1 Link Up. Speed 0 Mbps - full-duplex
Port2 Link Up. Speed 0 Mbps - full-duplex
Port3 Link Up. Speed 0 Mbps - full-duplex
L2FWD: entering main loop on lcore 2
L2FWD:  -- lcoreid=2 portid=1
L2FWD: entering main loop on lcore 6
L2FWD:  -- lcoreid=6 portid=3
L2FWD: lcore 8 has nothing to do
L2FWD: lcore 10 has nothing to do
L2FWD: lcore 12 has nothing to do
L2FWD: entering main loop on lcore 4
L2FWD:  -- lcoreid=4 portid=2
L2FWD: lcore 14 has nothing to do
L2FWD: entering main loop on lcore 0
L2FWD:  -- lcoreid=0 portid=0
[2J[1;1H
Port statistics ====================================
Statistics for port 0 ------------------------------
Packets sent:                        0
Packets received:                    0
Packets dropped:                     0
TX rate:                             0
RX rate:                             0
Drop rate:                           0
Statistics for port 1 ------------------------------
Packets sent:                        0
Packets received:                 3313
Packets dropped:                     0
TX rate:                             0
RX rate:                           332
Drop rate:                           0
Statistics for port 2 ------------------------------
Packets sent:                        0
Packets received:                 1379
Packets dropped:                     0
TX rate:                             0
RX rate:                           138
Drop rate:                           0
Statistics for port 3 ------------------------------
Packets sent:                        0
Packets received:                 2911
Packets dropped:                     0
TX rate:                             0
RX rate:                           292
Drop rate:                           0
Aggregate statistics ===============================
Total packets sent:                  0
Total packets received:           7633
Total packets dropped:               0
Total TX rate:                       0
Total RX rate:                     762
Total drop rate:                     0
====================================================
[2J[1;1H
Port statistics ====================================
Statistics for port 0 ------------------------------
Packets sent:                        0
Packets received:             60220861
Packets dropped:                     0
TX rate:                             0
RX rate:                       6022086
Drop rate:                           0
Statistics for port 1 ------------------------------
Packets sent:                        0
Packets received:             60204402
Packets dropped:                     0
TX rate:                             0
RX rate:                       6020107
Drop rate:                           0
Statistics for port 2 ------------------------------
Packets sent:                        0
Packets received:             60221089
Packets dropped:                     0
TX rate:                             0
RX rate:                       6021970
Drop rate:                           0
Statistics for port 3 ------------------------------
Packets sent:                        0
Packets received:             60226470
Packets dropped:                     0
TX rate:                             0
RX rate:                       6022355
Drop rate:                           0
Aggregate statistics ===============================
Total packets sent:                  0
Total packets received:      240872832
Total packets dropped:               0
Total TX rate:                       0
Total RX rate:                24086518
Total drop rate:                     0
====================================================
[2J[1;1H
Port statistics ====================================
Statistics for port 0 ------------------------------
Packets sent:                        0
Packets received:            120430848
Packets dropped:                     0
TX rate:                             0
RX rate:                       6020998
Drop rate:                           0
Statistics for port 1 ------------------------------
Packets sent:                        0
Packets received:            120410761
Packets dropped:                     0
TX rate:                             0
RX rate:                       6020636
Drop rate:                           0
Statistics for port 2 ------------------------------
Packets sent:                        0
Packets received:            120418738
Packets dropped:                     0
TX rate:                             0
RX rate:                       6019764
Drop rate:                           0
Statistics for port 3 ------------------------------
Packets sent:                        0
Packets received:            120431329
Packets dropped:                     0
TX rate:                             0
RX rate:                       6020485
Drop rate:                           0
Aggregate statistics ===============================
Total packets sent:                  0
Total packets received:      481691685
Total packets dropped:               0
Total TX rate:                       0
Total RX rate:                24081883
Total drop rate:                     0
====================================================
[2J[1;1H
Port statistics ====================================
Statistics for port 0 ------------------------------
Packets sent:                        0
Packets received:            180626988
Packets dropped:                     0
TX rate:                             0
RX rate:                       6019614
Drop rate:                           0
Statistics for port 1 ------------------------------
Packets sent:                        0
Packets received:            180617252
Packets dropped:                     0
TX rate:                             0
RX rate:                       6020648
Drop rate:                           0
Statistics for port 2 ------------------------------
Packets sent:                        0
Packets received:            180620924
Packets dropped:                     0
TX rate:                             0
RX rate:                       6020218
Drop rate:                           0
Statistics for port 3 ------------------------------
Packets sent:                        0
Packets received:            180648417
Packets dropped:                     0
TX rate:                             0
RX rate:                       6021708
Drop rate:                           0
Aggregate statistics ===============================
Total packets sent:                  0
Total packets received:      722513581
Total packets dropped:               0
Total TX rate:                       0
Total RX rate:                24082188
Total drop rate:                     0
====================================================


Signal 15 received, preparing to exit...
Closing port 0... Done
Closing port 1... Done
Closing port 2... Done
Closing port 3... Done
Bye...
