EAL: Detected 40 lcore(s)
EAL: Detected 2 NUMA nodes
EAL: Multi-process socket /var/run/dpdk/rte/mp_socket
EAL: No free hugepages reported in hugepages-1048576kB
EAL: Probing VFIO support...
EAL: PCI device 0000:05:08.0 on NUMA socket 0
EAL:   probe driver: 19ee:6003 net_nfp_vf
EAL: PCI device 0000:05:08.1 on NUMA socket 0
EAL:   probe driver: 19ee:6003 net_nfp_vf
EAL: PCI device 0000:05:08.2 on NUMA socket 0
EAL:   probe driver: 19ee:6003 net_nfp_vf
EAL: PCI device 0000:05:08.3 on NUMA socket 0
EAL:   probe driver: 19ee:6003 net_nfp_vf
MAC updating enabled
Lcore 0: RX port 0
Lcore 2: RX port 1
Lcore 4: RX port 2
Lcore 6: RX port 3
Initializing port 0... done: 
Port 0, MAC address: 00:15:4D:00:00:00

Initializing port 1... done: 
Port 1, MAC address: 00:15:4D:00:00:01

Initializing port 2... done: 
Port 2, MAC address: 00:15:4D:00:00:02

Initializing port 3... done: 
Port 3, MAC address: 00:15:4D:00:00:03


Checking link statusdone
Port0 Link Up. Speed 0 Mbps - full-duplex
Port1 Link Up. Speed 0 Mbps - full-duplex
Port2 Link Up. Speed 0 Mbps - full-duplex
Port3 Link Up. Speed 0 Mbps - full-duplex
L2FWD: entering main loop on lcore 2
L2FWD: entering main loop on lcore 6
L2FWD: lcore 8 has nothing to do
L2FWD: lcore 10 has nothing to do
L2FWD:  -- lcoreid=6 portid=3
L2FWD: lcore 12 has nothing to do
L2FWD:  -- lcoreid=2 portid=1
L2FWD: entering main loop on lcore 0
L2FWD:  -- lcoreid=0 portid=0
[2J[1;1H
Port statistics ====================================
Statistics for port 0 ------------------------------
Packets sent:                        0
Packets received:                    0
Packets dropped:                     0
TX rate:                             0
RX rate:                             0
Drop rate:                           0
Statistics for port 1 ------------------------------
Packets sent:                        0
Packets received:                 1024
Packets dropped:                     0
TX rate:                             0
RX rate:                           102
Drop rate:                           0
Statistics for port 2 ------------------------------
Packets sent:                        0
Packets received:                    0
Packets dropped:                     0
TX rate:                             0
RX rate:                             0
Drop rate:                           0
Statistics for port 3 ------------------------------
Packets sent:                        0
Packets received:                 1585
Packets dropped:                     0L2FWD: lcore 14 has nothing to do

TX rate:                             0
RX rate:                           159
Drop rate:                           0
Aggregate statistics ===============================
Total packets sent:                  0
Total packets received:           2680
Total packets dropped:               0
Total TX rate:                       0
Total RX rate:                     261
Total drop rate:                     0
====================================================
L2FWD: entering main loop on lcore 4
L2FWD:  -- lcoreid=4 portid=2
[2J[1;1H
Port statistics ====================================
Statistics for port 0 ------------------------------
Packets sent:                        0
Packets received:             58694947
Packets dropped:                     0
TX rate:                             0
RX rate:                       5869494
Drop rate:                           0
Statistics for port 1 ------------------------------
Packets sent:                        0
Packets received:             58693304
Packets dropped:                     0
TX rate:                             0
RX rate:                       5869228
Drop rate:                           0
Statistics for port 2 ------------------------------
Packets sent:                        0
Packets received:             58660524
Packets dropped:                     0
TX rate:                             0
RX rate:                       5866052
Drop rate:                           0
Statistics for port 3 ------------------------------
Packets sent:                        0
Packets received:             58682065
Packets dropped:                     0
TX rate:                             0
RX rate:                       5868047
Drop rate:                           0
Aggregate statistics ===============================
Total packets sent:                  0
Total packets received:      234730848
Total packets dropped:               0
Total TX rate:                       0
Total RX rate:                23472821
Total drop rate:                     0
====================================================
[2J[1;1H
Port statistics ====================================
Statistics for port 0 ------------------------------
Packets sent:                        0
Packets received:            117267268
Packets dropped:                     0
TX rate:                             0
RX rate:                       5857232
Drop rate:                           0
Statistics for port 1 ------------------------------
Packets sent:                        0
Packets received:            117253450
Packets dropped:                     0
TX rate:                             0
RX rate:                       5856015
Drop rate:                           0
Statistics for port 2 ------------------------------
Packets sent:                        0
Packets received:            117220352
Packets dropped:                     0
TX rate:                             0
RX rate:                       5855982
Drop rate:                           0
Statistics for port 3 ------------------------------
Packets sent:                        0
Packets received:            117237831
Packets dropped:                     0
TX rate:                             0
RX rate:                       5855576
Drop rate:                           0
Aggregate statistics ===============================
Total packets sent:                  0
Total packets received:      468978937
Total packets dropped:               0
Total TX rate:                       0
Total RX rate:                23424805
Total drop rate:                     0
====================================================
[2J[1;1H
Port statistics ====================================
Statistics for port 0 ------------------------------
Packets sent:                        0
Packets received:            175836070
Packets dropped:                     0
TX rate:                             0
RX rate:                       5856880
Drop rate:                           0
Statistics for port 1 ------------------------------
Packets sent:                        0
Packets received:            175807483
Packets dropped:                     0
TX rate:                             0
RX rate:                       5855403
Drop rate:                           0
Statistics for port 2 ------------------------------
Packets sent:                        0
Packets received:            175781451
Packets dropped:                     0
TX rate:                             0
RX rate:                       5856109
Drop rate:                           0
Statistics for port 3 ------------------------------
Packets sent:                        0
Packets received:            175814741
Packets dropped:                     0
TX rate:                             0
RX rate:                       5857691
Drop rate:                           0
Aggregate statistics ===============================
Total packets sent:                  0
Total packets received:      703239750
Total packets dropped:               0
Total TX rate:                       0
Total RX rate:                23426083
Total drop rate:                     0
====================================================


Signal 15 received, preparing to exit...
Closing port 0... Done
Closing port 1... Done
Closing port 2... Done
Closing port 3... Done
Bye...
