EAL: Detected 40 lcore(s)
EAL: Detected 2 NUMA nodes
EAL: Multi-process socket /var/run/dpdk/rte/mp_socket
EAL: No free hugepages reported in hugepages-1048576kB
EAL: Probing VFIO support...
EAL: PCI device 0000:05:08.0 on NUMA socket 0
EAL:   probe driver: 19ee:6003 net_nfp_vf
EAL: PCI device 0000:05:08.1 on NUMA socket 0
EAL:   probe driver: 19ee:6003 net_nfp_vf
EAL: PCI device 0000:05:08.2 on NUMA socket 0
EAL:   probe driver: 19ee:6003 net_nfp_vf
EAL: PCI device 0000:05:08.3 on NUMA socket 0
EAL:   probe driver: 19ee:6003 net_nfp_vf
MAC updating enabled
Lcore 0: RX port 0
Lcore 2: RX port 1
Lcore 4: RX port 2
Lcore 6: RX port 3
Initializing port 0... done: 
Port 0, MAC address: 00:15:4D:00:00:00

Initializing port 1... done: 
Port 1, MAC address: 00:15:4D:00:00:01

Initializing port 2... done: 
Port 2, MAC address: 00:15:4D:00:00:02

Initializing port 3... done: 
Port 3, MAC address: 00:15:4D:00:00:03


Checking link statusdone
Port0 Link Up. Speed 0 Mbps - full-duplex
Port1 Link Up. Speed 0 Mbps - full-duplex
Port2 Link Up. Speed 0 Mbps - full-duplex
Port3 Link Up. Speed 0 Mbps - full-duplex
L2FWD: entering main loop on lcore 2
L2FWD: entering main loop on lcore 6
L2FWD:  -- lcoreid=6 portid=3
L2FWD: lcore 8 has nothing to do
L2FWD: lcore 10 has nothing to do
L2FWD:  -- lcoreid=2 portid=1
L2FWD: lcore 12 has nothing to do
L2FWD: lcore 14 has nothing to do
L2FWD: entering main loop on lcore 0
L2FWD:  -- lcoreid=0 portid=0
[2J[1;1H
Port statistics ====================================
Statistics for port 0 ------------------------------
Packets sent:                        0
Packets received:                    0
Packets dropped:                     0
TX rate:                             0
RX rate:                             0
Drop rate:                           0
Statistics for port 1 ------------------------------
Packets sent:                        0
Packets received:                 1685
Packets dropped:                     0
TX rate:                             0
RX rate:                           168
Drop rate:                           0
Statistics for port 2 ------------------------------
Packets sent:                        0
Packets received:                    0
Packets dropped:                     0
TX rate:                             0
RX rate:                             0
Drop rate:                           0
Statistics for port 3 ------------------------------
Packets sent:                        0
Packets received:                 1940
Packets dropped:                     0
TX rate:                             0
RX rate:                           194
Drop rate:                           0
Aggregate statistics ===============================
Total packets sent:                  0
Total packets received:           3639
Total packets dropped:               0
Total TX rate:                       0
Total RX rate:                     362
Total drop rate:                     0
====================================================
L2FWD: entering main loop on lcore 4
L2FWD:  -- lcoreid=4 portid=2
[2J[1;1H
Port statistics ====================================
Statistics for port 0 ------------------------------
Packets sent:                        0
Packets received:             57542991
Packets dropped:                     0
TX rate:                             0
RX rate:                       5754299
Drop rate:                           0
Statistics for port 1 ------------------------------
Packets sent:                        0
Packets received:             57530721
Packets dropped:                     0
TX rate:                             0
RX rate:                       5752903
Drop rate:                           0
Statistics for port 2 ------------------------------
Packets sent:                        0
Packets received:             57538927
Packets dropped:                     0
TX rate:                             0
RX rate:                       5753892
Drop rate:                           0
Statistics for port 3 ------------------------------
Packets sent:                        0
Packets received:             57525106
Packets dropped:                     0
TX rate:                             0
RX rate:                       5752316
Drop rate:                           0
Aggregate statistics ===============================
Total packets sent:                  0
Total packets received:      230137745
Total packets dropped:               0
Total TX rate:                       0
Total RX rate:                23013410
Total drop rate:                     0
====================================================
[2J[1;1H
Port statistics ====================================
Statistics for port 0 ------------------------------
Packets sent:                        0
Packets received:            115072500
Packets dropped:                     0
TX rate:                             0
RX rate:                       5752950
Drop rate:                           0
Statistics for port 1 ------------------------------
Packets sent:                        0
Packets received:            115049567
Packets dropped:                     0
TX rate:                             0
RX rate:                       5751884
Drop rate:                           0
Statistics for port 2 ------------------------------
Packets sent:                        0
Packets received:            115080095
Packets dropped:                     0
TX rate:                             0
RX rate:                       5754119
Drop rate:                           0
Statistics for port 3 ------------------------------
Packets sent:                        0
Packets received:            115054206
Packets dropped:                     0
TX rate:                             0
RX rate:                       5752910
Drop rate:                           0
Aggregate statistics ===============================
Total packets sent:                  0
Total packets received:      460256409
Total packets dropped:               0
Total TX rate:                       0
Total RX rate:                23011863
Total drop rate:                     0
====================================================
[2J[1;1H
Port statistics ====================================
Statistics for port 0 ------------------------------
Packets sent:                        0
Packets received:            172596622
Packets dropped:                     0
TX rate:                             0
RX rate:                       5752412
Drop rate:                           0
Statistics for port 1 ------------------------------
Packets sent:                        0
Packets received:            172576569
Packets dropped:                     0
TX rate:                             0
RX rate:                       5752700
Drop rate:                           0
Statistics for port 2 ------------------------------
Packets sent:                        0
Packets received:            172634808
Packets dropped:                     0
TX rate:                             0
RX rate:                       5755468
Drop rate:                           0
Statistics for port 3 ------------------------------
Packets sent:                        0
Packets received:            172583021
Packets dropped:                     0
TX rate:                             0
RX rate:                       5752881
Drop rate:                           0
Aggregate statistics ===============================
Total packets sent:                  0
Total packets received:      690391043
Total packets dropped:               0
Total TX rate:                       0
Total RX rate:                23013461
Total drop rate:                     0
====================================================


Signal 15 received, preparing to exit...
Closing port 0... Done
Closing port 1... Done
Closing port 2... Done
Closing port 3... Done
Bye...
