EAL: Detected 40 lcore(s)
EAL: Detected 2 NUMA nodes
EAL: Multi-process socket /var/run/dpdk/rte/mp_socket
EAL: No free hugepages reported in hugepages-1048576kB
EAL: Probing VFIO support...
EAL: PCI device 0000:05:08.0 on NUMA socket 0
EAL:   probe driver: 19ee:6003 net_nfp_vf
EAL: PCI device 0000:05:08.1 on NUMA socket 0
EAL:   probe driver: 19ee:6003 net_nfp_vf
EAL: PCI device 0000:05:08.2 on NUMA socket 0
EAL:   probe driver: 19ee:6003 net_nfp_vf
EAL: PCI device 0000:05:08.3 on NUMA socket 0
EAL:   probe driver: 19ee:6003 net_nfp_vf
MAC updating enabled
Lcore 0: RX port 0
Lcore 2: RX port 1
Lcore 4: RX port 2
Lcore 6: RX port 3
Initializing port 0... done: 
Port 0, MAC address: 00:15:4D:00:00:00

Initializing port 1... done: 
Port 1, MAC address: 00:15:4D:00:00:01

Initializing port 2... done: 
Port 2, MAC address: 00:15:4D:00:00:02

Initializing port 3... done: 
Port 3, MAC address: 00:15:4D:00:00:03


Checking link statusdone
Port0 Link Up. Speed 0 Mbps - full-duplex
Port1 Link Up. Speed 0 Mbps - full-duplex
Port2 Link Up. Speed 0 Mbps - full-duplex
Port3 Link Up. Speed 0 Mbps - full-duplex
L2FWD: entering main loop on lcore 2
L2FWD: entering main loop on lcore 6
L2FWD:  -- lcoreid=6 portid=3
L2FWD: lcore 10 has nothing to do
L2FWD:  -- lcoreid=2 portid=1
L2FWD: lcore 12 has nothing to do
L2FWD: lcore 8 has nothing to do
L2FWD: entering main loop on lcore 0
L2FWD:  -- lcoreid=0 portid=0
[2J[1;1H
Port statistics ====================================
Statistics for port 0 ------------------------------
Packets sent:                        0
Packets received:                    0
Packets dropped:                     0
TX rate:                             0
RX rate:                             0
Drop rate:                           0
Statistics for port 1 ------------------------------
Packets sent:                        0
Packets received:                 1941
Packets dropped:                     0
TX rate:                             0
RX rate:                           194
Drop rate:                           0
Statistics for port 2 ------------------------------
Packets sent:                        0
Packets received:                    0
Packets dropped:                     0
TX rate:                             0
RX rate:                             0
Drop rate:                           0L2FWD: lcore 14 has nothing to do

Statistics for port 3 ------------------------------
Packets sent:                        0
Packets received:                 2593
Packets dropped:                     0
TX rate:                             0
RX rate:                           267
Drop rate:                           0
Aggregate statistics ===============================
Total packets sent:                  0
Total packets received:           4630
Total packets dropped:               0
Total TX rate:                       0
Total RX rate:                     461
Total drop rate:                     0
====================================================
L2FWD: entering main loop on lcore 4
L2FWD:  -- lcoreid=4 portid=2
[2J[1;1H
Port statistics ====================================
Statistics for port 0 ------------------------------
Packets sent:                        0
Packets received:             57548943
Packets dropped:                     0
TX rate:                             0
RX rate:                       5754894
Drop rate:                           0
Statistics for port 1 ------------------------------
Packets sent:                        0
Packets received:             57522886
Packets dropped:                     0
TX rate:                             0
RX rate:                       5752093
Drop rate:                           0
Statistics for port 2 ------------------------------
Packets sent:                        0
Packets received:             57526418
Packets dropped:                     0
TX rate:                             0
RX rate:                       5752642
Drop rate:                           0
Statistics for port 3 ------------------------------
Packets sent:                        0
Packets received:             57539785
Packets dropped:                     0
TX rate:                             0
RX rate:                       5753711
Drop rate:                           0
Aggregate statistics ===============================
Total packets sent:                  0
Total packets received:      230138037
Total packets dropped:               0
Total TX rate:                       0
Total RX rate:                23013340
Total drop rate:                     0
====================================================
[2J[1;1H
Port statistics ====================================
Statistics for port 0 ------------------------------
Packets sent:                        0
Packets received:            115076670
Packets dropped:                     0
TX rate:                             0
RX rate:                       5752772
Drop rate:                           0
Statistics for port 1 ------------------------------
Packets sent:                        0
Packets received:            115052425
Packets dropped:                     0
TX rate:                             0
RX rate:                       5752954
Drop rate:                           0
Statistics for port 2 ------------------------------
Packets sent:                        0
Packets received:            115068853
Packets dropped:                     0
TX rate:                             0
RX rate:                       5754245
Drop rate:                           0
Statistics for port 3 ------------------------------
Packets sent:                        0
Packets received:            115074954
Packets dropped:                     0
TX rate:                             0
RX rate:                       5753516
Drop rate:                           0
Aggregate statistics ===============================
Total packets sent:                  0
Total packets received:      460272934
Total packets dropped:               0
Total TX rate:                       0
Total RX rate:                23013487
Total drop rate:                     0
====================================================
[2J[1;1H
Port statistics ====================================
Statistics for port 0 ------------------------------
Packets sent:                        0
Packets received:            172615530
Packets dropped:                     0
TX rate:                             0
RX rate:                       5753886
Drop rate:                           0
Statistics for port 1 ------------------------------
Packets sent:                        0
Packets received:            172584426
Packets dropped:                     0
TX rate:                             0
RX rate:                       5753199
Drop rate:                           0
Statistics for port 2 ------------------------------
Packets sent:                        0
Packets received:            172601607
Packets dropped:                     0
TX rate:                             0
RX rate:                       5753273
Drop rate:                           0
Statistics for port 3 ------------------------------
Packets sent:                        0
Packets received:            172606264
Packets dropped:                     0
TX rate:                             0
RX rate:                       5753131
Drop rate:                           0
Aggregate statistics ===============================
Total packets sent:                  0
Total packets received:      690407827
Total packets dropped:               0
Total TX rate:                       0
Total RX rate:                23013489
Total drop rate:                     0
====================================================


Signal 15 received, preparing to exit...
Closing port 0... Done
Closing port 1... Done
Closing port 2... Done
Closing port 3... Done
Bye...
