EAL: Detected 40 lcore(s)
EAL: Detected 2 NUMA nodes
EAL: Multi-process socket /var/run/dpdk/rte/mp_socket
EAL: No free hugepages reported in hugepages-1048576kB
EAL: Probing VFIO support...
EAL: PCI device 0000:05:08.0 on NUMA socket 0
EAL:   probe driver: 19ee:6003 net_nfp_vf
EAL: PCI device 0000:05:08.1 on NUMA socket 0
EAL:   probe driver: 19ee:6003 net_nfp_vf
EAL: PCI device 0000:05:08.2 on NUMA socket 0
EAL:   probe driver: 19ee:6003 net_nfp_vf
EAL: PCI device 0000:05:08.3 on NUMA socket 0
EAL:   probe driver: 19ee:6003 net_nfp_vf
MAC updating enabled
Lcore 0: RX port 0
Lcore 2: RX port 1
Lcore 4: RX port 2
Lcore 6: RX port 3
Initializing port 0... done: 
Port 0, MAC address: 00:15:4D:00:00:00

Initializing port 1... done: 
Port 1, MAC address: 00:15:4D:00:00:01

Initializing port 2... done: 
Port 2, MAC address: 00:15:4D:00:00:02

Initializing port 3... done: 
Port 3, MAC address: 00:15:4D:00:00:03


Checking link statusdone
Port0 Link Up. Speed 0 Mbps - full-duplex
Port1 Link Up. Speed 0 Mbps - full-duplex
Port2 Link Up. Speed 0 Mbps - full-duplex
Port3 Link Up. Speed 0 Mbps - full-duplex
L2FWD: entering main loop on lcore 2
L2FWD:  -- lcoreid=2 portid=1
L2FWD: entering main loop on lcore 6
L2FWD:  -- lcoreid=6 portid=3
L2FWD: lcore 8 has nothing to do
L2FWD: lcore 12 has nothing to do
L2FWD: lcore 10 has nothing to do
L2FWD: entering main loop on lcore 0
L2FWD:  -- lcoreid=0 portid=0
[2J[1;1H
Port statistics ====================================
Statistics for port 0 ------------------------------
Packets sent:                        0
Packets received:                    0
Packets dropped:                     0
TX rate:                             0
RX rate:                             0
Drop rate:                           0
Statistics for port 1 ------------------------------
Packets sent:                        0
Packets received:                 2629
Packets dropped:                     0
TX rate:                             0
RX rate:                           264
Drop rate:                           0
Statistics for port 2 ------------------------------
Packets sent:                        0
Packets received:                    0
Packets dropped:                     0
TX rate:                             0
RX rate:                             0
Drop rate:                           0L2FWD: lcore 14 has nothing to do

Statistics for port 3 ------------------------------
Packets sent:                        0
Packets received:                 2208
Packets dropped:                     0
TX rate:                             0
RX rate:                           225
Drop rate:                           0
Aggregate statistics ===============================
Total packets sent:                  0
Total packets received:           4912
Total packets dropped:               0
Total TX rate:                       0
Total RX rate:                     489
Total drop rate:                     0
====================================================
L2FWD: entering main loop on lcore 4
L2FWD:  -- lcoreid=4 portid=2
[2J[1;1H
Port statistics ====================================
Statistics for port 0 ------------------------------
Packets sent:                        0
Packets received:             66805782
Packets dropped:                     0
TX rate:                             0
RX rate:                       6680578
Drop rate:                           0
Statistics for port 1 ------------------------------
Packets sent:                        0
Packets received:             66801378
Packets dropped:                     0
TX rate:                             0
RX rate:                       6679872
Drop rate:                           0
Statistics for port 2 ------------------------------
Packets sent:                        0
Packets received:             66802984
Packets dropped:                     0
TX rate:                             0
RX rate:                       6680298
Drop rate:                           0
Statistics for port 3 ------------------------------
Packets sent:                        0
Packets received:             66835561
Packets dropped:                     0
TX rate:                             0
RX rate:                       6683331
Drop rate:                           0
Aggregate statistics ===============================
Total packets sent:                  0
Total packets received:      267245730
Total packets dropped:               0
Total TX rate:                       0
Total RX rate:                26724079
Total drop rate:                     0
====================================================
[2J[1;1H
Port statistics ====================================
Statistics for port 0 ------------------------------
Packets sent:                        0
Packets received:            133620818
Packets dropped:                     0
TX rate:                             0
RX rate:                       6681503
Drop rate:                           0
Statistics for port 1 ------------------------------
Packets sent:                        0
Packets received:            133616923
Packets dropped:                     0
TX rate:                             0
RX rate:                       6681555
Drop rate:                           0
Statistics for port 2 ------------------------------
Packets sent:                        0
Packets received:            133607346
Packets dropped:                     0
TX rate:                             0
RX rate:                       6680436
Drop rate:                           0
Statistics for port 3 ------------------------------
Packets sent:                        0
Packets received:            133648573
Packets dropped:                     0
TX rate:                             0
RX rate:                       6681300
Drop rate:                           0
Aggregate statistics ===============================
Total packets sent:                  0
Total packets received:      534493672
Total packets dropped:               0
Total TX rate:                       0
Total RX rate:                26724794
Total drop rate:                     0
====================================================
[2J[1;1H
Port statistics ====================================
Statistics for port 0 ------------------------------
Packets sent:                        0
Packets received:            200442790
Packets dropped:                     0
TX rate:                             0
RX rate:                       6682197
Drop rate:                           0
Statistics for port 1 ------------------------------
Packets sent:                        0
Packets received:            200429341
Packets dropped:                     0
TX rate:                             0
RX rate:                       6681240
Drop rate:                           0
Statistics for port 2 ------------------------------
Packets sent:                        0
Packets received:            200425695
Packets dropped:                     0
TX rate:                             0
RX rate:                       6681834
Drop rate:                           0
Statistics for port 3 ------------------------------
Packets sent:                        0
Packets received:            200444309
Packets dropped:                     0
TX rate:                             0
RX rate:                       6679573
Drop rate:                           0
Aggregate statistics ===============================
Total packets sent:                  0
Total packets received:      801742135
Total packets dropped:               0
Total TX rate:                       0
Total RX rate:                26724844
Total drop rate:                     0
====================================================


Signal 15 received, preparing to exit...
Closing port 0... Done
Closing port 1... Done
Closing port 2... Done
Closing port 3... Done
Bye...
