EAL: Detected 40 lcore(s)
EAL: Detected 2 NUMA nodes
EAL: Multi-process socket /var/run/dpdk/rte/mp_socket
EAL: No free hugepages reported in hugepages-1048576kB
EAL: Probing VFIO support...
EAL: PCI device 0000:05:08.0 on NUMA socket 0
EAL:   probe driver: 19ee:6003 net_nfp_vf
EAL: PCI device 0000:05:08.1 on NUMA socket 0
EAL:   probe driver: 19ee:6003 net_nfp_vf
EAL: PCI device 0000:05:08.2 on NUMA socket 0
EAL:   probe driver: 19ee:6003 net_nfp_vf
EAL: PCI device 0000:05:08.3 on NUMA socket 0
EAL:   probe driver: 19ee:6003 net_nfp_vf
MAC updating enabled
Lcore 0: RX port 0
Lcore 2: RX port 1
Lcore 4: RX port 2
Lcore 6: RX port 3
Initializing port 0... done: 
Port 0, MAC address: 00:15:4D:00:00:00

Initializing port 1... done: 
Port 1, MAC address: 00:15:4D:00:00:01

Initializing port 2... done: 
Port 2, MAC address: 00:15:4D:00:00:02

Initializing port 3... done: 
Port 3, MAC address: 00:15:4D:00:00:03


Checking link statusdone
Port0 Link Up. Speed 0 Mbps - full-duplex
Port1 Link Up. Speed 0 Mbps - full-duplex
Port2 Link Up. Speed 0 Mbps - full-duplex
Port3 Link Up. Speed 0 Mbps - full-duplex
L2FWD: entering main loop on lcore 2
L2FWD:  -- lcoreid=2 portid=1
L2FWD: entering main loop on lcore 6
L2FWD:  -- lcoreid=6 portid=3
L2FWD: lcore 8 has nothing to do
L2FWD: lcore 10 has nothing to do
L2FWD: entering main loop on lcore 4
L2FWD:  -- lcoreid=4 portid=2
L2FWD: lcore 14 has nothing to do
L2FWD: lcore 12 has nothing to do
L2FWD: entering main loop on lcore 0
L2FWD:  -- lcoreid=0 portid=0
[2J[1;1H
Port statistics ====================================
Statistics for port 0 ------------------------------
Packets sent:                        0
Packets received:                    0
Packets dropped:                     0
TX rate:                             0
RX rate:                             0
Drop rate:                           0
Statistics for port 1 ------------------------------
Packets sent:                        0
Packets received:                10675
Packets dropped:                     0
TX rate:                             0
RX rate:                          1068
Drop rate:                           0
Statistics for port 2 ------------------------------
Packets sent:                        0
Packets received:                 8265
Packets dropped:                     0
TX rate:                             0
RX rate:                           826
Drop rate:                           0
Statistics for port 3 ------------------------------
Packets sent:                        0
Packets received:                10463
Packets dropped:                     0
TX rate:                             0
RX rate:                          1047
Drop rate:                           0
Aggregate statistics ===============================
Total packets sent:                  0
Total packets received:          29428
Total packets dropped:               0
Total TX rate:                       0
Total RX rate:                    2941
Total drop rate:                     0
====================================================
[2J[1;1H
Port statistics ====================================
Statistics for port 0 ------------------------------
Packets sent:                        0
Packets received:             61803369
Packets dropped:                     0
TX rate:                             0
RX rate:                       6180336
Drop rate:                           0
Statistics for port 1 ------------------------------
Packets sent:                        0
Packets received:             61840223
Packets dropped:                     0
TX rate:                             0
RX rate:                       6182953
Drop rate:                           0
Statistics for port 2 ------------------------------
Packets sent:                        0
Packets received:             61840107
Packets dropped:                     0
TX rate:                             0
RX rate:                       6183184
Drop rate:                           0
Statistics for port 3 ------------------------------
Packets sent:                        0
Packets received:             61833373
Packets dropped:                     0
TX rate:                             0
RX rate:                       6182290
Drop rate:                           0
Aggregate statistics ===============================
Total packets sent:                  0
Total packets received:      247317087
Total packets dropped:               0
Total TX rate:                       0
Total RX rate:                24728763
Total drop rate:                     0
====================================================
[2J[1;1H
Port statistics ====================================
Statistics for port 0 ------------------------------
Packets sent:                        0
Packets received:            123625037
Packets dropped:                     0
TX rate:                             0
RX rate:                       6182166
Drop rate:                           0
Statistics for port 1 ------------------------------
Packets sent:                        0
Packets received:            123659062
Packets dropped:                     0
TX rate:                             0
RX rate:                       6181884
Drop rate:                           0
Statistics for port 2 ------------------------------
Packets sent:                        0
Packets received:            123665441
Packets dropped:                     0
TX rate:                             0
RX rate:                       6182534
Drop rate:                           0
Statistics for port 3 ------------------------------
Packets sent:                        0
Packets received:            123647382
Packets dropped:                     0
TX rate:                             0
RX rate:                       6181400
Drop rate:                           0
Aggregate statistics ===============================
Total packets sent:                  0
Total packets received:      494596941
Total packets dropped:               0
Total TX rate:                       0
Total RX rate:                24727984
Total drop rate:                     0
====================================================
[2J[1;1H
Port statistics ====================================
Statistics for port 0 ------------------------------
Packets sent:                        0
Packets received:            185431097
Packets dropped:                     0
TX rate:                             0
RX rate:                       6180606
Drop rate:                           0
Statistics for port 1 ------------------------------
Packets sent:                        0
Packets received:            185487394
Packets dropped:                     0
TX rate:                             0
RX rate:                       6182832
Drop rate:                           0
Statistics for port 2 ------------------------------
Packets sent:                        0
Packets received:            185495259
Packets dropped:                     0
TX rate:                             0
RX rate:                       6182980
Drop rate:                           0
Statistics for port 3 ------------------------------
Packets sent:                        0
Packets received:            185462875
Packets dropped:                     0
TX rate:                             0
RX rate:                       6181550
Drop rate:                           0
Aggregate statistics ===============================
Total packets sent:                  0
Total packets received:      741876632
Total packets dropped:               0
Total TX rate:                       0
Total RX rate:                24727968
Total drop rate:                     0
====================================================


Signal 15 received, preparing to exit...
Closing port 0... Done
Closing port 1... Done
Closing port 2... Done
Closing port 3... Done
Bye...
