EAL: Detected 40 lcore(s)
EAL: Detected 2 NUMA nodes
EAL: Multi-process socket /var/run/dpdk/rte/mp_socket
EAL: No free hugepages reported in hugepages-1048576kB
EAL: Probing VFIO support...
EAL: PCI device 0000:05:08.0 on NUMA socket 0
EAL:   probe driver: 19ee:6003 net_nfp_vf
EAL: PCI device 0000:05:08.1 on NUMA socket 0
EAL:   probe driver: 19ee:6003 net_nfp_vf
EAL: PCI device 0000:05:08.2 on NUMA socket 0
EAL:   probe driver: 19ee:6003 net_nfp_vf
EAL: PCI device 0000:05:08.3 on NUMA socket 0
EAL:   probe driver: 19ee:6003 net_nfp_vf
MAC updating enabled
Lcore 0: RX port 0
Lcore 2: RX port 1
Lcore 4: RX port 2
Lcore 6: RX port 3
Initializing port 0... done: 
Port 0, MAC address: 00:15:4D:00:00:00

Initializing port 1... done: 
Port 1, MAC address: 00:15:4D:00:00:01

Initializing port 2... done: 
Port 2, MAC address: 00:15:4D:00:00:02

Initializing port 3... done: 
Port 3, MAC address: 00:15:4D:00:00:03


Checking link statusdone
Port0 Link Up. Speed 0 Mbps - full-duplex
Port1 Link Up. Speed 0 Mbps - full-duplex
Port2 Link Up. Speed 0 Mbps - full-duplex
Port3 Link Up. Speed 0 Mbps - full-duplex
L2FWD: entering main loop on lcore 2
L2FWD:  -- lcoreid=2 portid=1
L2FWD: entering main loop on lcore 6
L2FWD:  -- lcoreid=6 portid=3
L2FWD: lcore 10 has nothing to do
L2FWD: lcore 12 has nothing to do
L2FWD: lcore 8 has nothing to do
L2FWD: lcore 14 has nothing to do
L2FWD: entering main loop on lcore 0
L2FWD:  -- lcoreid=0 portid=0
[2J[1;1H
Port statistics ====================================
Statistics for port 0 ------------------------------
Packets sent:                        0
Packets received:                    0
Packets dropped:                     0
TX rate:                             0
RX rate:                             0
Drop rate:                           0
Statistics for port 1 ------------------------------
Packets sent:                        0
Packets received:                 2956
Packets dropped:                     0
TX rate:                             0
RX rate:                           296
Drop rate:                           0
Statistics for port 2 ------------------------------
Packets sent:                        0
Packets received:                    0
Packets dropped:                     0
TX rate:                             0
RX rate:                             0
Drop rate:                           0
Statistics for port 3 ------------------------------
Packets sent:                        0
Packets received:                 2484
Packets dropped:                     0
TX rate:                             0
RX rate:                           248
Drop rate:                           0
Aggregate statistics ===============================
Total packets sent:                  0
Total packets received:           5456
Total packets dropped:               0
Total TX rate:                       0
Total RX rate:                     544
Total drop rate:                     0
====================================================
L2FWD: entering main loop on lcore 4
L2FWD:  -- lcoreid=4 portid=2
[2J[1;1H
Port statistics ====================================
Statistics for port 0 ------------------------------
Packets sent:                        0
Packets received:             68889682
Packets dropped:                     0
TX rate:                             0
RX rate:                       6888968
Drop rate:                           0
Statistics for port 1 ------------------------------
Packets sent:                        0
Packets received:             68903175
Packets dropped:                     0
TX rate:                             0
RX rate:                       6890021
Drop rate:                           0
Statistics for port 2 ------------------------------
Packets sent:                        0
Packets received:             68898922
Packets dropped:                     0
TX rate:                             0
RX rate:                       6889893
Drop rate:                           0
Statistics for port 3 ------------------------------
Packets sent:                        0
Packets received:             68890989
Packets dropped:                     0
TX rate:                             0
RX rate:                       6888850
Drop rate:                           0
Aggregate statistics ===============================
Total packets sent:                  0
Total packets received:      275582844
Total packets dropped:               0
Total TX rate:                       0
Total RX rate:                27557732
Total drop rate:                     0
====================================================
[2J[1;1H
Port statistics ====================================
Statistics for port 0 ------------------------------
Packets sent:                        0
Packets received:            137789729
Packets dropped:                     0
TX rate:                             0
RX rate:                       6890004
Drop rate:                           0
Statistics for port 1 ------------------------------
Packets sent:                        0
Packets received:            137783760
Packets dropped:                     0
TX rate:                             0
RX rate:                       6888059
Drop rate:                           0
Statistics for port 2 ------------------------------
Packets sent:                        0
Packets received:            137813212
Packets dropped:                     0
TX rate:                             0
RX rate:                       6891427
Drop rate:                           0
Statistics for port 3 ------------------------------
Packets sent:                        0
Packets received:            137786036
Packets dropped:                     0
TX rate:                             0
RX rate:                       6889504
Drop rate:                           0
Aggregate statistics ===============================
Total packets sent:                  0
Total packets received:      551172745
Total packets dropped:               0
Total TX rate:                       0
Total RX rate:                27558994
Total drop rate:                     0
====================================================
[2J[1;1H
Port statistics ====================================
Statistics for port 0 ------------------------------
Packets sent:                        0
Packets received:            206682940
Packets dropped:                     0
TX rate:                             0
RX rate:                       6889321
Drop rate:                           0
Statistics for port 1 ------------------------------
Packets sent:                        0
Packets received:            206696535
Packets dropped:                     0
TX rate:                             0
RX rate:                       6891276
Drop rate:                           0
Statistics for port 2 ------------------------------
Packets sent:                        0
Packets received:            206687021
Packets dropped:                     0
TX rate:                             0
RX rate:                       6887380
Drop rate:                           0
Statistics for port 3 ------------------------------
Packets sent:                        0
Packets received:            206696864
Packets dropped:                     0
TX rate:                             0
RX rate:                       6891082
Drop rate:                           0
Aggregate statistics ===============================
Total packets sent:                  0
Total packets received:      826763360
Total packets dropped:               0
Total TX rate:                       0
Total RX rate:                27559059
Total drop rate:                     0
====================================================


Signal 15 received, preparing to exit...
Closing port 0... Done
Closing port 1... Done
Closing port 2... Done
Closing port 3... Done
Bye...
